batch_then_drain 4096 303
I 786588 0
I 57880 1
I 294687 2
I 799322 3
I 577550 4
I 487911 5
I 850282 6
I 32330 7
I 651348 8
I 722474 9
I 456428 10
I 778565 11
I 196119 12
I 291533 13
I 377803 14
I 617085 15
I 302423 16
I 519034 17
I 616261 18
I 408092 19
I 687219 20
I 194051 21
I 152506 22
I 113729 23
I 103007 24
I 241025 25
I 580281 26
I 648458 27
I 701358 28
I 407825 29
I 232201 30
I 926541 31
I 24457 32
I 143552 33
I 131990 34
I 358384 35
I 779611 36
I 770357 37
I 564473 38
I 914896 39
I 86857 40
I 716397 41
I 795436 42
I 533404 43
I 31847 44
I 143210 45
I 564623 46
I 546307 47
I 1047419 48
I 701009 49
I 11108 50
I 855581 51
I 998126 52
I 918835 53
I 67985 54
I 383530 55
I 426667 56
I 204547 57
I 537264 58
I 159410 59
I 324503 60
I 77189 61
I 700360 62
I 261444 63
I 530678 64
I 603398 65
I 224773 66
I 24611 67
I 77920 68
I 941547 69
I 441253 70
I 732129 71
I 376523 72
I 841314 73
I 216887 74
I 330787 75
I 319471 76
I 3691 77
I 743131 78
I 378664 79
I 983648 80
I 700039 81
I 951938 82
I 167575 83
I 1038828 84
I 535123 85
I 812359 86
I 694610 87
I 716193 88
I 518713 89
I 859376 90
I 55724 91
I 976822 92
I 146656 93
I 861477 94
I 164883 95
I 282999 96
I 685959 97
I 862229 98
I 951229 99
I 943587 100
I 872989 101
I 149165 102
I 720892 103
I 966284 104
I 264146 105
I 195415 106
I 445787 107
I 746513 108
I 226938 109
I 89944 110
I 873388 111
I 737038 112
I 927373 113
I 210955 114
I 407580 115
I 850238 116
I 104010 117
I 238128 118
I 842133 119
I 679690 120
I 721965 121
I 309598 122
I 921663 123
I 193162 124
I 70978 125
I 851542 126
I 228306 127
I 709809 128
I 680858 129
I 50076 130
I 7019 131
I 947915 132
I 698825 133
I 654480 134
I 311899 135
I 848280 136
I 743296 137
I 530610 138
I 439021 139
I 157709 140
I 1003941 141
I 72628 142
I 714076 143
I 679483 144
I 887860 145
I 484526 146
I 301539 147
I 232073 148
I 55157 149
I 432951 150
I 324717 151
I 56510 152
I 94691 153
I 886316 154
I 946583 155
I 753485 156
I 412780 157
I 757232 158
I 189591 159
I 767627 160
I 129682 161
I 717346 162
I 933007 163
I 303097 164
I 360503 165
I 147532 166
I 681689 167
I 806926 168
I 761809 169
I 922091 170
I 239548 171
I 898681 172
I 106057 173
I 511592 174
I 1030551 175
I 22467 176
I 489509 177
I 530228 178
I 329973 179
I 1022380 180
I 27321 181
I 928573 182
I 331827 183
I 319359 184
I 683618 185
I 64276 186
I 1006474 187
I 133457 188
I 65666 189
I 170977 190
I 535710 191
I 312106 192
I 882657 193
I 797956 194
I 241774 195
I 138921 196
I 1011283 197
I 94169 198
I 800944 199
I 521385 200
I 696082 201
I 727867 202
I 656700 203
I 587429 204
I 221799 205
I 523879 206
I 416207 207
I 469236 208
I 670139 209
I 80042 210
I 127157 211
I 883741 212
I 854178 213
I 901953 214
I 176561 215
I 567210 216
I 130598 217
I 223568 218
I 198045 219
I 350053 220
I 110410 221
I 407254 222
I 845563 223
I 589198 224
I 2214 225
I 426021 226
I 548406 227
I 528020 228
I 669433 229
I 1026524 230
I 14257 231
I 954573 232
I 88008 233
I 821733 234
I 121754 235
I 51810 236
I 790088 237
I 843754 238
I 796156 239
I 896658 240
I 681977 241
I 589074 242
I 340865 243
I 815526 244
I 143029 245
I 953123 246
I 778197 247
I 888239 248
I 989782 249
I 452994 250
I 100494 251
I 752953 252
I 367648 253
I 313955 254
I 1000696 255
I 721938 256
I 845892 257
I 814210 258
I 154444 259
I 70247 260
I 740350 261
I 188759 262
I 671700 263
I 699172 264
I 376949 265
I 227387 266
I 927259 267
I 1044196 268
I 256391 269
I 456856 270
I 481703 271
I 452674 272
I 615926 273
I 202697 274
I 78898 275
I 1034062 276
I 817735 277
I 594282 278
I 631815 279
I 975639 280
I 847983 281
I 266461 282
I 825560 283
I 42070 284
I 158846 285
I 343152 286
I 114408 287
I 927233 288
I 303302 289
I 718711 290
I 892517 291
I 235484 292
I 736347 293
I 450149 294
I 434634 295
I 820681 296
I 185962 297
I 193019 298
I 29602 299
I 329390 300
I 708047 301
I 669182 302
I 772211 303
I 613835 304
I 763523 305
I 951113 306
I 326462 307
I 58306 308
I 334232 309
I 348425 310
I 750672 311
I 918678 312
I 798401 313
I 102004 314
I 77865 315
I 246873 316
I 871867 317
I 763777 318
I 461858 319
I 90991 320
I 1036680 321
I 807852 322
I 378179 323
I 451587 324
I 833299 325
I 1007985 326
I 554636 327
I 793479 328
I 107454 329
I 279965 330
I 817706 331
I 521214 332
I 947089 333
I 932901 334
I 481678 335
I 328310 336
I 634687 337
I 49500 338
I 195569 339
I 766598 340
I 16184 341
I 629807 342
I 230432 343
I 67986 344
I 660536 345
I 275704 346
I 511619 347
I 99844 348
I 5062 349
I 307384 350
I 872404 351
I 511202 352
I 1027648 353
I 7273 354
I 907577 355
I 602044 356
I 142947 357
I 419771 358
I 344870 359
I 592585 360
I 871566 361
I 140968 362
I 995598 363
I 212385 364
I 830421 365
I 445076 366
I 181671 367
I 311722 368
I 996816 369
I 682476 370
I 367263 371
I 11542 372
I 644255 373
I 577727 374
I 679489 375
I 341336 376
I 732471 377
I 376729 378
I 158348 379
I 155327 380
I 156067 381
I 944979 382
I 1017932 383
I 717039 384
I 936416 385
I 995605 386
I 160629 387
I 301977 388
I 853333 389
I 690101 390
I 204426 391
I 149516 392
I 373232 393
I 106718 394
I 1033625 395
I 261914 396
I 161310 397
I 458198 398
I 1034643 399
I 215727 400
I 254077 401
I 369850 402
I 162227 403
I 658087 404
I 577488 405
I 838981 406
I 23478 407
I 530641 408
I 578049 409
I 1001128 410
I 150846 411
I 500417 412
I 1025983 413
I 964317 414
I 916622 415
I 493453 416
I 867764 417
I 204893 418
I 511147 419
I 647276 420
I 1042052 421
I 653341 422
I 832372 423
I 569151 424
I 75475 425
I 307374 426
I 679563 427
I 385984 428
I 200635 429
I 761878 430
I 481665 431
I 529218 432
I 264868 433
I 219922 434
I 384016 435
I 222133 436
I 268266 437
I 607333 438
I 317870 439
I 1024852 440
I 984897 441
I 35748 442
I 870784 443
I 120898 444
I 713025 445
I 956536 446
I 647660 447
I 400957 448
I 293238 449
I 315787 450
I 622124 451
I 541826 452
I 612271 453
I 93784 454
I 915267 455
I 410975 456
I 872146 457
I 775280 458
I 175547 459
I 860701 460
I 1016194 461
I 499382 462
I 209981 463
I 214665 464
I 484597 465
I 536787 466
I 28013 467
I 524850 468
I 551009 469
I 339682 470
I 662303 471
I 150870 472
I 81991 473
I 225553 474
I 1002972 475
I 382694 476
I 672202 477
I 538549 478
I 75269 479
I 699017 480
I 855969 481
I 2060 482
I 254240 483
I 532405 484
I 92519 485
I 91007 486
I 866176 487
I 212949 488
I 156077 489
I 314329 490
I 85119 491
I 384821 492
I 554562 493
I 282509 494
I 971301 495
I 890837 496
I 890729 497
I 277034 498
I 463075 499
I 205187 500
I 898274 501
I 945616 502
I 828736 503
I 282358 504
I 721073 505
I 435755 506
I 432666 507
I 54598 508
I 525160 509
I 974439 510
I 854004 511
I 525270 512
I 307049 513
I 576822 514
I 19904 515
I 1045263 516
I 988223 517
I 217958 518
I 634507 519
I 475798 520
I 669212 521
I 266680 522
I 439413 523
I 761100 524
I 156643 525
I 212433 526
I 355543 527
I 16600 528
I 296761 529
I 982577 530
I 869867 531
I 86869 532
I 394762 533
I 657214 534
I 938710 535
I 355736 536
I 999641 537
I 171875 538
I 755829 539
I 582483 540
I 441167 541
I 5681 542
I 73406 543
I 823871 544
I 42973 545
I 517217 546
I 722608 547
I 210191 548
I 421391 549
I 378705 550
I 954450 551
I 468072 552
I 52273 553
I 516127 554
I 934916 555
I 350268 556
I 501971 557
I 964773 558
I 402400 559
I 594423 560
I 970391 561
I 794504 562
I 704001 563
I 447764 564
I 131090 565
I 1021218 566
I 43671 567
I 645471 568
I 96778 569
I 678896 570
I 135420 571
I 852104 572
I 32014 573
I 173198 574
I 541246 575
I 12667 576
I 878421 577
I 829710 578
I 761745 579
I 221934 580
I 718006 581
I 839341 582
I 337143 583
I 463926 584
I 635758 585
I 1018621 586
I 614714 587
I 525422 588
I 918235 589
I 1015862 590
I 117906 591
I 734956 592
I 307692 593
I 24820 594
I 932343 595
I 329274 596
I 948995 597
I 261383 598
I 636963 599
I 984794 600
I 547423 601
I 808782 602
I 197509 603
I 728478 604
I 702115 605
I 283478 606
I 822549 607
I 793332 608
I 147408 609
I 349769 610
I 102771 611
I 978330 612
I 99131 613
I 436621 614
I 100017 615
I 812179 616
I 986852 617
I 123194 618
I 336307 619
I 748744 620
I 665761 621
I 667061 622
I 105528 623
I 363706 624
I 536340 625
I 420834 626
I 881182 627
I 407274 628
I 459567 629
I 919368 630
I 426718 631
I 696879 632
I 466516 633
I 82685 634
I 985094 635
I 285233 636
I 210390 637
I 704740 638
I 315339 639
I 322690 640
I 791017 641
I 796701 642
I 416990 643
I 853572 644
I 991684 645
I 796639 646
I 347351 647
I 516419 648
I 281649 649
I 846351 650
I 456862 651
I 578680 652
I 68947 653
I 914455 654
I 447896 655
I 611259 656
I 977351 657
I 212001 658
I 744419 659
I 173053 660
I 532612 661
I 463306 662
I 911102 663
I 183788 664
I 327950 665
I 586155 666
I 324120 667
I 815881 668
I 461594 669
I 488828 670
I 1005725 671
I 1046940 672
I 415109 673
I 90388 674
I 386273 675
I 261944 676
I 875593 677
I 1030101 678
I 960760 679
I 211034 680
I 499398 681
I 544521 682
I 791775 683
I 263579 684
I 673759 685
I 767180 686
I 290079 687
I 670899 688
I 571538 689
I 285226 690
I 729134 691
I 344531 692
I 200075 693
I 976946 694
I 552067 695
I 513481 696
I 566635 697
I 512156 698
I 829476 699
I 425304 700
I 235063 701
I 588529 702
I 669483 703
I 93366 704
I 80105 705
I 312367 706
I 290480 707
I 369044 708
I 939361 709
I 661797 710
I 357192 711
I 559255 712
I 934345 713
I 781270 714
I 721483 715
I 112496 716
I 394521 717
I 769956 718
I 985472 719
I 747504 720
I 148205 721
I 484376 722
I 577964 723
I 205038 724
I 514307 725
I 694453 726
I 513899 727
I 60599 728
I 465294 729
I 867583 730
I 12904 731
I 688719 732
I 702707 733
I 788040 734
I 963774 735
I 129341 736
I 357767 737
I 836497 738
I 368248 739
I 1013705 740
I 271955 741
I 89692 742
I 430723 743
I 119960 744
I 338587 745
I 503240 746
I 106864 747
I 591589 748
I 839595 749
I 601372 750
I 861534 751
I 6499 752
I 305089 753
I 27956 754
I 199572 755
I 980891 756
I 574177 757
I 104081 758
I 80361 759
I 930821 760
I 575721 761
I 89529 762
I 1007478 763
I 793890 764
I 180516 765
I 469035 766
I 941363 767
I 507922 768
I 225504 769
I 219854 770
I 292443 771
I 552816 772
I 348068 773
I 208150 774
I 571422 775
I 924512 776
I 636795 777
I 588009 778
I 770475 779
I 992807 780
I 809231 781
I 812350 782
I 534824 783
I 822712 784
I 128636 785
I 607233 786
I 501827 787
I 727250 788
I 16633 789
I 224430 790
I 885024 791
I 598599 792
I 407379 793
I 436455 794
I 715860 795
I 148425 796
I 345456 797
I 63556 798
I 703364 799
I 197733 800
I 218037 801
I 912323 802
I 385754 803
I 990237 804
I 795527 805
I 978031 806
I 199886 807
I 287868 808
I 436569 809
I 752113 810
I 405726 811
I 311326 812
I 573338 813
I 820760 814
I 1019386 815
I 268660 816
I 175515 817
I 848558 818
I 925669 819
I 1006220 820
I 406396 821
I 273443 822
I 481669 823
I 578687 824
I 710018 825
I 300622 826
I 487108 827
I 206234 828
I 436110 829
I 307337 830
I 522227 831
I 961606 832
I 907642 833
I 717937 834
I 781013 835
I 709530 836
I 323543 837
I 40897 838
I 768583 839
I 772680 840
I 732556 841
I 903685 842
I 688658 843
I 918575 844
I 108694 845
I 72364 846
I 810157 847
I 652728 848
I 997884 849
I 561910 850
I 560083 851
I 104103 852
I 418881 853
I 739121 854
I 605887 855
I 649106 856
I 1021433 857
I 821165 858
I 879067 859
I 189504 860
I 847125 861
I 48818 862
I 789118 863
I 58693 864
I 625376 865
I 1022930 866
I 359687 867
I 26540 868
I 102875 869
I 365204 870
I 410573 871
I 523568 872
I 136256 873
I 991840 874
I 1018534 875
I 59924 876
I 93075 877
I 624184 878
I 50765 879
I 972123 880
I 303955 881
I 616998 882
I 180989 883
I 732722 884
I 135187 885
I 926444 886
I 661126 887
I 514057 888
I 650843 889
I 236841 890
I 136030 891
I 875269 892
I 913774 893
I 393147 894
I 446908 895
I 844600 896
I 508422 897
I 239878 898
I 638942 899
I 1024746 900
I 352838 901
I 144422 902
I 350800 903
I 593324 904
I 576842 905
I 155106 906
I 361838 907
I 1025370 908
I 625867 909
I 796672 910
I 13888 911
I 764116 912
I 673635 913
I 886467 914
I 42075 915
I 336829 916
I 269056 917
I 799739 918
I 809609 919
I 343482 920
I 413037 921
I 120124 922
I 323862 923
I 1011697 924
I 259687 925
I 369979 926
I 1040026 927
I 999464 928
I 809587 929
I 703546 930
I 552976 931
I 33877 932
I 733892 933
I 286811 934
I 480313 935
I 380220 936
I 731288 937
I 752448 938
I 1031711 939
I 354502 940
I 633091 941
I 904252 942
I 209256 943
I 32185 944
I 301605 945
I 996067 946
I 804887 947
I 570670 948
I 18782 949
I 917892 950
I 145452 951
I 457862 952
I 615556 953
I 997908 954
I 1027211 955
I 263302 956
I 634313 957
I 295549 958
I 390655 959
I 60146 960
I 605475 961
I 336113 962
I 168812 963
I 682660 964
I 778403 965
I 774664 966
I 684497 967
I 479439 968
I 157164 969
I 227584 970
I 422819 971
I 902252 972
I 988401 973
I 871131 974
I 37001 975
I 155280 976
I 626887 977
I 994667 978
I 821104 979
I 419742 980
I 848380 981
I 406486 982
I 167511 983
I 566036 984
I 753254 985
I 990693 986
I 504951 987
I 589399 988
I 701308 989
I 930904 990
I 344274 991
I 1020844 992
I 1037470 993
I 235500 994
I 214828 995
I 147091 996
I 781201 997
I 186429 998
I 220317 999
I 167893 1000
I 472766 1001
I 923496 1002
I 553759 1003
I 791603 1004
I 346375 1005
I 343702 1006
I 526542 1007
I 429970 1008
I 651579 1009
I 791253 1010
I 679204 1011
I 481833 1012
I 707422 1013
I 421133 1014
I 878737 1015
I 774767 1016
I 504697 1017
I 38838 1018
I 300884 1019
I 564715 1020
I 555623 1021
I 634345 1022
I 506606 1023
I 1040510 1024
I 708069 1025
I 426689 1026
I 391267 1027
I 88303 1028
I 143481 1029
I 548186 1030
I 665982 1031
I 466339 1032
I 1042596 1033
I 699227 1034
I 170273 1035
I 217106 1036
I 462066 1037
I 424141 1038
I 978289 1039
I 673164 1040
I 786652 1041
I 613351 1042
I 797167 1043
I 15257 1044
I 711544 1045
I 885416 1046
I 535067 1047
I 861429 1048
I 791385 1049
I 380798 1050
I 17101 1051
I 983477 1052
I 505219 1053
I 825404 1054
I 986219 1055
I 549128 1056
I 195239 1057
I 1000779 1058
I 861050 1059
I 676424 1060
I 754458 1061
I 521438 1062
I 54593 1063
I 837292 1064
I 992693 1065
I 574906 1066
I 600444 1067
I 202052 1068
I 353620 1069
I 233207 1070
I 749638 1071
I 1034895 1072
I 113361 1073
I 625114 1074
I 650848 1075
I 561033 1076
I 423243 1077
I 57878 1078
I 26662 1079
I 803882 1080
I 718583 1081
I 907369 1082
I 158406 1083
I 155742 1084
I 709301 1085
I 784946 1086
I 130247 1087
I 933621 1088
I 896545 1089
I 972591 1090
I 781161 1091
I 518577 1092
I 41378 1093
I 556548 1094
I 1007671 1095
I 801298 1096
I 151549 1097
I 901587 1098
I 112088 1099
I 547798 1100
I 164408 1101
I 111228 1102
I 34238 1103
I 962722 1104
I 452325 1105
I 875674 1106
I 4903 1107
I 523096 1108
I 48002 1109
I 408064 1110
I 674497 1111
I 861162 1112
I 112184 1113
I 644966 1114
I 947919 1115
I 685310 1116
I 942387 1117
I 857437 1118
I 194176 1119
I 93671 1120
I 15083 1121
I 936440 1122
I 253162 1123
I 469116 1124
I 634370 1125
I 205587 1126
I 1031574 1127
I 250611 1128
I 9020 1129
I 46536 1130
I 686808 1131
I 713536 1132
I 8970 1133
I 337706 1134
I 808133 1135
I 16842 1136
I 225627 1137
I 24892 1138
I 329965 1139
I 140508 1140
I 27338 1141
I 650806 1142
I 170736 1143
I 15785 1144
I 423313 1145
I 270071 1146
I 182011 1147
I 480285 1148
I 1047334 1149
I 811674 1150
I 157122 1151
I 639987 1152
I 462108 1153
I 407650 1154
I 238919 1155
I 949989 1156
I 1023613 1157
I 956286 1158
I 841291 1159
I 939132 1160
I 898220 1161
I 1030179 1162
I 613522 1163
I 794553 1164
I 880323 1165
I 574159 1166
I 926146 1167
I 477417 1168
I 633046 1169
I 457827 1170
I 919193 1171
I 447371 1172
I 959791 1173
I 263865 1174
I 388876 1175
I 239657 1176
I 419889 1177
I 609644 1178
I 819667 1179
I 729723 1180
I 345594 1181
I 968801 1182
I 326022 1183
I 215410 1184
I 440749 1185
I 887325 1186
I 199057 1187
I 230744 1188
I 914967 1189
I 779108 1190
I 479568 1191
I 633554 1192
I 91397 1193
I 677309 1194
I 89463 1195
I 301210 1196
I 244411 1197
I 308500 1198
I 974604 1199
I 70377 1200
I 474959 1201
I 769400 1202
I 970531 1203
I 400547 1204
I 73304 1205
I 669327 1206
I 865333 1207
I 878336 1208
I 629259 1209
I 460428 1210
I 493921 1211
I 148278 1212
I 470834 1213
I 38555 1214
I 9417 1215
I 83725 1216
I 517335 1217
I 615503 1218
I 613399 1219
I 698649 1220
I 721236 1221
I 124446 1222
I 677236 1223
I 926127 1224
I 274211 1225
I 943335 1226
I 929364 1227
I 43428 1228
I 77357 1229
I 713974 1230
I 582717 1231
I 139184 1232
I 293311 1233
I 984284 1234
I 746258 1235
I 998132 1236
I 635847 1237
I 974859 1238
I 149718 1239
I 852685 1240
I 193268 1241
I 673723 1242
I 319441 1243
I 1034113 1244
I 824773 1245
I 840025 1246
I 602041 1247
I 689364 1248
I 990465 1249
I 334124 1250
I 821114 1251
I 148325 1252
I 964941 1253
I 486942 1254
I 739349 1255
I 322132 1256
I 420586 1257
I 745241 1258
I 1042622 1259
I 785138 1260
I 24656 1261
I 401499 1262
I 302300 1263
I 837229 1264
I 97028 1265
I 428449 1266
I 882666 1267
I 937089 1268
I 957881 1269
I 766688 1270
I 781961 1271
I 261698 1272
I 563871 1273
I 773262 1274
I 267279 1275
I 709176 1276
I 70803 1277
I 831609 1278
I 378965 1279
I 694640 1280
I 557460 1281
I 556221 1282
I 484165 1283
I 182951 1284
I 822143 1285
I 1002487 1286
I 155930 1287
I 1025740 1288
I 585871 1289
I 210500 1290
I 841252 1291
I 1027941 1292
I 975960 1293
I 297979 1294
I 15997 1295
I 570590 1296
I 794076 1297
I 560854 1298
I 1039112 1299
I 342588 1300
I 980948 1301
I 405928 1302
I 196625 1303
I 788764 1304
I 850475 1305
I 405803 1306
I 470782 1307
I 4160 1308
I 441554 1309
I 449472 1310
I 1045846 1311
I 319036 1312
I 573128 1313
I 59994 1314
I 420778 1315
I 56629 1316
I 132939 1317
I 357447 1318
I 268133 1319
I 328592 1320
I 595321 1321
I 900136 1322
I 243034 1323
I 701823 1324
I 490422 1325
I 781904 1326
I 899221 1327
I 126077 1328
I 1006270 1329
I 632184 1330
I 517759 1331
I 659387 1332
I 962447 1333
I 68418 1334
I 117913 1335
I 498165 1336
I 519912 1337
I 631417 1338
I 472889 1339
I 643904 1340
I 557701 1341
I 122370 1342
I 608495 1343
I 968112 1344
I 880138 1345
I 402668 1346
I 476693 1347
I 384214 1348
I 491733 1349
I 722754 1350
I 306765 1351
I 861523 1352
I 613640 1353
I 759117 1354
I 452736 1355
I 29922 1356
I 477854 1357
I 302588 1358
I 1026636 1359
I 682089 1360
I 209747 1361
I 908179 1362
I 705190 1363
I 892681 1364
I 854118 1365
I 303044 1366
I 583118 1367
I 939822 1368
I 383778 1369
I 563573 1370
I 114987 1371
I 549360 1372
I 214295 1373
I 116214 1374
I 789505 1375
I 55573 1376
I 370539 1377
I 1047299 1378
I 173893 1379
I 374029 1380
I 480025 1381
I 270342 1382
I 369832 1383
I 169500 1384
I 367631 1385
I 1000657 1386
I 27537 1387
I 560473 1388
I 654045 1389
I 565895 1390
I 884312 1391
I 172860 1392
I 1029271 1393
I 715290 1394
I 219846 1395
I 710927 1396
I 959124 1397
I 489343 1398
I 320237 1399
I 512260 1400
I 893584 1401
I 758444 1402
I 122836 1403
I 613566 1404
I 671054 1405
I 879618 1406
I 635900 1407
I 858431 1408
I 165723 1409
I 212119 1410
I 245044 1411
I 651246 1412
I 368290 1413
I 735122 1414
I 497510 1415
I 205671 1416
I 335842 1417
I 951685 1418
I 390191 1419
I 649655 1420
I 82131 1421
I 742945 1422
I 281220 1423
I 760770 1424
I 316663 1425
I 588102 1426
I 265777 1427
I 540982 1428
I 780496 1429
I 720992 1430
I 258441 1431
I 85854 1432
I 649241 1433
I 538248 1434
I 13445 1435
I 309094 1436
I 185958 1437
I 122823 1438
I 799469 1439
I 957501 1440
I 988367 1441
I 147547 1442
I 676612 1443
I 728693 1444
I 52188 1445
I 553938 1446
I 511992 1447
I 465697 1448
I 218289 1449
I 1007134 1450
I 739817 1451
I 368514 1452
I 111323 1453
I 535836 1454
I 228307 1455
I 199076 1456
I 804812 1457
I 704994 1458
I 921001 1459
I 510310 1460
I 965241 1461
I 295887 1462
I 995371 1463
I 549219 1464
I 117507 1465
I 853587 1466
I 815335 1467
I 874535 1468
I 1027368 1469
I 722813 1470
I 389030 1471
I 836816 1472
I 391963 1473
I 480494 1474
I 114855 1475
I 931631 1476
I 468981 1477
I 944140 1478
I 976766 1479
I 785975 1480
I 877340 1481
I 416959 1482
I 477345 1483
I 698424 1484
I 745411 1485
I 161768 1486
I 558366 1487
I 667879 1488
I 67713 1489
I 1015476 1490
I 191550 1491
I 280966 1492
I 457432 1493
I 884706 1494
I 409522 1495
I 434589 1496
I 110819 1497
I 671333 1498
I 23807 1499
I 505561 1500
I 573619 1501
I 598954 1502
I 573522 1503
I 22237 1504
I 373332 1505
I 270180 1506
I 1040456 1507
I 192462 1508
I 989492 1509
I 597636 1510
I 1032245 1511
I 253719 1512
I 851271 1513
I 957976 1514
I 811282 1515
I 437057 1516
I 643280 1517
I 964984 1518
I 648350 1519
I 248938 1520
I 838380 1521
I 949407 1522
I 657850 1523
I 988931 1524
I 133699 1525
I 672791 1526
I 521356 1527
I 162526 1528
I 146765 1529
I 983625 1530
I 436678 1531
I 587269 1532
I 800511 1533
I 919498 1534
I 306413 1535
I 233259 1536
I 209409 1537
I 926985 1538
I 661175 1539
I 242660 1540
I 170422 1541
I 553215 1542
I 144385 1543
I 230516 1544
I 445431 1545
I 99763 1546
I 156960 1547
I 409031 1548
I 169050 1549
I 173433 1550
I 498569 1551
I 819765 1552
I 960315 1553
I 73643 1554
I 793077 1555
I 185917 1556
I 844925 1557
I 877201 1558
I 278789 1559
I 53643 1560
I 624880 1561
I 607107 1562
I 219844 1563
I 736869 1564
I 791946 1565
I 129142 1566
I 275172 1567
I 302042 1568
I 917691 1569
I 678197 1570
I 350077 1571
I 587726 1572
I 225741 1573
I 786869 1574
I 715023 1575
I 149320 1576
I 900313 1577
I 707195 1578
I 16552 1579
I 68131 1580
I 867811 1581
I 218591 1582
I 639059 1583
I 220734 1584
I 304373 1585
I 141758 1586
I 640224 1587
I 397251 1588
I 295074 1589
I 269690 1590
I 627033 1591
I 744317 1592
I 488946 1593
I 926350 1594
I 76314 1595
I 433739 1596
I 1039561 1597
I 920587 1598
I 676998 1599
I 535652 1600
I 521786 1601
I 427304 1602
I 143340 1603
I 613307 1604
I 659223 1605
I 149528 1606
I 381077 1607
I 401314 1608
I 163877 1609
I 146759 1610
I 368879 1611
I 517871 1612
I 188365 1613
I 639749 1614
I 172936 1615
I 14039 1616
I 1015392 1617
I 285595 1618
I 258460 1619
I 37099 1620
I 230784 1621
I 261010 1622
I 136736 1623
I 983836 1624
I 996203 1625
I 574684 1626
I 425365 1627
I 255230 1628
I 199014 1629
I 638934 1630
I 885898 1631
I 581952 1632
I 134065 1633
I 654194 1634
I 55934 1635
I 9300 1636
I 507415 1637
I 803041 1638
I 41443 1639
I 255046 1640
I 73760 1641
I 79350 1642
I 706418 1643
I 460590 1644
I 668890 1645
I 633159 1646
I 921610 1647
I 517645 1648
I 133343 1649
I 502162 1650
I 18234 1651
I 183176 1652
I 908147 1653
I 589623 1654
I 559194 1655
I 552840 1656
I 709313 1657
I 612774 1658
I 130638 1659
I 1024577 1660
I 1037772 1661
I 116340 1662
I 510606 1663
I 562204 1664
I 206667 1665
I 65199 1666
I 525911 1667
I 865667 1668
I 14874 1669
I 624689 1670
I 146836 1671
I 870002 1672
I 756862 1673
I 328797 1674
I 1023269 1675
I 98002 1676
I 337466 1677
I 792967 1678
I 5516 1679
I 154566 1680
I 980837 1681
I 421283 1682
I 923313 1683
I 337207 1684
I 16806 1685
I 592054 1686
I 798265 1687
I 682208 1688
I 395022 1689
I 994008 1690
I 774703 1691
I 299957 1692
I 14363 1693
I 857408 1694
I 803822 1695
I 826529 1696
I 636357 1697
I 792226 1698
I 741096 1699
I 544449 1700
I 616809 1701
I 31960 1702
I 830522 1703
I 761095 1704
I 436842 1705
I 234607 1706
I 361096 1707
I 819196 1708
I 629780 1709
I 808136 1710
I 162137 1711
I 525762 1712
I 918807 1713
I 13108 1714
I 764169 1715
I 829297 1716
I 473162 1717
I 743674 1718
I 463728 1719
I 208130 1720
I 490233 1721
I 537726 1722
I 730895 1723
I 367850 1724
I 153868 1725
I 279652 1726
I 28097 1727
I 127197 1728
I 694840 1729
I 1019911 1730
I 732406 1731
I 256693 1732
I 123940 1733
I 514174 1734
I 751374 1735
I 411897 1736
I 131407 1737
I 631946 1738
I 597024 1739
I 58940 1740
I 480318 1741
I 869728 1742
I 556814 1743
I 790116 1744
I 1005603 1745
I 376988 1746
I 59013 1747
I 616715 1748
I 566650 1749
I 467816 1750
I 559608 1751
I 445429 1752
I 840793 1753
I 413771 1754
I 854207 1755
I 988770 1756
I 739419 1757
I 865639 1758
I 818169 1759
I 658229 1760
I 1627 1761
I 723316 1762
I 472127 1763
I 706070 1764
I 472682 1765
I 764170 1766
I 1017301 1767
I 869792 1768
I 867020 1769
I 321595 1770
I 324584 1771
I 978498 1772
I 367618 1773
I 337355 1774
I 711192 1775
I 102 1776
I 287483 1777
I 1022764 1778
I 867994 1779
I 728250 1780
I 500687 1781
I 525208 1782
I 579251 1783
I 948203 1784
I 16919 1785
I 521313 1786
I 289083 1787
I 373282 1788
I 460596 1789
I 32420 1790
I 839404 1791
I 1024326 1792
I 380675 1793
I 750941 1794
I 471069 1795
I 874295 1796
I 599467 1797
I 77781 1798
I 147544 1799
I 110622 1800
I 560836 1801
I 742810 1802
I 1043723 1803
I 493840 1804
I 231231 1805
I 809779 1806
I 940151 1807
I 999093 1808
I 30436 1809
I 381641 1810
I 554763 1811
I 467735 1812
I 211925 1813
I 902408 1814
I 234194 1815
I 816962 1816
I 943292 1817
I 404016 1818
I 721047 1819
I 186029 1820
I 675915 1821
I 222206 1822
I 404509 1823
I 349789 1824
I 478148 1825
I 1034594 1826
I 522740 1827
I 254908 1828
I 151220 1829
I 515781 1830
I 82642 1831
I 712361 1832
I 327804 1833
I 786969 1834
I 614133 1835
I 177298 1836
I 204643 1837
I 413318 1838
I 193753 1839
I 255964 1840
I 815124 1841
I 731888 1842
I 18011 1843
I 307642 1844
I 480938 1845
I 508593 1846
I 1412 1847
I 556015 1848
I 589548 1849
I 148868 1850
I 317837 1851
I 913489 1852
I 799676 1853
I 315384 1854
I 349728 1855
I 157160 1856
I 630605 1857
I 286586 1858
I 421197 1859
I 227642 1860
I 770320 1861
I 943468 1862
I 283028 1863
I 758728 1864
I 1544 1865
I 248571 1866
I 717091 1867
I 324388 1868
I 1022940 1869
I 762935 1870
I 594403 1871
I 958189 1872
I 482130 1873
I 867782 1874
I 57938 1875
I 32131 1876
I 830687 1877
I 830555 1878
I 561638 1879
I 376201 1880
I 89985 1881
I 875497 1882
I 617135 1883
I 681976 1884
I 402435 1885
I 120006 1886
I 579720 1887
I 53040 1888
I 708322 1889
I 730711 1890
I 406058 1891
I 113118 1892
I 286396 1893
I 475287 1894
I 592531 1895
I 636263 1896
I 875190 1897
I 824790 1898
I 586138 1899
I 360331 1900
I 878533 1901
I 479019 1902
I 681228 1903
I 121036 1904
I 127475 1905
I 270152 1906
I 525058 1907
I 736365 1908
I 251910 1909
I 212694 1910
I 913445 1911
I 414429 1912
I 981545 1913
I 95768 1914
I 461922 1915
I 328998 1916
I 89923 1917
I 780793 1918
I 157031 1919
I 63474 1920
I 947348 1921
I 77242 1922
I 641385 1923
I 415839 1924
I 248490 1925
I 591569 1926
I 325851 1927
I 1002110 1928
I 860023 1929
I 86291 1930
I 933513 1931
I 981534 1932
I 409845 1933
I 1018703 1934
I 857356 1935
I 933424 1936
I 798146 1937
I 709836 1938
I 526530 1939
I 1014953 1940
I 44440 1941
I 43067 1942
I 846234 1943
I 951934 1944
I 600907 1945
I 116173 1946
I 539658 1947
I 51380 1948
I 670869 1949
I 1038692 1950
I 898119 1951
I 227033 1952
I 232829 1953
I 692783 1954
I 467629 1955
I 723541 1956
I 855945 1957
I 64942 1958
I 304933 1959
I 201420 1960
I 176124 1961
I 1039869 1962
I 774510 1963
I 186438 1964
I 438614 1965
I 897243 1966
I 987622 1967
I 906188 1968
I 49302 1969
I 887809 1970
I 1034644 1971
I 656871 1972
I 471806 1973
I 363262 1974
I 813605 1975
I 9380 1976
I 727442 1977
I 792158 1978
I 746445 1979
I 209094 1980
I 215674 1981
I 898037 1982
I 377017 1983
I 507340 1984
I 1045351 1985
I 330337 1986
I 84202 1987
I 602048 1988
I 908076 1989
I 782225 1990
I 531017 1991
I 528538 1992
I 63944 1993
I 519124 1994
I 780070 1995
I 934445 1996
I 284307 1997
I 591106 1998
I 196531 1999
I 131303 2000
I 789598 2001
I 565172 2002
I 938812 2003
I 282322 2004
I 759717 2005
I 538190 2006
I 810009 2007
I 36073 2008
I 231864 2009
I 837668 2010
I 231903 2011
I 791971 2012
I 277198 2013
I 948490 2014
I 496084 2015
I 553586 2016
I 504706 2017
I 517549 2018
I 164603 2019
I 118190 2020
I 624467 2021
I 716541 2022
I 231392 2023
I 613204 2024
I 332843 2025
I 609033 2026
I 550706 2027
I 635432 2028
I 816844 2029
I 220936 2030
I 440981 2031
I 202626 2032
I 872194 2033
I 290620 2034
I 681281 2035
I 152097 2036
I 139728 2037
I 121653 2038
I 677487 2039
I 824160 2040
I 492934 2041
I 348757 2042
I 693877 2043
I 882959 2044
I 249927 2045
I 792182 2046
I 665287 2047
I 883290 2048
I 612554 2049
I 879727 2050
I 299088 2051
I 168079 2052
I 776736 2053
I 898545 2054
I 136200 2055
I 804706 2056
I 859740 2057
I 1037950 2058
I 863129 2059
I 686213 2060
I 567722 2061
I 272222 2062
I 897341 2063
I 937467 2064
I 610821 2065
I 502026 2066
I 818173 2067
I 372615 2068
I 409535 2069
I 71894 2070
I 732963 2071
I 693827 2072
I 147908 2073
I 439049 2074
I 972384 2075
I 729778 2076
I 475503 2077
I 826672 2078
I 118355 2079
I 152765 2080
I 467569 2081
I 836389 2082
I 982099 2083
I 141412 2084
I 367899 2085
I 574980 2086
I 309560 2087
I 18596 2088
I 457582 2089
I 845559 2090
I 782529 2091
I 195558 2092
I 118650 2093
I 524795 2094
I 718567 2095
I 53766 2096
I 844065 2097
I 230429 2098
I 313059 2099
I 863523 2100
I 23205 2101
I 149805 2102
I 682416 2103
I 37167 2104
I 347428 2105
I 337865 2106
I 243126 2107
I 538260 2108
I 606204 2109
I 460270 2110
I 34985 2111
I 1038665 2112
I 899124 2113
I 889947 2114
I 8851 2115
I 511527 2116
I 108991 2117
I 503279 2118
I 614511 2119
I 684216 2120
I 566995 2121
I 680931 2122
I 975267 2123
I 42112 2124
I 975935 2125
I 966679 2126
I 466283 2127
I 554627 2128
I 883531 2129
I 612235 2130
I 30485 2131
I 985122 2132
I 367552 2133
I 437163 2134
I 332993 2135
I 279782 2136
I 505858 2137
I 356340 2138
I 331095 2139
I 632283 2140
I 130145 2141
I 239525 2142
I 790763 2143
I 306185 2144
I 122095 2145
I 334832 2146
I 982514 2147
I 448417 2148
I 504430 2149
I 647340 2150
I 157426 2151
I 459120 2152
I 743486 2153
I 530751 2154
I 883460 2155
I 72414 2156
I 642668 2157
I 317638 2158
I 9757 2159
I 174616 2160
I 644148 2161
I 953453 2162
I 829690 2163
I 144103 2164
I 861090 2165
I 71122 2166
I 1046953 2167
I 746431 2168
I 1018253 2169
I 11016 2170
I 535424 2171
I 624392 2172
I 799883 2173
I 445429 2174
I 943740 2175
I 976015 2176
I 825017 2177
I 783968 2178
I 484584 2179
I 496982 2180
I 904093 2181
I 847094 2182
I 403578 2183
I 443659 2184
I 511530 2185
I 403401 2186
I 175716 2187
I 1005322 2188
I 584177 2189
I 610333 2190
I 408008 2191
I 941293 2192
I 610467 2193
I 834676 2194
I 982298 2195
I 112585 2196
I 635680 2197
I 111737 2198
I 1039839 2199
I 286795 2200
I 498112 2201
I 1009507 2202
I 876036 2203
I 25081 2204
I 658662 2205
I 607892 2206
I 793574 2207
I 788585 2208
I 866570 2209
I 629501 2210
I 150894 2211
I 437665 2212
I 197272 2213
I 498009 2214
I 518245 2215
I 928450 2216
I 387128 2217
I 121461 2218
I 440430 2219
I 419041 2220
I 867031 2221
I 719206 2222
I 784671 2223
I 791052 2224
I 146146 2225
I 678096 2226
I 846950 2227
I 210123 2228
I 984664 2229
I 149022 2230
I 718866 2231
I 429302 2232
I 680370 2233
I 464608 2234
I 1023623 2235
I 1024867 2236
I 555923 2237
I 663278 2238
I 52873 2239
I 988881 2240
I 2157 2241
I 239478 2242
I 143380 2243
I 643828 2244
I 538186 2245
I 138536 2246
I 711219 2247
I 514007 2248
I 451564 2249
I 786100 2250
I 402234 2251
I 57426 2252
I 358921 2253
I 53226 2254
I 593785 2255
I 773862 2256
I 455301 2257
I 320533 2258
I 1031300 2259
I 322376 2260
I 82989 2261
I 101062 2262
I 385238 2263
I 4061 2264
I 220617 2265
I 1044735 2266
I 908895 2267
I 789181 2268
I 614141 2269
I 262281 2270
I 448729 2271
I 173083 2272
I 127817 2273
I 935874 2274
I 813546 2275
I 678689 2276
I 847062 2277
I 637643 2278
I 364828 2279
I 329002 2280
I 292227 2281
I 31095 2282
I 500228 2283
I 172479 2284
I 214285 2285
I 672791 2286
I 567248 2287
I 34727 2288
I 22041 2289
I 758354 2290
I 760294 2291
I 501557 2292
I 203579 2293
I 640773 2294
I 777493 2295
I 496451 2296
I 740587 2297
I 639083 2298
I 531295 2299
I 167596 2300
I 786304 2301
I 680756 2302
I 833440 2303
I 254313 2304
I 214192 2305
I 895342 2306
I 109847 2307
I 506066 2308
I 191899 2309
I 725435 2310
I 67492 2311
I 249552 2312
I 110847 2313
I 962343 2314
I 570807 2315
I 845096 2316
I 119263 2317
I 639645 2318
I 866358 2319
I 695303 2320
I 592117 2321
I 852556 2322
I 547197 2323
I 384038 2324
I 153454 2325
I 994288 2326
I 360881 2327
I 964699 2328
I 912800 2329
I 1009820 2330
I 324550 2331
I 676400 2332
I 566725 2333
I 293646 2334
I 259141 2335
I 710963 2336
I 987462 2337
I 662571 2338
I 475208 2339
I 46610 2340
I 47405 2341
I 766805 2342
I 170869 2343
I 663803 2344
I 505721 2345
I 481317 2346
I 588954 2347
I 235289 2348
I 955789 2349
I 380029 2350
I 174247 2351
I 351242 2352
I 887622 2353
I 1010186 2354
I 484103 2355
I 608355 2356
I 189189 2357
I 930767 2358
I 403020 2359
I 823522 2360
I 828276 2361
I 506073 2362
I 660503 2363
I 916461 2364
I 956344 2365
I 879339 2366
I 787719 2367
I 229580 2368
I 312027 2369
I 957782 2370
I 189683 2371
I 612714 2372
I 970726 2373
I 837152 2374
I 973725 2375
I 992047 2376
I 466224 2377
I 628816 2378
I 150516 2379
I 1034675 2380
I 375980 2381
I 269882 2382
I 957322 2383
I 828543 2384
I 436593 2385
I 757211 2386
I 91843 2387
I 862907 2388
I 305000 2389
I 281800 2390
I 887778 2391
I 779887 2392
I 509126 2393
I 348122 2394
I 619981 2395
I 421249 2396
I 194140 2397
I 741858 2398
I 501675 2399
I 797667 2400
I 177247 2401
I 134180 2402
I 381686 2403
I 993085 2404
I 473936 2405
I 297091 2406
I 1045814 2407
I 751195 2408
I 253398 2409
I 702780 2410
I 628441 2411
I 523263 2412
I 566895 2413
I 219593 2414
I 312668 2415
I 480652 2416
I 190109 2417
I 386556 2418
I 577598 2419
I 356263 2420
I 223565 2421
I 693769 2422
I 66621 2423
I 543639 2424
I 474242 2425
I 1021910 2426
I 577010 2427
I 141849 2428
I 254735 2429
I 172724 2430
I 995955 2431
I 447374 2432
I 925334 2433
I 1031423 2434
I 134177 2435
I 176775 2436
I 674365 2437
I 534761 2438
I 217829 2439
I 292707 2440
I 568104 2441
I 870697 2442
I 752533 2443
I 383900 2444
I 873772 2445
I 350241 2446
I 351070 2447
I 835201 2448
I 157588 2449
I 356688 2450
I 635757 2451
I 709979 2452
I 195476 2453
I 800832 2454
I 782232 2455
I 540570 2456
I 504774 2457
I 213970 2458
I 448744 2459
I 778564 2460
I 595647 2461
I 807406 2462
I 248983 2463
I 1037481 2464
I 181756 2465
I 767481 2466
I 109285 2467
I 11614 2468
I 255491 2469
I 899104 2470
I 990444 2471
I 299198 2472
I 271563 2473
I 195033 2474
I 8872 2475
I 384368 2476
I 829195 2477
I 595486 2478
I 979759 2479
I 24229 2480
I 868490 2481
I 146029 2482
I 918147 2483
I 479969 2484
I 521561 2485
I 842930 2486
I 48592 2487
I 490546 2488
I 173071 2489
I 49365 2490
I 531449 2491
I 142476 2492
I 751310 2493
I 398321 2494
I 175273 2495
I 1020246 2496
I 1027307 2497
I 647096 2498
I 271045 2499
I 458302 2500
I 902895 2501
I 187248 2502
I 486841 2503
I 922930 2504
I 358130 2505
I 490684 2506
I 779822 2507
I 325254 2508
I 795303 2509
I 247497 2510
I 152194 2511
I 82035 2512
I 946543 2513
I 892469 2514
I 235742 2515
I 785678 2516
I 147790 2517
I 450382 2518
I 359113 2519
I 715269 2520
I 831132 2521
I 362584 2522
I 481195 2523
I 669742 2524
I 709656 2525
I 265740 2526
I 421655 2527
I 50107 2528
I 793603 2529
I 684986 2530
I 174806 2531
I 294826 2532
I 543919 2533
I 93107 2534
I 391480 2535
I 952410 2536
I 625207 2537
I 986482 2538
I 331671 2539
I 793582 2540
I 1040716 2541
I 90142 2542
I 883861 2543
I 957464 2544
I 219255 2545
I 363804 2546
I 763103 2547
I 988311 2548
I 889604 2549
I 1004930 2550
I 775164 2551
I 551533 2552
I 621692 2553
I 754238 2554
I 456953 2555
I 1026926 2556
I 126941 2557
I 916407 2558
I 832522 2559
I 56987 2560
I 643306 2561
I 664296 2562
I 324527 2563
I 932728 2564
I 499813 2565
I 662183 2566
I 1039069 2567
I 188046 2568
I 255618 2569
I 289501 2570
I 277768 2571
I 535863 2572
I 952203 2573
I 690657 2574
I 580914 2575
I 429634 2576
I 803682 2577
I 393910 2578
I 173375 2579
I 993684 2580
I 84905 2581
I 151522 2582
I 133210 2583
I 867773 2584
I 992838 2585
I 686648 2586
I 41915 2587
I 492420 2588
I 231235 2589
I 121071 2590
I 204548 2591
I 574859 2592
I 982393 2593
I 243166 2594
I 638432 2595
I 212398 2596
I 109828 2597
I 519334 2598
I 900818 2599
I 969495 2600
I 255657 2601
I 778219 2602
I 745053 2603
I 220124 2604
I 145344 2605
I 494993 2606
I 700929 2607
I 498697 2608
I 317198 2609
I 303611 2610
I 229366 2611
I 850552 2612
I 249748 2613
I 944708 2614
I 89918 2615
I 447100 2616
I 545156 2617
I 62866 2618
I 770853 2619
I 32574 2620
I 796825 2621
I 353238 2622
I 219338 2623
I 660193 2624
I 106925 2625
I 734817 2626
I 592334 2627
I 903603 2628
I 262369 2629
I 680034 2630
I 653343 2631
I 791571 2632
I 1018329 2633
I 299455 2634
I 306081 2635
I 6067 2636
I 577920 2637
I 569440 2638
I 297377 2639
I 914833 2640
I 310120 2641
I 707923 2642
I 752094 2643
I 650972 2644
I 461665 2645
I 448656 2646
I 620253 2647
I 269403 2648
I 771854 2649
I 635902 2650
I 273735 2651
I 186970 2652
I 616961 2653
I 133681 2654
I 581223 2655
I 269830 2656
I 590311 2657
I 423763 2658
I 1016702 2659
I 621351 2660
I 555234 2661
I 5419 2662
I 1041990 2663
I 264831 2664
I 332135 2665
I 920280 2666
I 831297 2667
I 865639 2668
I 823920 2669
I 961573 2670
I 1002478 2671
I 434882 2672
I 937360 2673
I 512857 2674
I 163876 2675
I 427653 2676
I 284435 2677
I 495596 2678
I 750838 2679
I 517050 2680
I 572085 2681
I 554146 2682
I 107673 2683
I 232785 2684
I 536552 2685
I 411664 2686
I 742083 2687
I 910856 2688
I 40901 2689
I 402917 2690
I 227328 2691
I 839149 2692
I 158913 2693
I 889893 2694
I 956044 2695
I 771249 2696
I 317654 2697
I 248026 2698
I 751355 2699
I 566388 2700
I 685716 2701
I 568422 2702
I 76306 2703
I 15542 2704
I 743030 2705
I 750827 2706
I 827053 2707
I 99691 2708
I 187166 2709
I 900098 2710
I 633527 2711
I 224593 2712
I 950908 2713
I 55167 2714
I 425778 2715
I 699154 2716
I 71602 2717
I 202567 2718
I 449652 2719
I 766353 2720
I 780344 2721
I 616428 2722
I 954617 2723
I 860454 2724
I 393083 2725
I 506760 2726
I 65455 2727
I 810059 2728
I 927917 2729
I 351368 2730
I 200283 2731
I 177001 2732
I 442730 2733
I 1001092 2734
I 1021529 2735
I 461320 2736
I 536263 2737
I 953826 2738
I 662036 2739
I 545295 2740
I 205218 2741
I 998211 2742
I 608387 2743
I 1017702 2744
I 344761 2745
I 690273 2746
I 385200 2747
I 363978 2748
I 724222 2749
I 954323 2750
I 929983 2751
I 663336 2752
I 614944 2753
I 989287 2754
I 18325 2755
I 26985 2756
I 609568 2757
I 825048 2758
I 306167 2759
I 816009 2760
I 524526 2761
I 334522 2762
I 581412 2763
I 985844 2764
I 564255 2765
I 68630 2766
I 837823 2767
I 69507 2768
I 583230 2769
I 1016040 2770
I 96080 2771
I 905202 2772
I 675747 2773
I 389628 2774
I 808860 2775
I 955017 2776
I 162039 2777
I 769791 2778
I 494208 2779
I 926810 2780
I 264752 2781
I 127308 2782
I 897132 2783
I 564358 2784
I 145281 2785
I 978976 2786
I 242311 2787
I 378552 2788
I 693560 2789
I 823840 2790
I 71784 2791
I 393237 2792
I 204741 2793
I 147489 2794
I 288563 2795
I 239714 2796
I 520232 2797
I 31397 2798
I 1004490 2799
I 954817 2800
I 675157 2801
I 642205 2802
I 877740 2803
I 795643 2804
I 500771 2805
I 741534 2806
I 348862 2807
I 747686 2808
I 726730 2809
I 495186 2810
I 436611 2811
I 937360 2812
I 428011 2813
I 460625 2814
I 530406 2815
I 506345 2816
I 3828 2817
I 524496 2818
I 684009 2819
I 671280 2820
I 650605 2821
I 384416 2822
I 832068 2823
I 892428 2824
I 521747 2825
I 865190 2826
I 502163 2827
I 796325 2828
I 939690 2829
I 5255 2830
I 912102 2831
I 302571 2832
I 12690 2833
I 31170 2834
I 196296 2835
I 478812 2836
I 701247 2837
I 869910 2838
I 46601 2839
I 965750 2840
I 371486 2841
I 676114 2842
I 491606 2843
I 1001364 2844
I 540649 2845
I 624704 2846
I 482307 2847
I 784343 2848
I 94809 2849
I 51923 2850
I 71796 2851
I 604729 2852
I 486008 2853
I 503274 2854
I 745593 2855
I 37955 2856
I 809822 2857
I 956367 2858
I 655419 2859
I 531805 2860
I 280964 2861
I 238042 2862
I 91448 2863
I 1025477 2864
I 702771 2865
I 120122 2866
I 21100 2867
I 239493 2868
I 483073 2869
I 414253 2870
I 559901 2871
I 213698 2872
I 861882 2873
I 990884 2874
I 30298 2875
I 598850 2876
I 264892 2877
I 754718 2878
I 495218 2879
I 551469 2880
I 88809 2881
I 147653 2882
I 988526 2883
I 510984 2884
I 67645 2885
I 111814 2886
I 455621 2887
I 654432 2888
I 701127 2889
I 496005 2890
I 823912 2891
I 887761 2892
I 705134 2893
I 113474 2894
I 593762 2895
I 359980 2896
I 247874 2897
I 79259 2898
I 497802 2899
I 895463 2900
I 643665 2901
I 973562 2902
I 716053 2903
I 674594 2904
I 635791 2905
I 820439 2906
I 143238 2907
I 630740 2908
I 173247 2909
I 240241 2910
I 987937 2911
I 136688 2912
I 698429 2913
I 301854 2914
I 277756 2915
I 613753 2916
I 886081 2917
I 215911 2918
I 872747 2919
I 564187 2920
I 873707 2921
I 378394 2922
I 481197 2923
I 883052 2924
I 659697 2925
I 957923 2926
I 351207 2927
I 391873 2928
I 234099 2929
I 726645 2930
I 651012 2931
I 679946 2932
I 927901 2933
I 468379 2934
I 153065 2935
I 1015171 2936
I 987393 2937
I 500530 2938
I 328420 2939
I 676287 2940
I 141437 2941
I 669320 2942
I 403284 2943
I 147389 2944
I 498688 2945
I 177079 2946
I 25649 2947
I 180874 2948
I 331100 2949
I 152448 2950
I 201219 2951
I 941413 2952
I 914739 2953
I 311468 2954
I 338365 2955
I 220192 2956
I 228987 2957
I 258683 2958
I 634031 2959
I 193352 2960
I 716656 2961
I 218942 2962
I 454327 2963
I 974805 2964
I 247532 2965
I 966266 2966
I 926862 2967
I 496809 2968
I 608913 2969
I 568296 2970
I 945290 2971
I 308722 2972
I 255802 2973
I 678908 2974
I 199733 2975
I 217251 2976
I 180131 2977
I 555877 2978
I 992712 2979
I 318118 2980
I 85178 2981
I 127046 2982
I 459044 2983
I 103537 2984
I 311303 2985
I 815982 2986
I 967245 2987
I 1010063 2988
I 76354 2989
I 734553 2990
I 783823 2991
I 914112 2992
I 313412 2993
I 614271 2994
I 428980 2995
I 24945 2996
I 415327 2997
I 850888 2998
I 416878 2999
I 293365 3000
I 848037 3001
I 1048119 3002
I 418767 3003
I 974470 3004
I 342051 3005
I 367796 3006
I 299903 3007
I 664789 3008
I 732762 3009
I 331604 3010
I 559253 3011
I 736021 3012
I 98783 3013
I 603551 3014
I 1005552 3015
I 357927 3016
I 877286 3017
I 898467 3018
I 142698 3019
I 259900 3020
I 149692 3021
I 709888 3022
I 456423 3023
I 18184 3024
I 628296 3025
I 372556 3026
I 751378 3027
I 546370 3028
I 83996 3029
I 258387 3030
I 778906 3031
I 767603 3032
I 436018 3033
I 752104 3034
I 849731 3035
I 934807 3036
I 600217 3037
I 100624 3038
I 663758 3039
I 886497 3040
I 346382 3041
I 395335 3042
I 311202 3043
I 1027681 3044
I 280667 3045
I 63283 3046
I 355939 3047
I 402704 3048
I 28155 3049
I 1022318 3050
I 165465 3051
I 164549 3052
I 509859 3053
I 38417 3054
I 1038884 3055
I 695206 3056
I 814295 3057
I 436684 3058
I 502039 3059
I 312806 3060
I 896910 3061
I 318002 3062
I 245784 3063
I 800707 3064
I 202282 3065
I 115660 3066
I 89041 3067
I 13639 3068
I 544329 3069
I 879004 3070
I 386345 3071
I 520429 3072
I 938761 3073
I 118084 3074
I 576749 3075
I 201293 3076
I 831436 3077
I 518221 3078
I 490076 3079
I 322526 3080
I 818486 3081
I 645652 3082
I 5009 3083
I 195271 3084
I 214063 3085
I 690905 3086
I 637757 3087
I 20341 3088
I 782189 3089
I 771148 3090
I 121464 3091
I 566752 3092
I 479757 3093
I 687239 3094
I 311610 3095
I 16150 3096
I 795919 3097
I 756803 3098
I 30039 3099
I 603593 3100
I 985127 3101
I 639705 3102
I 264249 3103
I 449998 3104
I 572408 3105
I 417351 3106
I 756479 3107
I 74500 3108
I 193786 3109
I 453241 3110
I 724939 3111
I 945200 3112
I 989034 3113
I 967867 3114
I 843323 3115
I 971737 3116
I 120984 3117
I 899156 3118
I 486595 3119
I 118169 3120
I 853681 3121
I 50189 3122
I 425960 3123
I 83446 3124
I 955545 3125
I 922562 3126
I 31129 3127
I 496539 3128
I 330102 3129
I 740923 3130
I 376252 3131
I 227032 3132
I 82596 3133
I 849394 3134
I 722638 3135
I 330739 3136
I 24091 3137
I 878242 3138
I 946042 3139
I 263607 3140
I 352893 3141
I 810339 3142
I 930984 3143
I 554443 3144
I 174729 3145
I 602315 3146
I 655359 3147
I 809651 3148
I 528922 3149
I 815023 3150
I 879936 3151
I 93089 3152
I 7225 3153
I 470587 3154
I 238142 3155
I 1016254 3156
I 539804 3157
I 74504 3158
I 694875 3159
I 583948 3160
I 467168 3161
I 137296 3162
I 75798 3163
I 707916 3164
I 547459 3165
I 378454 3166
I 966131 3167
I 767295 3168
I 525641 3169
I 565451 3170
I 157252 3171
I 849133 3172
I 445489 3173
I 121861 3174
I 165014 3175
I 948027 3176
I 657147 3177
I 531975 3178
I 674237 3179
I 141698 3180
I 460002 3181
I 512700 3182
I 470251 3183
I 346425 3184
I 996401 3185
I 799077 3186
I 636352 3187
I 267871 3188
I 601428 3189
I 315418 3190
I 306959 3191
I 309734 3192
I 712545 3193
I 681139 3194
I 93925 3195
I 689952 3196
I 430337 3197
I 592663 3198
I 29656 3199
I 246150 3200
I 947863 3201
I 2853 3202
I 158422 3203
I 60348 3204
I 797200 3205
I 585094 3206
I 62488 3207
I 589422 3208
I 634758 3209
I 912283 3210
I 235506 3211
I 542534 3212
I 1004 3213
I 126617 3214
I 124247 3215
I 285913 3216
I 125505 3217
I 482802 3218
I 702430 3219
I 762174 3220
I 9658 3221
I 447215 3222
I 134883 3223
I 647846 3224
I 385801 3225
I 845542 3226
I 551521 3227
I 709550 3228
I 159596 3229
I 934439 3230
I 107620 3231
I 203598 3232
I 56929 3233
I 571303 3234
I 179618 3235
I 712954 3236
I 292272 3237
I 17377 3238
I 606043 3239
I 141866 3240
I 784266 3241
I 552028 3242
I 978712 3243
I 117254 3244
I 807309 3245
I 8521 3246
I 424212 3247
I 894891 3248
I 566203 3249
I 903840 3250
I 1013446 3251
I 197775 3252
I 723912 3253
I 647508 3254
I 281151 3255
I 322211 3256
I 908918 3257
I 656311 3258
I 459529 3259
I 908980 3260
I 241393 3261
I 188844 3262
I 283992 3263
I 1751 3264
I 881152 3265
I 170628 3266
I 448316 3267
I 434448 3268
I 582403 3269
I 301461 3270
I 427977 3271
I 873030 3272
I 623678 3273
I 878191 3274
I 530079 3275
I 187583 3276
I 366466 3277
I 343141 3278
I 1009001 3279
I 589463 3280
I 594278 3281
I 173660 3282
I 1032368 3283
I 634645 3284
I 980232 3285
I 502162 3286
I 546864 3287
I 511021 3288
I 990281 3289
I 654336 3290
I 882552 3291
I 302040 3292
I 461370 3293
I 15818 3294
I 923302 3295
I 836323 3296
I 730582 3297
I 153823 3298
I 347702 3299
I 215494 3300
I 752398 3301
I 1008764 3302
I 138296 3303
I 753272 3304
I 470190 3305
I 646305 3306
I 78877 3307
I 519 3308
I 964031 3309
I 972608 3310
I 330520 3311
I 597833 3312
I 637745 3313
I 405856 3314
I 14413 3315
I 45313 3316
I 1046446 3317
I 489284 3318
I 840768 3319
I 273383 3320
I 510586 3321
I 386789 3322
I 467195 3323
I 323464 3324
I 230163 3325
I 692249 3326
I 428623 3327
I 1005144 3328
I 922108 3329
I 893314 3330
I 932884 3331
I 917870 3332
I 803656 3333
I 554673 3334
I 673565 3335
I 152217 3336
I 212023 3337
I 205519 3338
I 875666 3339
I 759425 3340
I 651415 3341
I 488810 3342
I 734508 3343
I 600934 3344
I 74501 3345
I 133804 3346
I 890397 3347
I 602537 3348
I 106490 3349
I 807968 3350
I 162162 3351
I 1029699 3352
I 542884 3353
I 706331 3354
I 401870 3355
I 112006 3356
I 835420 3357
I 1040775 3358
I 751187 3359
I 510480 3360
I 650327 3361
I 392354 3362
I 477153 3363
I 685214 3364
I 83822 3365
I 514412 3366
I 522967 3367
I 77301 3368
I 802281 3369
I 564371 3370
I 74058 3371
I 962949 3372
I 548901 3373
I 340637 3374
I 207960 3375
I 904941 3376
I 717944 3377
I 242170 3378
I 448449 3379
I 478979 3380
I 395223 3381
I 189674 3382
I 745198 3383
I 303536 3384
I 674915 3385
I 118077 3386
I 763281 3387
I 1042249 3388
I 584210 3389
I 213388 3390
I 52333 3391
I 778034 3392
I 709310 3393
I 1042912 3394
I 224579 3395
I 350444 3396
I 462368 3397
I 909102 3398
I 52254 3399
I 58358 3400
I 479270 3401
I 790833 3402
I 572527 3403
I 759914 3404
I 751288 3405
I 434000 3406
I 571351 3407
I 804512 3408
I 275919 3409
I 927498 3410
I 882782 3411
I 503980 3412
I 396363 3413
I 196273 3414
I 478207 3415
I 667055 3416
I 340737 3417
I 39228 3418
I 745795 3419
I 43972 3420
I 742739 3421
I 417907 3422
I 757756 3423
I 446475 3424
I 110139 3425
I 240146 3426
I 559562 3427
I 965811 3428
I 108283 3429
I 966759 3430
I 789939 3431
I 647499 3432
I 323578 3433
I 371659 3434
I 78933 3435
I 818014 3436
I 591422 3437
I 223995 3438
I 715834 3439
I 497896 3440
I 714579 3441
I 52803 3442
I 561589 3443
I 491002 3444
I 844382 3445
I 463716 3446
I 530100 3447
I 862360 3448
I 246555 3449
I 148280 3450
I 929782 3451
I 780728 3452
I 5646 3453
I 595750 3454
I 360985 3455
I 43183 3456
I 944663 3457
I 210655 3458
I 1045549 3459
I 321806 3460
I 1038533 3461
I 590177 3462
I 380363 3463
I 705537 3464
I 1036271 3465
I 293031 3466
I 1044989 3467
I 736887 3468
I 312599 3469
I 1021859 3470
I 1033866 3471
I 856890 3472
I 424942 3473
I 445594 3474
I 584717 3475
I 166868 3476
I 608293 3477
I 305128 3478
I 685111 3479
I 169037 3480
I 720326 3481
I 360427 3482
I 249684 3483
I 188957 3484
I 817119 3485
I 977683 3486
I 625638 3487
I 975348 3488
I 382002 3489
I 178270 3490
I 923171 3491
I 727918 3492
I 647214 3493
I 506832 3494
I 16955 3495
I 617369 3496
I 311452 3497
I 400680 3498
I 708443 3499
I 247130 3500
I 471222 3501
I 296876 3502
I 1016794 3503
I 325575 3504
I 989283 3505
I 215393 3506
I 216133 3507
I 96241 3508
I 234641 3509
I 667700 3510
I 477040 3511
I 136990 3512
I 732847 3513
I 635841 3514
I 345693 3515
I 650449 3516
I 214730 3517
I 881741 3518
I 430971 3519
I 315512 3520
I 798110 3521
I 373756 3522
I 816797 3523
I 685413 3524
I 310707 3525
I 562886 3526
I 602914 3527
I 1000042 3528
I 50676 3529
I 238639 3530
I 509583 3531
I 554039 3532
I 236006 3533
I 421509 3534
I 100570 3535
I 629208 3536
I 643915 3537
I 61328 3538
I 912616 3539
I 293224 3540
I 117275 3541
I 473305 3542
I 992099 3543
I 878010 3544
I 972868 3545
I 596885 3546
I 346904 3547
I 993115 3548
I 774598 3549
I 526881 3550
I 537185 3551
I 950825 3552
I 616293 3553
I 978798 3554
I 1023209 3555
I 893335 3556
I 524037 3557
I 1045565 3558
I 887246 3559
I 318708 3560
I 423873 3561
I 464803 3562
I 191136 3563
I 754298 3564
I 437373 3565
I 236266 3566
I 328971 3567
I 658273 3568
I 129712 3569
I 583021 3570
I 876555 3571
I 328815 3572
I 218288 3573
I 180307 3574
I 262702 3575
I 788517 3576
I 700642 3577
I 279600 3578
I 704693 3579
I 512049 3580
I 74849 3581
I 302336 3582
I 28309 3583
I 397771 3584
I 302696 3585
I 941118 3586
I 691019 3587
I 848481 3588
I 488215 3589
I 96958 3590
I 571972 3591
I 804230 3592
I 719363 3593
I 760792 3594
I 371739 3595
I 627350 3596
I 897272 3597
I 835249 3598
I 466877 3599
I 95623 3600
I 1038932 3601
I 798816 3602
I 886465 3603
I 329463 3604
I 324440 3605
I 69522 3606
I 937084 3607
I 339229 3608
I 616679 3609
I 128769 3610
I 569904 3611
I 702043 3612
I 157605 3613
I 138663 3614
I 198858 3615
I 877550 3616
I 129690 3617
I 449952 3618
I 2869 3619
I 744213 3620
I 725866 3621
I 940450 3622
I 923276 3623
I 178860 3624
I 599353 3625
I 929514 3626
I 828553 3627
I 969866 3628
I 543253 3629
I 202124 3630
I 1028667 3631
I 311311 3632
I 419292 3633
I 767705 3634
I 459449 3635
I 25043 3636
I 872969 3637
I 757625 3638
I 397760 3639
I 575228 3640
I 131247 3641
I 344879 3642
I 913270 3643
I 956700 3644
I 616255 3645
I 82145 3646
I 840299 3647
I 661356 3648
I 846175 3649
I 29496 3650
I 883470 3651
I 31509 3652
I 661698 3653
I 877917 3654
I 946043 3655
I 446404 3656
I 762629 3657
I 890488 3658
I 841558 3659
I 110702 3660
I 419793 3661
I 794708 3662
I 626291 3663
I 267488 3664
I 985838 3665
I 548185 3666
I 450377 3667
I 298840 3668
I 342089 3669
I 233238 3670
I 839023 3671
I 602156 3672
I 120167 3673
I 507618 3674
I 223411 3675
I 639778 3676
I 393623 3677
I 542352 3678
I 931216 3679
I 287969 3680
I 576141 3681
I 553430 3682
I 92706 3683
I 84211 3684
I 382743 3685
I 720047 3686
I 420693 3687
I 502132 3688
I 803255 3689
I 607700 3690
I 286469 3691
I 926068 3692
I 619301 3693
I 538812 3694
I 16340 3695
I 390607 3696
I 815317 3697
I 570209 3698
I 817725 3699
I 854986 3700
I 349864 3701
I 870446 3702
I 933884 3703
I 237534 3704
I 256252 3705
I 452687 3706
I 1038958 3707
I 1015385 3708
I 815949 3709
I 982368 3710
I 452918 3711
I 339972 3712
I 771679 3713
I 676146 3714
I 478341 3715
I 860252 3716
I 471774 3717
I 687228 3718
I 282043 3719
I 138385 3720
I 112972 3721
I 135853 3722
I 914830 3723
I 228971 3724
I 645325 3725
I 401635 3726
I 408058 3727
I 1045149 3728
I 862655 3729
I 713998 3730
I 447172 3731
I 24186 3732
I 81733 3733
I 282781 3734
I 40802 3735
I 976481 3736
I 412011 3737
I 222565 3738
I 586953 3739
I 351177 3740
I 348080 3741
I 249686 3742
I 307861 3743
I 502581 3744
I 48241 3745
I 261798 3746
I 649174 3747
I 950641 3748
I 593328 3749
I 144062 3750
I 553762 3751
I 277893 3752
I 1046262 3753
I 805348 3754
I 212740 3755
I 78124 3756
I 714417 3757
I 942603 3758
I 428208 3759
I 147883 3760
I 958977 3761
I 710800 3762
I 1017517 3763
I 168560 3764
I 992232 3765
I 179015 3766
I 868372 3767
I 582213 3768
I 198543 3769
I 589362 3770
I 802238 3771
I 900820 3772
I 339182 3773
I 89526 3774
I 987524 3775
I 425508 3776
I 101971 3777
I 547968 3778
I 842232 3779
I 420624 3780
I 95571 3781
I 65923 3782
I 188126 3783
I 440880 3784
I 542215 3785
I 545615 3786
I 788597 3787
I 264789 3788
I 910473 3789
I 500793 3790
I 416111 3791
I 817728 3792
I 108746 3793
I 874201 3794
I 405882 3795
I 875068 3796
I 489188 3797
I 670992 3798
I 468371 3799
I 100565 3800
I 127933 3801
I 361929 3802
I 455100 3803
I 1026328 3804
I 523372 3805
I 1027765 3806
I 778057 3807
I 771739 3808
I 48891 3809
I 248989 3810
I 832016 3811
I 724315 3812
I 621369 3813
I 259009 3814
I 902919 3815
I 709253 3816
I 968340 3817
I 222792 3818
I 376707 3819
I 930277 3820
I 731614 3821
I 1137 3822
I 246323 3823
I 939191 3824
I 976197 3825
I 98116 3826
I 468022 3827
I 639231 3828
I 491458 3829
I 220541 3830
I 1000039 3831
I 283958 3832
I 445439 3833
I 810693 3834
I 398867 3835
I 150463 3836
I 1044033 3837
I 210642 3838
I 710377 3839
I 333171 3840
I 693715 3841
I 221990 3842
I 139016 3843
I 948234 3844
I 1042088 3845
I 730065 3846
I 265433 3847
I 587454 3848
I 88681 3849
I 465274 3850
I 768560 3851
I 135475 3852
I 78073 3853
I 349507 3854
I 112012 3855
I 792064 3856
I 68662 3857
I 676777 3858
I 868292 3859
I 449107 3860
I 761769 3861
I 362691 3862
I 102024 3863
I 697890 3864
I 640633 3865
I 590615 3866
I 421525 3867
I 841379 3868
I 257957 3869
I 825668 3870
I 183428 3871
I 624282 3872
I 902186 3873
I 678522 3874
I 30185 3875
I 717553 3876
I 500043 3877
I 92655 3878
I 340050 3879
I 717862 3880
I 840174 3881
I 620535 3882
I 381569 3883
I 607169 3884
I 773751 3885
I 55169 3886
I 31453 3887
I 34368 3888
I 663981 3889
I 945551 3890
I 396772 3891
I 357826 3892
I 724939 3893
I 595719 3894
I 758406 3895
I 31005 3896
I 465039 3897
I 28299 3898
I 567837 3899
I 582042 3900
I 20033 3901
I 396505 3902
I 587234 3903
I 338652 3904
I 490189 3905
I 327482 3906
I 491965 3907
I 780839 3908
I 225325 3909
I 367110 3910
I 667152 3911
I 342807 3912
I 927642 3913
I 76525 3914
I 155998 3915
I 939714 3916
I 551256 3917
I 896370 3918
I 200615 3919
I 1021628 3920
I 526278 3921
I 195234 3922
I 1016154 3923
I 717950 3924
I 192384 3925
I 823048 3926
I 1040480 3927
I 752084 3928
I 426098 3929
I 709333 3930
I 704270 3931
I 758988 3932
I 725887 3933
I 807232 3934
I 161815 3935
I 1040345 3936
I 121417 3937
I 779985 3938
I 599659 3939
I 521693 3940
I 373257 3941
I 572043 3942
I 936412 3943
I 281603 3944
I 246976 3945
I 1000278 3946
I 265892 3947
I 543954 3948
I 528589 3949
I 335255 3950
I 682638 3951
I 564167 3952
I 341668 3953
I 725157 3954
I 721877 3955
I 606418 3956
I 518527 3957
I 655838 3958
I 1024210 3959
I 110127 3960
I 129730 3961
I 127389 3962
I 267053 3963
I 491434 3964
I 233423 3965
I 439689 3966
I 975375 3967
I 167849 3968
I 830013 3969
I 306928 3970
I 482307 3971
I 30151 3972
I 576500 3973
I 321181 3974
I 393421 3975
I 91216 3976
I 726340 3977
I 109897 3978
I 283606 3979
I 831338 3980
I 588167 3981
I 76759 3982
I 930894 3983
I 777602 3984
I 538625 3985
I 200355 3986
I 584340 3987
I 619356 3988
I 388666 3989
I 1007899 3990
I 1014485 3991
I 1041605 3992
I 852345 3993
I 827448 3994
I 741968 3995
I 834059 3996
I 182047 3997
I 725130 3998
I 390787 3999
I 1042721 4000
I 602993 4001
I 339940 4002
I 960512 4003
I 905150 4004
I 203992 4005
I 1030215 4006
I 88897 4007
I 84641 4008
I 219548 4009
I 302114 4010
I 996902 4011
I 557758 4012
I 666824 4013
I 724238 4014
I 811862 4015
I 636710 4016
I 270253 4017
I 867642 4018
I 986827 4019
I 821474 4020
I 269090 4021
I 557476 4022
I 476376 4023
I 973424 4024
I 845878 4025
I 228318 4026
I 612595 4027
I 635448 4028
I 432479 4029
I 854085 4030
I 957230 4031
I 372454 4032
I 214239 4033
I 975091 4034
I 790424 4035
I 801547 4036
I 262841 4037
I 997938 4038
I 472704 4039
I 330151 4040
I 605716 4041
I 506780 4042
I 601642 4043
I 886087 4044
I 924393 4045
I 953282 4046
I 975648 4047
I 842669 4048
I 488829 4049
I 317562 4050
I 160474 4051
I 110077 4052
I 441884 4053
I 57152 4054
I 1046317 4055
I 85909 4056
I 271075 4057
I 322057 4058
I 726371 4059
I 216730 4060
I 618587 4061
I 501752 4062
I 662220 4063
I 554069 4064
I 529462 4065
I 109023 4066
I 1038949 4067
I 569359 4068
I 772892 4069
I 740816 4070
I 716759 4071
I 720658 4072
I 91141 4073
I 24336 4074
I 209578 4075
I 89415 4076
I 427954 4077
I 354737 4078
I 813314 4079
I 476212 4080
I 247156 4081
I 454566 4082
I 685387 4083
I 761438 4084
I 740698 4085
I 75876 4086
I 789896 4087
I 371591 4088
I 431817 4089
I 62791 4090
I 725116 4091
I 999067 4092
I 420063 4093
I 977719 4094
I 111481 4095
F
D
F
D
F
D
F
D
F
D
F
D
F
D
F
D
F
D
F
D
F
D
F
D
F
D
F
D
F
D
F
D
F
D
F
D
F
D
F
D
F
D
F
D
F
D
F
D
F
D
F
D
F
D
F
D
F
D
F
D
F
D
F
D
F
D
F
D
F
D
F
D
F
D
F
D
F
D
F
D
F
D
F
D
F
D
F
D
F
D
F
D
F
D
F
D
F
D
F
D
F
D
F
D
F
D
F
D
F
D
F
D
F
D
F
D
F
D
F
D
F
D
F
D
F
D
F
D
F
D
F
D
F
D
F
D
F
D
F
D
F
D
F
D
F
D
F
D
F
D
F
D
F
D
F
D
F
D
F
D
F
D
F
D
F
D
F
D
F
D
F
D
F
D
F
D
F
D
F
D
F
D
F
D
F
D
F
D
F
D
F
D
F
D
F
D
F
D
F
D
F
D
F
D
F
D
F
D
F
D
F
D
F
D
F
D
F
D
F
D
F
D
F
D
F
D
F
D
F
D
F
D
F
D
F
D
F
D
F
D
F
D
F
D
F
D
F
D
F
D
F
D
F
D
F
D
F
D
F
D
F
D
F
D
F
D
F
D
F
D
F
D
F
D
F
D
F
D
F
D
F
D
F
D
F
D
F
D
F
D
F
D
F
D
F
D
F
D
F
D
F
D
F
D
F
D
F
D
F
D
F
D
F
D
F
D
F
D
F
D
F
D
F
D
F
D
F
D
F
D
F
D
F
D
F
D
F
D
F
D
F
D
F
D
F
D
F
D
F
D
F
D
F
D
F
D
F
D
F
D
F
D
F
D
F
D
F
D
F
D
F
D
F
D
F
D
F
D
F
D
F
D
F
D
F
D
F
D
F
D
F
D
F
D
F
D
F
D
F
D
F
D
F
D
F
D
F
D
F
D
F
D
F
D
F
D
F
D
F
D
F
D
F
D
F
D
F
D
F
D
F
D
F
D
F
D
F
D
F
D
F
D
F
D
F
D
F
D
F
D
F
D
F
D
F
D
F
D
F
D
F
D
F
D
F
D
F
D
F
D
F
D
F
D
F
D
F
D
F
D
F
D
F
D
F
D
F
D
F
D
F
D
F
D
F
D
F
D
F
D
F
D
F
D
F
D
F
D
F
D
F
D
F
D
F
D
F
D
F
D
F
D
F
D
F
D
F
D
F
D
F
D
F
D
F
D
F
D
F
D
F
D
F
D
F
D
F
D
F
D
F
D
F
D
F
D
F
D
F
D
F
D
F
D
F
D
F
D
F
D
F
D
F
D
F
D
F
D
F
D
F
D
F
D
F
D
F
D
F
D
F
D
F
D
F
D
F
D
F
D
F
D
F
D
F
D
F
D
F
D
F
D
F
D
F
D
F
D
F
D
F
D
F
D
F
D
F
D
F
D
F
D
F
D
F
D
F
D
F
D
F
D
F
D
F
D
F
D
F
D
F
D
F
D
F
D
F
D
F
D
F
D
F
D
F
D
F
D
F
D
F
D
F
D
F
D
F
D
F
D
F
D
F
D
F
D
F
D
F
D
F
D
F
D
F
D
F
D
F
D
F
D
F
D
F
D
F
D
F
D
F
D
F
D
F
D
F
D
F
D
F
D
F
D
F
D
F
D
F
D
F
D
F
D
F
D
F
D
F
D
F
D
F
D
F
D
F
D
F
D
F
D
F
D
F
D
F
D
F
D
F
D
F
D
F
D
F
D
F
D
F
D
F
D
F
D
F
D
F
D
F
D
F
D
F
D
F
D
F
D
F
D
F
D
F
D
F
D
F
D
F
D
F
D
F
D
F
D
F
D
F
D
F
D
F
D
F
D
F
D
F
D
F
D
F
D
F
D
F
D
F
D
F
D
F
D
F
D
F
D
F
D
F
D
F
D
F
D
F
D
F
D
F
D
F
D
F
D
F
D
F
D
F
D
F
D
F
D
F
D
F
D
F
D
F
D
F
D
F
D
F
D
F
D
F
D
F
D
F
D
F
D
F
D
F
D
F
D
F
D
F
D
F
D
F
D
F
D
F
D
F
D
F
D
F
D
F
D
F
D
F
D
F
D
F
D
F
D
F
D
F
D
F
D
F
D
F
D
F
D
F
D
F
D
F
D
F
D
F
D
F
D
F
D
F
D
F
D
F
D
F
D
F
D
F
D
F
D
F
D
F
D
F
D
F
D
F
D
F
D
F
D
F
D
F
D
F
D
F
D
F
D
F
D
F
D
F
D
F
D
F
D
F
D
F
D
F
D
F
D
F
D
F
D
F
D
F
D
F
D
F
D
F
D
F
D
F
D
F
D
F
D
F
D
F
D
F
D
F
D
F
D
F
D
F
D
F
D
F
D
F
D
F
D
F
D
F
D
F
D
F
D
F
D
F
D
F
D
F
D
F
D
F
D
F
D
F
D
F
D
F
D
F
D
F
D
F
D
F
D
F
D
F
D
F
D
F
D
F
D
F
D
F
D
F
D
F
D
F
D
F
D
F
D
F
D
F
D
F
D
F
D
F
D
F
D
F
D
F
D
F
D
F
D
F
D
F
D
F
D
F
D
F
D
F
D
F
D
F
D
F
D
F
D
F
D
F
D
F
D
F
D
F
D
F
D
F
D
F
D
F
D
F
D
F
D
F
D
F
D
F
D
F
D
F
D
F
D
F
D
F
D
F
D
F
D
F
D
F
D
F
D
F
D
F
D
F
D
F
D
F
D
F
D
F
D
F
D
F
D
F
D
F
D
F
D
F
D
F
D
F
D
F
D
F
D
F
D
F
D
F
D
F
D
F
D
F
D
F
D
F
D
F
D
F
D
F
D
F
D
F
D
F
D
F
D
F
D
F
D
F
D
F
D
F
D
F
D
F
D
F
D
F
D
F
D
F
D
F
D
F
D
F
D
F
D
F
D
F
D
F
D
F
D
F
D
F
D
F
D
F
D
F
D
F
D
F
D
F
D
F
D
F
D
F
D
F
D
F
D
F
D
F
D
F
D
F
D
F
D
F
D
F
D
F
D
F
D
F
D
F
D
F
D
F
D
F
D
F
D
F
D
F
D
F
D
F
D
F
D
F
D
F
D
F
D
F
D
F
D
F
D
F
D
F
D
F
D
F
D
F
D
F
D
F
D
F
D
F
D
F
D
F
D
F
D
F
D
F
D
F
D
F
D
F
D
F
D
F
D
F
D
F
D
F
D
F
D
F
D
F
D
F
D
F
D
F
D
F
D
F
D
F
D
F
D
F
D
F
D
F
D
F
D
F
D
F
D
F
D
F
D
F
D
F
D
F
D
F
D
F
D
F
D
F
D
F
D
F
D
F
D
F
D
F
D
F
D
F
D
F
D
F
D
F
D
F
D
F
D
F
D
F
D
F
D
F
D
F
D
F
D
F
D
F
D
F
D
F
D
F
D
F
D
F
D
F
D
F
D
F
D
F
D
F
D
F
D
F
D
F
D
F
D
F
D
F
D
F
D
F
D
F
D
F
D
F
D
F
D
F
D
F
D
F
D
F
D
F
D
F
D
F
D
F
D
F
D
F
D
F
D
F
D
F
D
F
D
F
D
F
D
F
D
F
D
F
D
F
D
F
D
F
D
F
D
F
D
F
D
F
D
F
D
F
D
F
D
F
D
F
D
F
D
F
D
F
D
F
D
F
D
F
D
F
D
F
D
F
D
F
D
F
D
F
D
F
D
F
D
F
D
F
D
F
D
F
D
F
D
F
D
F
D
F
D
F
D
F
D
F
D
F
D
F
D
F
D
F
D
F
D
F
D
F
D
F
D
F
D
F
D
F
D
F
D
F
D
F
D
F
D
F
D
F
D
F
D
F
D
F
D
F
D
F
D
F
D
F
D
F
D
F
D
F
D
F
D
F
D
F
D
F
D
F
D
F
D
F
D
F
D
F
D
F
D
F
D
F
D
F
D
F
D
F
D
F
D
F
D
F
D
F
D
F
D
F
D
F
D
F
D
F
D
F
D
F
D
F
D
F
D
F
D
F
D
F
D
F
D
F
D
F
D
F
D
F
D
F
D
F
D
F
D
F
D
F
D
F
D
F
D
F
D
F
D
F
D
F
D
F
D
F
D
F
D
F
D
F
D
F
D
F
D
F
D
F
D
F
D
F
D
F
D
F
D
F
D
F
D
F
D
F
D
F
D
F
D
F
D
F
D
F
D
F
D
F
D
F
D
F
D
F
D
F
D
F
D
F
D
F
D
F
D
F
D
F
D
F
D
F
D
F
D
F
D
F
D
F
D
F
D
F
D
F
D
F
D
F
D
F
D
F
D
F
D
F
D
F
D
F
D
F
D
F
D
F
D
F
D
F
D
F
D
F
D
F
D
F
D
F
D
F
D
F
D
F
D
F
D
F
D
F
D
F
D
F
D
F
D
F
D
F
D
F
D
F
D
F
D
F
D
F
D
F
D
F
D
F
D
F
D
F
D
F
D
F
D
F
D
F
D
F
D
F
D
F
D
F
D
F
D
F
D
F
D
F
D
F
D
F
D
F
D
F
D
F
D
F
D
F
D
F
D
F
D
F
D
F
D
F
D
F
D
F
D
F
D
F
D
F
D
F
D
F
D
F
D
F
D
F
D
F
D
F
D
F
D
F
D
F
D
F
D
F
D
F
D
F
D
F
D
F
D
F
D
F
D
F
D
F
D
F
D
F
D
F
D
F
D
F
D
F
D
F
D
F
D
F
D
F
D
F
D
F
D
F
D
F
D
F
D
F
D
F
D
F
D
F
D
F
D
F
D
F
D
F
D
F
D
F
D
F
D
F
D
F
D
F
D
F
D
F
D
F
D
F
D
F
D
F
D
F
D
F
D
F
D
F
D
F
D
F
D
F
D
F
D
F
D
F
D
F
D
F
D
F
D
F
D
F
D
F
D
F
D
F
D
F
D
F
D
F
D
F
D
F
D
F
D
F
D
F
D
F
D
F
D
F
D
F
D
F
D
F
D
F
D
F
D
F
D
F
D
F
D
F
D
F
D
F
D
F
D
F
D
F
D
F
D
F
D
F
D
F
D
F
D
F
D
F
D
F
D
F
D
F
D
F
D
F
D
F
D
F
D
F
D
F
D
F
D
F
D
F
D
F
D
F
D
F
D
F
D
F
D
F
D
F
D
F
D
F
D
F
D
F
D
F
D
F
D
F
D
F
D
F
D
F
D
F
D
F
D
F
D
F
D
F
D
F
D
F
D
F
D
F
D
F
D
F
D
F
D
F
D
F
D
F
D
F
D
F
D
F
D
F
D
F
D
F
D
F
D
F
D
F
D
F
D
F
D
F
D
F
D
F
D
F
D
F
D
F
D
F
D
F
D
F
D
F
D
F
D
F
D
F
D
F
D
F
D
F
D
F
D
F
D
F
D
F
D
F
D
F
D
F
D
F
D
F
D
F
D
F
D
F
D
F
D
F
D
F
D
F
D
F
D
F
D
F
D
F
D
F
D
F
D
F
D
F
D
F
D
F
D
F
D
F
D
F
D
F
D
F
D
F
D
F
D
F
D
F
D
F
D
F
D
F
D
F
D
F
D
F
D
F
D
F
D
F
D
F
D
F
D
F
D
F
D
F
D
F
D
F
D
F
D
F
D
F
D
F
D
F
D
F
D
F
D
F
D
F
D
F
D
F
D
F
D
F
D
F
D
F
D
F
D
F
D
F
D
F
D
F
D
F
D
F
D
F
D
F
D
F
D
F
D
F
D
F
D
F
D
F
D
F
D
F
D
F
D
F
D
F
D
F
D
F
D
F
D
F
D
F
D
F
D
F
D
F
D
F
D
F
D
F
D
F
D
F
D
F
D
F
D
F
D
F
D
F
D
F
D
F
D
F
D
F
D
F
D
F
D
F
D
F
D
F
D
F
D
F
D
F
D
F
D
F
D
F
D
F
D
F
D
F
D
F
D
F
D
F
D
F
D
F
D
F
D
F
D
F
D
F
D
F
D
F
D
F
D
F
D
F
D
F
D
F
D
F
D
F
D
F
D
F
D
F
D
F
D
F
D
F
D
F
D
F
D
F
D
F
D
F
D
F
D
F
D
F
D
F
D
F
D
F
D
F
D
F
D
F
D
F
D
F
D
F
D
F
D
F
D
F
D
F
D
F
D
F
D
F
D
F
D
F
D
F
D
F
D
F
D
F
D
F
D
F
D
F
D
F
D
F
D
F
D
F
D
F
D
F
D
F
D
F
D
F
D
F
D
F
D
F
D
F
D
F
D
F
D
F
D
F
D
F
D
F
D
F
D
F
D
F
D
F
D
F
D
F
D
F
D
F
D
F
D
F
D
F
D
F
D
F
D
F
D
F
D
F
D
F
D
F
D
F
D
F
D
F
D
F
D
F
D
F
D
F
D
F
D
F
D
F
D
F
D
F
D
F
D
F
D
F
D
F
D
F
D
F
D
F
D
F
D
F
D
F
D
F
D
F
D
F
D
F
D
F
D
F
D
F
D
F
D
F
D
F
D
F
D
F
D
F
D
F
D
F
D
F
D
F
D
F
D
F
D
F
D
F
D
F
D
F
D
F
D
F
D
F
D
F
D
F
D
F
D
F
D
F
D
F
D
F
D
F
D
F
D
F
D
F
D
F
D
F
D
F
D
F
D
F
D
F
D
F
D
F
D
F
D
F
D
F
D
F
D
F
D
F
D
F
D
F
D
F
D
F
D
F
D
F
D
F
D
F
D
F
D
F
D
F
D
F
D
F
D
F
D
F
D
F
D
F
D
F
D
F
D
F
D
F
D
F
D
F
D
F
D
F
D
F
D
F
D
F
D
F
D
F
D
F
D
F
D
F
D
F
D
F
D
F
D
F
D
F
D
F
D
F
D
F
D
F
D
F
D
F
D
F
D
F
D
F
D
F
D
F
D
F
D
F
D
F
D
F
D
F
D
F
D
F
D
F
D
F
D
F
D
F
D
F
D
F
D
F
D
F
D
F
D
F
D
F
D
F
D
F
D
F
D
F
D
F
D
F
D
F
D
F
D
F
D
F
D
F
D
F
D
F
D
F
D
F
D
F
D
F
D
F
D
F
D
F
D
F
D
F
D
F
D
F
D
F
D
F
D
F
D
F
D
F
D
F
D
F
D
F
D
F
D
F
D
F
D
F
D
F
D
F
D
F
D
F
D
F
D
F
D
F
D
F
D
F
D
F
D
F
D
F
D
F
D
F
D
F
D
F
D
F
D
F
D
F
D
F
D
F
D
F
D
F
D
F
D
F
D
F
D
F
D
F
D
F
D
F
D
F
D
F
D
F
D
F
D
F
D
F
D
F
D
F
D
F
D
F
D
F
D
F
D
F
D
F
D
F
D
F
D
F
D
F
D
F
D
F
D
F
D
F
D
F
D
F
D
F
D
F
D
F
D
F
D
F
D
F
D
F
D
F
D
F
D
F
D
F
D
F
D
F
D
F
D
F
D
F
D
F
D
F
D
F
D
F
D
F
D
F
D
F
D
F
D
F
D
F
D
F
D
F
D
F
D
F
D
F
D
F
D
F
D
F
D
F
D
F
D
F
D
F
D
F
D
F
D
F
D
F
D
F
D
F
D
F
D
F
D
F
D
F
D
F
D
F
D
F
D
F
D
F
D
F
D
F
D
F
D
F
D
F
D
F
D
F
D
F
D
F
D
F
D
F
D
F
D
F
D
F
D
F
D
F
D
F
D
F
D
F
D
F
D
F
D
F
D
F
D
F
D
F
D
F
D
F
D
F
D
F
D
F
D
F
D
F
D
F
D
F
D
F
D
F
D
F
D
F
D
F
D
F
D
F
D
F
D
F
D
F
D
F
D
F
D
F
D
F
D
F
D
F
D
F
D
F
D
F
D
F
D
F
D
F
D
F
D
F
D
F
D
F
D
F
D
F
D
F
D
F
D
F
D
F
D
F
D
F
D
F
D
F
D
F
D
F
D
F
D
F
D
F
D
F
D
F
D
F
D
F
D
F
D
F
D
F
D
F
D
F
D
F
D
F
D
F
D
F
D
F
D
F
D
F
D
F
D
F
D
F
D
F
D
F
D
F
D
F
D
F
D
F
D
F
D
F
D
F
D
F
D
F
D
F
D
F
D
F
D
F
D
F
D
F
D
F
D
F
D
F
D
F
D
F
D
F
D
F
D
F
D
F
D
F
D
F
D
F
D
F
D
F
D
F
D
F
D
F
D
F
D
F
D
F
D
F
D
F
D
F
D
F
D
F
D
F
D
F
D
F
D
F
D
F
D
F
D
F
D
F
D
F
D
F
D
F
D
F
D
F
D
F
D
F
D
F
D
F
D
F
D
F
D
F
D
F
D
F
D
F
D
F
D
F
D
F
D
F
D
F
D
F
D
F
D
F
D
F
D
F
D
F
D
F
D
F
D
F
D
F
D
F
D
F
D
F
D
F
D
F
D
F
D
F
D
F
D
F
D
F
D
F
D
F
D
F
D
F
D
F
D
F
D
F
D
F
D
F
D
F
D
F
D
F
D
F
D
F
D
F
D
F
D
F
D
F
D
F
D
F
D
F
D
F
D
F
D
F
D
F
D
F
D
F
D
F
D
F
D
F
D
F
D
F
D
F
D
F
D
F
D
F
D
F
D
F
D
F
D
F
D
F
D
F
D
F
D
F
D
F
D
F
D
F
D
F
D
F
D
F
D
F
D
F
D
F
D
F
D
F
D
F
D
F
D
F
D
F
D
F
D
F
D
F
D
F
D
F
D
F
D
F
D
F
D
F
D
F
D
F
D
F
D
F
D
F
D
F
D
F
D
F
D
F
D
F
D
F
D
F
D
F
D
F
D
F
D
F
D
F
D
F
D
F
D
F
D
F
D
F
D
F
D
F
D
F
D
F
D
F
D
F
D
F
D
F
D
F
D
F
D
F
D
F
D
F
D
F
D
F
D
F
D
F
D
F
D
F
D
F
D
F
D
F
D
F
D
F
D
F
D
F
D
F
D
F
D
F
D
F
D
F
D
F
D
F
D
F
D
F
D
F
D
F
D
F
D
F
D
F
D
F
D
F
D
F
D
F
D
F
D
F
D
F
D
F
D
F
D
F
D
F
D
F
D
F
D
F
D
F
D
F
D
F
D
F
D
F
D
F
D
F
D
F
D
F
D
F
D
F
D
F
D
F
D
F
D
F
D
F
D
F
D
F
D
F
D
F
D
F
D
F
D
F
D
F
D
F
D
F
D
F
D
F
D
F
D
F
D
F
D
F
D
F
D
F
D
F
D
F
D
F
D
F
D
F
D
F
D
F
D
F
D
F
D
F
D
F
D
F
D
F
D
F
D
F
D
F
D
F
D
F
D
F
D
F
D
F
D
F
D
F
D
F
D
F
D
F
D
F
D
F
D
F
D
F
D
F
D
F
D
F
D
F
D
F
D
F
D
F
D
F
D
F
D
F
D
F
D
F
D
F
D
F
D
F
D
F
D
F
D
F
D
F
D
F
D
F
D
F
D
F
D
F
D
F
D
F
D
F
D
F
D
F
D
F
D
F
D
F
D
F
D
F
D
F
D
F
D
F
D
F
D
F
D
F
D
F
D
F
D
F
D
F
D
F
D
F
D
F
D
F
D
F
D
F
D
F
D
F
D
F
D
F
D
F
D
F
D
F
D
F
D
F
D
F
D
F
D
F
D
F
D
F
D
F
D
F
D
F
D
F
D
F
D
F
D
F
D
F
D
F
D
F
D
F
D
F
D
F
D
F
D
F
D
F
D
F
D
F
D
F
D
F
D
F
D
F
D
F
D
F
D
F
D
F
D
F
D
F
D
F
D
F
D
F
D
F
D
F
D
F
D
F
D
F
D
F
D
F
D
F
D
F
D
F
D
F
D
F
D
F
D
F
D
F
D
F
D
F
D
F
D
F
D
F
D
F
D
F
D
F
D
F
D
F
D
F
D
F
D
F
D
F
D
F
D
F
D
F
D
F
D
F
D
F
D
F
D
F
D
F
D
F
D
F
D
F
D
F
D
F
D
F
D
F
D
F
D
F
D
F
D
F
D
F
D
F
D
F
D
F
D
F
D
F
D
F
D
F
D
F
D
F
D
F
D
F
D
F
D
F
D
F
D
F
D
F
D
F
D
F
D
F
D
F
D
F
D
F
D
F
D
F
D
F
D
F
D
F
D
F
D
F
D
F
D
F
D
F
D
F
D
F
D
F
D
F
D
F
D
F
D
F
D
F
D
F
D
F
D
F
D
F
D
F
D
F
D
F
D
F
D
F
D
F
D
F
D
F
D
F
D
F
D
F
D
F
D
F
D
F
D
F
D
F
D
F
D
F
D
F
D
F
D
F
D
F
D
F
D
F
D
F
D
F
D
F
D
F
D
F
D
F
D
F
D
F
D
F
D
F
D
F
D
F
D
F
D
F
D
F
D
F
D
F
D
F
D
F
D
F
D
F
D
F
D
F
D
F
D
F
D
F
D
F
D
F
D
F
D
F
D
F
D
F
D
F
D
F
D
F
D
F
D
F
D
F
D
F
D
F
D
F
D
F
D
F
D
F
D
F
D
F
D
F
D
F
D
F
D
F
D
F
D
F
D
F
D
F
D
F
D
F
D
F
D
F
D
F
D
F
D
F
D
F
D
F
D
F
D
F
D
F
D
F
D
F
D
F
D
F
D
F
D
F
D
F
D
F
D
F
D
F
D
F
D
F
D
F
D
F
D
F
D
F
D
F
D
F
D
F
D
F
D
F
D
F
D
F
D
F
D
F
D
F
D
F
D
F
D
F
D
F
D
F
D
F
D
F
D
F
D
F
D
F
D
F
D
F
D
F
D
F
D
F
D
F
D
F
D
F
D
F
D
F
D
F
D
F
D
F
D
F
D
F
D
F
D
F
D
F
D
F
D
F
D
F
D
F
D
F
D
F
D
F
D
F
D
F
D
F
D
F
D
F
D
F
D
F
D
F
D
F
D
F
D
F
D
F
D
F
D
F
D
F
D
F
D
F
D
F
D
F
D
F
D
F
D
F
D
F
D
F
D
F
D
F
D
F
D
F
D
F
D
F
D
F
D
F
D
F
D
F
D
F
D
F
D
F
D
F
D
F
D
F
D
F
D
F
D
F
D
F
D
F
D
F
D
F
D
F
D
F
D
F
D
F
D
F
D
F
D
F
D
F
D
F
D
F
D
F
D
F
D
F
D
F
D
F
D
F
D
F
D
F
D
F
D
F
D
F
D
F
D
F
D
F
D
F
D
F
D
F
D
F
D
F
D
F
D
F
D
F
D
F
D
F
D
F
D
F
D
F
D
F
D
F
D
F
D
F
D
F
D
F
D
F
D
F
D
F
D
F
D
F
D
F
D
F
D
F
D
F
D
F
D
F
D
F
D
F
D
F
D
F
D
F
D
F
D
F
D
F
D
F
D
F
D
F
D
F
D
F
D
F
D
F
D
F
D
F
D
F
D
F
D
F
D
F
D
F
D
F
D
F
D
F
D
F
D
F
D
F
D
F
D
F
D
F
D
F
D
F
D
F
D
F
D
F
D
F
D
F
D
F
D
F
D
F
D
F
D
F
D
F
D
F
D
F
D
F
D
F
D
F
D
F
D
F
D
F
D
F
D
F
D
F
D
F
D
F
D
F
D
F
D
F
D
F
D
F
D
F
D
F
D
F
D
F
D
F
D
F
D
F
D
F
D
F
D
F
D
F
D
F
D
F
D
F
D
F
D
F
D
F
D
F
D
F
D
F
D
F
D
F
D
F
D
F
D
F
D
F
D
F
D
F
D
F
D
F
D
F
D
F
D
F
D
F
D
F
D
F
D
F
D
F
D
F
D
F
D
F
D
F
D
F
D
F
D
F
D
F
D
F
D
F
D
F
D
F
D
F
D
F
D
F
D
F
D
F
D
F
D
F
D
F
D
F
D
F
D
F
D
F
D
F
D
F
D
F
D
F
D
F
D
F
D
F
D
F
D
F
D
F
D
F
D
F
D
F
D
F
D
F
D
F
D
F
D
F
D
F
D
F
D
F
D
F
D
F
D
F
D
F
D
F
D
F
D
F
D
F
D
F
D
F
D
F
D
F
D
F
D
F
D
F
D
F
D
F
D
F
D
F
D
F
D
F
D
F
D
F
D
F
D
F
D
F
D
F
D
F
D
F
D
F
D
F
D
F
D
F
D
F
D
F
D
F
D
F
D
F
D
F
D
F
D
F
D
F
D
F
D
F
D
F
D
F
D
F
D
F
D
F
D
F
D
F
D
F
D
F
D
F
D
F
D
F
D
F
D
F
D
F
D
F
D
F
D
F
D
F
D
F
D
F
D
F
D
F
D
F
D
F
D
F
D
F
D
F
D
F
D
F
D
F
D
F
D
F
D
F
D
F
D
F
D
F
D
F
D
F
D
F
D
F
D
F
D
F
D
F
D
F
D
F
D
F
D
F
D
F
D
F
D
F
D
F
D
F
D
F
D
F
D
F
D
F
D
F
D
F
D
F
D
F
D
F
D
F
D
F
D
F
D
F
D
F
D
F
D
F
D
F
D
F
D
F
D
F
D
F
D
F
D
F
D
F
D
F
D
F
D
F
D
F
D
F
D
F
D
F
D
F
D
F
D
F
D
F
D
F
D
F
D
F
D
F
D
F
D
F
D
F
D
F
D
F
D
F
D
F
D
F
D
F
D
F
D
F
D
F
D
F
D
F
D
F
D
F
D
F
D
F
D
F
D
F
D
F
D
F
D
F
D
F
D
F
D
F
D
F
D
F
D
F
D
F
D
F
D
F
D
F
D
F
D
F
D
F
D
F
D
F
D
F
D
F
D
F
D
F
D
F
D
F
D
F
D
F
D
F
D
F
D
F
D
F
D
F
D
F
D
F
D
F
D
F
D
F
D
F
D
F
D
F
D
F
D
F
D
F
D
F
D
F
D
F
D
F
D
F
D
F
D
F
D
F
D
F
D
F
D
F
D
F
D
F
D
F
D
F
D
F
D
F
D
F
D
F
D
F
D
F
D
F
D
F
D
F
D
F
D
F
D
F
D
F
D
F
D
F
D
F
D
F
D
F
D
F
D
F
D
F
D
F
D
F
D
F
D
F
D
F
D
F
D
F
D
F
D
F
D
F
D
F
D
F
D
F
D
F
D
F
D
F
D
F
D
F
D
F
D
F
D
F
D
F
D
F
D
F
D
F
D
F
D
F
D
F
D
F
D
F
D
F
D
F
D
F
D
F
D
F
D
F
D
F
D
F
D
F
D
F
D
F
D
F
D
F
D
F
D
F
D
F
D
F
D
F
D
F
D
F
D
F
D
F
D
F
D
F
D
F
D
F
D
F
D
F
D
F
D
F
D
F
D
F
D
F
D
F
D
F
D
F
D
F
D
F
D
F
D
F
D
F
D
F
D
F
D
F
D
F
D
F
D
F
D
F
D
F
D
F
D
F
D
F
D
F
D
F
D
F
D
F
D
F
D
F
D
F
D
F
D
F
D
F
D
F
D
F
D
F
D
F
D
F
D
F
D
F
D
F
D
F
D
F
D
F
D
F
D
F
D
F
D
F
D
F
D
F
D
F
D
F
D
F
D
F
D
F
D
F
D
F
D
F
D
F
D
F
D
F
D
F
D
F
D
F
D
F
D
F
D
F
D
F
D
F
D
F
D
F
D
F
D
F
D
F
D
F
D
F
D
F
D
F
D
F
D
F
D
F
D
F
D
F
D
F
D
F
D
F
D
F
D
F
D
F
D
F
D
F
D
F
D
F
D
F
D
F
D
F
D
F
D
F
D
F
D
F
D
F
D
F
D
F
D
F
D
F
D
F
D
F
D
F
D
F
D
F
D
F
D
F
D
F
D
F
D
F
D
F
D
F
D
F
D
F
D
F
D
F
D
F
D
F
D
F
D
F
D
F
D
F
D
F
D
F
D
F
D
F
D
F
D
F
D
F
D
F
D
F
D
F
D
F
D
F
D
F
D
F
D
F
D
F
D
F
D
F
D
F
D
F
D
F
D
F
D
F
D
F
D
F
D
F
D
F
D
F
D
F
D
F
D
F
D
F
D
F
D
F
D
F
D
F
D
F
D
F
D
F
D
F
D
F
D
F
D
F
D
F
D
F
D
F
D
F
D
F
D
F
D
F
D
F
D
F
D
F
D
F
D
F
D
F
D
F
D
F
D
F
D
F
D
F
D
F
D
F
D
F
D
F
D
F
D
F
D
F
D
F
D
F
D
F
D
F
D
F
D
F
D
F
D
F
D
F
D
F
D
F
D
F
D
F
D
F
D
F
D
F
D
F
D
F
D
F
D
F
D
F
D
F
D
F
D
F
D
F
D
F
D
F
D
F
D
F
D
F
D
F
D
F
D
F
D
F
D
F
D
F
D
F
D
F
D
F
D
F
D
F
D
F
D
F
D
F
D
F
D
F
D
F
D
F
D
F
D
F
D
F
D
F
D
F
D
F
D
F
D
F
D
F
D
F
D
F
D
F
D
F
D
F
D
F
D
F
D
F
D
F
D
F
D
F
D
F
D
F
D
F
D
F
D
F
D
F
D
F
D
F
D
F
D
F
D
F
D
F
D
F
D
F
D
F
D
F
D
F
D
F
D
F
D
F
D
F
D
F
D
F
D
F
D
F
D
F
D
F
D
F
D
F
D
F
D
F
D
F
D
F
D
F
D
F
D
F
D
F
D
F
D
F
D
F
D
F
D
F
D
F
D
F
D
F
D
F
D
F
D
F
D
F
D
F
D
F
D
F
D
F
D
F
D
F
D
F
D
F
D
F
D
F
D
F
D
F
D
F
D
F
D
F
D
F
D
F
D
F
D
F
D
F
D
F
D
F
D
F
D
F
D
F
D
F
D
F
D
F
D
F
D
F
D
F
D
F
D
F
D
F
D
F
D
F
D
F
D
F
D
F
D
F
D
F
D
F
D
F
D
F
D
F
D
F
D
F
D
F
D
F
D
F
D
F
D
F
D
F
D
F
D
F
D
F
D
F
D
F
D
F
D
F
D
F
D
F
D
F
D
F
D
F
D
F
D
F
D
F
D
F
D
F
D
F
D
F
D
F
D
F
D
F
D
F
D
F
D
F
D
F
D
F
D
F
D
F
D
F
D
F
D
F
D
F
D
F
D
F
D
F
D
F
D
F
D
F
D
F
D
F
D
F
D
F
D
F
D
F
D
F
D
F
D
F
D
F
D
F
D
F
D
F
D
F
D
F
D
F
D
F
D
F
D
F
D
F
D
F
D
F
D
F
D
F
D
F
D
F
D
F
D
F
D
F
D
F
D
F
D
F
D
F
D
F
D
F
D
F
D
F
D
F
D
F
D
F
D
F
D
F
D
F
D
F
D
F
D
F
D
F
D
F
D
F
D
F
D
F
D
F
D
F
D
F
D
F
D
F
D
F
D
F
D
F
D
F
D
F
D
F
D
F
D
F
D
F
D
F
D
F
D
F
D
F
D
F
D
F
D
F
D
F
D
F
D
F
D
F
D
F
D
F
D
F
D
F
D
F
D
F
D
F
D
F
D
F
D
F
D
F
D
F
D
F
D
F
D
F
D
F
D
F
D
F
D
F
D
F
D
F
D
F
D
F
D
F
D
F
D
F
D
F
D
F
D
F
D
F
D
F
D
F
D
F
D
F
D
F
D
F
D
F
D
F
D
F
D
F
D
F
D
F
D
F
D
F
D
F
D
F
D
F
D
F
D
F
D
F
D
F
D
F
D
F
D
F
D
F
D
F
D
F
D
F
D
F
D
F
D
F
D
F
D
F
D
F
D
F
D
F
D
F
D
F
D
F
D
F
D
F
D
F
D
F
D
F
D
F
D
F
D
F
D
F
D
F
D
F
D
F
D
F
D
F
D
F
D
F
D
F
D
F
D
F
D
F
D
F
D
F
D
F
D
F
D
F
D
F
D
F
D
F
D
F
D
F
D
F
D
F
D
F
D
F
D
F
D
F
D
F
D
F
D
F
D
F
D
F
D
F
D
F
D
F
D
F
D
F
D
F
D
F
D
F
D
F
D
F
D
F
D
F
D
F
D
F
D
F
D
F
D
F
D
F
D
F
D
F
D
F
D
F
D
F
D
F
D
F
D
F
D
F
D
F
D
F
D
F
D
F
D
F
D
F
D
F
D
F
D
F
D
F
D
F
D
F
D
F
D
F
D
F
D
F
D
F
D
F
D
F
D
F
D
F
D
F
D
F
D
F
D
F
D
F
D
F
D
F
D
F
D
F
D
F
D
F
D
F
D
F
D
F
D
F
D
F
D
F
D
F
D
F
D
F
D
F
D
F
D
F
D
F
D
F
D
F
D
F
D
F
D
F
D
F
D
F
D
F
D
F
D
F
D
F
D
F
D
F
D
F
D
F
D
F
D
F
D
F
D
F
D
F
D
F
D
F
D
F
D
F
D
F
D
F
D
F
D
F
D
F
D
F
D
F
D
F
D
F
D
F
D
F
D
F
D
F
D
F
D
F
D
F
D
F
D
F
D
F
D
F
D
F
D
F
D
F
D
F
D
F
D
F
D
F
D
F
D
F
D
F
D
F
D
F
D
F
D
F
D
F
D
F
D
F
D
F
D
F
D
F
D
F
D
F
D
F
D
F
D
F
D
F
D
F
D
F
D
F
D
F
D
F
D
F
D
F
D
F
D
F
D
F
D
F
D
F
D
F
D
F
D
F
D
F
D
F
D
F
D
F
D
F
D
F
D
F
D
F
D
F
D
F
D
F
D
F
D
F
D
F
D
F
D
F
D
F
D
F
D
F
D
F
D
F
D
F
D
F
D
F
D
F
D
F
D
F
D
F
D
F
D
F
D
F
D
F
D
F
D
F
D
F
D
F
D
F
D
F
D
F
D
F
D
F
D
F
D
F
D
F
D
F
D
F
D
F
D
F
D
F
D
F
D
F
D
F
D
F
D
F
D
F
D
F
D
F
D
F
D
F
D
F
D
F
D
F
D
F
D
F
D
F
D
F
D
F
D
F
D
F
D
F
D
F
D
F
D
F
D
F
D
F
D
F
D
F
D
F
D
F
D
F
D
F
D
F
D
F
D
F
D
F
D
F
D
F
D
F
D
F
D
F
D
F
D
F
D
F
D
F
D
F
D
F
D
F
D
F
D
F
D
F
D
F
D
F
D
F
D
F
D
F
D
F
D
F
D
F
D
F
D
F
D
F
D
F
D
F
D
F
D
F
D
F
D
F
D
F
D
F
D
F
D
F
D
F
D
F
D
F
D
F
D
F
D
F
D
F
D
F
D
F
D
F
D
F
D
F
D
F
D
F
D
F
D
F
D
F
D
F
D
F
D
F
D
F
D
F
D
F
D
F
D
F
D
F
D
F
D
F
D
F
D
F
D
F
D
F
D
F
D
F
D
F
D
F
D
F
D
F
D
F
D
F
D
F
D
F
D
F
D
F
D
F
D
F
D
F
D
F
D
F
D
F
D
F
D
F
D
F
D
F
D
F
D
F
D
F
D
F
D
F
D
F
D
F
D
F
D
F
D
F
D
F
D
F
D
F
D
F
D
F
D
F
D
F
D
F
D
F
D
F
D
F
D
F
D
F
D
F
D
F
D
F
D
F
D
F
D
F
D
F
D
F
D
F
D
F
D
F
D
F
D
F
D
F
D
F
D
F
D
F
D
F
D
F
D
F
D
F
D
F
D
F
D
F
D
F
D
F
D
F
D
F
D
F
D
F
D
F
D
F
D
F
D
F
D
F
D
F
D
F
D
F
D
F
D
F
D
F
D
F
D
F
D
F
D
F
D
F
D
F
D
F
D
F
D
F
D
F
D
F
D
F
D
F
D
F
D
F
D
F
D
F
D
F
D
F
D
F
D
F
D
F
D
F
D
F
D
F
D
F
D
F
D
F
D
F
D
F
D
F
D
F
D
F
D
F
D
F
D
F
D
F
D
F
D
F
D
F
D
F
D
F
D
F
D
F
D
F
D
F
D
F
D
F
D
F
D
F
D
F
D
F
D
F
D
F
D
F
D
F
D
F
D
F
D
F
D
F
D
F
D
F
D
F
D
F
D
F
D
F
D
F
D
F
D
F
D
F
D
F
D
F
D
F
D
F
D
F
D
F
D
F
D
F
D
F
D
F
D
F
D
F
D
F
D
F
D
F
D
F
D
F
D
F
D
F
D
F
D
F
D
F
D
F
D
F
D
F
D
F
D
F
D
F
D
F
D
F
D
F
D
F
D
F
D
F
D
F
D
F
D
F
D
F
D
F
D
F
D
F
D
F
D
F
D
F
D
F
D
F
D
F
D
F
D
F
D
F
D
F
D
F
D
F
D
F
D
F
D
F
D
F
D
F
D
F
D
F
D
F
D
F
D
F
D
F
D
F
D
F
D
F
D
F
D
F
D
F
D
F
D
F
D
F
D
