batch_then_drain 4096 202
I 235098 0
I 85739 1
I 276882 2
I 723944 3
I 1024838 4
I 383785 5
I 1041171 6
I 415030 7
I 1043325 8
I 314054 9
I 599236 10
I 329292 11
I 628734 12
I 129579 13
I 119879 14
I 408795 15
I 849372 16
I 952215 17
I 243128 18
I 412868 19
I 1039185 20
I 259741 21
I 579477 22
I 1019864 23
I 460082 24
I 310584 25
I 91219 26
I 807432 27
I 459657 28
I 115622 29
I 915244 30
I 499773 31
I 431198 32
I 933354 33
I 779371 34
I 515705 35
I 228952 36
I 757086 37
I 913446 38
I 687959 39
I 579461 40
I 979531 41
I 203092 42
I 1022898 43
I 452763 44
I 535589 45
I 791055 46
I 890568 47
I 487191 48
I 325698 49
I 296971 50
I 760504 51
I 925063 52
I 234167 53
I 360487 54
I 446023 55
I 962000 56
I 552357 57
I 845587 58
I 114348 59
I 405430 60
I 251624 61
I 177142 62
I 680338 63
I 185474 64
I 749016 65
I 29518 66
I 507156 67
I 39589 68
I 792265 69
I 339273 70
I 845498 71
I 105953 72
I 786250 73
I 555311 74
I 720500 75
I 429068 76
I 156595 77
I 78094 78
I 674043 79
I 520111 80
I 277950 81
I 686787 82
I 201393 83
I 377323 84
I 869806 85
I 213816 86
I 655876 87
I 830683 88
I 139461 89
I 694985 90
I 424337 91
I 928702 92
I 494883 93
I 872153 94
I 233376 95
I 949368 96
I 384916 97
I 577734 98
I 988110 99
I 242494 100
I 103950 101
I 991752 102
I 189579 103
I 288988 104
I 9380 105
I 358132 106
I 286622 107
I 291362 108
I 743231 109
I 916788 110
I 954027 111
I 301374 112
I 998151 113
I 60519 114
I 14273 115
I 183644 116
I 695659 117
I 320067 118
I 578050 119
I 938517 120
I 670925 121
I 230197 122
I 294096 123
I 166115 124
I 796397 125
I 491662 126
I 948668 127
I 933762 128
I 348390 129
I 792587 130
I 453607 131
I 836847 132
I 579770 133
I 825111 134
I 959734 135
I 461589 136
I 288590 137
I 644852 138
I 291588 139
I 887433 140
I 471319 141
I 430528 142
I 151356 143
I 188207 144
I 187245 145
I 501650 146
I 960687 147
I 823977 148
I 218099 149
I 626458 150
I 804114 151
I 391478 152
I 182216 153
I 274883 154
I 773044 155
I 311181 156
I 132660 157
I 439162 158
I 510000 159
I 913724 160
I 157407 161
I 461978 162
I 967291 163
I 889610 164
I 458272 165
I 510209 166
I 137986 167
I 257918 168
I 373165 169
I 973987 170
I 708300 171
I 774737 172
I 127166 173
I 1036533 174
I 848817 175
I 277194 176
I 678049 177
I 923685 178
I 874124 179
I 565865 180
I 67119 181
I 422856 182
I 784408 183
I 558238 184
I 50188 185
I 556777 186
I 107683 187
I 521906 188
I 878309 189
I 551462 190
I 496342 191
I 250338 192
I 353594 193
I 749538 194
I 798399 195
I 1037612 196
I 653911 197
I 1000829 198
I 568846 199
I 198564 200
I 483621 201
I 237037 202
I 256941 203
I 1021781 204
I 326591 205
I 279771 206
I 268134 207
I 461209 208
I 403513 209
I 931099 210
I 386508 211
I 363162 212
I 634642 213
I 258071 214
I 935830 215
I 433309 216
I 368949 217
I 415400 218
I 842407 219
I 54213 220
I 894636 221
I 786123 222
I 554336 223
I 373629 224
I 667936 225
I 830226 226
I 443817 227
I 826440 228
I 157192 229
I 401835 230
I 394518 231
I 174194 232
I 571911 233
I 842175 234
I 449355 235
I 494695 236
I 75583 237
I 368429 238
I 126331 239
I 1010620 240
I 413079 241
I 907200 242
I 997744 243
I 585999 244
I 185224 245
I 201608 246
I 152812 247
I 658398 248
I 591057 249
I 70627 250
I 621013 251
I 970089 252
I 194370 253
I 41330 254
I 918878 255
I 268867 256
I 944127 257
I 327862 258
I 124573 259
I 18431 260
I 267745 261
I 120114 262
I 162852 263
I 34247 264
I 571317 265
I 498823 266
I 928876 267
I 701423 268
I 875858 269
I 275023 270
I 472410 271
I 509307 272
I 740550 273
I 936942 274
I 172716 275
I 184665 276
I 715668 277
I 348983 278
I 862478 279
I 926850 280
I 799965 281
I 54996 282
I 449428 283
I 14000 284
I 1005967 285
I 627783 286
I 815727 287
I 123300 288
I 534196 289
I 906621 290
I 50038 291
I 625841 292
I 420110 293
I 737785 294
I 516921 295
I 411559 296
I 613303 297
I 331742 298
I 880005 299
I 231840 300
I 45507 301
I 639097 302
I 497101 303
I 365782 304
I 1003674 305
I 732828 306
I 104375 307
I 600009 308
I 324796 309
I 353998 310
I 346608 311
I 863784 312
I 573118 313
I 606870 314
I 315955 315
I 168442 316
I 595436 317
I 594246 318
I 455015 319
I 178308 320
I 115219 321
I 6194 322
I 294525 323
I 374820 324
I 200596 325
I 75322 326
I 159544 327
I 268734 328
I 432222 329
I 959685 330
I 840215 331
I 835387 332
I 271665 333
I 558678 334
I 293785 335
I 428631 336
I 284830 337
I 648243 338
I 553383 339
I 1038538 340
I 247203 341
I 392785 342
I 827992 343
I 288594 344
I 462640 345
I 833594 346
I 810062 347
I 496564 348
I 1006953 349
I 749724 350
I 1005074 351
I 860663 352
I 549966 353
I 977909 354
I 396283 355
I 660274 356
I 359261 357
I 193977 358
I 257810 359
I 927608 360
I 97476 361
I 683440 362
I 632871 363
I 935549 364
I 108560 365
I 781400 366
I 141643 367
I 903640 368
I 581599 369
I 224008 370
I 590669 371
I 264571 372
I 193083 373
I 383790 374
I 899342 375
I 310485 376
I 648847 377
I 418344 378
I 273473 379
I 110846 380
I 934976 381
I 723156 382
I 854692 383
I 843987 384
I 438939 385
I 972748 386
I 537762 387
I 157373 388
I 836992 389
I 194874 390
I 256005 391
I 298249 392
I 724625 393
I 668530 394
I 449016 395
I 808276 396
I 679477 397
I 925746 398
I 1013248 399
I 892905 400
I 969022 401
I 327922 402
I 231803 403
I 556054 404
I 219264 405
I 121288 406
I 435200 407
I 287756 408
I 987828 409
I 701922 410
I 345464 411
I 354411 412
I 22439 413
I 273125 414
I 241133 415
I 205049 416
I 336012 417
I 196142 418
I 905411 419
I 101607 420
I 482998 421
I 420538 422
I 376688 423
I 264472 424
I 849119 425
I 341973 426
I 1017702 427
I 159803 428
I 1024518 429
I 262579 430
I 339908 431
I 1032554 432
I 994726 433
I 665446 434
I 569716 435
I 76104 436
I 66968 437
I 111343 438
I 964519 439
I 757958 440
I 914928 441
I 816020 442
I 354479 443
I 474334 444
I 465241 445
I 248283 446
I 277950 447
I 920815 448
I 748629 449
I 514132 450
I 647820 451
I 700654 452
I 596045 453
I 717983 454
I 842277 455
I 313537 456
I 802202 457
I 395797 458
I 284677 459
I 38133 460
I 832361 461
I 325567 462
I 124212 463
I 300723 464
I 34409 465
I 376457 466
I 796394 467
I 862808 468
I 19697 469
I 839353 470
I 688169 471
I 15267 472
I 523457 473
I 839722 474
I 277212 475
I 308386 476
I 992076 477
I 325663 478
I 616563 479
I 782596 480
I 84726 481
I 261643 482
I 1038850 483
I 880905 484
I 419669 485
I 137883 486
I 241808 487
I 567926 488
I 427503 489
I 368689 490
I 952165 491
I 814368 492
I 188597 493
I 809115 494
I 180720 495
I 840781 496
I 966826 497
I 795635 498
I 102830 499
I 158164 500
I 302604 501
I 319256 502
I 94417 503
I 461624 504
I 719354 505
I 337119 506
I 361205 507
I 864551 508
I 951353 509
I 919187 510
I 108492 511
I 405021 512
I 324709 513
I 945582 514
I 235572 515
I 883515 516
I 138899 517
I 688303 518
I 739932 519
I 21321 520
I 739543 521
I 621742 522
I 952300 523
I 32672 524
I 266096 525
I 959204 526
I 863797 527
I 390122 528
I 701749 529
I 328038 530
I 641947 531
I 597914 532
I 229518 533
I 922012 534
I 73911 535
I 549420 536
I 567390 537
I 281538 538
I 769806 539
I 816379 540
I 32318 541
I 275491 542
I 510683 543
I 470552 544
I 382022 545
I 48054 546
I 911966 547
I 659543 548
I 1006305 549
I 764263 550
I 992021 551
I 794387 552
I 653417 553
I 580044 554
I 163920 555
I 356590 556
I 88544 557
I 779494 558
I 31145 559
I 78381 560
I 1040373 561
I 979237 562
I 629882 563
I 1020521 564
I 757275 565
I 418664 566
I 35498 567
I 455092 568
I 1010246 569
I 876275 570
I 935310 571
I 620844 572
I 612848 573
I 273497 574
I 889981 575
I 816988 576
I 392364 577
I 477032 578
I 378349 579
I 555637 580
I 603150 581
I 490269 582
I 836175 583
I 370548 584
I 353686 585
I 473464 586
I 824304 587
I 986046 588
I 53924 589
I 1013882 590
I 470261 591
I 933997 592
I 388831 593
I 561880 594
I 930884 595
I 915781 596
I 906275 597
I 427494 598
I 297360 599
I 614173 600
I 1021694 601
I 1041690 602
I 544156 603
I 1032250 604
I 537231 605
I 322413 606
I 435276 607
I 832379 608
I 825933 609
I 395692 610
I 810747 611
I 8205 612
I 611585 613
I 897779 614
I 888854 615
I 918039 616
I 918735 617
I 230477 618
I 892204 619
I 589295 620
I 841320 621
I 754715 622
I 557733 623
I 1018124 624
I 655943 625
I 259671 626
I 214146 627
I 144743 628
I 311440 629
I 282403 630
I 779436 631
I 183659 632
I 12104 633
I 673167 634
I 473147 635
I 878067 636
I 878647 637
I 32872 638
I 759767 639
I 64530 640
I 460578 641
I 1031996 642
I 931535 643
I 148266 644
I 243774 645
I 912120 646
I 819154 647
I 1001316 648
I 993523 649
I 10402 650
I 262845 651
I 67792 652
I 893031 653
I 344994 654
I 682641 655
I 572091 656
I 581094 657
I 289273 658
I 717868 659
I 418721 660
I 374879 661
I 897265 662
I 768457 663
I 609382 664
I 704436 665
I 249265 666
I 246928 667
I 470555 668
I 858386 669
I 355746 670
I 358567 671
I 956678 672
I 364094 673
I 952818 674
I 722668 675
I 41361 676
I 463528 677
I 466196 678
I 1675 679
I 589638 680
I 494028 681
I 272771 682
I 104000 683
I 46785 684
I 278489 685
I 725764 686
I 490931 687
I 423815 688
I 696062 689
I 859981 690
I 576300 691
I 924079 692
I 134976 693
I 62330 694
I 179635 695
I 354293 696
I 601229 697
I 568509 698
I 825907 699
I 14917 700
I 510475 701
I 216891 702
I 920424 703
I 174682 704
I 634696 705
I 721350 706
I 669292 707
I 247836 708
I 105886 709
I 720833 710
I 965424 711
I 476613 712
I 893417 713
I 948644 714
I 591837 715
I 733698 716
I 756855 717
I 664810 718
I 733295 719
I 161979 720
I 289971 721
I 666384 722
I 844642 723
I 999072 724
I 431011 725
I 1022821 726
I 813791 727
I 157646 728
I 697528 729
I 708448 730
I 407114 731
I 120931 732
I 674093 733
I 687329 734
I 426826 735
I 973150 736
I 505036 737
I 876708 738
I 843622 739
I 318377 740
I 455201 741
I 268088 742
I 632327 743
I 394694 744
I 259102 745
I 1010833 746
I 906497 747
I 224031 748
I 217555 749
I 860519 750
I 909946 751
I 383562 752
I 201146 753
I 653433 754
I 876089 755
I 13022 756
I 9009 757
I 220218 758
I 733323 759
I 142517 760
I 822894 761
I 490856 762
I 738111 763
I 16436 764
I 908889 765
I 337464 766
I 983355 767
I 830972 768
I 106278 769
I 580966 770
I 604545 771
I 931308 772
I 380490 773
I 595370 774
I 1037436 775
I 979884 776
I 348437 777
I 254502 778
I 774031 779
I 657950 780
I 63812 781
I 994493 782
I 748028 783
I 594426 784
I 761949 785
I 935048 786
I 975988 787
I 55130 788
I 1015828 789
I 12097 790
I 785511 791
I 9799 792
I 361205 793
I 550277 794
I 515163 795
I 242881 796
I 719194 797
I 644072 798
I 412437 799
I 411539 800
I 15696 801
I 578261 802
I 233130 803
I 994052 804
I 63592 805
I 440948 806
I 462094 807
I 700341 808
I 27150 809
I 102983 810
I 530535 811
I 930317 812
I 351354 813
I 1016831 814
I 862459 815
I 261933 816
I 238395 817
I 178229 818
I 683559 819
I 686524 820
I 446996 821
I 828883 822
I 274535 823
I 202650 824
I 1000610 825
I 294260 826
I 585841 827
I 212064 828
I 838286 829
I 768265 830
I 197731 831
I 612661 832
I 204835 833
I 1019777 834
I 269097 835
I 836944 836
I 578663 837
I 239747 838
I 250540 839
I 484531 840
I 9509 841
I 565729 842
I 647387 843
I 319179 844
I 568062 845
I 153690 846
I 264310 847
I 796385 848
I 803587 849
I 382864 850
I 330801 851
I 987366 852
I 141038 853
I 345595 854
I 755998 855
I 35469 856
I 958128 857
I 738289 858
I 220311 859
I 145261 860
I 894954 861
I 107252 862
I 511375 863
I 922023 864
I 185723 865
I 1006176 866
I 278382 867
I 975643 868
I 982689 869
I 110533 870
I 615170 871
I 839898 872
I 1029417 873
I 624235 874
I 500841 875
I 969404 876
I 151430 877
I 976242 878
I 758253 879
I 432235 880
I 581309 881
I 193751 882
I 279317 883
I 433221 884
I 305473 885
I 476362 886
I 997595 887
I 461410 888
I 927225 889
I 375368 890
I 526010 891
I 779647 892
I 469531 893
I 417479 894
I 447921 895
I 168205 896
I 343530 897
I 896762 898
I 688569 899
I 337695 900
I 867772 901
I 346048 902
I 517188 903
I 973005 904
I 729161 905
I 106086 906
I 752055 907
I 365503 908
I 1022735 909
I 1026289 910
I 346468 911
I 751062 912
I 387005 913
I 596262 914
I 958381 915
I 224975 916
I 785534 917
I 21268 918
I 489307 919
I 516269 920
I 172693 921
I 111370 922
I 346834 923
I 59278 924
I 328852 925
I 570371 926
I 287913 927
I 604510 928
I 741424 929
I 584955 930
I 622739 931
I 655633 932
I 389441 933
I 633102 934
I 831122 935
I 296329 936
I 630920 937
I 632477 938
I 665636 939
I 289541 940
I 826496 941
I 87835 942
I 457428 943
I 878180 944
I 249049 945
I 538635 946
I 47369 947
I 612681 948
I 1019259 949
I 507342 950
I 85971 951
I 1019595 952
I 59656 953
I 474511 954
I 129051 955
I 603189 956
I 70969 957
I 684747 958
I 471651 959
I 405848 960
I 447644 961
I 75958 962
I 35778 963
I 367295 964
I 1033170 965
I 526458 966
I 1021577 967
I 32230 968
I 168444 969
I 451084 970
I 983115 971
I 982424 972
I 575874 973
I 313614 974
I 609822 975
I 613131 976
I 147814 977
I 614764 978
I 920229 979
I 945938 980
I 362982 981
I 113092 982
I 921285 983
I 185405 984
I 334995 985
I 761673 986
I 907907 987
I 870828 988
I 951720 989
I 312575 990
I 906639 991
I 806590 992
I 1016420 993
I 76593 994
I 160488 995
I 276748 996
I 37855 997
I 134430 998
I 605443 999
I 943764 1000
I 374664 1001
I 38569 1002
I 701142 1003
I 649965 1004
I 793875 1005
I 349838 1006
I 975338 1007
I 910857 1008
I 148190 1009
I 608608 1010
I 615632 1011
I 743294 1012
I 772322 1013
I 874008 1014
I 247328 1015
I 848989 1016
I 375353 1017
I 697489 1018
I 624842 1019
I 409962 1020
I 1029943 1021
I 313528 1022
I 772188 1023
I 580782 1024
I 727904 1025
I 530239 1026
I 431090 1027
I 836681 1028
I 256994 1029
I 130670 1030
I 64374 1031
I 708789 1032
I 832224 1033
I 147476 1034
I 50402 1035
I 14248 1036
I 915388 1037
I 406327 1038
I 2901 1039
I 705383 1040
I 148443 1041
I 694074 1042
I 4843 1043
I 736479 1044
I 247725 1045
I 20196 1046
I 600324 1047
I 315880 1048
I 545128 1049
I 542755 1050
I 1038718 1051
I 25364 1052
I 683681 1053
I 210433 1054
I 875298 1055
I 651154 1056
I 494210 1057
I 697260 1058
I 115149 1059
I 893614 1060
I 617026 1061
I 212026 1062
I 648216 1063
I 48816 1064
I 172879 1065
I 124133 1066
I 72335 1067
I 376384 1068
I 701722 1069
I 687392 1070
I 146965 1071
I 454906 1072
I 121706 1073
I 501536 1074
I 28950 1075
I 65256 1076
I 775693 1077
I 879141 1078
I 1044233 1079
I 152414 1080
I 782169 1081
I 577632 1082
I 511828 1083
I 910834 1084
I 656843 1085
I 974246 1086
I 483146 1087
I 429820 1088
I 370538 1089
I 391393 1090
I 801128 1091
I 146740 1092
I 848577 1093
I 4921 1094
I 438937 1095
I 735064 1096
I 839904 1097
I 621674 1098
I 1017628 1099
I 935971 1100
I 899588 1101
I 529454 1102
I 234218 1103
I 219397 1104
I 434959 1105
I 786042 1106
I 365982 1107
I 984589 1108
I 418609 1109
I 252488 1110
I 301475 1111
I 604923 1112
I 953928 1113
I 782085 1114
I 37576 1115
I 511522 1116
I 208988 1117
I 788325 1118
I 293563 1119
I 315144 1120
I 1007217 1121
I 654347 1122
I 121611 1123
I 228821 1124
I 707979 1125
I 947116 1126
I 217245 1127
I 682819 1128
I 980212 1129
I 634650 1130
I 611912 1131
I 928516 1132
I 232704 1133
I 130725 1134
I 970041 1135
I 589760 1136
I 869256 1137
I 761503 1138
I 100628 1139
I 260596 1140
I 984981 1141
I 907150 1142
I 264360 1143
I 52835 1144
I 852230 1145
I 746548 1146
I 408276 1147
I 882897 1148
I 655731 1149
I 232243 1150
I 910110 1151
I 792364 1152
I 247938 1153
I 499547 1154
I 109722 1155
I 616903 1156
I 292243 1157
I 19867 1158
I 215175 1159
I 743955 1160
I 761168 1161
I 553191 1162
I 284434 1163
I 76497 1164
I 730000 1165
I 262854 1166
I 871452 1167
I 520639 1168
I 511983 1169
I 266128 1170
I 463158 1171
I 960055 1172
I 294849 1173
I 136105 1174
I 241844 1175
I 458837 1176
I 308526 1177
I 985020 1178
I 596624 1179
I 1292 1180
I 281652 1181
I 680564 1182
I 119235 1183
I 837984 1184
I 333196 1185
I 918142 1186
I 472615 1187
I 840899 1188
I 149920 1189
I 28493 1190
I 200069 1191
I 468488 1192
I 622846 1193
I 136185 1194
I 545899 1195
I 85092 1196
I 163804 1197
I 26583 1198
I 602140 1199
I 480141 1200
I 5369 1201
I 854518 1202
I 867634 1203
I 218361 1204
I 320393 1205
I 520880 1206
I 987567 1207
I 572860 1208
I 179753 1209
I 436838 1210
I 750287 1211
I 350073 1212
I 1025435 1213
I 162610 1214
I 791706 1215
I 743751 1216
I 537725 1217
I 745909 1218
I 679496 1219
I 586018 1220
I 460610 1221
I 705319 1222
I 860821 1223
I 870216 1224
I 644554 1225
I 752153 1226
I 204268 1227
I 987517 1228
I 654489 1229
I 791460 1230
I 554014 1231
I 261581 1232
I 788512 1233
I 670940 1234
I 465268 1235
I 522285 1236
I 628588 1237
I 395544 1238
I 820374 1239
I 250090 1240
I 1586 1241
I 857419 1242
I 650372 1243
I 29701 1244
I 907211 1245
I 37898 1246
I 312480 1247
I 1009494 1248
I 780106 1249
I 134378 1250
I 956715 1251
I 964328 1252
I 426309 1253
I 965383 1254
I 194764 1255
I 2999 1256
I 299011 1257
I 572109 1258
I 556383 1259
I 626698 1260
I 679490 1261
I 328705 1262
I 1013747 1263
I 480996 1264
I 453861 1265
I 903389 1266
I 989505 1267
I 393349 1268
I 343953 1269
I 711364 1270
I 637349 1271
I 818056 1272
I 647619 1273
I 76500 1274
I 79667 1275
I 794114 1276
I 344869 1277
I 72244 1278
I 210938 1279
I 702884 1280
I 254882 1281
I 766154 1282
I 844583 1283
I 215283 1284
I 530746 1285
I 1005334 1286
I 1024611 1287
I 447736 1288
I 655555 1289
I 720557 1290
I 786799 1291
I 568936 1292
I 173120 1293
I 25012 1294
I 126065 1295
I 891688 1296
I 724524 1297
I 760 1298
I 517908 1299
I 42901 1300
I 433793 1301
I 920895 1302
I 739707 1303
I 750317 1304
I 430896 1305
I 1039894 1306
I 857875 1307
I 35295 1308
I 649277 1309
I 1014800 1310
I 287901 1311
I 779368 1312
I 239304 1313
I 779488 1314
I 633791 1315
I 240865 1316
I 313677 1317
I 884048 1318
I 672687 1319
I 221252 1320
I 626152 1321
I 444087 1322
I 95868 1323
I 155771 1324
I 301437 1325
I 68250 1326
I 520030 1327
I 930864 1328
I 867416 1329
I 561226 1330
I 866165 1331
I 620822 1332
I 43192 1333
I 303150 1334
I 352896 1335
I 720148 1336
I 912679 1337
I 724618 1338
I 309346 1339
I 234976 1340
I 393667 1341
I 484133 1342
I 617354 1343
I 79740 1344
I 524708 1345
I 533470 1346
I 543399 1347
I 98923 1348
I 52912 1349
I 161928 1350
I 106166 1351
I 862509 1352
I 656535 1353
I 511167 1354
I 583053 1355
I 135096 1356
I 924288 1357
I 904448 1358
I 474548 1359
I 170053 1360
I 431349 1361
I 824355 1362
I 779266 1363
I 916217 1364
I 857917 1365
I 150552 1366
I 312459 1367
I 450443 1368
I 942680 1369
I 1002781 1370
I 530215 1371
I 956372 1372
I 490230 1373
I 257361 1374
I 855452 1375
I 213536 1376
I 742311 1377
I 850237 1378
I 948916 1379
I 52358 1380
I 507398 1381
I 138340 1382
I 634662 1383
I 24018 1384
I 999811 1385
I 24518 1386
I 566352 1387
I 979032 1388
I 776495 1389
I 8548 1390
I 77427 1391
I 194432 1392
I 473028 1393
I 637537 1394
I 55746 1395
I 666592 1396
I 849570 1397
I 365034 1398
I 914739 1399
I 202977 1400
I 629967 1401
I 229973 1402
I 29038 1403
I 719097 1404
I 35749 1405
I 376011 1406
I 592671 1407
I 336453 1408
I 926391 1409
I 797951 1410
I 639345 1411
I 675820 1412
I 325811 1413
I 346234 1414
I 71153 1415
I 117310 1416
I 837741 1417
I 95420 1418
I 372130 1419
I 36484 1420
I 763921 1421
I 624230 1422
I 229459 1423
I 33707 1424
I 173956 1425
I 107400 1426
I 772932 1427
I 265586 1428
I 472344 1429
I 343923 1430
I 472844 1431
I 583686 1432
I 471736 1433
I 1000973 1434
I 345242 1435
I 436611 1436
I 308427 1437
I 377786 1438
I 526015 1439
I 173231 1440
I 112687 1441
I 402952 1442
I 205457 1443
I 239438 1444
I 102912 1445
I 980602 1446
I 398961 1447
I 50571 1448
I 337277 1449
I 25712 1450
I 799779 1451
I 320251 1452
I 21818 1453
I 518371 1454
I 604667 1455
I 903617 1456
I 41173 1457
I 1025196 1458
I 343353 1459
I 703084 1460
I 103992 1461
I 178965 1462
I 1027420 1463
I 86561 1464
I 283666 1465
I 639210 1466
I 520417 1467
I 179915 1468
I 290677 1469
I 169034 1470
I 162871 1471
I 1034481 1472
I 942743 1473
I 574092 1474
I 806703 1475
I 1005272 1476
I 516073 1477
I 33211 1478
I 179401 1479
I 291636 1480
I 440856 1481
I 929921 1482
I 189344 1483
I 696461 1484
I 923754 1485
I 672788 1486
I 220881 1487
I 183149 1488
I 237992 1489
I 687884 1490
I 628384 1491
I 1033001 1492
I 984305 1493
I 915525 1494
I 500440 1495
I 496975 1496
I 225832 1497
I 329208 1498
I 617431 1499
I 749118 1500
I 684698 1501
I 825142 1502
I 162471 1503
I 922687 1504
I 19122 1505
I 901188 1506
I 217767 1507
I 34066 1508
I 750618 1509
I 770977 1510
I 793579 1511
I 324754 1512
I 459531 1513
I 35802 1514
I 617677 1515
I 957346 1516
I 809173 1517
I 968648 1518
I 468856 1519
I 734398 1520
I 112274 1521
I 66814 1522
I 671193 1523
I 463626 1524
I 679985 1525
I 603363 1526
I 694137 1527
I 777605 1528
I 937632 1529
I 744772 1530
I 795763 1531
I 492807 1532
I 172890 1533
I 97189 1534
I 366583 1535
I 240188 1536
I 121803 1537
I 881773 1538
I 252347 1539
I 301254 1540
I 936550 1541
I 858190 1542
I 831439 1543
I 503947 1544
I 103945 1545
I 1008771 1546
I 157528 1547
I 763965 1548
I 819657 1549
I 801595 1550
I 304108 1551
I 854347 1552
I 245577 1553
I 558010 1554
I 952525 1555
I 433518 1556
I 477603 1557
I 39585 1558
I 989779 1559
I 468763 1560
I 370673 1561
I 827591 1562
I 1025693 1563
I 633086 1564
I 917113 1565
I 602592 1566
I 1036964 1567
I 282308 1568
I 286629 1569
I 500986 1570
I 228763 1571
I 372977 1572
I 499875 1573
I 483889 1574
I 163934 1575
I 40302 1576
I 694686 1577
I 599434 1578
I 829215 1579
I 705195 1580
I 745089 1581
I 172814 1582
I 272175 1583
I 141375 1584
I 519497 1585
I 600277 1586
I 997966 1587
I 130645 1588
I 270392 1589
I 181593 1590
I 45444 1591
I 584329 1592
I 745064 1593
I 863665 1594
I 406246 1595
I 316993 1596
I 343467 1597
I 179271 1598
I 650964 1599
I 975991 1600
I 681463 1601
I 52360 1602
I 30712 1603
I 426106 1604
I 569029 1605
I 768456 1606
I 673239 1607
I 784060 1608
I 128530 1609
I 87668 1610
I 1857 1611
I 478391 1612
I 201066 1613
I 259409 1614
I 133296 1615
I 1015172 1616
I 488936 1617
I 913265 1618
I 996454 1619
I 439047 1620
I 493476 1621
I 291859 1622
I 145506 1623
I 458227 1624
I 143250 1625
I 828497 1626
I 261087 1627
I 175613 1628
I 502439 1629
I 179481 1630
I 979025 1631
I 749574 1632
I 673020 1633
I 125929 1634
I 138421 1635
I 706286 1636
I 913409 1637
I 47928 1638
I 368448 1639
I 61683 1640
I 396600 1641
I 532744 1642
I 268856 1643
I 796691 1644
I 709401 1645
I 874136 1646
I 232802 1647
I 724279 1648
I 219007 1649
I 844138 1650
I 860699 1651
I 380536 1652
I 556010 1653
I 382503 1654
I 841219 1655
I 425488 1656
I 565409 1657
I 637854 1658
I 1017643 1659
I 507528 1660
I 621678 1661
I 72171 1662
I 150347 1663
I 867374 1664
I 36765 1665
I 489246 1666
I 914047 1667
I 177536 1668
I 1016687 1669
I 867615 1670
I 462418 1671
I 506035 1672
I 93454 1673
I 1037883 1674
I 813691 1675
I 640279 1676
I 380367 1677
I 576286 1678
I 968798 1679
I 244244 1680
I 664357 1681
I 970330 1682
I 648289 1683
I 308311 1684
I 353700 1685
I 286130 1686
I 138911 1687
I 598227 1688
I 983912 1689
I 288964 1690
I 169039 1691
I 597615 1692
I 797064 1693
I 104280 1694
I 875975 1695
I 230862 1696
I 606206 1697
I 251088 1698
I 698818 1699
I 241964 1700
I 882133 1701
I 147307 1702
I 1031563 1703
I 699623 1704
I 579551 1705
I 950168 1706
I 645565 1707
I 547398 1708
I 659358 1709
I 997253 1710
I 423789 1711
I 871239 1712
I 529681 1713
I 819305 1714
I 190463 1715
I 57744 1716
I 519080 1717
I 796710 1718
I 327078 1719
I 635607 1720
I 325242 1721
I 372097 1722
I 703770 1723
I 627774 1724
I 62452 1725
I 455534 1726
I 75809 1727
I 469377 1728
I 542329 1729
I 876099 1730
I 924840 1731
I 433714 1732
I 220279 1733
I 272926 1734
I 826454 1735
I 587809 1736
I 808344 1737
I 151614 1738
I 493531 1739
I 900675 1740
I 259932 1741
I 332094 1742
I 167079 1743
I 289756 1744
I 367255 1745
I 363974 1746
I 659239 1747
I 262552 1748
I 681964 1749
I 586243 1750
I 695426 1751
I 133269 1752
I 518628 1753
I 371693 1754
I 601606 1755
I 725668 1756
I 483236 1757
I 398085 1758
I 656073 1759
I 903476 1760
I 970040 1761
I 156682 1762
I 658962 1763
I 117336 1764
I 409388 1765
I 90956 1766
I 933921 1767
I 526222 1768
I 207228 1769
I 629898 1770
I 23268 1771
I 88306 1772
I 586392 1773
I 330242 1774
I 380586 1775
I 896642 1776
I 991480 1777
I 888127 1778
I 283556 1779
I 421711 1780
I 529463 1781
I 936109 1782
I 435015 1783
I 453151 1784
I 632315 1785
I 815483 1786
I 370781 1787
I 18830 1788
I 144341 1789
I 414485 1790
I 297254 1791
I 396375 1792
I 873773 1793
I 494839 1794
I 547989 1795
I 749736 1796
I 715157 1797
I 610134 1798
I 114375 1799
I 136961 1800
I 209331 1801
I 194225 1802
I 361105 1803
I 604133 1804
I 892 1805
I 88366 1806
I 37493 1807
I 575789 1808
I 763344 1809
I 23617 1810
I 93623 1811
I 996480 1812
I 184006 1813
I 236461 1814
I 981271 1815
I 840404 1816
I 56233 1817
I 921084 1818
I 546731 1819
I 948915 1820
I 435814 1821
I 419897 1822
I 763229 1823
I 1026914 1824
I 675089 1825
I 59317 1826
I 793237 1827
I 240144 1828
I 794533 1829
I 290384 1830
I 706199 1831
I 967726 1832
I 134251 1833
I 483963 1834
I 656180 1835
I 644859 1836
I 1039030 1837
I 303891 1838
I 979509 1839
I 575707 1840
I 25781 1841
I 373482 1842
I 761284 1843
I 148532 1844
I 790140 1845
I 206522 1846
I 527904 1847
I 308505 1848
I 415252 1849
I 888705 1850
I 261193 1851
I 664781 1852
I 231436 1853
I 188739 1854
I 77815 1855
I 212623 1856
I 531386 1857
I 241221 1858
I 885571 1859
I 675093 1860
I 495754 1861
I 252138 1862
I 774281 1863
I 68971 1864
I 225874 1865
I 382103 1866
I 584369 1867
I 7612 1868
I 621924 1869
I 431411 1870
I 111048 1871
I 111708 1872
I 221645 1873
I 223443 1874
I 477002 1875
I 903285 1876
I 480497 1877
I 645887 1878
I 604678 1879
I 72662 1880
I 289188 1881
I 358182 1882
I 651869 1883
I 885482 1884
I 594146 1885
I 287635 1886
I 493195 1887
I 734576 1888
I 293859 1889
I 831692 1890
I 1027503 1891
I 1026927 1892
I 492341 1893
I 237931 1894
I 338064 1895
I 376116 1896
I 468556 1897
I 788637 1898
I 951189 1899
I 398752 1900
I 109757 1901
I 428913 1902
I 977484 1903
I 274021 1904
I 645857 1905
I 124415 1906
I 356151 1907
I 195172 1908
I 792602 1909
I 483340 1910
I 269010 1911
I 274482 1912
I 564054 1913
I 1007710 1914
I 136143 1915
I 904575 1916
I 689664 1917
I 348130 1918
I 489599 1919
I 366468 1920
I 127960 1921
I 671181 1922
I 650652 1923
I 229110 1924
I 935600 1925
I 807401 1926
I 11124 1927
I 414145 1928
I 19820 1929
I 170349 1930
I 109455 1931
I 406992 1932
I 1017800 1933
I 550062 1934
I 1011212 1935
I 650508 1936
I 457985 1937
I 814744 1938
I 5013 1939
I 250776 1940
I 355257 1941
I 796391 1942
I 479385 1943
I 922374 1944
I 874836 1945
I 730837 1946
I 161766 1947
I 861347 1948
I 305648 1949
I 311502 1950
I 703458 1951
I 977162 1952
I 675002 1953
I 665948 1954
I 295229 1955
I 510663 1956
I 1037048 1957
I 124977 1958
I 612598 1959
I 915208 1960
I 90674 1961
I 885916 1962
I 547269 1963
I 912107 1964
I 239092 1965
I 375748 1966
I 969258 1967
I 424332 1968
I 968469 1969
I 377954 1970
I 207332 1971
I 754360 1972
I 403425 1973
I 626219 1974
I 845712 1975
I 932313 1976
I 604763 1977
I 439933 1978
I 598939 1979
I 920027 1980
I 653519 1981
I 1025623 1982
I 277831 1983
I 336354 1984
I 301030 1985
I 11798 1986
I 737607 1987
I 1005048 1988
I 701921 1989
I 714601 1990
I 854304 1991
I 256040 1992
I 901569 1993
I 651765 1994
I 930701 1995
I 412408 1996
I 753158 1997
I 1045687 1998
I 119288 1999
I 996545 2000
I 471414 2001
I 299070 2002
I 303436 2003
I 250827 2004
I 788976 2005
I 606412 2006
I 190231 2007
I 864721 2008
I 598252 2009
I 63886 2010
I 129646 2011
I 755796 2012
I 650809 2013
I 195801 2014
I 832940 2015
I 457874 2016
I 322779 2017
I 573783 2018
I 344949 2019
I 290179 2020
I 1044814 2021
I 207710 2022
I 739727 2023
I 561040 2024
I 411250 2025
I 587593 2026
I 778398 2027
I 1023505 2028
I 618589 2029
I 853709 2030
I 888396 2031
I 138772 2032
I 4886 2033
I 308343 2034
I 967870 2035
I 45830 2036
I 59275 2037
I 533542 2038
I 988891 2039
I 26683 2040
I 658195 2041
I 1009787 2042
I 983351 2043
I 981479 2044
I 1034930 2045
I 787505 2046
I 585609 2047
I 832626 2048
I 494827 2049
I 683607 2050
I 453160 2051
I 581961 2052
I 482840 2053
I 43422 2054
I 712430 2055
I 634010 2056
I 153948 2057
I 378843 2058
I 856463 2059
I 295471 2060
I 426155 2061
I 522720 2062
I 522652 2063
I 449683 2064
I 62438 2065
I 220438 2066
I 838527 2067
I 442294 2068
I 344707 2069
I 450047 2070
I 205848 2071
I 872105 2072
I 407143 2073
I 468853 2074
I 500669 2075
I 135453 2076
I 765955 2077
I 287324 2078
I 793175 2079
I 526421 2080
I 415810 2081
I 794773 2082
I 526845 2083
I 294146 2084
I 451886 2085
I 451712 2086
I 996415 2087
I 323946 2088
I 133880 2089
I 838211 2090
I 769620 2091
I 404333 2092
I 362315 2093
I 502832 2094
I 178332 2095
I 950322 2096
I 433647 2097
I 319661 2098
I 878367 2099
I 212536 2100
I 273300 2101
I 948006 2102
I 570692 2103
I 438000 2104
I 587451 2105
I 450966 2106
I 543652 2107
I 732997 2108
I 484604 2109
I 270296 2110
I 374614 2111
I 790324 2112
I 949793 2113
I 1044992 2114
I 319699 2115
I 393708 2116
I 708706 2117
I 740468 2118
I 614194 2119
I 52859 2120
I 167192 2121
I 25518 2122
I 458321 2123
I 571324 2124
I 258639 2125
I 972759 2126
I 781966 2127
I 250225 2128
I 685088 2129
I 712756 2130
I 82616 2131
I 498801 2132
I 226369 2133
I 46367 2134
I 717744 2135
I 190151 2136
I 96521 2137
I 329765 2138
I 456497 2139
I 870060 2140
I 479612 2141
I 182947 2142
I 5980 2143
I 1006167 2144
I 683668 2145
I 51631 2146
I 908945 2147
I 199737 2148
I 276521 2149
I 793590 2150
I 851819 2151
I 15179 2152
I 1001902 2153
I 672460 2154
I 962839 2155
I 382352 2156
I 164294 2157
I 166854 2158
I 424963 2159
I 690740 2160
I 890983 2161
I 869851 2162
I 979275 2163
I 26099 2164
I 186291 2165
I 854686 2166
I 594970 2167
I 103454 2168
I 207999 2169
I 517426 2170
I 328887 2171
I 1014294 2172
I 732757 2173
I 31140 2174
I 528057 2175
I 850913 2176
I 955886 2177
I 249764 2178
I 60223 2179
I 139967 2180
I 200266 2181
I 616802 2182
I 48507 2183
I 407644 2184
I 529328 2185
I 157505 2186
I 804484 2187
I 101268 2188
I 996970 2189
I 866185 2190
I 466460 2191
I 160999 2192
I 358138 2193
I 621401 2194
I 737616 2195
I 160396 2196
I 394116 2197
I 1037720 2198
I 938418 2199
I 703725 2200
I 688041 2201
I 943073 2202
I 959518 2203
I 760709 2204
I 12527 2205
I 977 2206
I 464293 2207
I 308485 2208
I 558953 2209
I 599045 2210
I 480375 2211
I 892586 2212
I 1018064 2213
I 471774 2214
I 319199 2215
I 928602 2216
I 278826 2217
I 130556 2218
I 553845 2219
I 848916 2220
I 412337 2221
I 21473 2222
I 69647 2223
I 1019016 2224
I 91971 2225
I 915703 2226
I 933787 2227
I 379353 2228
I 312229 2229
I 1009351 2230
I 234246 2231
I 523500 2232
I 76603 2233
I 131958 2234
I 952891 2235
I 271054 2236
I 951060 2237
I 949512 2238
I 894516 2239
I 744235 2240
I 312593 2241
I 49408 2242
I 963782 2243
I 665778 2244
I 152230 2245
I 133628 2246
I 867725 2247
I 699999 2248
I 5120 2249
I 7856 2250
I 942150 2251
I 578651 2252
I 133762 2253
I 44264 2254
I 202954 2255
I 894977 2256
I 783926 2257
I 753240 2258
I 194023 2259
I 743767 2260
I 381327 2261
I 615059 2262
I 922314 2263
I 136682 2264
I 533496 2265
I 986909 2266
I 901063 2267
I 498565 2268
I 871898 2269
I 788234 2270
I 767517 2271
I 593305 2272
I 9274 2273
I 945350 2274
I 31421 2275
I 1019853 2276
I 320304 2277
I 956618 2278
I 840820 2279
I 672231 2280
I 169223 2281
I 834770 2282
I 753588 2283
I 547129 2284
I 570079 2285
I 814145 2286
I 276253 2287
I 427093 2288
I 431111 2289
I 587166 2290
I 1035679 2291
I 850310 2292
I 613281 2293
I 926527 2294
I 786984 2295
I 171562 2296
I 422815 2297
I 371708 2298
I 884036 2299
I 17393 2300
I 442258 2301
I 956263 2302
I 748902 2303
I 1025708 2304
I 769566 2305
I 292358 2306
I 561898 2307
I 282473 2308
I 89572 2309
I 15433 2310
I 270881 2311
I 144241 2312
I 201372 2313
I 340293 2314
I 369647 2315
I 924801 2316
I 602714 2317
I 388090 2318
I 50104 2319
I 127941 2320
I 354584 2321
I 1013602 2322
I 140471 2323
I 766289 2324
I 594875 2325
I 262058 2326
I 129355 2327
I 829391 2328
I 649504 2329
I 41055 2330
I 826018 2331
I 496626 2332
I 518673 2333
I 86188 2334
I 92598 2335
I 962811 2336
I 112768 2337
I 991749 2338
I 54720 2339
I 945600 2340
I 384798 2341
I 373237 2342
I 177305 2343
I 387687 2344
I 408568 2345
I 946147 2346
I 155865 2347
I 437725 2348
I 897664 2349
I 746930 2350
I 541040 2351
I 550400 2352
I 173465 2353
I 769020 2354
I 480973 2355
I 102962 2356
I 414042 2357
I 281163 2358
I 384391 2359
I 285164 2360
I 691453 2361
I 424159 2362
I 17917 2363
I 788733 2364
I 925810 2365
I 409658 2366
I 945662 2367
I 166261 2368
I 582268 2369
I 173109 2370
I 910998 2371
I 651129 2372
I 239633 2373
I 500775 2374
I 259692 2375
I 849567 2376
I 194433 2377
I 441390 2378
I 367244 2379
I 1027610 2380
I 323450 2381
I 519307 2382
I 1007046 2383
I 510523 2384
I 824653 2385
I 20712 2386
I 315942 2387
I 552975 2388
I 108918 2389
I 287874 2390
I 443665 2391
I 201525 2392
I 783839 2393
I 714621 2394
I 611512 2395
I 207213 2396
I 825297 2397
I 291630 2398
I 338501 2399
I 594944 2400
I 719542 2401
I 759636 2402
I 755038 2403
I 190591 2404
I 74183 2405
I 546274 2406
I 552891 2407
I 651396 2408
I 97850 2409
I 647290 2410
I 563170 2411
I 537904 2412
I 623524 2413
I 714330 2414
I 778482 2415
I 993777 2416
I 51704 2417
I 301045 2418
I 568281 2419
I 1021463 2420
I 806641 2421
I 210135 2422
I 288973 2423
I 710105 2424
I 247485 2425
I 112251 2426
I 961071 2427
I 426469 2428
I 642924 2429
I 111777 2430
I 1042274 2431
I 904978 2432
I 630164 2433
I 552235 2434
I 996377 2435
I 315980 2436
I 382756 2437
I 405553 2438
I 308680 2439
I 403299 2440
I 1010678 2441
I 388697 2442
I 508973 2443
I 506747 2444
I 653994 2445
I 917743 2446
I 287790 2447
I 669346 2448
I 19787 2449
I 931600 2450
I 729131 2451
I 529109 2452
I 19333 2453
I 620568 2454
I 681197 2455
I 498037 2456
I 377969 2457
I 945888 2458
I 567714 2459
I 583279 2460
I 550576 2461
I 1042301 2462
I 67787 2463
I 122885 2464
I 374650 2465
I 927040 2466
I 195004 2467
I 617547 2468
I 948455 2469
I 354661 2470
I 18222 2471
I 130607 2472
I 174024 2473
I 962039 2474
I 115061 2475
I 58010 2476
I 375328 2477
I 19436 2478
I 34280 2479
I 884820 2480
I 756497 2481
I 383465 2482
I 804084 2483
I 538474 2484
I 148473 2485
I 262942 2486
I 911520 2487
I 106509 2488
I 640677 2489
I 949924 2490
I 443158 2491
I 512433 2492
I 292015 2493
I 945465 2494
I 204924 2495
I 123927 2496
I 172455 2497
I 119338 2498
I 420363 2499
I 380495 2500
I 602424 2501
I 866725 2502
I 435800 2503
I 413815 2504
I 349986 2505
I 916415 2506
I 192767 2507
I 450333 2508
I 957834 2509
I 379751 2510
I 217748 2511
I 134374 2512
I 579459 2513
I 465468 2514
I 393599 2515
I 325352 2516
I 182639 2517
I 329475 2518
I 771528 2519
I 561675 2520
I 317202 2521
I 883268 2522
I 146971 2523
I 479772 2524
I 332069 2525
I 544705 2526
I 81767 2527
I 569302 2528
I 332501 2529
I 817672 2530
I 255227 2531
I 1041413 2532
I 565847 2533
I 339336 2534
I 93670 2535
I 79642 2536
I 603084 2537
I 118973 2538
I 934385 2539
I 100387 2540
I 1034015 2541
I 537224 2542
I 180294 2543
I 497845 2544
I 945219 2545
I 1033920 2546
I 684313 2547
I 548527 2548
I 680563 2549
I 848883 2550
I 957576 2551
I 515369 2552
I 23337 2553
I 646544 2554
I 914663 2555
I 949999 2556
I 800793 2557
I 388355 2558
I 623044 2559
I 125580 2560
I 117935 2561
I 600118 2562
I 947867 2563
I 32718 2564
I 692393 2565
I 14470 2566
I 574766 2567
I 132469 2568
I 18902 2569
I 62845 2570
I 166589 2571
I 230904 2572
I 332461 2573
I 456681 2574
I 521703 2575
I 717549 2576
I 929207 2577
I 615648 2578
I 887889 2579
I 365555 2580
I 235561 2581
I 431829 2582
I 463609 2583
I 785377 2584
I 474664 2585
I 775106 2586
I 152494 2587
I 587314 2588
I 532213 2589
I 398242 2590
I 384070 2591
I 1013990 2592
I 724656 2593
I 491856 2594
I 716880 2595
I 880270 2596
I 493795 2597
I 366344 2598
I 970856 2599
I 1005376 2600
I 945128 2601
I 343833 2602
I 668609 2603
I 883092 2604
I 718556 2605
I 280239 2606
I 561074 2607
I 998923 2608
I 1048099 2609
I 863459 2610
I 425095 2611
I 985972 2612
I 33561 2613
I 194364 2614
I 796799 2615
I 663206 2616
I 926415 2617
I 195348 2618
I 670105 2619
I 700598 2620
I 694620 2621
I 536149 2622
I 139092 2623
I 412755 2624
I 173812 2625
I 418011 2626
I 593705 2627
I 125804 2628
I 488535 2629
I 363275 2630
I 231124 2631
I 260903 2632
I 119149 2633
I 704513 2634
I 332699 2635
I 1036513 2636
I 767914 2637
I 378481 2638
I 105857 2639
I 645812 2640
I 859248 2641
I 78162 2642
I 1046854 2643
I 675164 2644
I 37339 2645
I 347136 2646
I 175996 2647
I 145972 2648
I 24023 2649
I 471870 2650
I 890913 2651
I 392151 2652
I 451837 2653
I 130587 2654
I 507311 2655
I 365761 2656
I 56951 2657
I 333717 2658
I 992437 2659
I 18887 2660
I 157693 2661
I 101656 2662
I 567735 2663
I 462485 2664
I 988194 2665
I 606201 2666
I 545412 2667
I 295758 2668
I 307463 2669
I 130262 2670
I 177950 2671
I 528442 2672
I 1034686 2673
I 558788 2674
I 151926 2675
I 302702 2676
I 1048187 2677
I 44610 2678
I 1013421 2679
I 429399 2680
I 978105 2681
I 586403 2682
I 305075 2683
I 78427 2684
I 840050 2685
I 988895 2686
I 846932 2687
I 447994 2688
I 1036768 2689
I 633562 2690
I 554538 2691
I 743489 2692
I 444293 2693
I 168491 2694
I 667742 2695
I 150850 2696
I 583714 2697
I 330438 2698
I 336899 2699
I 510856 2700
I 608147 2701
I 297130 2702
I 96035 2703
I 91594 2704
I 718651 2705
I 730165 2706
I 434538 2707
I 415819 2708
I 447671 2709
I 326788 2710
I 545242 2711
I 981889 2712
I 837713 2713
I 780586 2714
I 305064 2715
I 668577 2716
I 649229 2717
I 939203 2718
I 196078 2719
I 1047076 2720
I 899038 2721
I 880608 2722
I 318965 2723
I 722908 2724
I 315821 2725
I 540038 2726
I 593751 2727
I 830130 2728
I 1029702 2729
I 607100 2730
I 998704 2731
I 294027 2732
I 719312 2733
I 180052 2734
I 186572 2735
I 943175 2736
I 586789 2737
I 724056 2738
I 18 2739
I 873025 2740
I 211482 2741
I 947270 2742
I 21092 2743
I 170295 2744
I 52485 2745
I 907935 2746
I 1024996 2747
I 440401 2748
I 292222 2749
I 267779 2750
I 901302 2751
I 106947 2752
I 402558 2753
I 982068 2754
I 34307 2755
I 282958 2756
I 127066 2757
I 801571 2758
I 781264 2759
I 345148 2760
I 705543 2761
I 127377 2762
I 790490 2763
I 481190 2764
I 955108 2765
I 173351 2766
I 543973 2767
I 333124 2768
I 549228 2769
I 55029 2770
I 1022498 2771
I 216210 2772
I 326782 2773
I 947196 2774
I 604179 2775
I 930537 2776
I 705458 2777
I 183811 2778
I 977170 2779
I 536803 2780
I 311087 2781
I 98147 2782
I 170895 2783
I 378485 2784
I 411709 2785
I 130338 2786
I 208109 2787
I 868007 2788
I 989466 2789
I 437511 2790
I 826443 2791
I 298515 2792
I 102084 2793
I 183271 2794
I 253947 2795
I 130832 2796
I 308432 2797
I 36445 2798
I 767460 2799
I 261795 2800
I 936233 2801
I 75735 2802
I 955196 2803
I 972377 2804
I 686843 2805
I 967441 2806
I 556139 2807
I 394373 2808
I 827569 2809
I 230079 2810
I 935714 2811
I 164749 2812
I 328623 2813
I 282612 2814
I 894017 2815
I 67014 2816
I 423591 2817
I 314675 2818
I 145395 2819
I 369254 2820
I 652144 2821
I 313255 2822
I 540201 2823
I 139095 2824
I 359681 2825
I 868339 2826
I 931983 2827
I 1008188 2828
I 453878 2829
I 844626 2830
I 767650 2831
I 975575 2832
I 493385 2833
I 709825 2834
I 65454 2835
I 295422 2836
I 355780 2837
I 778847 2838
I 296487 2839
I 678014 2840
I 660552 2841
I 514546 2842
I 983129 2843
I 258265 2844
I 311173 2845
I 799771 2846
I 188041 2847
I 375744 2848
I 537204 2849
I 56743 2850
I 1042273 2851
I 288946 2852
I 893595 2853
I 25676 2854
I 34403 2855
I 374133 2856
I 136199 2857
I 462932 2858
I 183685 2859
I 58835 2860
I 1003221 2861
I 511825 2862
I 212814 2863
I 786882 2864
I 265680 2865
I 976820 2866
I 199541 2867
I 550373 2868
I 216076 2869
I 698198 2870
I 73044 2871
I 351357 2872
I 623828 2873
I 21731 2874
I 884001 2875
I 289590 2876
I 814028 2877
I 15760 2878
I 170311 2879
I 1008615 2880
I 422102 2881
I 300115 2882
I 682528 2883
I 591207 2884
I 977795 2885
I 310020 2886
I 715960 2887
I 694520 2888
I 1010329 2889
I 716030 2890
I 288246 2891
I 513818 2892
I 374811 2893
I 465644 2894
I 15977 2895
I 185384 2896
I 933702 2897
I 268448 2898
I 294242 2899
I 508270 2900
I 230254 2901
I 731068 2902
I 583877 2903
I 411036 2904
I 198123 2905
I 878018 2906
I 683785 2907
I 640866 2908
I 593776 2909
I 569826 2910
I 608765 2911
I 976442 2912
I 744964 2913
I 387499 2914
I 244783 2915
I 288266 2916
I 825593 2917
I 6398 2918
I 454647 2919
I 1007702 2920
I 678131 2921
I 280102 2922
I 401027 2923
I 829637 2924
I 885193 2925
I 239552 2926
I 405360 2927
I 880045 2928
I 239017 2929
I 649968 2930
I 465775 2931
I 381023 2932
I 234698 2933
I 916156 2934
I 1006881 2935
I 499986 2936
I 972497 2937
I 801084 2938
I 4041 2939
I 385246 2940
I 823040 2941
I 1003209 2942
I 342981 2943
I 834785 2944
I 969951 2945
I 37956 2946
I 679089 2947
I 356010 2948
I 422773 2949
I 204840 2950
I 433138 2951
I 521158 2952
I 58225 2953
I 617393 2954
I 397908 2955
I 59216 2956
I 792808 2957
I 202280 2958
I 249949 2959
I 931889 2960
I 650691 2961
I 474776 2962
I 446648 2963
I 965097 2964
I 22263 2965
I 34597 2966
I 895381 2967
I 879265 2968
I 1028923 2969
I 815983 2970
I 210504 2971
I 1041811 2972
I 393150 2973
I 392994 2974
I 420552 2975
I 653124 2976
I 923578 2977
I 555477 2978
I 986664 2979
I 996640 2980
I 804205 2981
I 601813 2982
I 251370 2983
I 1015618 2984
I 207078 2985
I 108120 2986
I 460920 2987
I 433722 2988
I 873987 2989
I 453167 2990
I 238822 2991
I 300738 2992
I 448944 2993
I 543674 2994
I 873797 2995
I 893363 2996
I 192958 2997
I 234910 2998
I 51333 2999
I 385088 3000
I 712842 3001
I 39433 3002
I 347070 3003
I 744219 3004
I 993330 3005
I 646540 3006
I 703807 3007
I 372359 3008
I 159445 3009
I 852167 3010
I 453701 3011
I 851323 3012
I 188442 3013
I 698580 3014
I 984276 3015
I 935111 3016
I 828175 3017
I 318162 3018
I 1028610 3019
I 437233 3020
I 371170 3021
I 885315 3022
I 236533 3023
I 438564 3024
I 311005 3025
I 449174 3026
I 284673 3027
I 93551 3028
I 567902 3029
I 312266 3030
I 664914 3031
I 806065 3032
I 288513 3033
I 917355 3034
I 323342 3035
I 555140 3036
I 279557 3037
I 844310 3038
I 44470 3039
I 701497 3040
I 386229 3041
I 89207 3042
I 296035 3043
I 576079 3044
I 780031 3045
I 657329 3046
I 992743 3047
I 544722 3048
I 981656 3049
I 377611 3050
I 727915 3051
I 877080 3052
I 678215 3053
I 889901 3054
I 1001125 3055
I 334290 3056
I 389376 3057
I 735882 3058
I 742511 3059
I 620836 3060
I 909514 3061
I 246606 3062
I 596362 3063
I 308752 3064
I 905555 3065
I 981380 3066
I 785976 3067
I 356694 3068
I 845014 3069
I 95048 3070
I 227130 3071
I 276532 3072
I 650281 3073
I 515029 3074
I 804959 3075
I 944799 3076
I 317327 3077
I 1038375 3078
I 883439 3079
I 130645 3080
I 923757 3081
I 202462 3082
I 247536 3083
I 95311 3084
I 363312 3085
I 826295 3086
I 327065 3087
I 786740 3088
I 913205 3089
I 313216 3090
I 821760 3091
I 236512 3092
I 73219 3093
I 759882 3094
I 598996 3095
I 17814 3096
I 668035 3097
I 540353 3098
I 451118 3099
I 818905 3100
I 660681 3101
I 338409 3102
I 32650 3103
I 855619 3104
I 839909 3105
I 595918 3106
I 666714 3107
I 78053 3108
I 108122 3109
I 951389 3110
I 344163 3111
I 819023 3112
I 7400 3113
I 403866 3114
I 690939 3115
I 9992 3116
I 551531 3117
I 293947 3118
I 560224 3119
I 357420 3120
I 640625 3121
I 974639 3122
I 895130 3123
I 610234 3124
I 554068 3125
I 837933 3126
I 1040282 3127
I 770779 3128
I 472932 3129
I 139656 3130
I 929700 3131
I 946468 3132
I 307822 3133
I 166441 3134
I 42652 3135
I 30016 3136
I 523398 3137
I 687003 3138
I 182855 3139
I 999733 3140
I 588317 3141
I 811060 3142
I 816102 3143
I 801648 3144
I 810930 3145
I 90557 3146
I 302940 3147
I 926829 3148
I 352742 3149
I 567512 3150
I 474604 3151
I 1011345 3152
I 863246 3153
I 846078 3154
I 582898 3155
I 755585 3156
I 192663 3157
I 254206 3158
I 863891 3159
I 417133 3160
I 651326 3161
I 306098 3162
I 649560 3163
I 590670 3164
I 655172 3165
I 597097 3166
I 873858 3167
I 856419 3168
I 970091 3169
I 231783 3170
I 1011396 3171
I 660997 3172
I 978691 3173
I 188822 3174
I 993999 3175
I 230275 3176
I 636798 3177
I 923830 3178
I 1037496 3179
I 779495 3180
I 647061 3181
I 130717 3182
I 1035606 3183
I 581747 3184
I 19321 3185
I 313988 3186
I 933597 3187
I 355367 3188
I 643332 3189
I 945555 3190
I 659729 3191
I 358366 3192
I 137054 3193
I 726637 3194
I 183176 3195
I 511234 3196
I 305240 3197
I 904271 3198
I 576250 3199
I 572249 3200
I 165732 3201
I 899392 3202
I 213546 3203
I 465527 3204
I 223591 3205
I 124195 3206
I 965480 3207
I 783998 3208
I 553766 3209
I 336828 3210
I 987140 3211
I 500934 3212
I 437407 3213
I 756987 3214
I 219245 3215
I 438081 3216
I 111011 3217
I 804968 3218
I 1037639 3219
I 768948 3220
I 10837 3221
I 585067 3222
I 9612 3223
I 363343 3224
I 931695 3225
I 665882 3226
I 423296 3227
I 724535 3228
I 924887 3229
I 762802 3230
I 944785 3231
I 610178 3232
I 62079 3233
I 414137 3234
I 715829 3235
I 785180 3236
I 736872 3237
I 24601 3238
I 775528 3239
I 157713 3240
I 867126 3241
I 105498 3242
I 687750 3243
I 624850 3244
I 303858 3245
I 537814 3246
I 893201 3247
I 12410 3248
I 302001 3249
I 1003276 3250
I 1045183 3251
I 1019550 3252
I 1044559 3253
I 191024 3254
I 789359 3255
I 172213 3256
I 830258 3257
I 137867 3258
I 570654 3259
I 162153 3260
I 806621 3261
I 541615 3262
I 741263 3263
I 835149 3264
I 1023033 3265
I 108385 3266
I 925327 3267
I 331482 3268
I 380742 3269
I 558630 3270
I 179363 3271
I 504670 3272
I 158386 3273
I 350766 3274
I 302935 3275
I 974648 3276
I 536784 3277
I 273119 3278
I 514710 3279
I 468902 3280
I 583289 3281
I 44366 3282
I 841761 3283
I 603146 3284
I 262254 3285
I 1003430 3286
I 1034491 3287
I 246538 3288
I 342813 3289
I 923583 3290
I 639245 3291
I 185914 3292
I 21437 3293
I 36296 3294
I 57516 3295
I 613727 3296
I 600414 3297
I 193603 3298
I 305249 3299
I 4331 3300
I 418560 3301
I 808008 3302
I 839758 3303
I 401106 3304
I 297825 3305
I 375292 3306
I 178632 3307
I 674292 3308
I 464430 3309
I 56926 3310
I 364431 3311
I 166956 3312
I 946853 3313
I 504531 3314
I 928373 3315
I 699558 3316
I 643419 3317
I 1036032 3318
I 205399 3319
I 464694 3320
I 781149 3321
I 639992 3322
I 282948 3323
I 918763 3324
I 151327 3325
I 389465 3326
I 298413 3327
I 127908 3328
I 13217 3329
I 856507 3330
I 740366 3331
I 521037 3332
I 205126 3333
I 932157 3334
I 242734 3335
I 646366 3336
I 928107 3337
I 453988 3338
I 139956 3339
I 127018 3340
I 607337 3341
I 535644 3342
I 153077 3343
I 433246 3344
I 466712 3345
I 721711 3346
I 792357 3347
I 1011037 3348
I 569724 3349
I 264274 3350
I 899088 3351
I 1026561 3352
I 726328 3353
I 712252 3354
I 238275 3355
I 206621 3356
I 419223 3357
I 334716 3358
I 362939 3359
I 397417 3360
I 513723 3361
I 649964 3362
I 262706 3363
I 27063 3364
I 905433 3365
I 196245 3366
I 338913 3367
I 729188 3368
I 687294 3369
I 592594 3370
I 251734 3371
I 129066 3372
I 336706 3373
I 161251 3374
I 1029853 3375
I 53958 3376
I 877058 3377
I 652038 3378
I 227612 3379
I 1006623 3380
I 112081 3381
I 505268 3382
I 428907 3383
I 655736 3384
I 39827 3385
I 150350 3386
I 244620 3387
I 484990 3388
I 526180 3389
I 75557 3390
I 221383 3391
I 879454 3392
I 650916 3393
I 287751 3394
I 636474 3395
I 434987 3396
I 827018 3397
I 644687 3398
I 893297 3399
I 970579 3400
I 309467 3401
I 503076 3402
I 209602 3403
I 627262 3404
I 904836 3405
I 41549 3406
I 939668 3407
I 404737 3408
I 588912 3409
I 663145 3410
I 6133 3411
I 880299 3412
I 973378 3413
I 636731 3414
I 666382 3415
I 630457 3416
I 70520 3417
I 1025614 3418
I 41571 3419
I 1058 3420
I 691068 3421
I 625553 3422
I 321103 3423
I 600128 3424
I 876735 3425
I 910073 3426
I 683422 3427
I 976895 3428
I 120313 3429
I 826498 3430
I 740164 3431
I 62448 3432
I 720364 3433
I 185537 3434
I 912167 3435
I 729787 3436
I 167092 3437
I 601706 3438
I 1009694 3439
I 244266 3440
I 404877 3441
I 220807 3442
I 548748 3443
I 60848 3444
I 955255 3445
I 975233 3446
I 146177 3447
I 508184 3448
I 701292 3449
I 457374 3450
I 645581 3451
I 947339 3452
I 340121 3453
I 1015838 3454
I 376949 3455
I 1032351 3456
I 215249 3457
I 828506 3458
I 798499 3459
I 10739 3460
I 558850 3461
I 777035 3462
I 921190 3463
I 455080 3464
I 555520 3465
I 678936 3466
I 323506 3467
I 271234 3468
I 885649 3469
I 1036484 3470
I 215070 3471
I 87450 3472
I 45877 3473
I 674898 3474
I 1020412 3475
I 971704 3476
I 771608 3477
I 365601 3478
I 900261 3479
I 242630 3480
I 1045122 3481
I 644663 3482
I 640921 3483
I 123574 3484
I 90068 3485
I 23322 3486
I 238742 3487
I 882813 3488
I 816924 3489
I 635603 3490
I 755716 3491
I 511470 3492
I 824826 3493
I 947912 3494
I 62043 3495
I 633696 3496
I 432571 3497
I 938958 3498
I 740532 3499
I 812029 3500
I 948886 3501
I 344408 3502
I 182570 3503
I 1017022 3504
I 901476 3505
I 172273 3506
I 873337 3507
I 776369 3508
I 16257 3509
I 733885 3510
I 1002333 3511
I 170601 3512
I 529135 3513
I 882244 3514
I 249505 3515
I 872630 3516
I 205917 3517
I 460653 3518
I 913805 3519
I 726855 3520
I 129272 3521
I 406572 3522
I 166609 3523
I 451949 3524
I 553939 3525
I 192528 3526
I 915929 3527
I 53149 3528
I 775879 3529
I 517040 3530
I 335373 3531
I 686348 3532
I 715661 3533
I 434098 3534
I 904438 3535
I 558433 3536
I 891336 3537
I 402519 3538
I 973769 3539
I 932613 3540
I 404214 3541
I 173003 3542
I 456322 3543
I 295266 3544
I 748196 3545
I 286912 3546
I 512003 3547
I 603745 3548
I 155198 3549
I 945910 3550
I 995522 3551
I 312112 3552
I 266223 3553
I 320950 3554
I 868529 3555
I 47767 3556
I 412606 3557
I 1028243 3558
I 968452 3559
I 566837 3560
I 282257 3561
I 858112 3562
I 231507 3563
I 53461 3564
I 153699 3565
I 706696 3566
I 212611 3567
I 627556 3568
I 856651 3569
I 992302 3570
I 467040 3571
I 1019955 3572
I 961710 3573
I 911356 3574
I 838887 3575
I 174392 3576
I 689405 3577
I 624985 3578
I 206093 3579
I 469049 3580
I 163404 3581
I 592009 3582
I 534471 3583
I 338956 3584
I 228780 3585
I 307015 3586
I 319096 3587
I 679227 3588
I 374121 3589
I 759921 3590
I 592972 3591
I 280177 3592
I 494038 3593
I 577372 3594
I 962639 3595
I 418702 3596
I 38998 3597
I 523371 3598
I 491822 3599
I 643930 3600
I 510153 3601
I 317920 3602
I 978234 3603
I 380579 3604
I 945441 3605
I 295345 3606
I 711172 3607
I 406734 3608
I 387109 3609
I 18050 3610
I 744678 3611
I 1012898 3612
I 987933 3613
I 132298 3614
I 778340 3615
I 540948 3616
I 351466 3617
I 490449 3618
I 369314 3619
I 967793 3620
I 372201 3621
I 848457 3622
I 391222 3623
I 473385 3624
I 679486 3625
I 682816 3626
I 539682 3627
I 282063 3628
I 485886 3629
I 462805 3630
I 825604 3631
I 989773 3632
I 1014040 3633
I 808706 3634
I 34279 3635
I 113250 3636
I 718978 3637
I 96418 3638
I 440812 3639
I 783115 3640
I 196019 3641
I 1042483 3642
I 887744 3643
I 530817 3644
I 179956 3645
I 1040117 3646
I 59885 3647
I 864758 3648
I 1047556 3649
I 96195 3650
I 641762 3651
I 829500 3652
I 1037567 3653
I 857737 3654
I 548895 3655
I 134260 3656
I 382825 3657
I 277525 3658
I 621885 3659
I 61602 3660
I 5930 3661
I 232388 3662
I 900137 3663
I 855985 3664
I 224263 3665
I 516521 3666
I 179408 3667
I 1007860 3668
I 246128 3669
I 688650 3670
I 1015684 3671
I 786662 3672
I 285983 3673
I 402925 3674
I 144491 3675
I 65326 3676
I 807970 3677
I 564610 3678
I 165942 3679
I 570068 3680
I 80045 3681
I 883961 3682
I 711063 3683
I 421139 3684
I 575374 3685
I 506123 3686
I 270564 3687
I 469371 3688
I 914780 3689
I 749038 3690
I 434107 3691
I 553258 3692
I 313723 3693
I 288070 3694
I 738587 3695
I 87792 3696
I 928720 3697
I 790449 3698
I 932847 3699
I 147484 3700
I 948568 3701
I 1010532 3702
I 848771 3703
I 174056 3704
I 200538 3705
I 203198 3706
I 664394 3707
I 666691 3708
I 728950 3709
I 772231 3710
I 636212 3711
I 352558 3712
I 1007551 3713
I 397312 3714
I 918902 3715
I 406949 3716
I 37472 3717
I 967732 3718
I 959438 3719
I 393669 3720
I 887123 3721
I 236479 3722
I 631078 3723
I 159637 3724
I 504936 3725
I 1021832 3726
I 780824 3727
I 93767 3728
I 220408 3729
I 876226 3730
I 89523 3731
I 213673 3732
I 737706 3733
I 356176 3734
I 56479 3735
I 137509 3736
I 633274 3737
I 751930 3738
I 114951 3739
I 392009 3740
I 490056 3741
I 426822 3742
I 20222 3743
I 918829 3744
I 600932 3745
I 624845 3746
I 297582 3747
I 43496 3748
I 940170 3749
I 793720 3750
I 70520 3751
I 771731 3752
I 537657 3753
I 992220 3754
I 339865 3755
I 1010783 3756
I 980834 3757
I 970864 3758
I 637763 3759
I 500777 3760
I 854819 3761
I 432834 3762
I 884949 3763
I 626875 3764
I 436444 3765
I 817452 3766
I 674438 3767
I 735217 3768
I 283994 3769
I 383822 3770
I 217678 3771
I 687615 3772
I 1022969 3773
I 869879 3774
I 246219 3775
I 45362 3776
I 269330 3777
I 2941 3778
I 740625 3779
I 507770 3780
I 991784 3781
I 877696 3782
I 118327 3783
I 564981 3784
I 428799 3785
I 754572 3786
I 884410 3787
I 766134 3788
I 142502 3789
I 800418 3790
I 908651 3791
I 17749 3792
I 687904 3793
I 963678 3794
I 1002374 3795
I 481969 3796
I 542843 3797
I 670278 3798
I 808439 3799
I 351048 3800
I 346543 3801
I 400573 3802
I 727054 3803
I 88209 3804
I 1047099 3805
I 665396 3806
I 129775 3807
I 731472 3808
I 342126 3809
I 520387 3810
I 434538 3811
I 418684 3812
I 242070 3813
I 44549 3814
I 327424 3815
I 557758 3816
I 632010 3817
I 192903 3818
I 142217 3819
I 539822 3820
I 615988 3821
I 96095 3822
I 98055 3823
I 955203 3824
I 969716 3825
I 989092 3826
I 939089 3827
I 165867 3828
I 903575 3829
I 352401 3830
I 573461 3831
I 559813 3832
I 666368 3833
I 441246 3834
I 147642 3835
I 801246 3836
I 349864 3837
I 741579 3838
I 932640 3839
I 115468 3840
I 904220 3841
I 757173 3842
I 275034 3843
I 233518 3844
I 753470 3845
I 768843 3846
I 667732 3847
I 849875 3848
I 721937 3849
I 947937 3850
I 564720 3851
I 93072 3852
I 635730 3853
I 361128 3854
I 223931 3855
I 24607 3856
I 587475 3857
I 851938 3858
I 529813 3859
I 227040 3860
I 492299 3861
I 261562 3862
I 607825 3863
I 61475 3864
I 473204 3865
I 262621 3866
I 396010 3867
I 925367 3868
I 323887 3869
I 300811 3870
I 241020 3871
I 268810 3872
I 742768 3873
I 965425 3874
I 634007 3875
I 341718 3876
I 759674 3877
I 513749 3878
I 772021 3879
I 632606 3880
I 722340 3881
I 698504 3882
I 129683 3883
I 147959 3884
I 284129 3885
I 662590 3886
I 411832 3887
I 38938 3888
I 852775 3889
I 302755 3890
I 885267 3891
I 919683 3892
I 987492 3893
I 1027343 3894
I 412073 3895
I 692896 3896
I 543064 3897
I 304091 3898
I 195320 3899
I 419053 3900
I 426392 3901
I 611354 3902
I 153326 3903
I 572048 3904
I 299647 3905
I 592615 3906
I 321040 3907
I 506563 3908
I 1040523 3909
I 592931 3910
I 23985 3911
I 386718 3912
I 134513 3913
I 313982 3914
I 154120 3915
I 956908 3916
I 948135 3917
I 166662 3918
I 891861 3919
I 385502 3920
I 951387 3921
I 563802 3922
I 722240 3923
I 809868 3924
I 322144 3925
I 149558 3926
I 755405 3927
I 400012 3928
I 503114 3929
I 889849 3930
I 777904 3931
I 253436 3932
I 205156 3933
I 1011522 3934
I 554099 3935
I 598302 3936
I 836095 3937
I 1025907 3938
I 242500 3939
I 808694 3940
I 24788 3941
I 99067 3942
I 936868 3943
I 814891 3944
I 98870 3945
I 545048 3946
I 321324 3947
I 711082 3948
I 981005 3949
I 603693 3950
I 654355 3951
I 762357 3952
I 76723 3953
I 828816 3954
I 218388 3955
I 608121 3956
I 104372 3957
I 1047522 3958
I 824220 3959
I 333399 3960
I 394128 3961
I 578389 3962
I 1039362 3963
I 60023 3964
I 444238 3965
I 69790 3966
I 851986 3967
I 24152 3968
I 769700 3969
I 986095 3970
I 534537 3971
I 501394 3972
I 426352 3973
I 526727 3974
I 164287 3975
I 991467 3976
I 986878 3977
I 314719 3978
I 729133 3979
I 1022265 3980
I 534896 3981
I 4865 3982
I 100393 3983
I 837341 3984
I 278678 3985
I 370254 3986
I 59606 3987
I 946976 3988
I 623661 3989
I 16228 3990
I 636180 3991
I 100641 3992
I 527650 3993
I 561978 3994
I 727726 3995
I 358423 3996
I 989515 3997
I 660527 3998
I 125652 3999
I 780845 4000
I 819821 4001
I 41402 4002
I 921245 4003
I 133800 4004
I 901340 4005
I 477770 4006
I 738946 4007
I 340210 4008
I 478246 4009
I 994414 4010
I 353902 4011
I 822675 4012
I 454994 4013
I 518784 4014
I 963374 4015
I 786836 4016
I 9447 4017
I 886240 4018
I 825183 4019
I 251807 4020
I 618661 4021
I 703217 4022
I 994735 4023
I 484728 4024
I 666537 4025
I 891927 4026
I 424285 4027
I 442221 4028
I 3088 4029
I 592958 4030
I 678003 4031
I 739 4032
I 848658 4033
I 875559 4034
I 347442 4035
I 555825 4036
I 815609 4037
I 11444 4038
I 11084 4039
I 1005357 4040
I 542383 4041
I 511684 4042
I 752841 4043
I 367621 4044
I 1013744 4045
I 488370 4046
I 870746 4047
I 280650 4048
I 193851 4049
I 271572 4050
I 55568 4051
I 644546 4052
I 802018 4053
I 978169 4054
I 930767 4055
I 979023 4056
I 825082 4057
I 337938 4058
I 1019951 4059
I 379338 4060
I 360973 4061
I 987156 4062
I 655928 4063
I 919708 4064
I 357367 4065
I 461908 4066
I 233002 4067
I 942219 4068
I 448252 4069
I 829899 4070
I 397825 4071
I 618368 4072
I 233747 4073
I 793796 4074
I 409462 4075
I 983297 4076
I 980267 4077
I 713655 4078
I 764996 4079
I 769927 4080
I 10374 4081
I 169086 4082
I 98382 4083
I 545410 4084
I 618223 4085
I 465878 4086
I 879703 4087
I 747549 4088
I 579712 4089
I 786362 4090
I 410099 4091
I 160936 4092
I 790316 4093
I 1023974 4094
I 1016617 4095
F
D
F
D
F
D
F
D
F
D
F
D
F
D
F
D
F
D
F
D
F
D
F
D
F
D
F
D
F
D
F
D
F
D
F
D
F
D
F
D
F
D
F
D
F
D
F
D
F
D
F
D
F
D
F
D
F
D
F
D
F
D
F
D
F
D
F
D
F
D
F
D
F
D
F
D
F
D
F
D
F
D
F
D
F
D
F
D
F
D
F
D
F
D
F
D
F
D
F
D
F
D
F
D
F
D
F
D
F
D
F
D
F
D
F
D
F
D
F
D
F
D
F
D
F
D
F
D
F
D
F
D
F
D
F
D
F
D
F
D
F
D
F
D
F
D
F
D
F
D
F
D
F
D
F
D
F
D
F
D
F
D
F
D
F
D
F
D
F
D
F
D
F
D
F
D
F
D
F
D
F
D
F
D
F
D
F
D
F
D
F
D
F
D
F
D
F
D
F
D
F
D
F
D
F
D
F
D
F
D
F
D
F
D
F
D
F
D
F
D
F
D
F
D
F
D
F
D
F
D
F
D
F
D
F
D
F
D
F
D
F
D
F
D
F
D
F
D
F
D
F
D
F
D
F
D
F
D
F
D
F
D
F
D
F
D
F
D
F
D
F
D
F
D
F
D
F
D
F
D
F
D
F
D
F
D
F
D
F
D
F
D
F
D
F
D
F
D
F
D
F
D
F
D
F
D
F
D
F
D
F
D
F
D
F
D
F
D
F
D
F
D
F
D
F
D
F
D
F
D
F
D
F
D
F
D
F
D
F
D
F
D
F
D
F
D
F
D
F
D
F
D
F
D
F
D
F
D
F
D
F
D
F
D
F
D
F
D
F
D
F
D
F
D
F
D
F
D
F
D
F
D
F
D
F
D
F
D
F
D
F
D
F
D
F
D
F
D
F
D
F
D
F
D
F
D
F
D
F
D
F
D
F
D
F
D
F
D
F
D
F
D
F
D
F
D
F
D
F
D
F
D
F
D
F
D
F
D
F
D
F
D
F
D
F
D
F
D
F
D
F
D
F
D
F
D
F
D
F
D
F
D
F
D
F
D
F
D
F
D
F
D
F
D
F
D
F
D
F
D
F
D
F
D
F
D
F
D
F
D
F
D
F
D
F
D
F
D
F
D
F
D
F
D
F
D
F
D
F
D
F
D
F
D
F
D
F
D
F
D
F
D
F
D
F
D
F
D
F
D
F
D
F
D
F
D
F
D
F
D
F
D
F
D
F
D
F
D
F
D
F
D
F
D
F
D
F
D
F
D
F
D
F
D
F
D
F
D
F
D
F
D
F
D
F
D
F
D
F
D
F
D
F
D
F
D
F
D
F
D
F
D
F
D
F
D
F
D
F
D
F
D
F
D
F
D
F
D
F
D
F
D
F
D
F
D
F
D
F
D
F
D
F
D
F
D
F
D
F
D
F
D
F
D
F
D
F
D
F
D
F
D
F
D
F
D
F
D
F
D
F
D
F
D
F
D
F
D
F
D
F
D
F
D
F
D
F
D
F
D
F
D
F
D
F
D
F
D
F
D
F
D
F
D
F
D
F
D
F
D
F
D
F
D
F
D
F
D
F
D
F
D
F
D
F
D
F
D
F
D
F
D
F
D
F
D
F
D
F
D
F
D
F
D
F
D
F
D
F
D
F
D
F
D
F
D
F
D
F
D
F
D
F
D
F
D
F
D
F
D
F
D
F
D
F
D
F
D
F
D
F
D
F
D
F
D
F
D
F
D
F
D
F
D
F
D
F
D
F
D
F
D
F
D
F
D
F
D
F
D
F
D
F
D
F
D
F
D
F
D
F
D
F
D
F
D
F
D
F
D
F
D
F
D
F
D
F
D
F
D
F
D
F
D
F
D
F
D
F
D
F
D
F
D
F
D
F
D
F
D
F
D
F
D
F
D
F
D
F
D
F
D
F
D
F
D
F
D
F
D
F
D
F
D
F
D
F
D
F
D
F
D
F
D
F
D
F
D
F
D
F
D
F
D
F
D
F
D
F
D
F
D
F
D
F
D
F
D
F
D
F
D
F
D
F
D
F
D
F
D
F
D
F
D
F
D
F
D
F
D
F
D
F
D
F
D
F
D
F
D
F
D
F
D
F
D
F
D
F
D
F
D
F
D
F
D
F
D
F
D
F
D
F
D
F
D
F
D
F
D
F
D
F
D
F
D
F
D
F
D
F
D
F
D
F
D
F
D
F
D
F
D
F
D
F
D
F
D
F
D
F
D
F
D
F
D
F
D
F
D
F
D
F
D
F
D
F
D
F
D
F
D
F
D
F
D
F
D
F
D
F
D
F
D
F
D
F
D
F
D
F
D
F
D
F
D
F
D
F
D
F
D
F
D
F
D
F
D
F
D
F
D
F
D
F
D
F
D
F
D
F
D
F
D
F
D
F
D
F
D
F
D
F
D
F
D
F
D
F
D
F
D
F
D
F
D
F
D
F
D
F
D
F
D
F
D
F
D
F
D
F
D
F
D
F
D
F
D
F
D
F
D
F
D
F
D
F
D
F
D
F
D
F
D
F
D
F
D
F
D
F
D
F
D
F
D
F
D
F
D
F
D
F
D
F
D
F
D
F
D
F
D
F
D
F
D
F
D
F
D
F
D
F
D
F
D
F
D
F
D
F
D
F
D
F
D
F
D
F
D
F
D
F
D
F
D
F
D
F
D
F
D
F
D
F
D
F
D
F
D
F
D
F
D
F
D
F
D
F
D
F
D
F
D
F
D
F
D
F
D
F
D
F
D
F
D
F
D
F
D
F
D
F
D
F
D
F
D
F
D
F
D
F
D
F
D
F
D
F
D
F
D
F
D
F
D
F
D
F
D
F
D
F
D
F
D
F
D
F
D
F
D
F
D
F
D
F
D
F
D
F
D
F
D
F
D
F
D
F
D
F
D
F
D
F
D
F
D
F
D
F
D
F
D
F
D
F
D
F
D
F
D
F
D
F
D
F
D
F
D
F
D
F
D
F
D
F
D
F
D
F
D
F
D
F
D
F
D
F
D
F
D
F
D
F
D
F
D
F
D
F
D
F
D
F
D
F
D
F
D
F
D
F
D
F
D
F
D
F
D
F
D
F
D
F
D
F
D
F
D
F
D
F
D
F
D
F
D
F
D
F
D
F
D
F
D
F
D
F
D
F
D
F
D
F
D
F
D
F
D
F
D
F
D
F
D
F
D
F
D
F
D
F
D
F
D
F
D
F
D
F
D
F
D
F
D
F
D
F
D
F
D
F
D
F
D
F
D
F
D
F
D
F
D
F
D
F
D
F
D
F
D
F
D
F
D
F
D
F
D
F
D
F
D
F
D
F
D
F
D
F
D
F
D
F
D
F
D
F
D
F
D
F
D
F
D
F
D
F
D
F
D
F
D
F
D
F
D
F
D
F
D
F
D
F
D
F
D
F
D
F
D
F
D
F
D
F
D
F
D
F
D
F
D
F
D
F
D
F
D
F
D
F
D
F
D
F
D
F
D
F
D
F
D
F
D
F
D
F
D
F
D
F
D
F
D
F
D
F
D
F
D
F
D
F
D
F
D
F
D
F
D
F
D
F
D
F
D
F
D
F
D
F
D
F
D
F
D
F
D
F
D
F
D
F
D
F
D
F
D
F
D
F
D
F
D
F
D
F
D
F
D
F
D
F
D
F
D
F
D
F
D
F
D
F
D
F
D
F
D
F
D
F
D
F
D
F
D
F
D
F
D
F
D
F
D
F
D
F
D
F
D
F
D
F
D
F
D
F
D
F
D
F
D
F
D
F
D
F
D
F
D
F
D
F
D
F
D
F
D
F
D
F
D
F
D
F
D
F
D
F
D
F
D
F
D
F
D
F
D
F
D
F
D
F
D
F
D
F
D
F
D
F
D
F
D
F
D
F
D
F
D
F
D
F
D
F
D
F
D
F
D
F
D
F
D
F
D
F
D
F
D
F
D
F
D
F
D
F
D
F
D
F
D
F
D
F
D
F
D
F
D
F
D
F
D
F
D
F
D
F
D
F
D
F
D
F
D
F
D
F
D
F
D
F
D
F
D
F
D
F
D
F
D
F
D
F
D
F
D
F
D
F
D
F
D
F
D
F
D
F
D
F
D
F
D
F
D
F
D
F
D
F
D
F
D
F
D
F
D
F
D
F
D
F
D
F
D
F
D
F
D
F
D
F
D
F
D
F
D
F
D
F
D
F
D
F
D
F
D
F
D
F
D
F
D
F
D
F
D
F
D
F
D
F
D
F
D
F
D
F
D
F
D
F
D
F
D
F
D
F
D
F
D
F
D
F
D
F
D
F
D
F
D
F
D
F
D
F
D
F
D
F
D
F
D
F
D
F
D
F
D
F
D
F
D
F
D
F
D
F
D
F
D
F
D
F
D
F
D
F
D
F
D
F
D
F
D
F
D
F
D
F
D
F
D
F
D
F
D
F
D
F
D
F
D
F
D
F
D
F
D
F
D
F
D
F
D
F
D
F
D
F
D
F
D
F
D
F
D
F
D
F
D
F
D
F
D
F
D
F
D
F
D
F
D
F
D
F
D
F
D
F
D
F
D
F
D
F
D
F
D
F
D
F
D
F
D
F
D
F
D
F
D
F
D
F
D
F
D
F
D
F
D
F
D
F
D
F
D
F
D
F
D
F
D
F
D
F
D
F
D
F
D
F
D
F
D
F
D
F
D
F
D
F
D
F
D
F
D
F
D
F
D
F
D
F
D
F
D
F
D
F
D
F
D
F
D
F
D
F
D
F
D
F
D
F
D
F
D
F
D
F
D
F
D
F
D
F
D
F
D
F
D
F
D
F
D
F
D
F
D
F
D
F
D
F
D
F
D
F
D
F
D
F
D
F
D
F
D
F
D
F
D
F
D
F
D
F
D
F
D
F
D
F
D
F
D
F
D
F
D
F
D
F
D
F
D
F
D
F
D
F
D
F
D
F
D
F
D
F
D
F
D
F
D
F
D
F
D
F
D
F
D
F
D
F
D
F
D
F
D
F
D
F
D
F
D
F
D
F
D
F
D
F
D
F
D
F
D
F
D
F
D
F
D
F
D
F
D
F
D
F
D
F
D
F
D
F
D
F
D
F
D
F
D
F
D
F
D
F
D
F
D
F
D
F
D
F
D
F
D
F
D
F
D
F
D
F
D
F
D
F
D
F
D
F
D
F
D
F
D
F
D
F
D
F
D
F
D
F
D
F
D
F
D
F
D
F
D
F
D
F
D
F
D
F
D
F
D
F
D
F
D
F
D
F
D
F
D
F
D
F
D
F
D
F
D
F
D
F
D
F
D
F
D
F
D
F
D
F
D
F
D
F
D
F
D
F
D
F
D
F
D
F
D
F
D
F
D
F
D
F
D
F
D
F
D
F
D
F
D
F
D
F
D
F
D
F
D
F
D
F
D
F
D
F
D
F
D
F
D
F
D
F
D
F
D
F
D
F
D
F
D
F
D
F
D
F
D
F
D
F
D
F
D
F
D
F
D
F
D
F
D
F
D
F
D
F
D
F
D
F
D
F
D
F
D
F
D
F
D
F
D
F
D
F
D
F
D
F
D
F
D
F
D
F
D
F
D
F
D
F
D
F
D
F
D
F
D
F
D
F
D
F
D
F
D
F
D
F
D
F
D
F
D
F
D
F
D
F
D
F
D
F
D
F
D
F
D
F
D
F
D
F
D
F
D
F
D
F
D
F
D
F
D
F
D
F
D
F
D
F
D
F
D
F
D
F
D
F
D
F
D
F
D
F
D
F
D
F
D
F
D
F
D
F
D
F
D
F
D
F
D
F
D
F
D
F
D
F
D
F
D
F
D
F
D
F
D
F
D
F
D
F
D
F
D
F
D
F
D
F
D
F
D
F
D
F
D
F
D
F
D
F
D
F
D
F
D
F
D
F
D
F
D
F
D
F
D
F
D
F
D
F
D
F
D
F
D
F
D
F
D
F
D
F
D
F
D
F
D
F
D
F
D
F
D
F
D
F
D
F
D
F
D
F
D
F
D
F
D
F
D
F
D
F
D
F
D
F
D
F
D
F
D
F
D
F
D
F
D
F
D
F
D
F
D
F
D
F
D
F
D
F
D
F
D
F
D
F
D
F
D
F
D
F
D
F
D
F
D
F
D
F
D
F
D
F
D
F
D
F
D
F
D
F
D
F
D
F
D
F
D
F
D
F
D
F
D
F
D
F
D
F
D
F
D
F
D
F
D
F
D
F
D
F
D
F
D
F
D
F
D
F
D
F
D
F
D
F
D
F
D
F
D
F
D
F
D
F
D
F
D
F
D
F
D
F
D
F
D
F
D
F
D
F
D
F
D
F
D
F
D
F
D
F
D
F
D
F
D
F
D
F
D
F
D
F
D
F
D
F
D
F
D
F
D
F
D
F
D
F
D
F
D
F
D
F
D
F
D
F
D
F
D
F
D
F
D
F
D
F
D
F
D
F
D
F
D
F
D
F
D
F
D
F
D
F
D
F
D
F
D
F
D
F
D
F
D
F
D
F
D
F
D
F
D
F
D
F
D
F
D
F
D
F
D
F
D
F
D
F
D
F
D
F
D
F
D
F
D
F
D
F
D
F
D
F
D
F
D
F
D
F
D
F
D
F
D
F
D
F
D
F
D
F
D
F
D
F
D
F
D
F
D
F
D
F
D
F
D
F
D
F
D
F
D
F
D
F
D
F
D
F
D
F
D
F
D
F
D
F
D
F
D
F
D
F
D
F
D
F
D
F
D
F
D
F
D
F
D
F
D
F
D
F
D
F
D
F
D
F
D
F
D
F
D
F
D
F
D
F
D
F
D
F
D
F
D
F
D
F
D
F
D
F
D
F
D
F
D
F
D
F
D
F
D
F
D
F
D
F
D
F
D
F
D
F
D
F
D
F
D
F
D
F
D
F
D
F
D
F
D
F
D
F
D
F
D
F
D
F
D
F
D
F
D
F
D
F
D
F
D
F
D
F
D
F
D
F
D
F
D
F
D
F
D
F
D
F
D
F
D
F
D
F
D
F
D
F
D
F
D
F
D
F
D
F
D
F
D
F
D
F
D
F
D
F
D
F
D
F
D
F
D
F
D
F
D
F
D
F
D
F
D
F
D
F
D
F
D
F
D
F
D
F
D
F
D
F
D
F
D
F
D
F
D
F
D
F
D
F
D
F
D
F
D
F
D
F
D
F
D
F
D
F
D
F
D
F
D
F
D
F
D
F
D
F
D
F
D
F
D
F
D
F
D
F
D
F
D
F
D
F
D
F
D
F
D
F
D
F
D
F
D
F
D
F
D
F
D
F
D
F
D
F
D
F
D
F
D
F
D
F
D
F
D
F
D
F
D
F
D
F
D
F
D
F
D
F
D
F
D
F
D
F
D
F
D
F
D
F
D
F
D
F
D
F
D
F
D
F
D
F
D
F
D
F
D
F
D
F
D
F
D
F
D
F
D
F
D
F
D
F
D
F
D
F
D
F
D
F
D
F
D
F
D
F
D
F
D
F
D
F
D
F
D
F
D
F
D
F
D
F
D
F
D
F
D
F
D
F
D
F
D
F
D
F
D
F
D
F
D
F
D
F
D
F
D
F
D
F
D
F
D
F
D
F
D
F
D
F
D
F
D
F
D
F
D
F
D
F
D
F
D
F
D
F
D
F
D
F
D
F
D
F
D
F
D
F
D
F
D
F
D
F
D
F
D
F
D
F
D
F
D
F
D
F
D
F
D
F
D
F
D
F
D
F
D
F
D
F
D
F
D
F
D
F
D
F
D
F
D
F
D
F
D
F
D
F
D
F
D
F
D
F
D
F
D
F
D
F
D
F
D
F
D
F
D
F
D
F
D
F
D
F
D
F
D
F
D
F
D
F
D
F
D
F
D
F
D
F
D
F
D
F
D
F
D
F
D
F
D
F
D
F
D
F
D
F
D
F
D
F
D
F
D
F
D
F
D
F
D
F
D
F
D
F
D
F
D
F
D
F
D
F
D
F
D
F
D
F
D
F
D
F
D
F
D
F
D
F
D
F
D
F
D
F
D
F
D
F
D
F
D
F
D
F
D
F
D
F
D
F
D
F
D
F
D
F
D
F
D
F
D
F
D
F
D
F
D
F
D
F
D
F
D
F
D
F
D
F
D
F
D
F
D
F
D
F
D
F
D
F
D
F
D
F
D
F
D
F
D
F
D
F
D
F
D
F
D
F
D
F
D
F
D
F
D
F
D
F
D
F
D
F
D
F
D
F
D
F
D
F
D
F
D
F
D
F
D
F
D
F
D
F
D
F
D
F
D
F
D
F
D
F
D
F
D
F
D
F
D
F
D
F
D
F
D
F
D
F
D
F
D
F
D
F
D
F
D
F
D
F
D
F
D
F
D
F
D
F
D
F
D
F
D
F
D
F
D
F
D
F
D
F
D
F
D
F
D
F
D
F
D
F
D
F
D
F
D
F
D
F
D
F
D
F
D
F
D
F
D
F
D
F
D
F
D
F
D
F
D
F
D
F
D
F
D
F
D
F
D
F
D
F
D
F
D
F
D
F
D
F
D
F
D
F
D
F
D
F
D
F
D
F
D
F
D
F
D
F
D
F
D
F
D
F
D
F
D
F
D
F
D
F
D
F
D
F
D
F
D
F
D
F
D
F
D
F
D
F
D
F
D
F
D
F
D
F
D
F
D
F
D
F
D
F
D
F
D
F
D
F
D
F
D
F
D
F
D
F
D
F
D
F
D
F
D
F
D
F
D
F
D
F
D
F
D
F
D
F
D
F
D
F
D
F
D
F
D
F
D
F
D
F
D
F
D
F
D
F
D
F
D
F
D
F
D
F
D
F
D
F
D
F
D
F
D
F
D
F
D
F
D
F
D
F
D
F
D
F
D
F
D
F
D
F
D
F
D
F
D
F
D
F
D
F
D
F
D
F
D
F
D
F
D
F
D
F
D
F
D
F
D
F
D
F
D
F
D
F
D
F
D
F
D
F
D
F
D
F
D
F
D
F
D
F
D
F
D
F
D
F
D
F
D
F
D
F
D
F
D
F
D
F
D
F
D
F
D
F
D
F
D
F
D
F
D
F
D
F
D
F
D
F
D
F
D
F
D
F
D
F
D
F
D
F
D
F
D
F
D
F
D
F
D
F
D
F
D
F
D
F
D
F
D
F
D
F
D
F
D
F
D
F
D
F
D
F
D
F
D
F
D
F
D
F
D
F
D
F
D
F
D
F
D
F
D
F
D
F
D
F
D
F
D
F
D
F
D
F
D
F
D
F
D
F
D
F
D
F
D
F
D
F
D
F
D
F
D
F
D
F
D
F
D
F
D
F
D
F
D
F
D
F
D
F
D
F
D
F
D
F
D
F
D
F
D
F
D
F
D
F
D
F
D
F
D
F
D
F
D
F
D
F
D
F
D
F
D
F
D
F
D
F
D
F
D
F
D
F
D
F
D
F
D
F
D
F
D
F
D
F
D
F
D
F
D
F
D
F
D
F
D
F
D
F
D
F
D
F
D
F
D
F
D
F
D
F
D
F
D
F
D
F
D
F
D
F
D
F
D
F
D
F
D
F
D
F
D
F
D
F
D
F
D
F
D
F
D
F
D
F
D
F
D
F
D
F
D
F
D
F
D
F
D
F
D
F
D
F
D
F
D
F
D
F
D
F
D
F
D
F
D
F
D
F
D
F
D
F
D
F
D
F
D
F
D
F
D
F
D
F
D
F
D
F
D
F
D
F
D
F
D
F
D
F
D
F
D
F
D
F
D
F
D
F
D
F
D
F
D
F
D
F
D
F
D
F
D
F
D
F
D
F
D
F
D
F
D
F
D
F
D
F
D
F
D
F
D
F
D
F
D
F
D
F
D
F
D
F
D
F
D
F
D
F
D
F
D
F
D
F
D
F
D
F
D
F
D
F
D
F
D
F
D
F
D
F
D
F
D
F
D
F
D
F
D
F
D
F
D
F
D
F
D
F
D
F
D
F
D
F
D
F
D
F
D
F
D
F
D
F
D
F
D
F
D
F
D
F
D
F
D
F
D
F
D
F
D
F
D
F
D
F
D
F
D
F
D
F
D
F
D
F
D
F
D
F
D
F
D
F
D
F
D
F
D
F
D
F
D
F
D
F
D
F
D
F
D
F
D
F
D
F
D
F
D
F
D
F
D
F
D
F
D
F
D
F
D
F
D
F
D
F
D
F
D
F
D
F
D
F
D
F
D
F
D
F
D
F
D
F
D
F
D
F
D
F
D
F
D
F
D
F
D
F
D
F
D
F
D
F
D
F
D
F
D
F
D
F
D
F
D
F
D
F
D
F
D
F
D
F
D
F
D
F
D
F
D
F
D
F
D
F
D
F
D
F
D
F
D
F
D
F
D
F
D
F
D
F
D
F
D
F
D
F
D
F
D
F
D
F
D
F
D
F
D
F
D
F
D
F
D
F
D
F
D
F
D
F
D
F
D
F
D
F
D
F
D
F
D
F
D
F
D
F
D
F
D
F
D
F
D
F
D
F
D
F
D
F
D
F
D
F
D
F
D
F
D
F
D
F
D
F
D
F
D
F
D
F
D
F
D
F
D
F
D
F
D
F
D
F
D
F
D
F
D
F
D
F
D
F
D
F
D
F
D
F
D
F
D
F
D
F
D
F
D
F
D
F
D
F
D
F
D
F
D
F
D
F
D
F
D
F
D
F
D
F
D
F
D
F
D
F
D
F
D
F
D
F
D
F
D
F
D
F
D
F
D
F
D
F
D
F
D
F
D
F
D
F
D
F
D
F
D
F
D
F
D
F
D
F
D
F
D
F
D
F
D
F
D
F
D
F
D
F
D
F
D
F
D
F
D
F
D
F
D
F
D
F
D
F
D
F
D
F
D
F
D
F
D
F
D
F
D
F
D
F
D
F
D
F
D
F
D
F
D
F
D
F
D
F
D
F
D
F
D
F
D
F
D
F
D
F
D
F
D
F
D
F
D
F
D
F
D
F
D
F
D
F
D
F
D
F
D
F
D
F
D
F
D
F
D
F
D
F
D
F
D
F
D
F
D
F
D
F
D
F
D
F
D
F
D
F
D
F
D
F
D
F
D
F
D
F
D
F
D
F
D
F
D
F
D
F
D
F
D
F
D
F
D
F
D
F
D
F
D
F
D
F
D
F
D
F
D
F
D
F
D
F
D
F
D
F
D
F
D
F
D
F
D
F
D
F
D
F
D
F
D
F
D
F
D
F
D
F
D
F
D
F
D
F
D
F
D
F
D
F
D
F
D
F
D
F
D
F
D
F
D
F
D
F
D
F
D
F
D
F
D
F
D
F
D
F
D
F
D
F
D
F
D
F
D
F
D
F
D
F
D
F
D
F
D
F
D
F
D
F
D
F
D
F
D
F
D
F
D
F
D
F
D
F
D
F
D
F
D
F
D
F
D
F
D
F
D
F
D
F
D
F
D
F
D
F
D
F
D
F
D
F
D
F
D
F
D
F
D
F
D
F
D
F
D
F
D
F
D
F
D
F
D
F
D
F
D
F
D
F
D
F
D
F
D
F
D
F
D
F
D
F
D
F
D
F
D
F
D
F
D
F
D
F
D
F
D
F
D
F
D
F
D
F
D
F
D
F
D
F
D
F
D
F
D
F
D
F
D
F
D
F
D
F
D
F
D
F
D
F
D
F
D
F
D
F
D
F
D
F
D
F
D
F
D
F
D
F
D
F
D
F
D
F
D
F
D
F
D
F
D
F
D
F
D
F
D
F
D
F
D
F
D
F
D
F
D
F
D
F
D
F
D
F
D
F
D
F
D
F
D
F
D
F
D
F
D
F
D
F
D
F
D
F
D
F
D
F
D
F
D
F
D
F
D
F
D
F
D
F
D
F
D
F
D
F
D
F
D
F
D
F
D
F
D
F
D
F
D
F
D
F
D
F
D
F
D
F
D
F
D
F
D
F
D
F
D
F
D
F
D
F
D
F
D
F
D
F
D
F
D
F
D
F
D
F
D
F
D
F
D
F
D
F
D
F
D
F
D
F
D
F
D
F
D
F
D
F
D
F
D
F
D
F
D
F
D
F
D
F
D
F
D
F
D
F
D
F
D
F
D
F
D
F
D
F
D
F
D
F
D
F
D
F
D
F
D
F
D
F
D
F
D
F
D
F
D
F
D
F
D
F
D
F
D
F
D
F
D
F
D
F
D
F
D
F
D
F
D
F
D
F
D
F
D
F
D
F
D
F
D
F
D
F
D
F
D
F
D
F
D
F
D
F
D
F
D
F
D
F
D
F
D
F
D
F
D
F
D
F
D
F
D
F
D
F
D
F
D
F
D
F
D
F
D
F
D
F
D
F
D
F
D
F
D
F
D
F
D
F
D
F
D
F
D
F
D
F
D
F
D
F
D
F
D
F
D
F
D
F
D
F
D
F
D
F
D
F
D
F
D
F
D
F
D
F
D
F
D
F
D
F
D
F
D
F
D
F
D
F
D
F
D
F
D
F
D
F
D
F
D
F
D
F
D
F
D
F
D
F
D
F
D
F
D
F
D
F
D
F
D
F
D
F
D
F
D
F
D
F
D
F
D
F
D
F
D
F
D
F
D
F
D
F
D
F
D
F
D
F
D
F
D
F
D
F
D
F
D
F
D
F
D
F
D
F
D
F
D
F
D
F
D
F
D
F
D
F
D
F
D
F
D
F
D
F
D
F
D
F
D
F
D
F
D
F
D
F
D
F
D
F
D
F
D
F
D
F
D
F
D
F
D
F
D
F
D
F
D
F
D
F
D
F
D
F
D
F
D
F
D
F
D
F
D
F
D
F
D
F
D
F
D
F
D
F
D
F
D
F
D
F
D
F
D
F
D
F
D
F
D
F
D
F
D
F
D
F
D
F
D
F
D
F
D
F
D
F
D
F
D
F
D
F
D
F
D
F
D
F
D
F
D
F
D
F
D
F
D
F
D
F
D
F
D
F
D
F
D
F
D
F
D
F
D
F
D
F
D
F
D
F
D
F
D
F
D
F
D
F
D
F
D
F
D
F
D
F
D
F
D
F
D
F
D
F
D
F
D
F
D
F
D
F
D
F
D
F
D
F
D
F
D
F
D
F
D
F
D
F
D
F
D
F
D
F
D
F
D
F
D
F
D
F
D
F
D
F
D
F
D
F
D
F
D
F
D
F
D
F
D
F
D
F
D
F
D
F
D
F
D
F
D
F
D
F
D
F
D
F
D
F
D
F
D
F
D
F
D
F
D
F
D
F
D
F
D
F
D
F
D
F
D
F
D
F
D
F
D
F
D
F
D
F
D
F
D
F
D
F
D
F
D
F
D
F
D
F
D
F
D
F
D
F
D
F
D
F
D
F
D
F
D
F
D
F
D
F
D
F
D
F
D
F
D
F
D
F
D
F
D
F
D
F
D
F
D
F
D
F
D
F
D
F
D
F
D
F
D
F
D
F
D
F
D
F
D
F
D
F
D
F
D
F
D
F
D
F
D
F
D
F
D
F
D
F
D
F
D
F
D
F
D
F
D
F
D
F
D
F
D
F
D
F
D
F
D
F
D
F
D
F
D
F
D
F
D
F
D
F
D
F
D
F
D
F
D
F
D
F
D
F
D
F
D
F
D
F
D
F
D
F
D
F
D
F
D
F
D
F
D
F
D
F
D
F
D
F
D
F
D
F
D
F
D
F
D
F
D
F
D
F
D
F
D
F
D
F
D
F
D
F
D
F
D
F
D
F
D
F
D
F
D
F
D
F
D
F
D
F
D
F
D
F
D
F
D
F
D
F
D
F
D
F
D
F
D
F
D
F
D
F
D
F
D
F
D
F
D
F
D
F
D
F
D
F
D
F
D
F
D
F
D
F
D
F
D
F
D
F
D
F
D
F
D
F
D
F
D
F
D
F
D
F
D
F
D
F
D
F
D
F
D
F
D
F
D
F
D
F
D
F
D
F
D
F
D
F
D
F
D
F
D
F
D
F
D
F
D
F
D
F
D
F
D
F
D
F
D
F
D
F
D
F
D
F
D
F
D
F
D
F
D
F
D
F
D
F
D
F
D
F
D
F
D
F
D
F
D
F
D
F
D
F
D
F
D
F
D
F
D
F
D
F
D
F
D
F
D
F
D
F
D
F
D
F
D
F
D
F
D
F
D
F
D
F
D
F
D
F
D
F
D
F
D
F
D
F
D
F
D
F
D
F
D
F
D
F
D
F
D
F
D
F
D
F
D
F
D
F
D
F
D
F
D
F
D
F
D
F
D
F
D
F
D
F
D
F
D
F
D
F
D
F
D
F
D
F
D
F
D
F
D
F
D
F
D
F
D
F
D
F
D
F
D
F
D
F
D
F
D
F
D
F
D
F
D
F
D
F
D
F
D
F
D
F
D
F
D
F
D
F
D
F
D
F
D
F
D
F
D
F
D
F
D
F
D
F
D
F
D
F
D
F
D
F
D
F
D
F
D
F
D
F
D
F
D
F
D
F
D
F
D
F
D
F
D
F
D
F
D
F
D
F
D
F
D
F
D
F
D
F
D
F
D
F
D
F
D
F
D
F
D
F
D
F
D
F
D
F
D
F
D
F
D
F
D
F
D
F
D
F
D
F
D
F
D
F
D
F
D
F
D
F
D
F
D
F
D
F
D
F
D
F
D
F
D
F
D
F
D
F
D
F
D
F
D
F
D
F
D
F
D
F
D
F
D
F
D
F
D
F
D
F
D
F
D
F
D
F
D
F
D
F
D
F
D
F
D
F
D
F
D
F
D
F
D
F
D
F
D
F
D
F
D
F
D
F
D
F
D
F
D
F
D
F
D
F
D
F
D
F
D
F
D
F
D
F
D
F
D
F
D
F
D
F
D
F
D
F
D
F
D
F
D
F
D
F
D
F
D
F
D
F
D
F
D
F
D
F
D
F
D
F
D
F
D
F
D
F
D
F
D
F
D
F
D
F
D
F
D
F
D
F
D
F
D
F
D
F
D
F
D
F
D
F
D
F
D
F
D
F
D
F
D
F
D
F
D
F
D
F
D
F
D
F
D
F
D
F
D
F
D
F
D
F
D
F
D
F
D
F
D
F
D
F
D
F
D
F
D
F
D
F
D
F
D
F
D
F
D
F
D
F
D
F
D
F
D
F
D
F
D
F
D
F
D
F
D
F
D
F
D
F
D
F
D
F
D
F
D
F
D
F
D
F
D
F
D
F
D
F
D
F
D
F
D
F
D
F
D
F
D
F
D
F
D
F
D
F
D
F
D
F
D
F
D
F
D
F
D
F
D
F
D
F
D
F
D
F
D
F
D
F
D
F
D
F
D
F
D
F
D
F
D
F
D
F
D
F
D
F
D
F
D
F
D
F
D
F
D
F
D
F
D
F
D
F
D
F
D
F
D
F
D
F
D
F
D
F
D
F
D
F
D
F
D
F
D
F
D
F
D
F
D
F
D
F
D
F
D
F
D
F
D
F
D
F
D
F
D
F
D
F
D
F
D
F
D
F
D
F
D
F
D
F
D
F
D
F
D
F
D
F
D
F
D
F
D
F
D
F
D
F
D
F
D
F
D
F
D
F
D
F
D
F
D
F
D
F
D
F
D
F
D
F
D
F
D
F
D
F
D
F
D
F
D
F
D
F
D
F
D
F
D
F
D
F
D
F
D
F
D
F
D
F
D
F
D
F
D
F
D
F
D
F
D
F
D
F
D
F
D
F
D
F
D
F
D
F
D
F
D
F
D
F
D
F
D
F
D
F
D
F
D
F
D
F
D
F
D
F
D
F
D
F
D
F
D
F
D
F
D
F
D
F
D
F
D
F
D
F
D
F
D
F
D
F
D
F
D
F
D
F
D
F
D
F
D
F
D
F
D
F
D
F
D
F
D
F
D
F
D
F
D
F
D
F
D
F
D
F
D
F
D
F
D
F
D
F
D
F
D
F
D
F
D
F
D
F
D
F
D
F
D
F
D
F
D
F
D
F
D
F
D
F
D
F
D
F
D
F
D
F
D
F
D
F
D
F
D
F
D
F
D
F
D
F
D
F
D
F
D
F
D
F
D
F
D
F
D
F
D
F
D
F
D
F
D
F
D
F
D
F
D
F
D
F
D
F
D
F
D
F
D
F
D
F
D
F
D
F
D
F
D
F
D
F
D
F
D
F
D
F
D
F
D
F
D
F
D
F
D
F
D
F
D
F
D
F
D
F
D
F
D
F
D
F
D
F
D
F
D
F
D
F
D
F
D
F
D
F
D
F
D
F
D
F
D
F
D
F
D
F
D
F
D
F
D
F
D
F
D
F
D
F
D
F
D
F
D
F
D
F
D
F
D
F
D
F
D
F
D
F
D
F
D
F
D
F
D
F
D
F
D
F
D
F
D
F
D
F
D
F
D
F
D
F
D
F
D
F
D
F
D
F
D
F
D
F
D
F
D
F
D
F
D
F
D
F
D
F
D
F
D
F
D
F
D
F
D
F
D
F
D
F
D
F
D
F
D
F
D
F
D
F
D
F
D
F
D
F
D
F
D
F
D
F
D
F
D
F
D
F
D
F
D
F
D
F
D
F
D
F
D
F
D
F
D
F
D
F
D
F
D
F
D
F
D
F
D
F
D
F
D
F
D
F
D
F
D
F
D
F
D
F
D
F
D
F
D
F
D
F
D
F
D
F
D
F
D
F
D
F
D
F
D
F
D
F
D
F
D
F
D
F
D
F
D
F
D
F
D
F
D
F
D
F
D
F
D
F
D
F
D
F
D
F
D
F
D
F
D
F
D
F
D
F
D
F
D
F
D
F
D
F
D
F
D
F
D
F
D
F
D
F
D
F
D
F
D
F
D
F
D
F
D
F
D
F
D
F
D
F
D
F
D
F
D
F
D
F
D
F
D
F
D
F
D
F
D
F
D
F
D
F
D
F
D
F
D
F
D
F
D
F
D
F
D
F
D
F
D
F
D
F
D
F
D
F
D
F
D
F
D
F
D
F
D
F
D
F
D
F
D
F
D
F
D
F
D
F
D
F
D
F
D
F
D
F
D
F
D
F
D
F
D
F
D
F
D
F
D
F
D
F
D
F
D
F
D
F
D
F
D
F
D
F
D
F
D
F
D
F
D
F
D
F
D
F
D
F
D
F
D
F
D
F
D
F
D
F
D
F
D
F
D
F
D
F
D
F
D
F
D
F
D
F
D
F
D
F
D
F
D
F
D
F
D
F
D
F
D
F
D
F
D
F
D
F
D
F
D
F
D
F
D
F
D
F
D
F
D
F
D
F
D
F
D
F
D
F
D
F
D
F
D
F
D
F
D
F
D
F
D
F
D
F
D
F
D
F
D
F
D
F
D
F
D
F
D
F
D
F
D
F
D
F
D
F
D
F
D
F
D
F
D
F
D
F
D
F
D
F
D
F
D
F
D
F
D
F
D
F
D
F
D
F
D
F
D
F
D
F
D
F
D
F
D
F
D
F
D
F
D
F
D
F
D
F
D
F
D
F
D
F
D
F
D
F
D
F
D
F
D
F
D
F
D
F
D
F
D
F
D
F
D
F
D
F
D
F
D
F
D
F
D
F
D
F
D
F
D
F
D
F
D
F
D
F
D
F
D
F
D
F
D
F
D
F
D
F
D
F
D
F
D
F
D
F
D
F
D
F
D
F
D
F
D
F
D
F
D
F
D
F
D
F
D
F
D
F
D
F
D
F
D
F
D
F
D
F
D
F
D
F
D
F
D
F
D
F
D
F
D
F
D
F
D
F
D
F
D
F
D
F
D
F
D
F
D
F
D
F
D
F
D
F
D
F
D
F
D
F
D
F
D
F
D
F
D
F
D
F
D
F
D
F
D
F
D
F
D
F
D
F
D
F
D
F
D
F
D
F
D
F
D
F
D
F
D
F
D
F
D
F
D
F
D
F
D
F
D
F
D
F
D
F
D
F
D
F
D
F
D
F
D
F
D
F
D
F
D
F
D
F
D
F
D
F
D
F
D
F
D
F
D
F
D
F
D
F
D
F
D
F
D
F
D
F
D
F
D
F
D
F
D
F
D
F
D
F
D
F
D
F
D
F
D
F
D
F
D
F
D
F
D
F
D
F
D
F
D
F
D
F
D
F
D
F
D
F
D
F
D
F
D
F
D
F
D
F
D
F
D
F
D
F
D
F
D
F
D
F
D
F
D
F
D
F
D
F
D
F
D
F
D
F
D
F
D
F
D
F
D
F
D
F
D
F
D
F
D
F
D
F
D
F
D
F
D
F
D
F
D
F
D
F
D
F
D
F
D
F
D
F
D
F
D
F
D
F
D
F
D
F
D
F
D
F
D
F
D
F
D
F
D
F
D
F
D
F
D
F
D
F
D
F
D
F
D
F
D
F
D
F
D
F
D
F
D
F
D
F
D
F
D
F
D
F
D
F
D
F
D
F
D
F
D
F
D
F
D
F
D
F
D
F
D
F
D
