batch_then_drain 4096 404
I 701314 0
I 443362 1
I 367748 2
I 978126 3
I 936490 4
I 92314 5
I 291542 6
I 14516 7
I 55037 8
I 842837 9
I 962479 10
I 270401 11
I 495098 12
I 1043636 13
I 6551 14
I 904057 15
I 511712 16
I 501911 17
I 881986 18
I 67579 19
I 807355 20
I 652590 21
I 363555 22
I 1006980 23
I 376373 24
I 929078 25
I 762614 26
I 550482 27
I 694408 28
I 663739 29
I 630090 30
I 887684 31
I 759484 32
I 831326 33
I 733577 34
I 103902 35
I 18319 36
I 139192 37
I 732314 38
I 321503 39
I 307917 40
I 499435 41
I 1032495 42
I 795370 43
I 909419 44
I 298302 45
I 777350 46
I 939511 47
I 371730 48
I 984075 49
I 310230 50
I 289668 51
I 26603 52
I 400588 53
I 167899 54
I 498744 55
I 858923 56
I 72790 57
I 158892 58
I 941428 59
I 761163 60
I 476478 61
I 10299 62
I 694060 63
I 735506 64
I 53279 65
I 240452 66
I 1024465 67
I 1037060 68
I 859878 69
I 609794 70
I 903830 71
I 792237 72
I 167559 73
I 40047 74
I 578631 75
I 255494 76
I 511809 77
I 127787 78
I 120880 79
I 550872 80
I 846617 81
I 1017551 82
I 243643 83
I 66412 84
I 729383 85
I 376972 86
I 324508 87
I 306483 88
I 992853 89
I 949802 90
I 341660 91
I 1004837 92
I 806947 93
I 352608 94
I 999643 95
I 489256 96
I 239665 97
I 758216 98
I 458177 99
I 775737 100
I 87399 101
I 727380 102
I 58835 103
I 367690 104
I 42715 105
I 53373 106
I 243682 107
I 635932 108
I 422928 109
I 689630 110
I 535560 111
I 1048495 112
I 431180 113
I 196960 114
I 477915 115
I 896808 116
I 381442 117
I 238323 118
I 578123 119
I 453397 120
I 730746 121
I 769825 122
I 397658 123
I 210070 124
I 527042 125
I 422054 126
I 614872 127
I 546994 128
I 501507 129
I 715793 130
I 809660 131
I 525756 132
I 531842 133
I 107874 134
I 246721 135
I 155431 136
I 867838 137
I 324995 138
I 205163 139
I 93417 140
I 732441 141
I 887091 142
I 689776 143
I 732880 144
I 301038 145
I 279240 146
I 912994 147
I 641905 148
I 231772 149
I 572393 150
I 661921 151
I 801390 152
I 356694 153
I 221671 154
I 290821 155
I 1016492 156
I 157011 157
I 886164 158
I 681063 159
I 1024326 160
I 414109 161
I 375951 162
I 395579 163
I 241074 164
I 535516 165
I 948227 166
I 955253 167
I 570084 168
I 456873 169
I 201914 170
I 7328 171
I 551640 172
I 308269 173
I 263346 174
I 745494 175
I 626910 176
I 335073 177
I 500822 178
I 640819 179
I 231139 180
I 660476 181
I 385568 182
I 900765 183
I 517994 184
I 1020147 185
I 39624 186
I 15912 187
I 542104 188
I 739484 189
I 144732 190
I 214753 191
I 10201 192
I 381937 193
I 364607 194
I 317067 195
I 551876 196
I 590768 197
I 490335 198
I 262929 199
I 326270 200
I 471472 201
I 610230 202
I 417477 203
I 460703 204
I 635793 205
I 692326 206
I 849216 207
I 65148 208
I 1005761 209
I 917844 210
I 652916 211
I 779580 212
I 285417 213
I 850628 214
I 852661 215
I 683662 216
I 933008 217
I 552863 218
I 350101 219
I 519022 220
I 165594 221
I 629907 222
I 369590 223
I 209508 224
I 681868 225
I 391452 226
I 784864 227
I 894394 228
I 459869 229
I 888605 230
I 639423 231
I 901315 232
I 230839 233
I 337108 234
I 833763 235
I 792213 236
I 1033178 237
I 979329 238
I 471114 239
I 206757 240
I 585621 241
I 454664 242
I 446076 243
I 234515 244
I 390489 245
I 215254 246
I 152656 247
I 107033 248
I 643579 249
I 715925 250
I 207497 251
I 776693 252
I 491494 253
I 265934 254
I 294592 255
I 673616 256
I 234294 257
I 79061 258
I 84463 259
I 1463 260
I 280542 261
I 575240 262
I 659737 263
I 1038985 264
I 33658 265
I 6584 266
I 928928 267
I 718677 268
I 976044 269
I 818404 270
I 572792 271
I 659502 272
I 673912 273
I 191784 274
I 1029626 275
I 121217 276
I 658827 277
I 357498 278
I 985409 279
I 422914 280
I 48203 281
I 319613 282
I 992572 283
I 473431 284
I 304884 285
I 1046893 286
I 219508 287
I 501700 288
I 24977 289
I 496118 290
I 529389 291
I 593937 292
I 825920 293
I 1040904 294
I 357726 295
I 705364 296
I 933007 297
I 282673 298
I 76022 299
I 277309 300
I 334494 301
I 1043395 302
I 571686 303
I 83304 304
I 48242 305
I 939994 306
I 657239 307
I 583373 308
I 744369 309
I 305468 310
I 635436 311
I 178912 312
I 17897 313
I 601906 314
I 791994 315
I 796731 316
I 443870 317
I 67812 318
I 243628 319
I 682771 320
I 188078 321
I 726540 322
I 495397 323
I 551146 324
I 555526 325
I 295030 326
I 1030965 327
I 183602 328
I 669316 329
I 472535 330
I 551335 331
I 244693 332
I 229462 333
I 846519 334
I 43823 335
I 629297 336
I 301261 337
I 551669 338
I 977471 339
I 950541 340
I 929991 341
I 664755 342
I 919078 343
I 567522 344
I 229356 345
I 554611 346
I 1041796 347
I 607625 348
I 602216 349
I 641153 350
I 957133 351
I 681601 352
I 78728 353
I 962106 354
I 415340 355
I 728873 356
I 487335 357
I 89570 358
I 799240 359
I 449824 360
I 165141 361
I 24124 362
I 676210 363
I 172227 364
I 704236 365
I 893324 366
I 539363 367
I 385922 368
I 17829 369
I 313584 370
I 674353 371
I 462483 372
I 917193 373
I 680295 374
I 644788 375
I 705246 376
I 178591 377
I 914590 378
I 934085 379
I 1012838 380
I 340022 381
I 1026517 382
I 520720 383
I 931183 384
I 799632 385
I 993839 386
I 139518 387
I 321247 388
I 405478 389
I 799907 390
I 299340 391
I 422626 392
I 394383 393
I 639698 394
I 2327 395
I 777179 396
I 569283 397
I 13299 398
I 224159 399
I 945682 400
I 500806 401
I 67782 402
I 406512 403
I 326640 404
I 373611 405
I 318715 406
I 318583 407
I 1017820 408
I 298902 409
I 65396 410
I 248072 411
I 519153 412
I 442400 413
I 825824 414
I 183766 415
I 480590 416
I 959229 417
I 713143 418
I 108159 419
I 575669 420
I 417533 421
I 990346 422
I 821494 423
I 144149 424
I 90154 425
I 514748 426
I 52372 427
I 642240 428
I 470990 429
I 108683 430
I 677804 431
I 694424 432
I 375039 433
I 636789 434
I 373140 435
I 759019 436
I 263326 437
I 201515 438
I 355638 439
I 287638 440
I 659948 441
I 545112 442
I 356010 443
I 226305 444
I 550565 445
I 890168 446
I 601007 447
I 786363 448
I 957257 449
I 121129 450
I 598947 451
I 948588 452
I 685574 453
I 739673 454
I 418844 455
I 465040 456
I 50640 457
I 797934 458
I 887173 459
I 605912 460
I 845534 461
I 905833 462
I 476882 463
I 523075 464
I 596141 465
I 939076 466
I 323393 467
I 222182 468
I 690291 469
I 951550 470
I 102845 471
I 666372 472
I 1032516 473
I 621088 474
I 156919 475
I 400536 476
I 139362 477
I 350733 478
I 330355 479
I 610515 480
I 439245 481
I 190050 482
I 284809 483
I 367758 484
I 526972 485
I 27883 486
I 926894 487
I 646447 488
I 682970 489
I 897623 490
I 892002 491
I 209549 492
I 182667 493
I 850834 494
I 562042 495
I 611465 496
I 400210 497
I 566253 498
I 484828 499
I 577324 500
I 1039696 501
I 398515 502
I 849535 503
I 707219 504
I 735605 505
I 678627 506
I 556406 507
I 659087 508
I 29080 509
I 400741 510
I 799099 511
I 923740 512
I 385878 513
I 511038 514
I 610002 515
I 147877 516
I 176188 517
I 662556 518
I 774513 519
I 653523 520
I 643806 521
I 398326 522
I 53005 523
I 585204 524
I 548888 525
I 51791 526
I 439682 527
I 321069 528
I 101820 529
I 186590 530
I 21599 531
I 92801 532
I 881482 533
I 768595 534
I 247554 535
I 171465 536
I 299991 537
I 976968 538
I 747828 539
I 983426 540
I 70425 541
I 137354 542
I 131545 543
I 930563 544
I 769623 545
I 461228 546
I 992607 547
I 760699 548
I 612861 549
I 556540 550
I 304581 551
I 43023 552
I 843676 553
I 873640 554
I 820074 555
I 62410 556
I 630545 557
I 202855 558
I 752448 559
I 707090 560
I 1008102 561
I 956554 562
I 168598 563
I 231636 564
I 769583 565
I 163311 566
I 330777 567
I 712468 568
I 599354 569
I 730037 570
I 256183 571
I 780284 572
I 815911 573
I 507659 574
I 77153 575
I 774021 576
I 281454 577
I 494045 578
I 969173 579
I 636517 580
I 618263 581
I 22856 582
I 410097 583
I 331996 584
I 1018861 585
I 466377 586
I 314453 587
I 496453 588
I 698502 589
I 15320 590
I 1020169 591
I 786635 592
I 465639 593
I 567214 594
I 584777 595
I 556392 596
I 988901 597
I 746511 598
I 445423 599
I 320364 600
I 426358 601
I 56064 602
I 1014348 603
I 257081 604
I 408823 605
I 202624 606
I 148905 607
I 13427 608
I 341710 609
I 316262 610
I 454186 611
I 665885 612
I 1014894 613
I 1000141 614
I 270208 615
I 832577 616
I 915589 617
I 404954 618
I 665440 619
I 1029470 620
I 520306 621
I 994899 622
I 367336 623
I 493994 624
I 689161 625
I 87603 626
I 533111 627
I 838373 628
I 442006 629
I 348644 630
I 700279 631
I 866488 632
I 82363 633
I 403958 634
I 288808 635
I 28611 636
I 213791 637
I 805873 638
I 79886 639
I 371183 640
I 307451 641
I 1036602 642
I 878194 643
I 56823 644
I 791406 645
I 1020821 646
I 205559 647
I 306606 648
I 607352 649
I 955122 650
I 660527 651
I 967148 652
I 18915 653
I 526790 654
I 1034046 655
I 976751 656
I 583864 657
I 1046525 658
I 938794 659
I 219097 660
I 941590 661
I 245823 662
I 671796 663
I 508746 664
I 906966 665
I 162539 666
I 661386 667
I 721020 668
I 638630 669
I 815806 670
I 94556 671
I 876839 672
I 113337 673
I 1000582 674
I 313364 675
I 4895 676
I 986369 677
I 125093 678
I 116797 679
I 350956 680
I 476366 681
I 212717 682
I 737788 683
I 58399 684
I 99586 685
I 514373 686
I 390447 687
I 397125 688
I 230687 689
I 1037568 690
I 297082 691
I 765773 692
I 972276 693
I 712089 694
I 818027 695
I 6216 696
I 962322 697
I 855661 698
I 391069 699
I 54418 700
I 251688 701
I 527040 702
I 1025781 703
I 172555 704
I 589390 705
I 673281 706
I 871061 707
I 438518 708
I 846478 709
I 153272 710
I 115953 711
I 1035297 712
I 436349 713
I 310212 714
I 795970 715
I 752078 716
I 323526 717
I 404176 718
I 709915 719
I 503721 720
I 75091 721
I 42680 722
I 392752 723
I 622584 724
I 181114 725
I 400762 726
I 442512 727
I 89686 728
I 1024800 729
I 823792 730
I 720518 731
I 493759 732
I 473614 733
I 737834 734
I 515840 735
I 909534 736
I 387581 737
I 810666 738
I 316972 739
I 884793 740
I 671375 741
I 186539 742
I 5631 743
I 644507 744
I 820263 745
I 986283 746
I 972511 747
I 627566 748
I 575568 749
I 170258 750
I 929264 751
I 869812 752
I 259387 753
I 695555 754
I 560610 755
I 210255 756
I 621956 757
I 384918 758
I 799436 759
I 700901 760
I 60201 761
I 726302 762
I 816826 763
I 361690 764
I 328512 765
I 255975 766
I 602722 767
I 309763 768
I 851642 769
I 200624 770
I 867598 771
I 150859 772
I 650044 773
I 385994 774
I 87526 775
I 285593 776
I 553113 777
I 762544 778
I 355686 779
I 24018 780
I 550714 781
I 974750 782
I 203266 783
I 963566 784
I 82242 785
I 746344 786
I 64 787
I 624350 788
I 322786 789
I 254346 790
I 591485 791
I 1032214 792
I 160284 793
I 560543 794
I 96909 795
I 587403 796
I 395106 797
I 41010 798
I 879169 799
I 459174 800
I 226718 801
I 377324 802
I 302249 803
I 209885 804
I 847746 805
I 273121 806
I 123166 807
I 25940 808
I 615510 809
I 734452 810
I 495055 811
I 238857 812
I 694151 813
I 960242 814
I 360959 815
I 716281 816
I 116486 817
I 673299 818
I 250877 819
I 678715 820
I 981042 821
I 325136 822
I 546438 823
I 750613 824
I 1019446 825
I 134419 826
I 539641 827
I 560172 828
I 366149 829
I 426603 830
I 390330 831
I 525845 832
I 656948 833
I 532288 834
I 760811 835
I 758874 836
I 647785 837
I 892345 838
I 382693 839
I 211383 840
I 223452 841
I 912476 842
I 216118 843
I 256336 844
I 344933 845
I 209401 846
I 938400 847
I 60859 848
I 718348 849
I 962037 850
I 881190 851
I 219801 852
I 494038 853
I 323226 854
I 347553 855
I 214527 856
I 502500 857
I 238297 858
I 801554 859
I 910338 860
I 360062 861
I 442500 862
I 166367 863
I 898547 864
I 17014 865
I 317952 866
I 191273 867
I 672928 868
I 710164 869
I 762428 870
I 592155 871
I 214872 872
I 803004 873
I 1047836 874
I 383845 875
I 802282 876
I 483779 877
I 231534 878
I 168653 879
I 258229 880
I 218249 881
I 543839 882
I 990056 883
I 706618 884
I 927752 885
I 13499 886
I 877813 887
I 183250 888
I 908524 889
I 292751 890
I 230475 891
I 662642 892
I 1000374 893
I 65373 894
I 470405 895
I 389917 896
I 336598 897
I 358988 898
I 72053 899
I 589229 900
I 703301 901
I 648126 902
I 845963 903
I 224686 904
I 92760 905
I 407788 906
I 299286 907
I 588470 908
I 379292 909
I 485578 910
I 764550 911
I 171368 912
I 290573 913
I 517183 914
I 491368 915
I 453854 916
I 431945 917
I 244110 918
I 967712 919
I 1034386 920
I 495368 921
I 476824 922
I 969194 923
I 178122 924
I 769264 925
I 494355 926
I 431550 927
I 262508 928
I 304054 929
I 143759 930
I 698839 931
I 983483 932
I 1015322 933
I 362771 934
I 180257 935
I 416357 936
I 835939 937
I 845242 938
I 704618 939
I 500415 940
I 872930 941
I 834350 942
I 873531 943
I 967358 944
I 913240 945
I 349442 946
I 55258 947
I 317001 948
I 187632 949
I 510581 950
I 530158 951
I 769834 952
I 891242 953
I 870795 954
I 891991 955
I 518349 956
I 41131 957
I 968323 958
I 387444 959
I 863620 960
I 57583 961
I 13140 962
I 907766 963
I 205023 964
I 922646 965
I 152628 966
I 616891 967
I 997545 968
I 811581 969
I 45817 970
I 100808 971
I 797103 972
I 830349 973
I 942728 974
I 95613 975
I 791117 976
I 311093 977
I 9875 978
I 250227 979
I 971253 980
I 651582 981
I 582342 982
I 22505 983
I 307346 984
I 89322 985
I 600137 986
I 507822 987
I 566293 988
I 996254 989
I 491318 990
I 662001 991
I 613805 992
I 294323 993
I 896140 994
I 935537 995
I 218095 996
I 404373 997
I 213804 998
I 663335 999
I 304917 1000
I 15395 1001
I 546660 1002
I 445369 1003
I 202066 1004
I 662170 1005
I 874357 1006
I 247647 1007
I 941597 1008
I 925758 1009
I 1047496 1010
I 907964 1011
I 269989 1012
I 552528 1013
I 293757 1014
I 1003822 1015
I 1026232 1016
I 573991 1017
I 855808 1018
I 950659 1019
I 314392 1020
I 149972 1021
I 1029070 1022
I 205508 1023
I 828082 1024
I 194703 1025
I 961478 1026
I 928862 1027
I 908707 1028
I 524436 1029
I 430003 1030
I 166655 1031
I 481995 1032
I 340931 1033
I 41503 1034
I 205747 1035
I 641333 1036
I 446596 1037
I 772518 1038
I 506681 1039
I 425165 1040
I 173281 1041
I 154534 1042
I 664308 1043
I 708004 1044
I 449348 1045
I 774763 1046
I 1037745 1047
I 964423 1048
I 864192 1049
I 492588 1050
I 982956 1051
I 764166 1052
I 996143 1053
I 954073 1054
I 1025893 1055
I 169161 1056
I 160994 1057
I 264934 1058
I 968390 1059
I 821198 1060
I 218631 1061
I 297129 1062
I 377827 1063
I 907368 1064
I 636970 1065
I 170739 1066
I 849060 1067
I 580117 1068
I 1047171 1069
I 276088 1070
I 540990 1071
I 80534 1072
I 941623 1073
I 246951 1074
I 148056 1075
I 259044 1076
I 148450 1077
I 756900 1078
I 386464 1079
I 319286 1080
I 515784 1081
I 702442 1082
I 360417 1083
I 163100 1084
I 201883 1085
I 523066 1086
I 756578 1087
I 571753 1088
I 289697 1089
I 179625 1090
I 787545 1091
I 600800 1092
I 172803 1093
I 413304 1094
I 571697 1095
I 682880 1096
I 474871 1097
I 524175 1098
I 500130 1099
I 206861 1100
I 308111 1101
I 385562 1102
I 825946 1103
I 521274 1104
I 679671 1105
I 361794 1106
I 1018087 1107
I 752197 1108
I 469958 1109
I 398872 1110
I 452848 1111
I 709220 1112
I 843966 1113
I 90577 1114
I 586129 1115
I 482361 1116
I 562649 1117
I 925245 1118
I 415718 1119
I 725731 1120
I 53833 1121
I 1000088 1122
I 445053 1123
I 563989 1124
I 46464 1125
I 310925 1126
I 1046330 1127
I 706024 1128
I 179442 1129
I 1321 1130
I 880661 1131
I 689051 1132
I 826505 1133
I 610024 1134
I 570078 1135
I 45758 1136
I 395947 1137
I 69636 1138
I 585844 1139
I 518264 1140
I 104520 1141
I 422389 1142
I 886323 1143
I 791801 1144
I 793446 1145
I 831678 1146
I 246201 1147
I 851962 1148
I 417970 1149
I 305522 1150
I 57750 1151
I 9414 1152
I 305099 1153
I 647127 1154
I 269969 1155
I 805064 1156
I 314130 1157
I 529609 1158
I 871739 1159
I 444733 1160
I 119520 1161
I 861910 1162
I 702802 1163
I 651989 1164
I 114269 1165
I 918904 1166
I 105792 1167
I 648867 1168
I 469906 1169
I 851931 1170
I 973115 1171
I 275970 1172
I 268934 1173
I 209563 1174
I 91407 1175
I 47116 1176
I 346391 1177
I 889030 1178
I 519111 1179
I 393115 1180
I 1046023 1181
I 379834 1182
I 404584 1183
I 944250 1184
I 173322 1185
I 495158 1186
I 248335 1187
I 599259 1188
I 544984 1189
I 25223 1190
I 526467 1191
I 513618 1192
I 193506 1193
I 558851 1194
I 610025 1195
I 374314 1196
I 67089 1197
I 948233 1198
I 685987 1199
I 1025097 1200
I 562395 1201
I 255478 1202
I 460426 1203
I 11536 1204
I 259262 1205
I 588923 1206
I 358241 1207
I 137690 1208
I 164251 1209
I 682873 1210
I 500889 1211
I 653531 1212
I 322059 1213
I 1031445 1214
I 17064 1215
I 151708 1216
I 261482 1217
I 539155 1218
I 422612 1219
I 992428 1220
I 818336 1221
I 152394 1222
I 155167 1223
I 702945 1224
I 747536 1225
I 964120 1226
I 1010765 1227
I 479330 1228
I 130088 1229
I 572628 1230
I 375318 1231
I 1027923 1232
I 550498 1233
I 183709 1234
I 636063 1235
I 572579 1236
I 454229 1237
I 626435 1238
I 62419 1239
I 750477 1240
I 544696 1241
I 465146 1242
I 221773 1243
I 741903 1244
I 397157 1245
I 848802 1246
I 928586 1247
I 821004 1248
I 569378 1249
I 5336 1250
I 281959 1251
I 162666 1252
I 261620 1253
I 409960 1254
I 622544 1255
I 532759 1256
I 496845 1257
I 202444 1258
I 530894 1259
I 658515 1260
I 1043878 1261
I 626987 1262
I 313471 1263
I 41757 1264
I 929375 1265
I 493400 1266
I 100819 1267
I 350559 1268
I 538493 1269
I 481436 1270
I 64190 1271
I 762460 1272
I 723536 1273
I 139397 1274
I 413870 1275
I 831111 1276
I 441268 1277
I 879104 1278
I 912395 1279
I 685216 1280
I 571399 1281
I 346476 1282
I 475150 1283
I 336113 1284
I 227264 1285
I 738488 1286
I 255100 1287
I 179067 1288
I 169972 1289
I 377085 1290
I 902363 1291
I 845426 1292
I 497586 1293
I 200043 1294
I 174814 1295
I 103057 1296
I 872139 1297
I 445214 1298
I 240087 1299
I 156267 1300
I 237558 1301
I 612039 1302
I 698411 1303
I 584336 1304
I 309300 1305
I 958525 1306
I 126155 1307
I 161647 1308
I 479863 1309
I 234976 1310
I 438998 1311
I 24106 1312
I 639790 1313
I 243084 1314
I 807032 1315
I 407315 1316
I 777533 1317
I 944245 1318
I 335637 1319
I 370570 1320
I 519086 1321
I 217885 1322
I 897364 1323
I 407992 1324
I 34040 1325
I 89403 1326
I 893877 1327
I 827129 1328
I 998357 1329
I 830599 1330
I 3276 1331
I 104676 1332
I 563377 1333
I 304826 1334
I 934675 1335
I 466920 1336
I 466340 1337
I 618046 1338
I 324538 1339
I 90362 1340
I 921376 1341
I 325646 1342
I 505225 1343
I 31323 1344
I 979302 1345
I 844324 1346
I 15736 1347
I 335141 1348
I 12113 1349
I 996518 1350
I 311095 1351
I 632167 1352
I 346254 1353
I 267925 1354
I 832724 1355
I 321566 1356
I 751092 1357
I 300479 1358
I 595223 1359
I 244845 1360
I 978610 1361
I 157163 1362
I 927305 1363
I 784015 1364
I 706731 1365
I 505971 1366
I 692114 1367
I 249184 1368
I 257926 1369
I 151701 1370
I 641480 1371
I 676303 1372
I 32973 1373
I 232123 1374
I 191628 1375
I 379060 1376
I 321474 1377
I 1037673 1378
I 669103 1379
I 253311 1380
I 754896 1381
I 44875 1382
I 122728 1383
I 811509 1384
I 17744 1385
I 793953 1386
I 147302 1387
I 742522 1388
I 357615 1389
I 29632 1390
I 152224 1391
I 33231 1392
I 880085 1393
I 55335 1394
I 930979 1395
I 650131 1396
I 75122 1397
I 485641 1398
I 502669 1399
I 279754 1400
I 373698 1401
I 463975 1402
I 982877 1403
I 595788 1404
I 495748 1405
I 733006 1406
I 1041063 1407
I 851658 1408
I 779086 1409
I 23269 1410
I 161646 1411
I 475286 1412
I 1040457 1413
I 889351 1414
I 589880 1415
I 702863 1416
I 150629 1417
I 222916 1418
I 974696 1419
I 1003598 1420
I 506206 1421
I 508194 1422
I 87095 1423
I 540368 1424
I 160507 1425
I 258898 1426
I 514790 1427
I 263391 1428
I 566446 1429
I 300146 1430
I 760483 1431
I 72876 1432
I 565202 1433
I 332964 1434
I 813548 1435
I 572719 1436
I 980311 1437
I 486691 1438
I 459777 1439
I 364898 1440
I 556281 1441
I 16699 1442
I 278329 1443
I 952157 1444
I 630898 1445
I 406442 1446
I 32310 1447
I 322 1448
I 679882 1449
I 968603 1450
I 33457 1451
I 737865 1452
I 74700 1453
I 530529 1454
I 754314 1455
I 61238 1456
I 668227 1457
I 229840 1458
I 333841 1459
I 692890 1460
I 323915 1461
I 205629 1462
I 690384 1463
I 434124 1464
I 497285 1465
I 716950 1466
I 673690 1467
I 354602 1468
I 819450 1469
I 300537 1470
I 784786 1471
I 535598 1472
I 19424 1473
I 884683 1474
I 296413 1475
I 254857 1476
I 86110 1477
I 414168 1478
I 588730 1479
I 776653 1480
I 676058 1481
I 502222 1482
I 609754 1483
I 836290 1484
I 618036 1485
I 312412 1486
I 936381 1487
I 676910 1488
I 281641 1489
I 507047 1490
I 218902 1491
I 442376 1492
I 457803 1493
I 118736 1494
I 625894 1495
I 145601 1496
I 122983 1497
I 495670 1498
I 383719 1499
I 230932 1500
I 788999 1501
I 830989 1502
I 794159 1503
I 483736 1504
I 143095 1505
I 119671 1506
I 495852 1507
I 975374 1508
I 781988 1509
I 291471 1510
I 831394 1511
I 51538 1512
I 463469 1513
I 905258 1514
I 153546 1515
I 168181 1516
I 620593 1517
I 534694 1518
I 681157 1519
I 22659 1520
I 642389 1521
I 403895 1522
I 828918 1523
I 103193 1524
I 272592 1525
I 428070 1526
I 153712 1527
I 803187 1528
I 228777 1529
I 165951 1530
I 19765 1531
I 790186 1532
I 613826 1533
I 90881 1534
I 411408 1535
I 676134 1536
I 290051 1537
I 430595 1538
I 592532 1539
I 508929 1540
I 229637 1541
I 923402 1542
I 509791 1543
I 795864 1544
I 17015 1545
I 36703 1546
I 944283 1547
I 787958 1548
I 924729 1549
I 790987 1550
I 796682 1551
I 95089 1552
I 235130 1553
I 351464 1554
I 141824 1555
I 1011190 1556
I 392906 1557
I 40323 1558
I 896373 1559
I 103269 1560
I 1033278 1561
I 262185 1562
I 21196 1563
I 795849 1564
I 945275 1565
I 447765 1566
I 225502 1567
I 156364 1568
I 620489 1569
I 838065 1570
I 413192 1571
I 909702 1572
I 992884 1573
I 427694 1574
I 242654 1575
I 924071 1576
I 43657 1577
I 52883 1578
I 814046 1579
I 574620 1580
I 955688 1581
I 465530 1582
I 355212 1583
I 890412 1584
I 909439 1585
I 49339 1586
I 606301 1587
I 637635 1588
I 980801 1589
I 682295 1590
I 435229 1591
I 680098 1592
I 324577 1593
I 441378 1594
I 826529 1595
I 694392 1596
I 192476 1597
I 784541 1598
I 435879 1599
I 415837 1600
I 543110 1601
I 420753 1602
I 604432 1603
I 491945 1604
I 247706 1605
I 63640 1606
I 559149 1607
I 776121 1608
I 690316 1609
I 747780 1610
I 579621 1611
I 585480 1612
I 766084 1613
I 51529 1614
I 212839 1615
I 547052 1616
I 791006 1617
I 630597 1618
I 675141 1619
I 413701 1620
I 473216 1621
I 283863 1622
I 172027 1623
I 379836 1624
I 825952 1625
I 674591 1626
I 42377 1627
I 369832 1628
I 489082 1629
I 726044 1630
I 283913 1631
I 47453 1632
I 1042659 1633
I 106985 1634
I 491129 1635
I 16005 1636
I 973739 1637
I 430319 1638
I 319496 1639
I 773836 1640
I 109151 1641
I 511136 1642
I 680156 1643
I 700334 1644
I 1036889 1645
I 309001 1646
I 716516 1647
I 14966 1648
I 490429 1649
I 886493 1650
I 992838 1651
I 207513 1652
I 223205 1653
I 521642 1654
I 79253 1655
I 809019 1656
I 900184 1657
I 302551 1658
I 144407 1659
I 210883 1660
I 870139 1661
I 732 1662
I 428050 1663
I 165232 1664
I 514260 1665
I 137658 1666
I 102273 1667
I 662963 1668
I 777601 1669
I 253620 1670
I 219243 1671
I 334267 1672
I 708897 1673
I 434620 1674
I 878874 1675
I 877878 1676
I 407882 1677
I 882686 1678
I 154655 1679
I 932279 1680
I 124264 1681
I 734061 1682
I 39510 1683
I 687666 1684
I 529315 1685
I 936060 1686
I 471869 1687
I 808575 1688
I 668645 1689
I 559016 1690
I 931267 1691
I 660636 1692
I 291342 1693
I 469061 1694
I 899058 1695
I 417515 1696
I 1031984 1697
I 375951 1698
I 289342 1699
I 60997 1700
I 809188 1701
I 88576 1702
I 188949 1703
I 449517 1704
I 231044 1705
I 712771 1706
I 297246 1707
I 558732 1708
I 1006680 1709
I 142981 1710
I 290751 1711
I 658378 1712
I 62527 1713
I 650435 1714
I 1043577 1715
I 882513 1716
I 320045 1717
I 846484 1718
I 804327 1719
I 451342 1720
I 1033354 1721
I 479911 1722
I 653697 1723
I 133746 1724
I 132413 1725
I 229498 1726
I 434284 1727
I 744956 1728
I 138832 1729
I 126532 1730
I 213614 1731
I 732594 1732
I 68268 1733
I 220908 1734
I 827882 1735
I 550205 1736
I 142473 1737
I 1836 1738
I 773039 1739
I 1021820 1740
I 925455 1741
I 266921 1742
I 929086 1743
I 284040 1744
I 614609 1745
I 730983 1746
I 514727 1747
I 283699 1748
I 273403 1749
I 832815 1750
I 76666 1751
I 103998 1752
I 556078 1753
I 669475 1754
I 437026 1755
I 262622 1756
I 749837 1757
I 308555 1758
I 32992 1759
I 68330 1760
I 642737 1761
I 233960 1762
I 410386 1763
I 427685 1764
I 762352 1765
I 451001 1766
I 322517 1767
I 973546 1768
I 377255 1769
I 710233 1770
I 448883 1771
I 785296 1772
I 288321 1773
I 74384 1774
I 512259 1775
I 624941 1776
I 660493 1777
I 460596 1778
I 650928 1779
I 472728 1780
I 753021 1781
I 772928 1782
I 722701 1783
I 470026 1784
I 969337 1785
I 780042 1786
I 594791 1787
I 1018129 1788
I 433508 1789
I 930306 1790
I 35180 1791
I 72177 1792
I 369251 1793
I 453824 1794
I 915122 1795
I 761066 1796
I 465921 1797
I 131194 1798
I 945399 1799
I 229254 1800
I 30693 1801
I 794989 1802
I 335698 1803
I 888957 1804
I 914027 1805
I 155013 1806
I 195830 1807
I 385704 1808
I 184741 1809
I 488065 1810
I 194324 1811
I 422890 1812
I 240135 1813
I 97893 1814
I 79309 1815
I 977913 1816
I 172784 1817
I 509796 1818
I 351230 1819
I 961992 1820
I 679450 1821
I 748869 1822
I 746654 1823
I 161175 1824
I 977103 1825
I 427574 1826
I 171097 1827
I 556953 1828
I 59187 1829
I 711312 1830
I 765158 1831
I 734999 1832
I 958559 1833
I 571462 1834
I 670327 1835
I 893877 1836
I 326785 1837
I 185953 1838
I 741613 1839
I 1028248 1840
I 858097 1841
I 594957 1842
I 896161 1843
I 821039 1844
I 720463 1845
I 69301 1846
I 555162 1847
I 521330 1848
I 115907 1849
I 124120 1850
I 329838 1851
I 761722 1852
I 372787 1853
I 184682 1854
I 81075 1855
I 173828 1856
I 112337 1857
I 652654 1858
I 904000 1859
I 1018191 1860
I 65915 1861
I 165043 1862
I 275475 1863
I 29063 1864
I 240095 1865
I 301067 1866
I 130899 1867
I 611996 1868
I 810687 1869
I 628429 1870
I 398216 1871
I 606941 1872
I 375777 1873
I 68731 1874
I 497374 1875
I 576420 1876
I 448719 1877
I 792711 1878
I 184746 1879
I 169117 1880
I 354290 1881
I 845097 1882
I 989287 1883
I 932128 1884
I 512736 1885
I 449837 1886
I 1002568 1887
I 488917 1888
I 98390 1889
I 849719 1890
I 726270 1891
I 214648 1892
I 984996 1893
I 102175 1894
I 25124 1895
I 941254 1896
I 1015490 1897
I 652344 1898
I 813045 1899
I 429126 1900
I 940386 1901
I 479335 1902
I 45604 1903
I 925138 1904
I 302944 1905
I 169045 1906
I 703394 1907
I 1023176 1908
I 953846 1909
I 553850 1910
I 779255 1911
I 874868 1912
I 895054 1913
I 949376 1914
I 23252 1915
I 1029658 1916
I 419087 1917
I 597730 1918
I 992746 1919
I 450340 1920
I 661270 1921
I 152943 1922
I 424983 1923
I 469590 1924
I 585671 1925
I 170294 1926
I 179061 1927
I 626590 1928
I 132564 1929
I 339072 1930
I 1044819 1931
I 311628 1932
I 107378 1933
I 16868 1934
I 947580 1935
I 295496 1936
I 343853 1937
I 797779 1938
I 765087 1939
I 509317 1940
I 352133 1941
I 238583 1942
I 468230 1943
I 665884 1944
I 481604 1945
I 877874 1946
I 69848 1947
I 204874 1948
I 274960 1949
I 540533 1950
I 740220 1951
I 701355 1952
I 650434 1953
I 861289 1954
I 863358 1955
I 431584 1956
I 17049 1957
I 576909 1958
I 451773 1959
I 1024849 1960
I 681461 1961
I 54081 1962
I 219118 1963
I 219409 1964
I 136566 1965
I 431279 1966
I 831820 1967
I 171563 1968
I 260171 1969
I 357242 1970
I 744240 1971
I 1045679 1972
I 340789 1973
I 110000 1974
I 469286 1975
I 581308 1976
I 172048 1977
I 921545 1978
I 16349 1979
I 1034089 1980
I 407338 1981
I 944978 1982
I 937365 1983
I 324109 1984
I 409036 1985
I 113126 1986
I 330406 1987
I 591398 1988
I 793575 1989
I 937908 1990
I 256179 1991
I 655331 1992
I 699506 1993
I 191539 1994
I 522744 1995
I 968677 1996
I 450229 1997
I 709632 1998
I 720523 1999
I 404971 2000
I 601271 2001
I 225829 2002
I 611529 2003
I 471369 2004
I 346762 2005
I 167881 2006
I 947602 2007
I 1012708 2008
I 809392 2009
I 131533 2010
I 212328 2011
I 274823 2012
I 750133 2013
I 828675 2014
I 847459 2015
I 620873 2016
I 914375 2017
I 629824 2018
I 311260 2019
I 710437 2020
I 610307 2021
I 118586 2022
I 376981 2023
I 110138 2024
I 820649 2025
I 266875 2026
I 647526 2027
I 447264 2028
I 580788 2029
I 713153 2030
I 745795 2031
I 614606 2032
I 51906 2033
I 1004458 2034
I 979439 2035
I 886513 2036
I 805860 2037
I 579415 2038
I 106980 2039
I 182989 2040
I 114037 2041
I 784966 2042
I 384248 2043
I 627931 2044
I 184006 2045
I 743258 2046
I 8536 2047
I 805681 2048
I 908436 2049
I 618197 2050
I 632634 2051
I 202603 2052
I 609144 2053
I 895327 2054
I 767153 2055
I 367898 2056
I 282711 2057
I 116420 2058
I 638048 2059
I 690450 2060
I 719967 2061
I 221642 2062
I 434294 2063
I 83997 2064
I 193525 2065
I 676309 2066
I 289377 2067
I 656917 2068
I 812958 2069
I 590147 2070
I 110376 2071
I 300656 2072
I 1044499 2073
I 50563 2074
I 141031 2075
I 731419 2076
I 119046 2077
I 61779 2078
I 103830 2079
I 534785 2080
I 378012 2081
I 153666 2082
I 620569 2083
I 275659 2084
I 258173 2085
I 8058 2086
I 255472 2087
I 438692 2088
I 496882 2089
I 1017906 2090
I 601144 2091
I 934919 2092
I 715704 2093
I 248344 2094
I 527584 2095
I 107275 2096
I 621695 2097
I 1015640 2098
I 770957 2099
I 654789 2100
I 297117 2101
I 190067 2102
I 28334 2103
I 438673 2104
I 74415 2105
I 237925 2106
I 949121 2107
I 321754 2108
I 377123 2109
I 900500 2110
I 370373 2111
I 179149 2112
I 1020020 2113
I 884243 2114
I 615800 2115
I 132361 2116
I 853345 2117
I 799634 2118
I 120569 2119
I 45519 2120
I 22545 2121
I 345976 2122
I 666478 2123
I 425558 2124
I 264102 2125
I 1048570 2126
I 982059 2127
I 154273 2128
I 71859 2129
I 411821 2130
I 94941 2131
I 619279 2132
I 710413 2133
I 755128 2134
I 381922 2135
I 723287 2136
I 189936 2137
I 308816 2138
I 695216 2139
I 1010690 2140
I 646996 2141
I 42347 2142
I 345495 2143
I 1029557 2144
I 942459 2145
I 541401 2146
I 239750 2147
I 15500 2148
I 346670 2149
I 439466 2150
I 642472 2151
I 209453 2152
I 862920 2153
I 831012 2154
I 153275 2155
I 986852 2156
I 819544 2157
I 740635 2158
I 674568 2159
I 206451 2160
I 207234 2161
I 608478 2162
I 80379 2163
I 340344 2164
I 616556 2165
I 766366 2166
I 222939 2167
I 1028052 2168
I 335013 2169
I 369929 2170
I 655942 2171
I 41414 2172
I 857162 2173
I 722498 2174
I 521411 2175
I 652403 2176
I 138696 2177
I 897234 2178
I 145975 2179
I 416749 2180
I 329803 2181
I 34273 2182
I 618521 2183
I 699399 2184
I 64727 2185
I 573344 2186
I 841621 2187
I 762312 2188
I 202386 2189
I 847783 2190
I 1033215 2191
I 958665 2192
I 477812 2193
I 540406 2194
I 836545 2195
I 794412 2196
I 708208 2197
I 298413 2198
I 1039187 2199
I 214344 2200
I 130120 2201
I 528803 2202
I 685851 2203
I 422330 2204
I 940884 2205
I 625183 2206
I 461345 2207
I 581743 2208
I 787692 2209
I 851421 2210
I 123847 2211
I 1002438 2212
I 595359 2213
I 31647 2214
I 390686 2215
I 215126 2216
I 163221 2217
I 379012 2218
I 763333 2219
I 135957 2220
I 934430 2221
I 297998 2222
I 297403 2223
I 959037 2224
I 707098 2225
I 578284 2226
I 623406 2227
I 513832 2228
I 496517 2229
I 779250 2230
I 132853 2231
I 268102 2232
I 377207 2233
I 18671 2234
I 94261 2235
I 665532 2236
I 711042 2237
I 3603 2238
I 191679 2239
I 665287 2240
I 212150 2241
I 215005 2242
I 38952 2243
I 873759 2244
I 497727 2245
I 385646 2246
I 171136 2247
I 460712 2248
I 333910 2249
I 404000 2250
I 38919 2251
I 989263 2252
I 591709 2253
I 200843 2254
I 548894 2255
I 230835 2256
I 142199 2257
I 756465 2258
I 883677 2259
I 899313 2260
I 740017 2261
I 393207 2262
I 248217 2263
I 283719 2264
I 1017465 2265
I 767036 2266
I 750266 2267
I 36008 2268
I 530131 2269
I 897958 2270
I 675472 2271
I 1038942 2272
I 772474 2273
I 133853 2274
I 194020 2275
I 260944 2276
I 11718 2277
I 747544 2278
I 621535 2279
I 230576 2280
I 989296 2281
I 378928 2282
I 329532 2283
I 443873 2284
I 9933 2285
I 433591 2286
I 179678 2287
I 84511 2288
I 738696 2289
I 219647 2290
I 54062 2291
I 265268 2292
I 956014 2293
I 635744 2294
I 660848 2295
I 243258 2296
I 221845 2297
I 414145 2298
I 85619 2299
I 696474 2300
I 369387 2301
I 269488 2302
I 671429 2303
I 611806 2304
I 523001 2305
I 548047 2306
I 971237 2307
I 989717 2308
I 1010897 2309
I 29372 2310
I 892138 2311
I 259215 2312
I 40801 2313
I 15437 2314
I 352467 2315
I 198636 2316
I 217693 2317
I 374859 2318
I 831602 2319
I 1044358 2320
I 115331 2321
I 349989 2322
I 791387 2323
I 372091 2324
I 867087 2325
I 528626 2326
I 293173 2327
I 967924 2328
I 157026 2329
I 985441 2330
I 63866 2331
I 263115 2332
I 11562 2333
I 452172 2334
I 924091 2335
I 696972 2336
I 274036 2337
I 652517 2338
I 968673 2339
I 50205 2340
I 649999 2341
I 204536 2342
I 9789 2343
I 205127 2344
I 679354 2345
I 136997 2346
I 966242 2347
I 1023875 2348
I 330489 2349
I 286177 2350
I 224572 2351
I 699400 2352
I 225003 2353
I 77362 2354
I 620598 2355
I 100607 2356
I 506665 2357
I 580366 2358
I 987168 2359
I 1021020 2360
I 310647 2361
I 546029 2362
I 374674 2363
I 726615 2364
I 259753 2365
I 752879 2366
I 768128 2367
I 936383 2368
I 368801 2369
I 905329 2370
I 334822 2371
I 561567 2372
I 624124 2373
I 763465 2374
I 778066 2375
I 546803 2376
I 479483 2377
I 346004 2378
I 828737 2379
I 1040368 2380
I 874649 2381
I 894227 2382
I 1021336 2383
I 484500 2384
I 573199 2385
I 63031 2386
I 1003160 2387
I 554145 2388
I 30630 2389
I 796936 2390
I 100910 2391
I 390127 2392
I 265864 2393
I 829865 2394
I 745591 2395
I 959886 2396
I 106541 2397
I 427689 2398
I 814579 2399
I 275400 2400
I 772606 2401
I 474149 2402
I 620557 2403
I 388173 2404
I 944554 2405
I 32104 2406
I 342298 2407
I 975718 2408
I 620389 2409
I 154184 2410
I 67319 2411
I 227296 2412
I 695014 2413
I 140031 2414
I 695637 2415
I 967645 2416
I 921610 2417
I 67918 2418
I 205678 2419
I 99697 2420
I 734366 2421
I 315085 2422
I 145184 2423
I 729055 2424
I 980283 2425
I 263547 2426
I 987264 2427
I 37709 2428
I 368481 2429
I 13831 2430
I 377618 2431
I 227395 2432
I 656957 2433
I 350869 2434
I 572999 2435
I 68964 2436
I 825982 2437
I 339474 2438
I 769334 2439
I 361857 2440
I 114051 2441
I 540191 2442
I 563943 2443
I 671233 2444
I 270004 2445
I 773330 2446
I 11225 2447
I 995918 2448
I 323290 2449
I 642512 2450
I 843141 2451
I 886181 2452
I 478106 2453
I 647671 2454
I 892665 2455
I 1044669 2456
I 515281 2457
I 902233 2458
I 734278 2459
I 698920 2460
I 780018 2461
I 675534 2462
I 386027 2463
I 158078 2464
I 887758 2465
I 817848 2466
I 8393 2467
I 408363 2468
I 101731 2469
I 584162 2470
I 188520 2471
I 499038 2472
I 552207 2473
I 474551 2474
I 296270 2475
I 96282 2476
I 220441 2477
I 444697 2478
I 491992 2479
I 639231 2480
I 69186 2481
I 79039 2482
I 298845 2483
I 675346 2484
I 284605 2485
I 76042 2486
I 362617 2487
I 131270 2488
I 715002 2489
I 95429 2490
I 766936 2491
I 326605 2492
I 413453 2493
I 368724 2494
I 621196 2495
I 635909 2496
I 11243 2497
I 911833 2498
I 388466 2499
I 797222 2500
I 963819 2501
I 394552 2502
I 38664 2503
I 566492 2504
I 660664 2505
I 115107 2506
I 995376 2507
I 569289 2508
I 844296 2509
I 163540 2510
I 293129 2511
I 274047 2512
I 1033795 2513
I 750332 2514
I 78712 2515
I 803406 2516
I 1042674 2517
I 740761 2518
I 723337 2519
I 450027 2520
I 621374 2521
I 323432 2522
I 985270 2523
I 638670 2524
I 41282 2525
I 810196 2526
I 889531 2527
I 251198 2528
I 363693 2529
I 1004976 2530
I 89451 2531
I 333748 2532
I 44740 2533
I 750744 2534
I 77503 2535
I 128928 2536
I 477421 2537
I 517512 2538
I 53642 2539
I 571209 2540
I 991179 2541
I 889737 2542
I 980702 2543
I 765704 2544
I 752523 2545
I 1008113 2546
I 93101 2547
I 137144 2548
I 320560 2549
I 896860 2550
I 91726 2551
I 718185 2552
I 129962 2553
I 738703 2554
I 927427 2555
I 169810 2556
I 558775 2557
I 110924 2558
I 185705 2559
I 876298 2560
I 876313 2561
I 760120 2562
I 228230 2563
I 521858 2564
I 131521 2565
I 728702 2566
I 899058 2567
I 169632 2568
I 498913 2569
I 535784 2570
I 101935 2571
I 271661 2572
I 635468 2573
I 782328 2574
I 101010 2575
I 276892 2576
I 899755 2577
I 410146 2578
I 718592 2579
I 924296 2580
I 212706 2581
I 608208 2582
I 193104 2583
I 791782 2584
I 499555 2585
I 798549 2586
I 479562 2587
I 372623 2588
I 544037 2589
I 1004509 2590
I 817950 2591
I 587426 2592
I 298434 2593
I 862957 2594
I 802916 2595
I 339239 2596
I 886838 2597
I 463527 2598
I 86356 2599
I 900453 2600
I 643631 2601
I 513805 2602
I 96186 2603
I 313368 2604
I 89733 2605
I 61080 2606
I 385754 2607
I 36243 2608
I 921863 2609
I 211907 2610
I 593798 2611
I 551004 2612
I 80490 2613
I 859091 2614
I 248269 2615
I 161604 2616
I 254172 2617
I 758127 2618
I 713686 2619
I 946536 2620
I 880072 2621
I 795744 2622
I 933119 2623
I 562894 2624
I 6094 2625
I 806366 2626
I 384214 2627
I 379786 2628
I 243907 2629
I 5457 2630
I 534844 2631
I 858958 2632
I 724454 2633
I 482463 2634
I 520554 2635
I 75472 2636
I 108189 2637
I 172720 2638
I 343552 2639
I 995971 2640
I 373992 2641
I 360746 2642
I 749287 2643
I 209220 2644
I 711310 2645
I 564256 2646
I 537205 2647
I 650809 2648
I 63038 2649
I 229512 2650
I 233326 2651
I 138219 2652
I 204582 2653
I 370394 2654
I 771424 2655
I 560148 2656
I 841622 2657
I 748048 2658
I 335427 2659
I 589552 2660
I 570159 2661
I 644486 2662
I 995075 2663
I 610717 2664
I 717941 2665
I 1015355 2666
I 103783 2667
I 975166 2668
I 131926 2669
I 563533 2670
I 512271 2671
I 720986 2672
I 430836 2673
I 393603 2674
I 471673 2675
I 309849 2676
I 384184 2677
I 218898 2678
I 570965 2679
I 244366 2680
I 453049 2681
I 508770 2682
I 87825 2683
I 284124 2684
I 976900 2685
I 945083 2686
I 319814 2687
I 218825 2688
I 815633 2689
I 6159 2690
I 436568 2691
I 128061 2692
I 57471 2693
I 175885 2694
I 653453 2695
I 994338 2696
I 714334 2697
I 336092 2698
I 540567 2699
I 594416 2700
I 606380 2701
I 402924 2702
I 104665 2703
I 508986 2704
I 141635 2705
I 892949 2706
I 1004915 2707
I 669059 2708
I 920464 2709
I 799083 2710
I 443360 2711
I 799746 2712
I 678555 2713
I 582691 2714
I 962524 2715
I 394482 2716
I 376566 2717
I 370621 2718
I 1018512 2719
I 816478 2720
I 1046403 2721
I 357094 2722
I 674017 2723
I 528209 2724
I 445327 2725
I 603192 2726
I 471950 2727
I 121515 2728
I 124233 2729
I 924886 2730
I 374001 2731
I 563478 2732
I 984706 2733
I 3590 2734
I 664794 2735
I 295259 2736
I 863794 2737
I 826411 2738
I 240863 2739
I 76498 2740
I 595116 2741
I 753589 2742
I 20265 2743
I 1012841 2744
I 527068 2745
I 798658 2746
I 293788 2747
I 516024 2748
I 39600 2749
I 476926 2750
I 969323 2751
I 784583 2752
I 744367 2753
I 63973 2754
I 267511 2755
I 501565 2756
I 281299 2757
I 337815 2758
I 62971 2759
I 419060 2760
I 400245 2761
I 293788 2762
I 1010405 2763
I 240544 2764
I 94288 2765
I 233523 2766
I 402082 2767
I 278821 2768
I 638910 2769
I 852428 2770
I 830861 2771
I 246683 2772
I 393841 2773
I 983129 2774
I 915319 2775
I 526513 2776
I 884215 2777
I 671344 2778
I 1014112 2779
I 819469 2780
I 506636 2781
I 985723 2782
I 939987 2783
I 456067 2784
I 934627 2785
I 56636 2786
I 735476 2787
I 970067 2788
I 371176 2789
I 1019467 2790
I 25275 2791
I 649931 2792
I 421678 2793
I 772175 2794
I 282388 2795
I 922723 2796
I 835981 2797
I 745445 2798
I 501553 2799
I 433261 2800
I 1002499 2801
I 14777 2802
I 558354 2803
I 738056 2804
I 813894 2805
I 260833 2806
I 12761 2807
I 22568 2808
I 884227 2809
I 829607 2810
I 347519 2811
I 913614 2812
I 593306 2813
I 1000681 2814
I 636248 2815
I 248663 2816
I 394069 2817
I 569308 2818
I 1265 2819
I 65944 2820
I 550126 2821
I 794631 2822
I 312463 2823
I 827525 2824
I 913970 2825
I 692593 2826
I 306781 2827
I 912788 2828
I 954284 2829
I 870750 2830
I 889716 2831
I 1010524 2832
I 797720 2833
I 677895 2834
I 542669 2835
I 936396 2836
I 700606 2837
I 565454 2838
I 956191 2839
I 119635 2840
I 843207 2841
I 834201 2842
I 911286 2843
I 339184 2844
I 559083 2845
I 645756 2846
I 232960 2847
I 1028837 2848
I 843137 2849
I 756948 2850
I 230879 2851
I 43562 2852
I 630885 2853
I 661732 2854
I 189113 2855
I 780472 2856
I 504251 2857
I 573452 2858
I 326651 2859
I 783943 2860
I 696655 2861
I 494390 2862
I 802711 2863
I 521059 2864
I 201684 2865
I 833869 2866
I 673819 2867
I 156875 2868
I 419174 2869
I 228489 2870
I 777656 2871
I 131076 2872
I 667977 2873
I 498673 2874
I 776856 2875
I 991349 2876
I 670628 2877
I 1003818 2878
I 374502 2879
I 219430 2880
I 467856 2881
I 739400 2882
I 980674 2883
I 107574 2884
I 1013500 2885
I 376885 2886
I 36626 2887
I 381471 2888
I 303980 2889
I 346762 2890
I 570296 2891
I 520048 2892
I 428719 2893
I 7706 2894
I 425878 2895
I 528093 2896
I 602812 2897
I 45178 2898
I 114884 2899
I 544304 2900
I 644816 2901
I 279082 2902
I 941891 2903
I 619679 2904
I 572502 2905
I 503843 2906
I 35960 2907
I 629674 2908
I 468639 2909
I 16613 2910
I 696595 2911
I 805064 2912
I 821145 2913
I 187309 2914
I 152095 2915
I 1009445 2916
I 334329 2917
I 134116 2918
I 810490 2919
I 638174 2920
I 802909 2921
I 411588 2922
I 346442 2923
I 31946 2924
I 732727 2925
I 1007468 2926
I 688224 2927
I 342666 2928
I 531515 2929
I 704203 2930
I 369241 2931
I 890578 2932
I 836779 2933
I 586966 2934
I 632411 2935
I 925798 2936
I 621536 2937
I 1003292 2938
I 396739 2939
I 866459 2940
I 532811 2941
I 349019 2942
I 958824 2943
I 444379 2944
I 23620 2945
I 408701 2946
I 869247 2947
I 529216 2948
I 243290 2949
I 896427 2950
I 354312 2951
I 30043 2952
I 726125 2953
I 360949 2954
I 670272 2955
I 273423 2956
I 273442 2957
I 273492 2958
I 885145 2959
I 12995 2960
I 819741 2961
I 318348 2962
I 43664 2963
I 457156 2964
I 380954 2965
I 701155 2966
I 525881 2967
I 955988 2968
I 363235 2969
I 526669 2970
I 543915 2971
I 624484 2972
I 582080 2973
I 682268 2974
I 178141 2975
I 276659 2976
I 579099 2977
I 182563 2978
I 164668 2979
I 561857 2980
I 900282 2981
I 608333 2982
I 172815 2983
I 542566 2984
I 696223 2985
I 876720 2986
I 609968 2987
I 676009 2988
I 580767 2989
I 181556 2990
I 39178 2991
I 922886 2992
I 337338 2993
I 947285 2994
I 245503 2995
I 580955 2996
I 296462 2997
I 145108 2998
I 743882 2999
I 555189 3000
I 757584 3001
I 538083 3002
I 381754 3003
I 672985 3004
I 874174 3005
I 744076 3006
I 467013 3007
I 663096 3008
I 1014067 3009
I 627724 3010
I 185844 3011
I 773179 3012
I 535231 3013
I 42946 3014
I 627949 3015
I 352683 3016
I 121734 3017
I 751862 3018
I 659736 3019
I 732756 3020
I 801217 3021
I 372845 3022
I 1005781 3023
I 16810 3024
I 226714 3025
I 1000591 3026
I 484471 3027
I 737650 3028
I 54564 3029
I 255973 3030
I 410219 3031
I 1039010 3032
I 650303 3033
I 476989 3034
I 932216 3035
I 276121 3036
I 811948 3037
I 797773 3038
I 855053 3039
I 812779 3040
I 398238 3041
I 741648 3042
I 385819 3043
I 379869 3044
I 659541 3045
I 259844 3046
I 476182 3047
I 274173 3048
I 740492 3049
I 560255 3050
I 524021 3051
I 1018937 3052
I 914286 3053
I 466103 3054
I 758696 3055
I 793531 3056
I 894788 3057
I 378650 3058
I 900296 3059
I 563390 3060
I 132036 3061
I 45621 3062
I 928861 3063
I 493000 3064
I 960759 3065
I 147349 3066
I 721902 3067
I 945216 3068
I 1035910 3069
I 1035206 3070
I 384470 3071
I 85482 3072
I 104973 3073
I 348976 3074
I 481537 3075
I 457952 3076
I 138194 3077
I 599761 3078
I 506872 3079
I 502527 3080
I 146041 3081
I 176466 3082
I 959013 3083
I 272077 3084
I 266960 3085
I 375172 3086
I 296104 3087
I 773512 3088
I 517058 3089
I 626659 3090
I 152755 3091
I 906397 3092
I 199121 3093
I 954443 3094
I 550334 3095
I 119606 3096
I 595562 3097
I 978695 3098
I 984966 3099
I 846130 3100
I 639238 3101
I 926369 3102
I 696324 3103
I 446001 3104
I 652593 3105
I 223298 3106
I 658926 3107
I 518005 3108
I 269318 3109
I 893127 3110
I 717348 3111
I 568754 3112
I 48503 3113
I 1031798 3114
I 498523 3115
I 871555 3116
I 41981 3117
I 785143 3118
I 580786 3119
I 527893 3120
I 630436 3121
I 598142 3122
I 874674 3123
I 434576 3124
I 860464 3125
I 75129 3126
I 718349 3127
I 381573 3128
I 428654 3129
I 408724 3130
I 381833 3131
I 746173 3132
I 712106 3133
I 789584 3134
I 100258 3135
I 781092 3136
I 155840 3137
I 491188 3138
I 952723 3139
I 347063 3140
I 319445 3141
I 957684 3142
I 79652 3143
I 751209 3144
I 721430 3145
I 275557 3146
I 304044 3147
I 1012635 3148
I 72971 3149
I 634937 3150
I 333646 3151
I 183903 3152
I 405745 3153
I 868447 3154
I 420337 3155
I 351018 3156
I 411154 3157
I 924051 3158
I 916079 3159
I 557491 3160
I 738152 3161
I 594534 3162
I 907573 3163
I 189450 3164
I 885920 3165
I 675170 3166
I 608539 3167
I 387904 3168
I 170706 3169
I 353694 3170
I 414562 3171
I 607220 3172
I 853628 3173
I 993544 3174
I 276329 3175
I 707877 3176
I 553878 3177
I 702504 3178
I 320843 3179
I 33690 3180
I 723686 3181
I 234115 3182
I 229868 3183
I 65708 3184
I 99619 3185
I 742198 3186
I 865469 3187
I 882576 3188
I 287616 3189
I 684544 3190
I 949525 3191
I 76101 3192
I 427628 3193
I 585909 3194
I 816381 3195
I 65800 3196
I 711609 3197
I 470885 3198
I 938152 3199
I 933283 3200
I 119833 3201
I 663468 3202
I 592256 3203
I 357116 3204
I 300891 3205
I 529987 3206
I 754499 3207
I 587608 3208
I 279434 3209
I 464838 3210
I 774258 3211
I 870611 3212
I 575783 3213
I 20934 3214
I 159379 3215
I 707743 3216
I 37405 3217
I 973491 3218
I 808013 3219
I 701131 3220
I 604559 3221
I 324739 3222
I 670651 3223
I 379843 3224
I 517417 3225
I 770064 3226
I 826905 3227
I 376356 3228
I 141749 3229
I 331906 3230
I 917730 3231
I 1036223 3232
I 48374 3233
I 198311 3234
I 916462 3235
I 572628 3236
I 1043940 3237
I 264363 3238
I 784419 3239
I 889530 3240
I 140738 3241
I 106501 3242
I 711841 3243
I 342099 3244
I 501286 3245
I 773957 3246
I 739112 3247
I 108309 3248
I 442881 3249
I 548773 3250
I 106274 3251
I 742499 3252
I 835092 3253
I 681684 3254
I 758634 3255
I 652 3256
I 903193 3257
I 1004844 3258
I 873498 3259
I 659367 3260
I 88022 3261
I 861395 3262
I 991380 3263
I 246523 3264
I 167090 3265
I 377135 3266
I 254008 3267
I 436145 3268
I 66270 3269
I 844643 3270
I 529346 3271
I 759562 3272
I 798743 3273
I 69822 3274
I 38195 3275
I 644808 3276
I 784202 3277
I 477137 3278
I 17871 3279
I 23490 3280
I 110360 3281
I 204450 3282
I 596176 3283
I 86936 3284
I 332354 3285
I 447391 3286
I 202862 3287
I 775195 3288
I 778410 3289
I 739253 3290
I 441776 3291
I 205989 3292
I 293902 3293
I 532625 3294
I 115149 3295
I 277359 3296
I 678580 3297
I 1381 3298
I 589579 3299
I 85491 3300
I 677322 3301
I 215410 3302
I 666673 3303
I 661468 3304
I 536152 3305
I 985144 3306
I 562964 3307
I 689814 3308
I 360014 3309
I 281600 3310
I 357300 3311
I 577900 3312
I 358975 3313
I 212166 3314
I 81072 3315
I 515022 3316
I 460729 3317
I 499622 3318
I 269483 3319
I 122764 3320
I 474921 3321
I 147266 3322
I 270641 3323
I 271494 3324
I 98754 3325
I 996081 3326
I 36906 3327
I 176146 3328
I 466200 3329
I 480413 3330
I 366391 3331
I 187005 3332
I 629589 3333
I 489053 3334
I 334376 3335
I 101394 3336
I 527173 3337
I 963435 3338
I 1007572 3339
I 267506 3340
I 42492 3341
I 696515 3342
I 715063 3343
I 756368 3344
I 453251 3345
I 414360 3346
I 515257 3347
I 293842 3348
I 42232 3349
I 760029 3350
I 602125 3351
I 231213 3352
I 783354 3353
I 60752 3354
I 52910 3355
I 30293 3356
I 716404 3357
I 1003002 3358
I 599041 3359
I 324756 3360
I 548813 3361
I 694291 3362
I 760 3363
I 739891 3364
I 332903 3365
I 247064 3366
I 106408 3367
I 1020263 3368
I 451198 3369
I 274027 3370
I 223694 3371
I 638367 3372
I 1046939 3373
I 1013901 3374
I 178020 3375
I 225346 3376
I 111211 3377
I 946774 3378
I 939270 3379
I 520974 3380
I 1004504 3381
I 527148 3382
I 971265 3383
I 114748 3384
I 154868 3385
I 522648 3386
I 107726 3387
I 165434 3388
I 336334 3389
I 501287 3390
I 929926 3391
I 289276 3392
I 645398 3393
I 34276 3394
I 349484 3395
I 976239 3396
I 687148 3397
I 227670 3398
I 778645 3399
I 472145 3400
I 149019 3401
I 102194 3402
I 14202 3403
I 392215 3404
I 556898 3405
I 505627 3406
I 74183 3407
I 92832 3408
I 956790 3409
I 16016 3410
I 757033 3411
I 35990 3412
I 580252 3413
I 200504 3414
I 179287 3415
I 568608 3416
I 590877 3417
I 870957 3418
I 523943 3419
I 312174 3420
I 457355 3421
I 862124 3422
I 532158 3423
I 149855 3424
I 41141 3425
I 568034 3426
I 248612 3427
I 576199 3428
I 861350 3429
I 320740 3430
I 559332 3431
I 918531 3432
I 87183 3433
I 1003226 3434
I 1001633 3435
I 645517 3436
I 609044 3437
I 190905 3438
I 801756 3439
I 687280 3440
I 594972 3441
I 622960 3442
I 201231 3443
I 710007 3444
I 153501 3445
I 126359 3446
I 417573 3447
I 607866 3448
I 33562 3449
I 736689 3450
I 112085 3451
I 251666 3452
I 936189 3453
I 88214 3454
I 781150 3455
I 471812 3456
I 461862 3457
I 1038493 3458
I 987224 3459
I 860722 3460
I 241132 3461
I 310350 3462
I 954800 3463
I 645147 3464
I 668582 3465
I 359602 3466
I 79299 3467
I 9324 3468
I 503013 3469
I 517437 3470
I 966745 3471
I 813255 3472
I 604489 3473
I 892503 3474
I 458616 3475
I 317326 3476
I 115792 3477
I 442553 3478
I 759947 3479
I 930918 3480
I 950013 3481
I 317285 3482
I 512695 3483
I 21109 3484
I 71642 3485
I 1031937 3486
I 821136 3487
I 1038745 3488
I 834052 3489
I 960509 3490
I 1001213 3491
I 1035663 3492
I 283105 3493
I 575491 3494
I 538039 3495
I 716253 3496
I 772025 3497
I 494783 3498
I 754047 3499
I 887312 3500
I 59168 3501
I 792424 3502
I 443506 3503
I 820064 3504
I 62648 3505
I 533761 3506
I 635434 3507
I 347791 3508
I 519799 3509
I 465265 3510
I 510587 3511
I 497863 3512
I 506200 3513
I 1018614 3514
I 710874 3515
I 737763 3516
I 111270 3517
I 301710 3518
I 676585 3519
I 897898 3520
I 694642 3521
I 687569 3522
I 609058 3523
I 114724 3524
I 206347 3525
I 1037098 3526
I 956410 3527
I 1038484 3528
I 26587 3529
I 305431 3530
I 673213 3531
I 978169 3532
I 15273 3533
I 362641 3534
I 641088 3535
I 171588 3536
I 779368 3537
I 121134 3538
I 252585 3539
I 953139 3540
I 34097 3541
I 113191 3542
I 25077 3543
I 589423 3544
I 865821 3545
I 376297 3546
I 341344 3547
I 450139 3548
I 394412 3549
I 144092 3550
I 219458 3551
I 341664 3552
I 1028022 3553
I 531898 3554
I 878049 3555
I 16577 3556
I 456288 3557
I 957750 3558
I 862789 3559
I 729757 3560
I 728525 3561
I 288060 3562
I 532970 3563
I 504895 3564
I 842904 3565
I 92651 3566
I 882314 3567
I 924990 3568
I 1043316 3569
I 911177 3570
I 526485 3571
I 57977 3572
I 194727 3573
I 184887 3574
I 858136 3575
I 300548 3576
I 924220 3577
I 507165 3578
I 162632 3579
I 698766 3580
I 927864 3581
I 633749 3582
I 293670 3583
I 1006714 3584
I 839319 3585
I 175578 3586
I 645575 3587
I 884207 3588
I 338135 3589
I 1030720 3590
I 275306 3591
I 574474 3592
I 7485 3593
I 361731 3594
I 524378 3595
I 533904 3596
I 380374 3597
I 887950 3598
I 705567 3599
I 75313 3600
I 91740 3601
I 612321 3602
I 306166 3603
I 1038911 3604
I 398995 3605
I 436033 3606
I 801403 3607
I 468644 3608
I 559316 3609
I 238461 3610
I 571134 3611
I 489087 3612
I 516928 3613
I 27963 3614
I 166654 3615
I 624013 3616
I 1036753 3617
I 453748 3618
I 380591 3619
I 376181 3620
I 699296 3621
I 20632 3622
I 44396 3623
I 223645 3624
I 605572 3625
I 167768 3626
I 705453 3627
I 98094 3628
I 188393 3629
I 194188 3630
I 522361 3631
I 261658 3632
I 45219 3633
I 209593 3634
I 610865 3635
I 234075 3636
I 320822 3637
I 92201 3638
I 492916 3639
I 907492 3640
I 513127 3641
I 48115 3642
I 79822 3643
I 582114 3644
I 680929 3645
I 349085 3646
I 26146 3647
I 458791 3648
I 339505 3649
I 1004968 3650
I 714247 3651
I 439314 3652
I 813129 3653
I 286462 3654
I 307737 3655
I 349697 3656
I 1034271 3657
I 918516 3658
I 402755 3659
I 361559 3660
I 565832 3661
I 722793 3662
I 12384 3663
I 90588 3664
I 960415 3665
I 1028368 3666
I 472400 3667
I 889402 3668
I 276437 3669
I 981962 3670
I 541362 3671
I 686418 3672
I 3410 3673
I 330224 3674
I 194094 3675
I 292843 3676
I 20946 3677
I 645838 3678
I 567462 3679
I 541511 3680
I 305359 3681
I 283567 3682
I 747517 3683
I 1035031 3684
I 538929 3685
I 290986 3686
I 612280 3687
I 861380 3688
I 664610 3689
I 972275 3690
I 519582 3691
I 42744 3692
I 874381 3693
I 512450 3694
I 1001378 3695
I 81904 3696
I 782053 3697
I 547338 3698
I 473747 3699
I 525361 3700
I 645757 3701
I 498747 3702
I 870936 3703
I 33490 3704
I 484106 3705
I 13178 3706
I 691184 3707
I 851170 3708
I 681216 3709
I 450649 3710
I 526704 3711
I 462626 3712
I 299446 3713
I 327456 3714
I 864255 3715
I 639284 3716
I 1019007 3717
I 29406 3718
I 788737 3719
I 977929 3720
I 173705 3721
I 1045462 3722
I 509980 3723
I 26447 3724
I 116528 3725
I 731320 3726
I 474733 3727
I 26816 3728
I 490697 3729
I 112521 3730
I 413414 3731
I 219055 3732
I 902392 3733
I 590875 3734
I 375822 3735
I 82657 3736
I 800068 3737
I 296166 3738
I 218092 3739
I 149068 3740
I 91235 3741
I 34334 3742
I 744931 3743
I 755787 3744
I 234936 3745
I 924687 3746
I 953542 3747
I 1039578 3748
I 51633 3749
I 248537 3750
I 826424 3751
I 851519 3752
I 705549 3753
I 465674 3754
I 335172 3755
I 730139 3756
I 1021211 3757
I 433312 3758
I 145874 3759
I 334128 3760
I 317950 3761
I 656319 3762
I 605508 3763
I 750803 3764
I 842147 3765
I 669601 3766
I 84146 3767
I 907715 3768
I 305796 3769
I 129352 3770
I 95717 3771
I 328402 3772
I 332861 3773
I 870687 3774
I 1015718 3775
I 40348 3776
I 644310 3777
I 945703 3778
I 106341 3779
I 917953 3780
I 291767 3781
I 578290 3782
I 1028439 3783
I 260142 3784
I 982791 3785
I 370731 3786
I 815504 3787
I 877273 3788
I 358274 3789
I 126734 3790
I 979456 3791
I 718947 3792
I 631353 3793
I 85909 3794
I 15018 3795
I 328016 3796
I 255803 3797
I 559958 3798
I 938343 3799
I 980608 3800
I 527612 3801
I 127262 3802
I 895110 3803
I 406393 3804
I 338257 3805
I 813102 3806
I 83070 3807
I 800049 3808
I 519129 3809
I 216442 3810
I 660172 3811
I 23637 3812
I 265764 3813
I 448462 3814
I 990810 3815
I 312038 3816
I 485589 3817
I 773038 3818
I 901452 3819
I 621521 3820
I 54783 3821
I 1047922 3822
I 241759 3823
I 794370 3824
I 703293 3825
I 39046 3826
I 499414 3827
I 134758 3828
I 758816 3829
I 814232 3830
I 765886 3831
I 180499 3832
I 496638 3833
I 83003 3834
I 965368 3835
I 558930 3836
I 963752 3837
I 247964 3838
I 788069 3839
I 131642 3840
I 823311 3841
I 662983 3842
I 971784 3843
I 484991 3844
I 667670 3845
I 204727 3846
I 972192 3847
I 388786 3848
I 125466 3849
I 745135 3850
I 76014 3851
I 18218 3852
I 576943 3853
I 885032 3854
I 649806 3855
I 435866 3856
I 668964 3857
I 1020468 3858
I 281550 3859
I 512939 3860
I 490730 3861
I 867257 3862
I 62118 3863
I 217458 3864
I 221168 3865
I 1038844 3866
I 225025 3867
I 588375 3868
I 434101 3869
I 197747 3870
I 928967 3871
I 119554 3872
I 1044194 3873
I 926262 3874
I 266340 3875
I 445970 3876
I 603835 3877
I 837679 3878
I 604748 3879
I 750127 3880
I 1286 3881
I 906314 3882
I 463005 3883
I 1017656 3884
I 627785 3885
I 913451 3886
I 668726 3887
I 37798 3888
I 705233 3889
I 656313 3890
I 99631 3891
I 37751 3892
I 248057 3893
I 206911 3894
I 253852 3895
I 439846 3896
I 611211 3897
I 359187 3898
I 354974 3899
I 995988 3900
I 150760 3901
I 538789 3902
I 91682 3903
I 328778 3904
I 569623 3905
I 912874 3906
I 407657 3907
I 240005 3908
I 865613 3909
I 732036 3910
I 708275 3911
I 387342 3912
I 822564 3913
I 9206 3914
I 269171 3915
I 87536 3916
I 700490 3917
I 689570 3918
I 31919 3919
I 105133 3920
I 564519 3921
I 703272 3922
I 417562 3923
I 362638 3924
I 662397 3925
I 960234 3926
I 168834 3927
I 478449 3928
I 194959 3929
I 24607 3930
I 429351 3931
I 337031 3932
I 30202 3933
I 773171 3934
I 779161 3935
I 1039805 3936
I 147972 3937
I 724621 3938
I 60639 3939
I 633552 3940
I 68619 3941
I 507132 3942
I 546542 3943
I 831452 3944
I 501236 3945
I 88264 3946
I 125148 3947
I 754058 3948
I 15847 3949
I 407869 3950
I 994258 3951
I 1032382 3952
I 80353 3953
I 646520 3954
I 502998 3955
I 235188 3956
I 518599 3957
I 29326 3958
I 660520 3959
I 971986 3960
I 635388 3961
I 478640 3962
I 120920 3963
I 590709 3964
I 669396 3965
I 772723 3966
I 247864 3967
I 274728 3968
I 1013958 3969
I 805711 3970
I 656982 3971
I 210405 3972
I 317013 3973
I 548447 3974
I 52066 3975
I 838125 3976
I 658894 3977
I 732558 3978
I 504547 3979
I 1042694 3980
I 309918 3981
I 147304 3982
I 98908 3983
I 224381 3984
I 455654 3985
I 656298 3986
I 771617 3987
I 326553 3988
I 998173 3989
I 27665 3990
I 523008 3991
I 166246 3992
I 691442 3993
I 746987 3994
I 217132 3995
I 937016 3996
I 408123 3997
I 650624 3998
I 977464 3999
I 421462 4000
I 681846 4001
I 721619 4002
I 799353 4003
I 624985 4004
I 854365 4005
I 726422 4006
I 158479 4007
I 778779 4008
I 277199 4009
I 517316 4010
I 368205 4011
I 857081 4012
I 669610 4013
I 1044869 4014
I 735704 4015
I 835812 4016
I 132569 4017
I 37706 4018
I 225426 4019
I 945891 4020
I 198332 4021
I 425976 4022
I 741048 4023
I 157158 4024
I 140122 4025
I 1031698 4026
I 933108 4027
I 131750 4028
I 1008507 4029
I 492939 4030
I 601947 4031
I 308648 4032
I 883890 4033
I 358780 4034
I 40401 4035
I 638980 4036
I 891421 4037
I 311790 4038
I 9891 4039
I 271799 4040
I 705832 4041
I 813243 4042
I 1042932 4043
I 37825 4044
I 863859 4045
I 205954 4046
I 194034 4047
I 413297 4048
I 618694 4049
I 128482 4050
I 73769 4051
I 1001698 4052
I 604065 4053
I 523646 4054
I 584997 4055
I 505380 4056
I 243043 4057
I 256563 4058
I 339666 4059
I 594817 4060
I 287838 4061
I 933685 4062
I 74277 4063
I 337576 4064
I 342931 4065
I 991246 4066
I 588255 4067
I 468992 4068
I 144696 4069
I 438060 4070
I 776626 4071
I 976842 4072
I 388218 4073
I 94825 4074
I 622577 4075
I 415254 4076
I 927789 4077
I 124236 4078
I 676771 4079
I 766622 4080
I 275974 4081
I 954318 4082
I 291132 4083
I 972399 4084
I 734314 4085
I 1007404 4086
I 369388 4087
I 780258 4088
I 1004698 4089
I 188145 4090
I 448288 4091
I 902941 4092
I 537079 4093
I 691500 4094
I 434880 4095
F
D
F
D
F
D
F
D
F
D
F
D
F
D
F
D
F
D
F
D
F
D
F
D
F
D
F
D
F
D
F
D
F
D
F
D
F
D
F
D
F
D
F
D
F
D
F
D
F
D
F
D
F
D
F
D
F
D
F
D
F
D
F
D
F
D
F
D
F
D
F
D
F
D
F
D
F
D
F
D
F
D
F
D
F
D
F
D
F
D
F
D
F
D
F
D
F
D
F
D
F
D
F
D
F
D
F
D
F
D
F
D
F
D
F
D
F
D
F
D
F
D
F
D
F
D
F
D
F
D
F
D
F
D
F
D
F
D
F
D
F
D
F
D
F
D
F
D
F
D
F
D
F
D
F
D
F
D
F
D
F
D
F
D
F
D
F
D
F
D
F
D
F
D
F
D
F
D
F
D
F
D
F
D
F
D
F
D
F
D
F
D
F
D
F
D
F
D
F
D
F
D
F
D
F
D
F
D
F
D
F
D
F
D
F
D
F
D
F
D
F
D
F
D
F
D
F
D
F
D
F
D
F
D
F
D
F
D
F
D
F
D
F
D
F
D
F
D
F
D
F
D
F
D
F
D
F
D
F
D
F
D
F
D
F
D
F
D
F
D
F
D
F
D
F
D
F
D
F
D
F
D
F
D
F
D
F
D
F
D
F
D
F
D
F
D
F
D
F
D
F
D
F
D
F
D
F
D
F
D
F
D
F
D
F
D
F
D
F
D
F
D
F
D
F
D
F
D
F
D
F
D
F
D
F
D
F
D
F
D
F
D
F
D
F
D
F
D
F
D
F
D
F
D
F
D
F
D
F
D
F
D
F
D
F
D
F
D
F
D
F
D
F
D
F
D
F
D
F
D
F
D
F
D
F
D
F
D
F
D
F
D
F
D
F
D
F
D
F
D
F
D
F
D
F
D
F
D
F
D
F
D
F
D
F
D
F
D
F
D
F
D
F
D
F
D
F
D
F
D
F
D
F
D
F
D
F
D
F
D
F
D
F
D
F
D
F
D
F
D
F
D
F
D
F
D
F
D
F
D
F
D
F
D
F
D
F
D
F
D
F
D
F
D
F
D
F
D
F
D
F
D
F
D
F
D
F
D
F
D
F
D
F
D
F
D
F
D
F
D
F
D
F
D
F
D
F
D
F
D
F
D
F
D
F
D
F
D
F
D
F
D
F
D
F
D
F
D
F
D
F
D
F
D
F
D
F
D
F
D
F
D
F
D
F
D
F
D
F
D
F
D
F
D
F
D
F
D
F
D
F
D
F
D
F
D
F
D
F
D
F
D
F
D
F
D
F
D
F
D
F
D
F
D
F
D
F
D
F
D
F
D
F
D
F
D
F
D
F
D
F
D
F
D
F
D
F
D
F
D
F
D
F
D
F
D
F
D
F
D
F
D
F
D
F
D
F
D
F
D
F
D
F
D
F
D
F
D
F
D
F
D
F
D
F
D
F
D
F
D
F
D
F
D
F
D
F
D
F
D
F
D
F
D
F
D
F
D
F
D
F
D
F
D
F
D
F
D
F
D
F
D
F
D
F
D
F
D
F
D
F
D
F
D
F
D
F
D
F
D
F
D
F
D
F
D
F
D
F
D
F
D
F
D
F
D
F
D
F
D
F
D
F
D
F
D
F
D
F
D
F
D
F
D
F
D
F
D
F
D
F
D
F
D
F
D
F
D
F
D
F
D
F
D
F
D
F
D
F
D
F
D
F
D
F
D
F
D
F
D
F
D
F
D
F
D
F
D
F
D
F
D
F
D
F
D
F
D
F
D
F
D
F
D
F
D
F
D
F
D
F
D
F
D
F
D
F
D
F
D
F
D
F
D
F
D
F
D
F
D
F
D
F
D
F
D
F
D
F
D
F
D
F
D
F
D
F
D
F
D
F
D
F
D
F
D
F
D
F
D
F
D
F
D
F
D
F
D
F
D
F
D
F
D
F
D
F
D
F
D
F
D
F
D
F
D
F
D
F
D
F
D
F
D
F
D
F
D
F
D
F
D
F
D
F
D
F
D
F
D
F
D
F
D
F
D
F
D
F
D
F
D
F
D
F
D
F
D
F
D
F
D
F
D
F
D
F
D
F
D
F
D
F
D
F
D
F
D
F
D
F
D
F
D
F
D
F
D
F
D
F
D
F
D
F
D
F
D
F
D
F
D
F
D
F
D
F
D
F
D
F
D
F
D
F
D
F
D
F
D
F
D
F
D
F
D
F
D
F
D
F
D
F
D
F
D
F
D
F
D
F
D
F
D
F
D
F
D
F
D
F
D
F
D
F
D
F
D
F
D
F
D
F
D
F
D
F
D
F
D
F
D
F
D
F
D
F
D
F
D
F
D
F
D
F
D
F
D
F
D
F
D
F
D
F
D
F
D
F
D
F
D
F
D
F
D
F
D
F
D
F
D
F
D
F
D
F
D
F
D
F
D
F
D
F
D
F
D
F
D
F
D
F
D
F
D
F
D
F
D
F
D
F
D
F
D
F
D
F
D
F
D
F
D
F
D
F
D
F
D
F
D
F
D
F
D
F
D
F
D
F
D
F
D
F
D
F
D
F
D
F
D
F
D
F
D
F
D
F
D
F
D
F
D
F
D
F
D
F
D
F
D
F
D
F
D
F
D
F
D
F
D
F
D
F
D
F
D
F
D
F
D
F
D
F
D
F
D
F
D
F
D
F
D
F
D
F
D
F
D
F
D
F
D
F
D
F
D
F
D
F
D
F
D
F
D
F
D
F
D
F
D
F
D
F
D
F
D
F
D
F
D
F
D
F
D
F
D
F
D
F
D
F
D
F
D
F
D
F
D
F
D
F
D
F
D
F
D
F
D
F
D
F
D
F
D
F
D
F
D
F
D
F
D
F
D
F
D
F
D
F
D
F
D
F
D
F
D
F
D
F
D
F
D
F
D
F
D
F
D
F
D
F
D
F
D
F
D
F
D
F
D
F
D
F
D
F
D
F
D
F
D
F
D
F
D
F
D
F
D
F
D
F
D
F
D
F
D
F
D
F
D
F
D
F
D
F
D
F
D
F
D
F
D
F
D
F
D
F
D
F
D
F
D
F
D
F
D
F
D
F
D
F
D
F
D
F
D
F
D
F
D
F
D
F
D
F
D
F
D
F
D
F
D
F
D
F
D
F
D
F
D
F
D
F
D
F
D
F
D
F
D
F
D
F
D
F
D
F
D
F
D
F
D
F
D
F
D
F
D
F
D
F
D
F
D
F
D
F
D
F
D
F
D
F
D
F
D
F
D
F
D
F
D
F
D
F
D
F
D
F
D
F
D
F
D
F
D
F
D
F
D
F
D
F
D
F
D
F
D
F
D
F
D
F
D
F
D
F
D
F
D
F
D
F
D
F
D
F
D
F
D
F
D
F
D
F
D
F
D
F
D
F
D
F
D
F
D
F
D
F
D
F
D
F
D
F
D
F
D
F
D
F
D
F
D
F
D
F
D
F
D
F
D
F
D
F
D
F
D
F
D
F
D
F
D
F
D
F
D
F
D
F
D
F
D
F
D
F
D
F
D
F
D
F
D
F
D
F
D
F
D
F
D
F
D
F
D
F
D
F
D
F
D
F
D
F
D
F
D
F
D
F
D
F
D
F
D
F
D
F
D
F
D
F
D
F
D
F
D
F
D
F
D
F
D
F
D
F
D
F
D
F
D
F
D
F
D
F
D
F
D
F
D
F
D
F
D
F
D
F
D
F
D
F
D
F
D
F
D
F
D
F
D
F
D
F
D
F
D
F
D
F
D
F
D
F
D
F
D
F
D
F
D
F
D
F
D
F
D
F
D
F
D
F
D
F
D
F
D
F
D
F
D
F
D
F
D
F
D
F
D
F
D
F
D
F
D
F
D
F
D
F
D
F
D
F
D
F
D
F
D
F
D
F
D
F
D
F
D
F
D
F
D
F
D
F
D
F
D
F
D
F
D
F
D
F
D
F
D
F
D
F
D
F
D
F
D
F
D
F
D
F
D
F
D
F
D
F
D
F
D
F
D
F
D
F
D
F
D
F
D
F
D
F
D
F
D
F
D
F
D
F
D
F
D
F
D
F
D
F
D
F
D
F
D
F
D
F
D
F
D
F
D
F
D
F
D
F
D
F
D
F
D
F
D
F
D
F
D
F
D
F
D
F
D
F
D
F
D
F
D
F
D
F
D
F
D
F
D
F
D
F
D
F
D
F
D
F
D
F
D
F
D
F
D
F
D
F
D
F
D
F
D
F
D
F
D
F
D
F
D
F
D
F
D
F
D
F
D
F
D
F
D
F
D
F
D
F
D
F
D
F
D
F
D
F
D
F
D
F
D
F
D
F
D
F
D
F
D
F
D
F
D
F
D
F
D
F
D
F
D
F
D
F
D
F
D
F
D
F
D
F
D
F
D
F
D
F
D
F
D
F
D
F
D
F
D
F
D
F
D
F
D
F
D
F
D
F
D
F
D
F
D
F
D
F
D
F
D
F
D
F
D
F
D
F
D
F
D
F
D
F
D
F
D
F
D
F
D
F
D
F
D
F
D
F
D
F
D
F
D
F
D
F
D
F
D
F
D
F
D
F
D
F
D
F
D
F
D
F
D
F
D
F
D
F
D
F
D
F
D
F
D
F
D
F
D
F
D
F
D
F
D
F
D
F
D
F
D
F
D
F
D
F
D
F
D
F
D
F
D
F
D
F
D
F
D
F
D
F
D
F
D
F
D
F
D
F
D
F
D
F
D
F
D
F
D
F
D
F
D
F
D
F
D
F
D
F
D
F
D
F
D
F
D
F
D
F
D
F
D
F
D
F
D
F
D
F
D
F
D
F
D
F
D
F
D
F
D
F
D
F
D
F
D
F
D
F
D
F
D
F
D
F
D
F
D
F
D
F
D
F
D
F
D
F
D
F
D
F
D
F
D
F
D
F
D
F
D
F
D
F
D
F
D
F
D
F
D
F
D
F
D
F
D
F
D
F
D
F
D
F
D
F
D
F
D
F
D
F
D
F
D
F
D
F
D
F
D
F
D
F
D
F
D
F
D
F
D
F
D
F
D
F
D
F
D
F
D
F
D
F
D
F
D
F
D
F
D
F
D
F
D
F
D
F
D
F
D
F
D
F
D
F
D
F
D
F
D
F
D
F
D
F
D
F
D
F
D
F
D
F
D
F
D
F
D
F
D
F
D
F
D
F
D
F
D
F
D
F
D
F
D
F
D
F
D
F
D
F
D
F
D
F
D
F
D
F
D
F
D
F
D
F
D
F
D
F
D
F
D
F
D
F
D
F
D
F
D
F
D
F
D
F
D
F
D
F
D
F
D
F
D
F
D
F
D
F
D
F
D
F
D
F
D
F
D
F
D
F
D
F
D
F
D
F
D
F
D
F
D
F
D
F
D
F
D
F
D
F
D
F
D
F
D
F
D
F
D
F
D
F
D
F
D
F
D
F
D
F
D
F
D
F
D
F
D
F
D
F
D
F
D
F
D
F
D
F
D
F
D
F
D
F
D
F
D
F
D
F
D
F
D
F
D
F
D
F
D
F
D
F
D
F
D
F
D
F
D
F
D
F
D
F
D
F
D
F
D
F
D
F
D
F
D
F
D
F
D
F
D
F
D
F
D
F
D
F
D
F
D
F
D
F
D
F
D
F
D
F
D
F
D
F
D
F
D
F
D
F
D
F
D
F
D
F
D
F
D
F
D
F
D
F
D
F
D
F
D
F
D
F
D
F
D
F
D
F
D
F
D
F
D
F
D
F
D
F
D
F
D
F
D
F
D
F
D
F
D
F
D
F
D
F
D
F
D
F
D
F
D
F
D
F
D
F
D
F
D
F
D
F
D
F
D
F
D
F
D
F
D
F
D
F
D
F
D
F
D
F
D
F
D
F
D
F
D
F
D
F
D
F
D
F
D
F
D
F
D
F
D
F
D
F
D
F
D
F
D
F
D
F
D
F
D
F
D
F
D
F
D
F
D
F
D
F
D
F
D
F
D
F
D
F
D
F
D
F
D
F
D
F
D
F
D
F
D
F
D
F
D
F
D
F
D
F
D
F
D
F
D
F
D
F
D
F
D
F
D
F
D
F
D
F
D
F
D
F
D
F
D
F
D
F
D
F
D
F
D
F
D
F
D
F
D
F
D
F
D
F
D
F
D
F
D
F
D
F
D
F
D
F
D
F
D
F
D
F
D
F
D
F
D
F
D
F
D
F
D
F
D
F
D
F
D
F
D
F
D
F
D
F
D
F
D
F
D
F
D
F
D
F
D
F
D
F
D
F
D
F
D
F
D
F
D
F
D
F
D
F
D
F
D
F
D
F
D
F
D
F
D
F
D
F
D
F
D
F
D
F
D
F
D
F
D
F
D
F
D
F
D
F
D
F
D
F
D
F
D
F
D
F
D
F
D
F
D
F
D
F
D
F
D
F
D
F
D
F
D
F
D
F
D
F
D
F
D
F
D
F
D
F
D
F
D
F
D
F
D
F
D
F
D
F
D
F
D
F
D
F
D
F
D
F
D
F
D
F
D
F
D
F
D
F
D
F
D
F
D
F
D
F
D
F
D
F
D
F
D
F
D
F
D
F
D
F
D
F
D
F
D
F
D
F
D
F
D
F
D
F
D
F
D
F
D
F
D
F
D
F
D
F
D
F
D
F
D
F
D
F
D
F
D
F
D
F
D
F
D
F
D
F
D
F
D
F
D
F
D
F
D
F
D
F
D
F
D
F
D
F
D
F
D
F
D
F
D
F
D
F
D
F
D
F
D
F
D
F
D
F
D
F
D
F
D
F
D
F
D
F
D
F
D
F
D
F
D
F
D
F
D
F
D
F
D
F
D
F
D
F
D
F
D
F
D
F
D
F
D
F
D
F
D
F
D
F
D
F
D
F
D
F
D
F
D
F
D
F
D
F
D
F
D
F
D
F
D
F
D
F
D
F
D
F
D
F
D
F
D
F
D
F
D
F
D
F
D
F
D
F
D
F
D
F
D
F
D
F
D
F
D
F
D
F
D
F
D
F
D
F
D
F
D
F
D
F
D
F
D
F
D
F
D
F
D
F
D
F
D
F
D
F
D
F
D
F
D
F
D
F
D
F
D
F
D
F
D
F
D
F
D
F
D
F
D
F
D
F
D
F
D
F
D
F
D
F
D
F
D
F
D
F
D
F
D
F
D
F
D
F
D
F
D
F
D
F
D
F
D
F
D
F
D
F
D
F
D
F
D
F
D
F
D
F
D
F
D
F
D
F
D
F
D
F
D
F
D
F
D
F
D
F
D
F
D
F
D
F
D
F
D
F
D
F
D
F
D
F
D
F
D
F
D
F
D
F
D
F
D
F
D
F
D
F
D
F
D
F
D
F
D
F
D
F
D
F
D
F
D
F
D
F
D
F
D
F
D
F
D
F
D
F
D
F
D
F
D
F
D
F
D
F
D
F
D
F
D
F
D
F
D
F
D
F
D
F
D
F
D
F
D
F
D
F
D
F
D
F
D
F
D
F
D
F
D
F
D
F
D
F
D
F
D
F
D
F
D
F
D
F
D
F
D
F
D
F
D
F
D
F
D
F
D
F
D
F
D
F
D
F
D
F
D
F
D
F
D
F
D
F
D
F
D
F
D
F
D
F
D
F
D
F
D
F
D
F
D
F
D
F
D
F
D
F
D
F
D
F
D
F
D
F
D
F
D
F
D
F
D
F
D
F
D
F
D
F
D
F
D
F
D
F
D
F
D
F
D
F
D
F
D
F
D
F
D
F
D
F
D
F
D
F
D
F
D
F
D
F
D
F
D
F
D
F
D
F
D
F
D
F
D
F
D
F
D
F
D
F
D
F
D
F
D
F
D
F
D
F
D
F
D
F
D
F
D
F
D
F
D
F
D
F
D
F
D
F
D
F
D
F
D
F
D
F
D
F
D
F
D
F
D
F
D
F
D
F
D
F
D
F
D
F
D
F
D
F
D
F
D
F
D
F
D
F
D
F
D
F
D
F
D
F
D
F
D
F
D
F
D
F
D
F
D
F
D
F
D
F
D
F
D
F
D
F
D
F
D
F
D
F
D
F
D
F
D
F
D
F
D
F
D
F
D
F
D
F
D
F
D
F
D
F
D
F
D
F
D
F
D
F
D
F
D
F
D
F
D
F
D
F
D
F
D
F
D
F
D
F
D
F
D
F
D
F
D
F
D
F
D
F
D
F
D
F
D
F
D
F
D
F
D
F
D
F
D
F
D
F
D
F
D
F
D
F
D
F
D
F
D
F
D
F
D
F
D
F
D
F
D
F
D
F
D
F
D
F
D
F
D
F
D
F
D
F
D
F
D
F
D
F
D
F
D
F
D
F
D
F
D
F
D
F
D
F
D
F
D
F
D
F
D
F
D
F
D
F
D
F
D
F
D
F
D
F
D
F
D
F
D
F
D
F
D
F
D
F
D
F
D
F
D
F
D
F
D
F
D
F
D
F
D
F
D
F
D
F
D
F
D
F
D
F
D
F
D
F
D
F
D
F
D
F
D
F
D
F
D
F
D
F
D
F
D
F
D
F
D
F
D
F
D
F
D
F
D
F
D
F
D
F
D
F
D
F
D
F
D
F
D
F
D
F
D
F
D
F
D
F
D
F
D
F
D
F
D
F
D
F
D
F
D
F
D
F
D
F
D
F
D
F
D
F
D
F
D
F
D
F
D
F
D
F
D
F
D
F
D
F
D
F
D
F
D
F
D
F
D
F
D
F
D
F
D
F
D
F
D
F
D
F
D
F
D
F
D
F
D
F
D
F
D
F
D
F
D
F
D
F
D
F
D
F
D
F
D
F
D
F
D
F
D
F
D
F
D
F
D
F
D
F
D
F
D
F
D
F
D
F
D
F
D
F
D
F
D
F
D
F
D
F
D
F
D
F
D
F
D
F
D
F
D
F
D
F
D
F
D
F
D
F
D
F
D
F
D
F
D
F
D
F
D
F
D
F
D
F
D
F
D
F
D
F
D
F
D
F
D
F
D
F
D
F
D
F
D
F
D
F
D
F
D
F
D
F
D
F
D
F
D
F
D
F
D
F
D
F
D
F
D
F
D
F
D
F
D
F
D
F
D
F
D
F
D
F
D
F
D
F
D
F
D
F
D
F
D
F
D
F
D
F
D
F
D
F
D
F
D
F
D
F
D
F
D
F
D
F
D
F
D
F
D
F
D
F
D
F
D
F
D
F
D
F
D
F
D
F
D
F
D
F
D
F
D
F
D
F
D
F
D
F
D
F
D
F
D
F
D
F
D
F
D
F
D
F
D
F
D
F
D
F
D
F
D
F
D
F
D
F
D
F
D
F
D
F
D
F
D
F
D
F
D
F
D
F
D
F
D
F
D
F
D
F
D
F
D
F
D
F
D
F
D
F
D
F
D
F
D
F
D
F
D
F
D
F
D
F
D
F
D
F
D
F
D
F
D
F
D
F
D
F
D
F
D
F
D
F
D
F
D
F
D
F
D
F
D
F
D
F
D
F
D
F
D
F
D
F
D
F
D
F
D
F
D
F
D
F
D
F
D
F
D
F
D
F
D
F
D
F
D
F
D
F
D
F
D
F
D
F
D
F
D
F
D
F
D
F
D
F
D
F
D
F
D
F
D
F
D
F
D
F
D
F
D
F
D
F
D
F
D
F
D
F
D
F
D
F
D
F
D
F
D
F
D
F
D
F
D
F
D
F
D
F
D
F
D
F
D
F
D
F
D
F
D
F
D
F
D
F
D
F
D
F
D
F
D
F
D
F
D
F
D
F
D
F
D
F
D
F
D
F
D
F
D
F
D
F
D
F
D
F
D
F
D
F
D
F
D
F
D
F
D
F
D
F
D
F
D
F
D
F
D
F
D
F
D
F
D
F
D
F
D
F
D
F
D
F
D
F
D
F
D
F
D
F
D
F
D
F
D
F
D
F
D
F
D
F
D
F
D
F
D
F
D
F
D
F
D
F
D
F
D
F
D
F
D
F
D
F
D
F
D
F
D
F
D
F
D
F
D
F
D
F
D
F
D
F
D
F
D
F
D
F
D
F
D
F
D
F
D
F
D
F
D
F
D
F
D
F
D
F
D
F
D
F
D
F
D
F
D
F
D
F
D
F
D
F
D
F
D
F
D
F
D
F
D
F
D
F
D
F
D
F
D
F
D
F
D
F
D
F
D
F
D
F
D
F
D
F
D
F
D
F
D
F
D
F
D
F
D
F
D
F
D
F
D
F
D
F
D
F
D
F
D
F
D
F
D
F
D
F
D
F
D
F
D
F
D
F
D
F
D
F
D
F
D
F
D
F
D
F
D
F
D
F
D
F
D
F
D
F
D
F
D
F
D
F
D
F
D
F
D
F
D
F
D
F
D
F
D
F
D
F
D
F
D
F
D
F
D
F
D
F
D
F
D
F
D
F
D
F
D
F
D
F
D
F
D
F
D
F
D
F
D
F
D
F
D
F
D
F
D
F
D
F
D
F
D
F
D
F
D
F
D
F
D
F
D
F
D
F
D
F
D
F
D
F
D
F
D
F
D
F
D
F
D
F
D
F
D
F
D
F
D
F
D
F
D
F
D
F
D
F
D
F
D
F
D
F
D
F
D
F
D
F
D
F
D
F
D
F
D
F
D
F
D
F
D
F
D
F
D
F
D
F
D
F
D
F
D
F
D
F
D
F
D
F
D
F
D
F
D
F
D
F
D
F
D
F
D
F
D
F
D
F
D
F
D
F
D
F
D
F
D
F
D
F
D
F
D
F
D
F
D
F
D
F
D
F
D
F
D
F
D
F
D
F
D
F
D
F
D
F
D
F
D
F
D
F
D
F
D
F
D
F
D
F
D
F
D
F
D
F
D
F
D
F
D
F
D
F
D
F
D
F
D
F
D
F
D
F
D
F
D
F
D
F
D
F
D
F
D
F
D
F
D
F
D
F
D
F
D
F
D
F
D
F
D
F
D
F
D
F
D
F
D
F
D
F
D
F
D
F
D
F
D
F
D
F
D
F
D
F
D
F
D
F
D
F
D
F
D
F
D
F
D
F
D
F
D
F
D
F
D
F
D
F
D
F
D
F
D
F
D
F
D
F
D
F
D
F
D
F
D
F
D
F
D
F
D
F
D
F
D
F
D
F
D
F
D
F
D
F
D
F
D
F
D
F
D
F
D
F
D
F
D
F
D
F
D
F
D
F
D
F
D
F
D
F
D
F
D
F
D
F
D
F
D
F
D
F
D
F
D
F
D
F
D
F
D
F
D
F
D
F
D
F
D
F
D
F
D
F
D
F
D
F
D
F
D
F
D
F
D
F
D
F
D
F
D
F
D
F
D
F
D
F
D
F
D
F
D
F
D
F
D
F
D
F
D
F
D
F
D
F
D
F
D
F
D
F
D
F
D
F
D
F
D
F
D
F
D
F
D
F
D
F
D
F
D
F
D
F
D
F
D
F
D
F
D
F
D
F
D
F
D
F
D
F
D
F
D
F
D
F
D
F
D
F
D
F
D
F
D
F
D
F
D
F
D
F
D
F
D
F
D
F
D
F
D
F
D
F
D
F
D
F
D
F
D
F
D
F
D
F
D
F
D
F
D
F
D
F
D
F
D
F
D
F
D
F
D
F
D
F
D
F
D
F
D
F
D
F
D
F
D
F
D
F
D
F
D
F
D
F
D
F
D
F
D
F
D
F
D
F
D
F
D
F
D
F
D
F
D
F
D
F
D
F
D
F
D
F
D
F
D
F
D
F
D
F
D
F
D
F
D
F
D
F
D
F
D
F
D
F
D
F
D
F
D
F
D
F
D
F
D
F
D
F
D
F
D
F
D
F
D
F
D
F
D
F
D
F
D
F
D
F
D
F
D
F
D
F
D
F
D
F
D
F
D
F
D
F
D
F
D
F
D
F
D
F
D
F
D
F
D
F
D
F
D
F
D
F
D
F
D
F
D
F
D
F
D
F
D
F
D
F
D
F
D
F
D
F
D
F
D
F
D
F
D
F
D
F
D
F
D
F
D
F
D
F
D
F
D
F
D
F
D
F
D
F
D
F
D
F
D
F
D
F
D
F
D
F
D
F
D
F
D
F
D
F
D
F
D
F
D
F
D
F
D
F
D
F
D
F
D
F
D
F
D
F
D
F
D
F
D
F
D
F
D
F
D
F
D
F
D
F
D
F
D
F
D
F
D
F
D
F
D
F
D
F
D
F
D
F
D
F
D
F
D
F
D
F
D
F
D
F
D
F
D
F
D
F
D
F
D
F
D
F
D
F
D
F
D
F
D
F
D
F
D
F
D
F
D
F
D
F
D
F
D
F
D
F
D
F
D
F
D
F
D
F
D
F
D
F
D
F
D
F
D
F
D
F
D
F
D
F
D
F
D
F
D
F
D
F
D
F
D
F
D
F
D
F
D
F
D
F
D
F
D
F
D
F
D
F
D
F
D
F
D
F
D
F
D
F
D
F
D
F
D
F
D
F
D
F
D
F
D
F
D
F
D
F
D
F
D
F
D
F
D
F
D
F
D
F
D
F
D
F
D
F
D
F
D
F
D
F
D
F
D
F
D
F
D
F
D
F
D
F
D
F
D
F
D
F
D
F
D
F
D
F
D
F
D
F
D
F
D
F
D
F
D
F
D
F
D
F
D
F
D
F
D
F
D
F
D
F
D
F
D
F
D
F
D
F
D
F
D
F
D
F
D
F
D
F
D
F
D
F
D
F
D
F
D
F
D
F
D
F
D
F
D
F
D
F
D
F
D
F
D
F
D
F
D
F
D
F
D
F
D
F
D
F
D
F
D
F
D
F
D
F
D
F
D
F
D
F
D
F
D
F
D
F
D
F
D
F
D
F
D
F
D
F
D
F
D
F
D
F
D
F
D
F
D
F
D
F
D
F
D
F
D
F
D
F
D
F
D
F
D
F
D
F
D
F
D
F
D
F
D
F
D
F
D
F
D
F
D
F
D
F
D
F
D
F
D
F
D
F
D
F
D
F
D
F
D
F
D
F
D
F
D
F
D
F
D
F
D
F
D
F
D
F
D
F
D
F
D
F
D
F
D
F
D
F
D
F
D
F
D
F
D
F
D
F
D
F
D
F
D
F
D
F
D
F
D
F
D
F
D
F
D
F
D
F
D
F
D
F
D
F
D
F
D
F
D
F
D
F
D
F
D
F
D
F
D
F
D
F
D
F
D
F
D
F
D
F
D
F
D
F
D
F
D
F
D
F
D
F
D
F
D
F
D
F
D
F
D
F
D
F
D
F
D
F
D
F
D
F
D
F
D
F
D
F
D
F
D
F
D
F
D
F
D
F
D
F
D
F
D
F
D
F
D
F
D
F
D
F
D
F
D
F
D
F
D
F
D
F
D
F
D
F
D
F
D
F
D
F
D
F
D
F
D
F
D
F
D
F
D
F
D
F
D
F
D
F
D
F
D
F
D
F
D
F
D
F
D
F
D
F
D
F
D
F
D
F
D
F
D
F
D
F
D
F
D
F
D
F
D
F
D
F
D
F
D
F
D
F
D
F
D
F
D
F
D
F
D
F
D
F
D
F
D
F
D
F
D
F
D
F
D
F
D
F
D
F
D
F
D
F
D
F
D
F
D
F
D
F
D
F
D
F
D
F
D
F
D
F
D
F
D
F
D
F
D
F
D
F
D
F
D
F
D
F
D
F
D
F
D
F
D
F
D
F
D
F
D
F
D
F
D
F
D
F
D
F
D
F
D
F
D
F
D
F
D
F
D
F
D
F
D
F
D
F
D
F
D
F
D
F
D
F
D
F
D
F
D
F
D
F
D
F
D
F
D
F
D
F
D
F
D
F
D
F
D
F
D
F
D
F
D
F
D
F
D
F
D
F
D
F
D
F
D
F
D
F
D
F
D
F
D
F
D
F
D
F
D
F
D
F
D
F
D
F
D
F
D
F
D
F
D
F
D
F
D
F
D
F
D
F
D
F
D
F
D
F
D
F
D
F
D
F
D
F
D
F
D
F
D
F
D
F
D
F
D
F
D
F
D
F
D
F
D
F
D
F
D
F
D
F
D
F
D
F
D
F
D
F
D
F
D
F
D
F
D
F
D
F
D
F
D
F
D
F
D
F
D
F
D
F
D
F
D
F
D
F
D
F
D
F
D
F
D
F
D
F
D
F
D
F
D
F
D
F
D
F
D
F
D
F
D
F
D
F
D
F
D
F
D
F
D
F
D
F
D
F
D
F
D
F
D
F
D
F
D
F
D
F
D
F
D
F
D
F
D
F
D
F
D
F
D
F
D
F
D
F
D
F
D
F
D
F
D
F
D
F
D
F
D
F
D
F
D
F
D
F
D
F
D
F
D
F
D
F
D
F
D
F
D
F
D
F
D
F
D
F
D
F
D
F
D
F
D
F
D
F
D
F
D
F
D
F
D
F
D
F
D
F
D
F
D
F
D
F
D
F
D
F
D
F
D
F
D
F
D
F
D
F
D
F
D
F
D
F
D
F
D
F
D
F
D
F
D
F
D
F
D
F
D
F
D
F
D
F
D
F
D
F
D
F
D
F
D
F
D
F
D
F
D
F
D
F
D
F
D
F
D
F
D
F
D
F
D
F
D
F
D
F
D
F
D
F
D
F
D
F
D
F
D
F
D
F
D
F
D
F
D
F
D
F
D
F
D
F
D
F
D
F
D
F
D
F
D
F
D
F
D
F
D
F
D
F
D
F
D
F
D
F
D
F
D
F
D
F
D
F
D
F
D
F
D
F
D
F
D
F
D
F
D
F
D
F
D
F
D
F
D
F
D
F
D
F
D
F
D
F
D
F
D
F
D
F
D
F
D
F
D
F
D
F
D
F
D
F
D
F
D
F
D
F
D
F
D
F
D
F
D
F
D
F
D
F
D
F
D
F
D
F
D
F
D
F
D
F
D
F
D
F
D
F
D
F
D
F
D
F
D
F
D
F
D
F
D
F
D
F
D
F
D
F
D
F
D
F
D
F
D
F
D
F
D
F
D
F
D
F
D
F
D
F
D
F
D
F
D
F
D
F
D
F
D
F
D
F
D
F
D
F
D
F
D
F
D
F
D
F
D
F
D
F
D
F
D
F
D
F
D
F
D
F
D
F
D
F
D
F
D
F
D
F
D
F
D
F
D
F
D
F
D
F
D
F
D
F
D
F
D
F
D
F
D
F
D
F
D
F
D
F
D
F
D
F
D
F
D
F
D
F
D
F
D
F
D
F
D
F
D
F
D
F
D
F
D
F
D
F
D
F
D
F
D
F
D
F
D
F
D
F
D
F
D
F
D
F
D
F
D
F
D
F
D
F
D
F
D
F
D
F
D
F
D
F
D
F
D
F
D
F
D
F
D
F
D
F
D
F
D
F
D
F
D
F
D
F
D
F
D
F
D
F
D
F
D
F
D
F
D
F
D
F
D
F
D
F
D
F
D
F
D
F
D
F
D
F
D
F
D
F
D
F
D
F
D
F
D
F
D
F
D
F
D
F
D
F
D
F
D
F
D
F
D
F
D
F
D
F
D
F
D
F
D
F
D
F
D
F
D
F
D
F
D
F
D
F
D
F
D
F
D
F
D
F
D
F
D
F
D
F
D
F
D
F
D
F
D
F
D
F
D
F
D
F
D
F
D
F
D
F
D
F
D
F
D
F
D
F
D
F
D
F
D
F
D
F
D
F
D
F
D
F
D
F
D
F
D
F
D
F
D
F
D
F
D
F
D
F
D
F
D
F
D
F
D
F
D
F
D
F
D
F
D
F
D
F
D
F
D
F
D
F
D
F
D
F
D
F
D
F
D
F
D
F
D
F
D
F
D
F
D
F
D
F
D
F
D
F
D
F
D
F
D
F
D
F
D
F
D
F
D
F
D
F
D
F
D
F
D
F
D
F
D
F
D
F
D
F
D
F
D
F
D
F
D
F
D
F
D
F
D
F
D
F
D
F
D
F
D
F
D
F
D
F
D
F
D
F
D
F
D
F
D
F
D
F
D
F
D
F
D
F
D
F
D
F
D
F
D
F
D
F
D
F
D
F
D
F
D
F
D
F
D
F
D
F
D
F
D
F
D
F
D
F
D
F
D
F
D
F
D
F
D
F
D
F
D
F
D
F
D
F
D
F
D
F
D
F
D
F
D
F
D
F
D
F
D
F
D
F
D
F
D
F
D
F
D
F
D
F
D
F
D
F
D
F
D
F
D
F
D
F
D
F
D
F
D
F
D
F
D
F
D
F
D
F
D
F
D
F
D
F
D
F
D
F
D
F
D
F
D
F
D
F
D
F
D
F
D
F
D
F
D
F
D
F
D
F
D
F
D
F
D
F
D
F
D
F
D
F
D
F
D
F
D
F
D
F
D
F
D
F
D
F
D
F
D
F
D
F
D
F
D
F
D
F
D
F
D
F
D
F
D
F
D
F
D
F
D
F
D
F
D
F
D
F
D
F
D
F
D
F
D
F
D
F
D
F
D
F
D
F
D
F
D
F
D
F
D
F
D
F
D
F
D
F
D
F
D
F
D
F
D
F
D
F
D
F
D
F
D
F
D
F
D
F
D
F
D
F
D
F
D
F
D
F
D
F
D
F
D
F
D
F
D
F
D
F
D
F
D
F
D
F
D
F
D
F
D
F
D
F
D
F
D
F
D
F
D
F
D
F
D
F
D
F
D
F
D
F
D
F
D
F
D
F
D
F
D
F
D
F
D
F
D
F
D
F
D
F
D
F
D
F
D
F
D
F
D
F
D
F
D
F
D
F
D
F
D
F
D
F
D
F
D
F
D
F
D
F
D
F
D
F
D
F
D
F
D
F
D
F
D
F
D
F
D
F
D
F
D
F
D
F
D
F
D
F
D
F
D
F
D
F
D
F
D
F
D
F
D
F
D
F
D
F
D
F
D
F
D
F
D
F
D
F
D
F
D
F
D
F
D
F
D
F
D
F
D
F
D
F
D
F
D
F
D
F
D
F
D
F
D
F
D
F
D
F
D
F
D
F
D
F
D
F
D
F
D
F
D
F
D
F
D
F
D
F
D
F
D
F
D
F
D
F
D
F
D
F
D
F
D
F
D
F
D
F
D
F
D
F
D
F
D
F
D
F
D
F
D
F
D
F
D
F
D
F
D
F
D
F
D
F
D
F
D
F
D
F
D
F
D
F
D
F
D
F
D
F
D
F
D
F
D
F
D
F
D
F
D
F
D
F
D
F
D
F
D
F
D
F
D
F
D
F
D
F
D
F
D
F
D
F
D
F
D
F
D
F
D
F
D
F
D
F
D
F
D
F
D
F
D
F
D
F
D
F
D
F
D
F
D
F
D
F
D
F
D
F
D
F
D
F
D
F
D
F
D
F
D
F
D
F
D
F
D
F
D
F
D
F
D
F
D
F
D
F
D
F
D
F
D
F
D
F
D
F
D
F
D
F
D
F
D
F
D
F
D
F
D
F
D
F
D
F
D
F
D
F
D
F
D
F
D
F
D
F
D
F
D
F
D
F
D
F
D
F
D
F
D
F
D
F
D
F
D
F
D
F
D
F
D
F
D
F
D
F
D
F
D
F
D
F
D
F
D
F
D
F
D
F
D
F
D
F
D
F
D
F
D
F
D
F
D
F
D
F
D
F
D
F
D
F
D
F
D
F
D
F
D
F
D
F
D
F
D
F
D
F
D
F
D
F
D
F
D
F
D
F
D
F
D
F
D
F
D
F
D
F
D
F
D
F
D
F
D
F
D
F
D
F
D
F
D
F
D
F
D
F
D
F
D
F
D
F
D
F
D
F
D
F
D
F
D
F
D
F
D
F
D
F
D
F
D
F
D
F
D
F
D
F
D
F
D
F
D
F
D
F
D
F
D
F
D
F
D
F
D
F
D
F
D
F
D
F
D
F
D
F
D
F
D
F
D
F
D
F
D
F
D
F
D
F
D
F
D
F
D
F
D
F
D
F
D
F
D
F
D
F
D
F
D
F
D
F
D
F
D
F
D
F
D
F
D
F
D
F
D
F
D
F
D
F
D
F
D
F
D
F
D
F
D
F
D
F
D
F
D
F
D
F
D
F
D
F
D
F
D
F
D
F
D
F
D
F
D
F
D
F
D
F
D
F
D
F
D
F
D
F
D
F
D
F
D
F
D
F
D
F
D
F
D
F
D
F
D
F
D
F
D
F
D
F
D
F
D
F
D
F
D
F
D
F
D
F
D
F
D
F
D
F
D
F
D
F
D
F
D
F
D
F
D
F
D
F
D
F
D
F
D
F
D
F
D
F
D
F
D
F
D
F
D
F
D
F
D
F
D
F
D
F
D
F
D
F
D
F
D
F
D
F
D
F
D
F
D
F
D
F
D
F
D
F
D
F
D
F
D
F
D
F
D
F
D
F
D
F
D
F
D
F
D
F
D
F
D
F
D
F
D
F
D
F
D
F
D
F
D
F
D
F
D
