batch_then_drain 4096 101
I 541484 0
I 579381 1
I 598389 2
I 998962 3
I 29858 4
I 1032269 5
I 179854 6
I 1396 7
I 718565 8
I 560056 9
I 874405 10
I 303398 11
I 321878 12
I 605193 13
I 937022 14
I 279119 15
I 756594 16
I 816724 17
I 199166 18
I 935397 19
I 581150 20
I 79359 21
I 369238 22
I 865760 23
I 190729 24
I 26736 25
I 823764 26
I 618903 27
I 1012383 28
I 560206 29
I 243641 30
I 609493 31
I 87621 32
I 812350 33
I 632867 34
I 1025415 35
I 764405 36
I 641309 37
I 289658 38
I 992251 39
I 718596 40
I 453925 41
I 543024 42
I 830291 43
I 50840 44
I 478678 45
I 144567 46
I 866835 47
I 196050 48
I 153344 49
I 1042618 50
I 631905 51
I 545958 52
I 619997 53
I 606905 54
I 463142 55
I 770514 56
I 515917 57
I 568289 58
I 767044 59
I 957511 60
I 866500 61
I 847166 62
I 74465 63
I 422574 64
I 235562 65
I 374577 66
I 712717 67
I 999164 68
I 747213 69
I 360324 70
I 685554 71
I 907123 72
I 880242 73
I 870610 74
I 147179 75
I 564304 76
I 15933 77
I 967280 78
I 351859 79
I 101866 80
I 835986 81
I 107844 82
I 904430 83
I 735584 84
I 423329 85
I 933736 86
I 906133 87
I 167312 88
I 68738 89
I 288959 90
I 917764 91
I 705159 92
I 219972 93
I 172285 94
I 9741 95
I 735441 96
I 461845 97
I 511323 98
I 647211 99
I 713743 100
I 571203 101
I 546883 102
I 436716 103
I 45505 104
I 765097 105
I 234815 106
I 144780 107
I 603147 108
I 936869 109
I 126284 110
I 248523 111
I 524411 112
I 64141 113
I 144714 114
I 727681 115
I 55374 116
I 643317 117
I 186937 118
I 521808 119
I 463857 120
I 578024 121
I 920218 122
I 873590 123
I 995376 124
I 696561 125
I 501395 126
I 298976 127
I 483519 128
I 480814 129
I 668246 130
I 862424 131
I 340377 132
I 810003 133
I 123290 134
I 533505 135
I 53584 136
I 665612 137
I 668634 138
I 650903 139
I 851723 140
I 992859 141
I 702819 142
I 823663 143
I 683428 144
I 361105 145
I 445193 146
I 1032033 147
I 688491 148
I 251760 149
I 219322 150
I 170067 151
I 691982 152
I 601720 153
I 555351 154
I 289688 155
I 784881 156
I 422632 157
I 98312 158
I 187900 159
I 822631 160
I 283210 161
I 720626 162
I 911878 163
I 728843 164
I 611292 165
I 521003 166
I 397979 167
I 1022741 168
I 471903 169
I 213415 170
I 862331 171
I 313546 172
I 9678 173
I 238715 174
I 730489 175
I 50509 176
I 382017 177
I 947883 178
I 811982 179
I 83995 180
I 1012508 181
I 636713 182
I 423374 183
I 661491 184
I 291202 185
I 396301 186
I 435229 187
I 13885 188
I 445057 189
I 883132 190
I 981601 191
I 403637 192
I 731846 193
I 578464 194
I 357930 195
I 745054 196
I 856347 197
I 708082 198
I 115301 199
I 728304 200
I 267219 201
I 359092 202
I 336238 203
I 432423 204
I 529263 205
I 251440 206
I 618362 207
I 1015899 208
I 554769 209
I 302574 210
I 1007208 211
I 154468 212
I 1010630 213
I 135624 214
I 1023017 215
I 989915 216
I 207151 217
I 368506 218
I 549786 219
I 769202 220
I 391953 221
I 958283 222
I 970352 223
I 735039 224
I 870138 225
I 407405 226
I 619919 227
I 988031 228
I 982881 229
I 772268 230
I 182943 231
I 250049 232
I 383284 233
I 863790 234
I 203964 235
I 797562 236
I 522839 237
I 413883 238
I 144974 239
I 209913 240
I 453929 241
I 747212 242
I 652370 243
I 886371 244
I 638480 245
I 386554 246
I 185176 247
I 458207 248
I 791104 249
I 373920 250
I 323310 251
I 251383 252
I 65298 253
I 685117 254
I 674994 255
I 409406 256
I 473023 257
I 689736 258
I 187844 259
I 379872 260
I 660648 261
I 373820 262
I 350579 263
I 204737 264
I 214351 265
I 1035273 266
I 211555 267
I 24438 268
I 251307 269
I 574705 270
I 213963 271
I 588155 272
I 213136 273
I 78386 274
I 350988 275
I 935614 276
I 613623 277
I 115997 278
I 892812 279
I 656172 280
I 881165 281
I 105749 282
I 699385 283
I 745384 284
I 317364 285
I 924141 286
I 836202 287
I 729065 288
I 148611 289
I 279103 290
I 961833 291
I 954167 292
I 818871 293
I 607774 294
I 752403 295
I 377160 296
I 871965 297
I 894052 298
I 213077 299
I 258138 300
I 625339 301
I 818355 302
I 702508 303
I 47721 304
I 338395 305
I 928033 306
I 537932 307
I 289849 308
I 229234 309
I 609144 310
I 282493 311
I 954899 312
I 914976 313
I 1040808 314
I 93177 315
I 65247 316
I 238785 317
I 973584 318
I 46986 319
I 542283 320
I 603907 321
I 991305 322
I 693786 323
I 573499 324
I 533994 325
I 276994 326
I 821135 327
I 678653 328
I 969070 329
I 485476 330
I 8196 331
I 661659 332
I 316835 333
I 536071 334
I 629652 335
I 233184 336
I 258782 337
I 770175 338
I 328678 339
I 838506 340
I 777177 341
I 919205 342
I 369176 343
I 317325 344
I 119574 345
I 638868 346
I 650294 347
I 89131 348
I 331525 349
I 334683 350
I 671602 351
I 855113 352
I 106959 353
I 914785 354
I 737821 355
I 933975 356
I 1007436 357
I 723423 358
I 638810 359
I 960455 360
I 248911 361
I 426976 362
I 338214 363
I 170510 364
I 451130 365
I 193034 366
I 709944 367
I 234642 368
I 460332 369
I 1247 370
I 425252 371
I 237798 372
I 36720 373
I 976203 374
I 132231 375
I 774393 376
I 240631 377
I 962045 378
I 418255 379
I 632814 380
I 197414 381
I 476494 382
I 394338 383
I 328707 384
I 1019029 385
I 399489 386
I 719800 387
I 674038 388
I 811711 389
I 845711 390
I 994336 391
I 136869 392
I 852028 393
I 766054 394
I 505733 395
I 5703 396
I 485345 397
I 682268 398
I 540848 399
I 475056 400
I 749763 401
I 210392 402
I 943492 403
I 661787 404
I 440971 405
I 18656 406
I 306595 407
I 879285 408
I 193199 409
I 551075 410
I 1026215 411
I 388957 412
I 37178 413
I 446431 414
I 63008 415
I 277973 416
I 520647 417
I 468093 418
I 226678 419
I 1030387 420
I 792305 421
I 788586 422
I 762537 423
I 546231 424
I 245418 425
I 484844 426
I 445008 427
I 70734 428
I 381181 429
I 653095 430
I 474031 431
I 754576 432
I 34126 433
I 472631 434
I 654216 435
I 718042 436
I 919297 437
I 768157 438
I 99368 439
I 157082 440
I 266378 441
I 638579 442
I 731562 443
I 904559 444
I 362195 445
I 12186 446
I 909482 447
I 838772 448
I 1002522 449
I 999808 450
I 131740 451
I 110290 452
I 796018 453
I 469394 454
I 178382 455
I 459039 456
I 799982 457
I 650847 458
I 632561 459
I 387105 460
I 79702 461
I 414530 462
I 1019292 463
I 323561 464
I 744272 465
I 620844 466
I 113483 467
I 193772 468
I 429136 469
I 1014440 470
I 1291 471
I 922227 472
I 656329 473
I 125326 474
I 82310 475
I 723610 476
I 425288 477
I 947917 478
I 714288 479
I 633476 480
I 811003 481
I 515279 482
I 544957 483
I 831681 484
I 114988 485
I 185624 486
I 441061 487
I 358645 488
I 411412 489
I 267945 490
I 207729 491
I 243982 492
I 38148 493
I 798089 494
I 956509 495
I 989280 496
I 6019 497
I 501031 498
I 157544 499
I 32342 500
I 735650 501
I 620883 502
I 565571 503
I 353133 504
I 104861 505
I 528631 506
I 985112 507
I 24900 508
I 151518 509
I 326775 510
I 767652 511
I 899214 512
I 214509 513
I 425677 514
I 894983 515
I 603864 516
I 706634 517
I 724731 518
I 587902 519
I 905814 520
I 747464 521
I 874003 522
I 823355 523
I 805331 524
I 353354 525
I 300596 526
I 796808 527
I 320681 528
I 298093 529
I 866024 530
I 225187 531
I 598467 532
I 145802 533
I 260184 534
I 1004574 535
I 13156 536
I 744733 537
I 349062 538
I 584027 539
I 411972 540
I 1042278 541
I 840226 542
I 443001 543
I 939065 544
I 740938 545
I 791912 546
I 835022 547
I 701531 548
I 605915 549
I 865358 550
I 894596 551
I 65684 552
I 181704 553
I 818541 554
I 335831 555
I 70400 556
I 40673 557
I 138678 558
I 992696 559
I 762423 560
I 158069 561
I 263294 562
I 237147 563
I 574109 564
I 932982 565
I 14081 566
I 1047703 567
I 75422 568
I 18536 569
I 144049 570
I 1268 571
I 357997 572
I 92723 573
I 604668 574
I 381861 575
I 217799 576
I 701031 577
I 968349 578
I 434800 579
I 270264 580
I 340875 581
I 728056 582
I 994529 583
I 796754 584
I 378126 585
I 1046111 586
I 554007 587
I 825770 588
I 354864 589
I 379565 590
I 882886 591
I 350170 592
I 391755 593
I 779322 594
I 944472 595
I 337882 596
I 617945 597
I 398428 598
I 602181 599
I 727028 600
I 647202 601
I 416158 602
I 917637 603
I 125149 604
I 25394 605
I 598766 606
I 740891 607
I 191597 608
I 171557 609
I 491419 610
I 575939 611
I 983699 612
I 737846 613
I 465562 614
I 749574 615
I 663093 616
I 991661 617
I 299704 618
I 127622 619
I 638213 620
I 83643 621
I 718621 622
I 217581 623
I 860335 624
I 1010316 625
I 327780 626
I 661141 627
I 294511 628
I 497116 629
I 311829 630
I 12871 631
I 469402 632
I 582964 633
I 618077 634
I 509928 635
I 927898 636
I 593699 637
I 1046903 638
I 875101 639
I 392071 640
I 528368 641
I 105516 642
I 891348 643
I 861565 644
I 656513 645
I 547433 646
I 136573 647
I 767865 648
I 671745 649
I 666547 650
I 797565 651
I 681717 652
I 960752 653
I 937352 654
I 1006154 655
I 558158 656
I 1020377 657
I 204731 658
I 582521 659
I 128945 660
I 720717 661
I 1021970 662
I 887839 663
I 241047 664
I 756705 665
I 237366 666
I 805199 667
I 694985 668
I 103905 669
I 500997 670
I 555711 671
I 748081 672
I 519151 673
I 742039 674
I 967774 675
I 524160 676
I 300974 677
I 132847 678
I 695871 679
I 929703 680
I 677977 681
I 219832 682
I 1028884 683
I 451528 684
I 636709 685
I 956583 686
I 208423 687
I 984614 688
I 551938 689
I 606674 690
I 473415 691
I 905733 692
I 538741 693
I 716741 694
I 44809 695
I 502859 696
I 399449 697
I 464762 698
I 37931 699
I 125772 700
I 922716 701
I 463216 702
I 498503 703
I 455187 704
I 1000832 705
I 495024 706
I 686058 707
I 318640 708
I 224747 709
I 932613 710
I 132977 711
I 10076 712
I 920046 713
I 99694 714
I 290757 715
I 702313 716
I 828126 717
I 427949 718
I 598884 719
I 886464 720
I 978103 721
I 326902 722
I 95493 723
I 897659 724
I 783950 725
I 35377 726
I 690001 727
I 1040423 728
I 622544 729
I 1013001 730
I 952957 731
I 1018390 732
I 174175 733
I 46189 734
I 1017796 735
I 964980 736
I 405424 737
I 688187 738
I 622665 739
I 509592 740
I 705001 741
I 343277 742
I 982469 743
I 959745 744
I 559254 745
I 91706 746
I 510955 747
I 896138 748
I 943626 749
I 282556 750
I 220901 751
I 544546 752
I 349747 753
I 561313 754
I 32971 755
I 912667 756
I 579337 757
I 32007 758
I 171748 759
I 938933 760
I 935866 761
I 104667 762
I 550914 763
I 906812 764
I 368463 765
I 956462 766
I 939540 767
I 807982 768
I 29604 769
I 36891 770
I 579899 771
I 373427 772
I 804347 773
I 655956 774
I 746558 775
I 142816 776
I 757732 777
I 864085 778
I 1046837 779
I 1095 780
I 33864 781
I 729174 782
I 898962 783
I 592378 784
I 609754 785
I 223498 786
I 236084 787
I 647469 788
I 699123 789
I 900544 790
I 348938 791
I 746592 792
I 804105 793
I 675968 794
I 694627 795
I 715255 796
I 481631 797
I 487386 798
I 299500 799
I 416329 800
I 108859 801
I 107288 802
I 382462 803
I 28363 804
I 221786 805
I 466463 806
I 107832 807
I 654285 808
I 715623 809
I 339917 810
I 575272 811
I 578715 812
I 834746 813
I 725303 814
I 836934 815
I 41941 816
I 507375 817
I 674274 818
I 870805 819
I 883451 820
I 571040 821
I 806057 822
I 979756 823
I 69751 824
I 652915 825
I 387224 826
I 410743 827
I 523003 828
I 282543 829
I 421498 830
I 66477 831
I 192981 832
I 150404 833
I 939973 834
I 726536 835
I 982609 836
I 281573 837
I 99514 838
I 44414 839
I 242282 840
I 189739 841
I 464 842
I 570979 843
I 538109 844
I 685226 845
I 843269 846
I 217333 847
I 409447 848
I 366738 849
I 308568 850
I 536935 851
I 449215 852
I 83968 853
I 466258 854
I 375191 855
I 999232 856
I 527320 857
I 17068 858
I 819255 859
I 269549 860
I 83423 861
I 5246 862
I 680702 863
I 558114 864
I 422185 865
I 816632 866
I 421437 867
I 879460 868
I 536802 869
I 960032 870
I 715153 871
I 380309 872
I 805369 873
I 554529 874
I 558550 875
I 864254 876
I 294202 877
I 789213 878
I 695014 879
I 351650 880
I 1000960 881
I 730619 882
I 192011 883
I 926252 884
I 223330 885
I 63158 886
I 596019 887
I 687609 888
I 955483 889
I 360381 890
I 25588 891
I 330692 892
I 17627 893
I 943912 894
I 576787 895
I 356968 896
I 154902 897
I 1021932 898
I 1023 899
I 717103 900
I 358271 901
I 607171 902
I 938443 903
I 1038411 904
I 907954 905
I 242739 906
I 573394 907
I 71049 908
I 553274 909
I 46381 910
I 106568 911
I 937323 912
I 67713 913
I 763606 914
I 635046 915
I 751660 916
I 798166 917
I 810740 918
I 142672 919
I 793981 920
I 385351 921
I 78843 922
I 630299 923
I 444071 924
I 954157 925
I 409297 926
I 95813 927
I 504132 928
I 795608 929
I 609885 930
I 1039033 931
I 45315 932
I 275778 933
I 985049 934
I 622897 935
I 622855 936
I 1007906 937
I 399079 938
I 723284 939
I 1043552 940
I 651366 941
I 308466 942
I 1016720 943
I 255668 944
I 896866 945
I 1028194 946
I 670662 947
I 434849 948
I 917525 949
I 646846 950
I 1000594 951
I 12385 952
I 299303 953
I 602374 954
I 725649 955
I 121657 956
I 405217 957
I 376794 958
I 328424 959
I 312263 960
I 918606 961
I 167510 962
I 1010587 963
I 367456 964
I 306268 965
I 979361 966
I 602412 967
I 810792 968
I 921018 969
I 951262 970
I 943767 971
I 77076 972
I 331074 973
I 390079 974
I 550563 975
I 356099 976
I 97422 977
I 138058 978
I 401587 979
I 911955 980
I 694028 981
I 39880 982
I 531277 983
I 210585 984
I 322191 985
I 520792 986
I 964156 987
I 1001466 988
I 722330 989
I 17970 990
I 116412 991
I 799917 992
I 864447 993
I 303491 994
I 723868 995
I 589735 996
I 533884 997
I 87090 998
I 481457 999
I 664559 1000
I 190585 1001
I 365514 1002
I 494593 1003
I 585325 1004
I 84037 1005
I 845109 1006
I 82690 1007
I 1001733 1008
I 698851 1009
I 653459 1010
I 781087 1011
I 72492 1012
I 412539 1013
I 437948 1014
I 1024396 1015
I 278800 1016
I 637248 1017
I 816023 1018
I 1043248 1019
I 842317 1020
I 306768 1021
I 628547 1022
I 320667 1023
I 480240 1024
I 1046388 1025
I 161940 1026
I 369666 1027
I 360371 1028
I 134791 1029
I 525316 1030
I 839358 1031
I 594970 1032
I 424727 1033
I 36875 1034
I 716228 1035
I 689041 1036
I 223266 1037
I 311713 1038
I 468793 1039
I 624544 1040
I 803395 1041
I 637336 1042
I 933702 1043
I 500297 1044
I 814173 1045
I 695710 1046
I 346435 1047
I 622482 1048
I 453317 1049
I 867703 1050
I 885356 1051
I 350028 1052
I 681561 1053
I 296851 1054
I 881361 1055
I 301674 1056
I 516880 1057
I 474121 1058
I 897334 1059
I 949413 1060
I 152163 1061
I 217791 1062
I 574754 1063
I 1017410 1064
I 778437 1065
I 151158 1066
I 415833 1067
I 530971 1068
I 759047 1069
I 587580 1070
I 754734 1071
I 111590 1072
I 225932 1073
I 146771 1074
I 1020773 1075
I 636397 1076
I 669453 1077
I 802386 1078
I 38683 1079
I 270181 1080
I 105867 1081
I 52277 1082
I 1039588 1083
I 223601 1084
I 64975 1085
I 311374 1086
I 305022 1087
I 287329 1088
I 1011270 1089
I 118856 1090
I 25639 1091
I 903880 1092
I 1010925 1093
I 7390 1094
I 1032979 1095
I 708851 1096
I 271934 1097
I 696362 1098
I 1039742 1099
I 259019 1100
I 436679 1101
I 104186 1102
I 884760 1103
I 422112 1104
I 893855 1105
I 93215 1106
I 269616 1107
I 15806 1108
I 325023 1109
I 1010943 1110
I 911852 1111
I 18604 1112
I 679969 1113
I 16858 1114
I 369932 1115
I 98191 1116
I 635877 1117
I 737382 1118
I 884659 1119
I 902257 1120
I 723444 1121
I 908732 1122
I 37064 1123
I 64450 1124
I 689018 1125
I 626552 1126
I 14241 1127
I 579226 1128
I 449605 1129
I 847419 1130
I 278552 1131
I 794445 1132
I 775885 1133
I 415783 1134
I 337569 1135
I 506251 1136
I 131124 1137
I 282787 1138
I 148993 1139
I 646392 1140
I 918209 1141
I 676703 1142
I 152775 1143
I 504010 1144
I 214268 1145
I 969400 1146
I 314466 1147
I 727420 1148
I 223289 1149
I 808247 1150
I 29659 1151
I 321081 1152
I 994088 1153
I 742170 1154
I 940428 1155
I 266732 1156
I 336535 1157
I 1027066 1158
I 772397 1159
I 330141 1160
I 41154 1161
I 763673 1162
I 396255 1163
I 10884 1164
I 999921 1165
I 198108 1166
I 939519 1167
I 37667 1168
I 54183 1169
I 313770 1170
I 250168 1171
I 262912 1172
I 392549 1173
I 58526 1174
I 796557 1175
I 521912 1176
I 218371 1177
I 178671 1178
I 336829 1179
I 942420 1180
I 440076 1181
I 881041 1182
I 836755 1183
I 868591 1184
I 418 1185
I 505080 1186
I 910795 1187
I 945740 1188
I 72313 1189
I 246440 1190
I 796220 1191
I 311836 1192
I 456585 1193
I 350107 1194
I 760915 1195
I 918931 1196
I 416522 1197
I 278744 1198
I 579772 1199
I 497549 1200
I 54008 1201
I 590089 1202
I 330237 1203
I 489618 1204
I 70191 1205
I 744629 1206
I 1011794 1207
I 394057 1208
I 890542 1209
I 649648 1210
I 812688 1211
I 789959 1212
I 694112 1213
I 961821 1214
I 911462 1215
I 269710 1216
I 921450 1217
I 107112 1218
I 625424 1219
I 1046341 1220
I 555417 1221
I 520427 1222
I 294014 1223
I 1024277 1224
I 699407 1225
I 986311 1226
I 255393 1227
I 446220 1228
I 177938 1229
I 406645 1230
I 17898 1231
I 465298 1232
I 394929 1233
I 505416 1234
I 401954 1235
I 658033 1236
I 224789 1237
I 275754 1238
I 98795 1239
I 1033993 1240
I 283339 1241
I 43488 1242
I 719611 1243
I 133680 1244
I 833564 1245
I 653142 1246
I 245803 1247
I 915255 1248
I 872312 1249
I 1040831 1250
I 41386 1251
I 520579 1252
I 777581 1253
I 944391 1254
I 226423 1255
I 734269 1256
I 920180 1257
I 207367 1258
I 598226 1259
I 969807 1260
I 508785 1261
I 95088 1262
I 514885 1263
I 440816 1264
I 459153 1265
I 837681 1266
I 413041 1267
I 689335 1268
I 702272 1269
I 940522 1270
I 443670 1271
I 192091 1272
I 311955 1273
I 610114 1274
I 696557 1275
I 373457 1276
I 969656 1277
I 339692 1278
I 584246 1279
I 415099 1280
I 80824 1281
I 1023466 1282
I 778832 1283
I 862397 1284
I 728125 1285
I 475026 1286
I 702438 1287
I 432306 1288
I 187229 1289
I 598897 1290
I 752216 1291
I 491118 1292
I 500585 1293
I 371506 1294
I 4354 1295
I 890139 1296
I 151966 1297
I 801610 1298
I 649991 1299
I 361070 1300
I 918344 1301
I 503603 1302
I 154176 1303
I 458659 1304
I 67722 1305
I 702234 1306
I 211224 1307
I 553857 1308
I 161344 1309
I 1031113 1310
I 168919 1311
I 881701 1312
I 631702 1313
I 418264 1314
I 1031939 1315
I 363817 1316
I 10087 1317
I 672645 1318
I 510545 1319
I 502398 1320
I 110328 1321
I 438791 1322
I 980935 1323
I 838405 1324
I 716065 1325
I 912293 1326
I 1039430 1327
I 875185 1328
I 1002735 1329
I 635267 1330
I 370489 1331
I 372284 1332
I 332140 1333
I 876710 1334
I 353257 1335
I 389847 1336
I 50992 1337
I 280405 1338
I 140178 1339
I 358520 1340
I 795681 1341
I 801338 1342
I 408121 1343
I 1018862 1344
I 759987 1345
I 99698 1346
I 456144 1347
I 696456 1348
I 795601 1349
I 814086 1350
I 681554 1351
I 523488 1352
I 820632 1353
I 684757 1354
I 652773 1355
I 555821 1356
I 249340 1357
I 487815 1358
I 1004959 1359
I 20202 1360
I 58623 1361
I 660257 1362
I 838162 1363
I 452824 1364
I 1034039 1365
I 818740 1366
I 285714 1367
I 405137 1368
I 15752 1369
I 162296 1370
I 723969 1371
I 264485 1372
I 620428 1373
I 908227 1374
I 618264 1375
I 439744 1376
I 1019116 1377
I 682819 1378
I 443832 1379
I 281728 1380
I 351357 1381
I 386837 1382
I 803974 1383
I 590088 1384
I 436319 1385
I 597020 1386
I 1048449 1387
I 119131 1388
I 86222 1389
I 87830 1390
I 953046 1391
I 126493 1392
I 980912 1393
I 388960 1394
I 596695 1395
I 611446 1396
I 917967 1397
I 416857 1398
I 757198 1399
I 831198 1400
I 762965 1401
I 822539 1402
I 814425 1403
I 858086 1404
I 641556 1405
I 419990 1406
I 598580 1407
I 159263 1408
I 182084 1409
I 531762 1410
I 472696 1411
I 639521 1412
I 167126 1413
I 123059 1414
I 428150 1415
I 632660 1416
I 127024 1417
I 240982 1418
I 285601 1419
I 347093 1420
I 629082 1421
I 173595 1422
I 1017034 1423
I 275841 1424
I 288807 1425
I 121345 1426
I 883430 1427
I 233269 1428
I 703637 1429
I 637406 1430
I 189253 1431
I 267832 1432
I 428774 1433
I 399748 1434
I 621428 1435
I 190369 1436
I 216164 1437
I 351650 1438
I 363840 1439
I 1001263 1440
I 664381 1441
I 664183 1442
I 525824 1443
I 476630 1444
I 917978 1445
I 711692 1446
I 699703 1447
I 404503 1448
I 849042 1449
I 809932 1450
I 466935 1451
I 806769 1452
I 619626 1453
I 210671 1454
I 762995 1455
I 744569 1456
I 60693 1457
I 729109 1458
I 177182 1459
I 657246 1460
I 1037281 1461
I 994400 1462
I 890586 1463
I 463812 1464
I 479836 1465
I 741438 1466
I 43644 1467
I 289925 1468
I 643274 1469
I 211169 1470
I 954202 1471
I 382839 1472
I 934118 1473
I 255769 1474
I 301055 1475
I 422207 1476
I 87278 1477
I 623469 1478
I 80102 1479
I 436614 1480
I 893238 1481
I 622463 1482
I 894025 1483
I 469359 1484
I 716252 1485
I 545576 1486
I 699304 1487
I 443873 1488
I 129833 1489
I 724581 1490
I 315207 1491
I 309584 1492
I 623508 1493
I 996305 1494
I 770522 1495
I 796722 1496
I 761972 1497
I 462565 1498
I 331520 1499
I 501957 1500
I 885074 1501
I 916884 1502
I 355551 1503
I 878740 1504
I 747660 1505
I 700136 1506
I 141284 1507
I 114686 1508
I 416995 1509
I 1043920 1510
I 1029728 1511
I 925054 1512
I 991081 1513
I 381779 1514
I 400774 1515
I 346807 1516
I 956043 1517
I 838828 1518
I 362942 1519
I 60854 1520
I 375571 1521
I 1024226 1522
I 739427 1523
I 759750 1524
I 540556 1525
I 24464 1526
I 300869 1527
I 626293 1528
I 43757 1529
I 175215 1530
I 232591 1531
I 1008091 1532
I 240486 1533
I 918110 1534
I 247504 1535
I 702062 1536
I 377152 1537
I 155797 1538
I 440815 1539
I 244456 1540
I 891959 1541
I 43938 1542
I 244998 1543
I 907370 1544
I 543542 1545
I 418399 1546
I 870647 1547
I 651232 1548
I 53960 1549
I 579225 1550
I 735486 1551
I 142896 1552
I 276129 1553
I 49442 1554
I 1024566 1555
I 652335 1556
I 515751 1557
I 825538 1558
I 1002510 1559
I 208764 1560
I 793068 1561
I 334764 1562
I 657826 1563
I 815485 1564
I 833954 1565
I 641344 1566
I 1046426 1567
I 462972 1568
I 385078 1569
I 946987 1570
I 732868 1571
I 835578 1572
I 221516 1573
I 375581 1574
I 775046 1575
I 294998 1576
I 479147 1577
I 557718 1578
I 487628 1579
I 456094 1580
I 706751 1581
I 571844 1582
I 628002 1583
I 161347 1584
I 630561 1585
I 46802 1586
I 421054 1587
I 932153 1588
I 791620 1589
I 1003644 1590
I 363784 1591
I 324387 1592
I 414390 1593
I 141219 1594
I 559966 1595
I 229584 1596
I 149319 1597
I 856422 1598
I 97793 1599
I 782340 1600
I 1038273 1601
I 59161 1602
I 173076 1603
I 503672 1604
I 556831 1605
I 59861 1606
I 390932 1607
I 35789 1608
I 974032 1609
I 865824 1610
I 830159 1611
I 115869 1612
I 80652 1613
I 46873 1614
I 37851 1615
I 422434 1616
I 252271 1617
I 875918 1618
I 682828 1619
I 913320 1620
I 683155 1621
I 171725 1622
I 814513 1623
I 545566 1624
I 861568 1625
I 690003 1626
I 745240 1627
I 217623 1628
I 18151 1629
I 167120 1630
I 193815 1631
I 821273 1632
I 337433 1633
I 227969 1634
I 844600 1635
I 274318 1636
I 747214 1637
I 79698 1638
I 942029 1639
I 719257 1640
I 145186 1641
I 456453 1642
I 614811 1643
I 488698 1644
I 493032 1645
I 323034 1646
I 726859 1647
I 909726 1648
I 575847 1649
I 129828 1650
I 894877 1651
I 837456 1652
I 56417 1653
I 903559 1654
I 99790 1655
I 977522 1656
I 152637 1657
I 549042 1658
I 887063 1659
I 208365 1660
I 329394 1661
I 925640 1662
I 276500 1663
I 644809 1664
I 379986 1665
I 154662 1666
I 852572 1667
I 402086 1668
I 168818 1669
I 458325 1670
I 1013935 1671
I 416422 1672
I 312396 1673
I 917387 1674
I 407854 1675
I 341775 1676
I 818006 1677
I 70589 1678
I 488927 1679
I 1015096 1680
I 1007783 1681
I 23377 1682
I 228701 1683
I 57423 1684
I 311310 1685
I 322827 1686
I 864782 1687
I 642301 1688
I 954885 1689
I 1048520 1690
I 907707 1691
I 931601 1692
I 57277 1693
I 213756 1694
I 424722 1695
I 996323 1696
I 172300 1697
I 408080 1698
I 296098 1699
I 555893 1700
I 693007 1701
I 603481 1702
I 15832 1703
I 634810 1704
I 103197 1705
I 1004622 1706
I 880650 1707
I 911148 1708
I 998204 1709
I 709072 1710
I 792981 1711
I 848804 1712
I 90349 1713
I 649626 1714
I 995605 1715
I 331884 1716
I 917706 1717
I 8980 1718
I 866045 1719
I 459014 1720
I 837748 1721
I 903142 1722
I 312374 1723
I 91185 1724
I 105696 1725
I 109571 1726
I 906971 1727
I 867012 1728
I 727435 1729
I 208298 1730
I 39 1731
I 1016 1732
I 230255 1733
I 360543 1734
I 618697 1735
I 420873 1736
I 1047476 1737
I 686583 1738
I 75376 1739
I 472036 1740
I 392802 1741
I 1018650 1742
I 517901 1743
I 95440 1744
I 353242 1745
I 238441 1746
I 508625 1747
I 643856 1748
I 571584 1749
I 697722 1750
I 384111 1751
I 59023 1752
I 464785 1753
I 673263 1754
I 104215 1755
I 672877 1756
I 995713 1757
I 904151 1758
I 730913 1759
I 742847 1760
I 123088 1761
I 1004910 1762
I 653371 1763
I 192053 1764
I 637200 1765
I 176608 1766
I 173143 1767
I 268187 1768
I 165676 1769
I 566040 1770
I 914047 1771
I 71163 1772
I 457386 1773
I 286691 1774
I 892967 1775
I 858609 1776
I 436849 1777
I 256999 1778
I 849636 1779
I 659313 1780
I 381186 1781
I 97415 1782
I 337272 1783
I 178534 1784
I 64944 1785
I 182600 1786
I 368936 1787
I 946721 1788
I 244595 1789
I 20142 1790
I 257105 1791
I 586875 1792
I 228739 1793
I 513601 1794
I 963867 1795
I 87633 1796
I 55265 1797
I 578349 1798
I 930012 1799
I 136803 1800
I 366515 1801
I 17188 1802
I 518680 1803
I 416579 1804
I 1047630 1805
I 407272 1806
I 308865 1807
I 354025 1808
I 702067 1809
I 176213 1810
I 756378 1811
I 726929 1812
I 71226 1813
I 1008742 1814
I 878461 1815
I 910793 1816
I 726378 1817
I 450729 1818
I 79549 1819
I 818706 1820
I 772376 1821
I 148269 1822
I 279187 1823
I 1001720 1824
I 397277 1825
I 500302 1826
I 77628 1827
I 554452 1828
I 614091 1829
I 1014957 1830
I 526170 1831
I 722610 1832
I 175072 1833
I 514022 1834
I 243143 1835
I 149060 1836
I 229732 1837
I 559793 1838
I 326286 1839
I 53275 1840
I 504039 1841
I 936084 1842
I 536114 1843
I 784241 1844
I 531454 1845
I 25774 1846
I 318921 1847
I 298689 1848
I 144817 1849
I 445757 1850
I 765507 1851
I 1022833 1852
I 483837 1853
I 23566 1854
I 859341 1855
I 272780 1856
I 1039602 1857
I 413267 1858
I 40202 1859
I 859562 1860
I 891111 1861
I 1039077 1862
I 803239 1863
I 628449 1864
I 257395 1865
I 571957 1866
I 26916 1867
I 106493 1868
I 654169 1869
I 675498 1870
I 85226 1871
I 262838 1872
I 427829 1873
I 371883 1874
I 194622 1875
I 467760 1876
I 967257 1877
I 212220 1878
I 311211 1879
I 382128 1880
I 155588 1881
I 885974 1882
I 764481 1883
I 112695 1884
I 784306 1885
I 976870 1886
I 575578 1887
I 137522 1888
I 241170 1889
I 996490 1890
I 256535 1891
I 583789 1892
I 549788 1893
I 474348 1894
I 749657 1895
I 6641 1896
I 616250 1897
I 282877 1898
I 736980 1899
I 583455 1900
I 702709 1901
I 339970 1902
I 8246 1903
I 601774 1904
I 459753 1905
I 647838 1906
I 191573 1907
I 367767 1908
I 550302 1909
I 586946 1910
I 279393 1911
I 267707 1912
I 342507 1913
I 818343 1914
I 126944 1915
I 213902 1916
I 704668 1917
I 520007 1918
I 441481 1919
I 351595 1920
I 854207 1921
I 311952 1922
I 333246 1923
I 451615 1924
I 941963 1925
I 678194 1926
I 128186 1927
I 458433 1928
I 637030 1929
I 486500 1930
I 184590 1931
I 595378 1932
I 881539 1933
I 715448 1934
I 518931 1935
I 418249 1936
I 746033 1937
I 500839 1938
I 908179 1939
I 326109 1940
I 805482 1941
I 254716 1942
I 817457 1943
I 829976 1944
I 839496 1945
I 1003247 1946
I 746369 1947
I 464069 1948
I 357260 1949
I 662821 1950
I 765761 1951
I 315520 1952
I 550771 1953
I 604106 1954
I 895588 1955
I 3454 1956
I 1033837 1957
I 595470 1958
I 598305 1959
I 1003825 1960
I 952941 1961
I 144791 1962
I 6849 1963
I 893682 1964
I 195182 1965
I 396249 1966
I 784297 1967
I 262228 1968
I 1005948 1969
I 409638 1970
I 939625 1971
I 37990 1972
I 768551 1973
I 217433 1974
I 668908 1975
I 780208 1976
I 341504 1977
I 852373 1978
I 247231 1979
I 884867 1980
I 828040 1981
I 620037 1982
I 498155 1983
I 823572 1984
I 446145 1985
I 151045 1986
I 465692 1987
I 438574 1988
I 459908 1989
I 158780 1990
I 412731 1991
I 363959 1992
I 46114 1993
I 529299 1994
I 94248 1995
I 845762 1996
I 64177 1997
I 250003 1998
I 720430 1999
I 805078 2000
I 728646 2001
I 982861 2002
I 686440 2003
I 424747 2004
I 108656 2005
I 301664 2006
I 867077 2007
I 1031670 2008
I 548834 2009
I 26572 2010
I 677708 2011
I 576323 2012
I 207752 2013
I 526156 2014
I 593747 2015
I 338181 2016
I 767516 2017
I 858422 2018
I 314649 2019
I 463146 2020
I 1004820 2021
I 257589 2022
I 390969 2023
I 911875 2024
I 315582 2025
I 535677 2026
I 973454 2027
I 870219 2028
I 150548 2029
I 305731 2030
I 215934 2031
I 444198 2032
I 513103 2033
I 895814 2034
I 309753 2035
I 339511 2036
I 605723 2037
I 917992 2038
I 224354 2039
I 230204 2040
I 1012207 2041
I 529642 2042
I 736602 2043
I 959133 2044
I 420574 2045
I 547624 2046
I 850301 2047
I 342288 2048
I 99313 2049
I 962675 2050
I 347761 2051
I 940063 2052
I 890191 2053
I 109163 2054
I 606510 2055
I 336496 2056
I 608678 2057
I 845587 2058
I 420611 2059
I 204214 2060
I 642414 2061
I 470190 2062
I 712130 2063
I 286010 2064
I 845452 2065
I 900762 2066
I 672019 2067
I 850177 2068
I 282554 2069
I 919575 2070
I 68660 2071
I 297164 2072
I 341589 2073
I 1044618 2074
I 506867 2075
I 1036174 2076
I 781323 2077
I 516539 2078
I 178069 2079
I 471845 2080
I 361901 2081
I 975878 2082
I 890669 2083
I 931648 2084
I 174474 2085
I 1044368 2086
I 273303 2087
I 988393 2088
I 645567 2089
I 247463 2090
I 522842 2091
I 910963 2092
I 390623 2093
I 59515 2094
I 120834 2095
I 668732 2096
I 624740 2097
I 983869 2098
I 152585 2099
I 982156 2100
I 14742 2101
I 931239 2102
I 16429 2103
I 341129 2104
I 787674 2105
I 961838 2106
I 916077 2107
I 711629 2108
I 178795 2109
I 834238 2110
I 282555 2111
I 441840 2112
I 865114 2113
I 96197 2114
I 583031 2115
I 335615 2116
I 512192 2117
I 445483 2118
I 828514 2119
I 853244 2120
I 222462 2121
I 471803 2122
I 465603 2123
I 518155 2124
I 602587 2125
I 990780 2126
I 224989 2127
I 900661 2128
I 466008 2129
I 768435 2130
I 856266 2131
I 695543 2132
I 547318 2133
I 773062 2134
I 726321 2135
I 581646 2136
I 987603 2137
I 629829 2138
I 260100 2139
I 543122 2140
I 7408 2141
I 279927 2142
I 45355 2143
I 82220 2144
I 250147 2145
I 1012907 2146
I 638914 2147
I 449384 2148
I 414743 2149
I 913209 2150
I 248183 2151
I 533482 2152
I 1025064 2153
I 239337 2154
I 78472 2155
I 779395 2156
I 1033249 2157
I 1033276 2158
I 1014955 2159
I 956557 2160
I 105964 2161
I 893453 2162
I 259738 2163
I 1017296 2164
I 735255 2165
I 65515 2166
I 64445 2167
I 391593 2168
I 818448 2169
I 487932 2170
I 844003 2171
I 911158 2172
I 996529 2173
I 479485 2174
I 1036316 2175
I 810504 2176
I 1005614 2177
I 813716 2178
I 696510 2179
I 136882 2180
I 59485 2181
I 587180 2182
I 642556 2183
I 461366 2184
I 309447 2185
I 872020 2186
I 748258 2187
I 663841 2188
I 590216 2189
I 70970 2190
I 855156 2191
I 589599 2192
I 562229 2193
I 745529 2194
I 984320 2195
I 139478 2196
I 923919 2197
I 675921 2198
I 1025215 2199
I 592907 2200
I 722595 2201
I 672369 2202
I 560116 2203
I 608803 2204
I 902894 2205
I 599385 2206
I 364859 2207
I 706532 2208
I 773756 2209
I 283862 2210
I 755735 2211
I 343898 2212
I 676152 2213
I 604084 2214
I 892328 2215
I 149085 2216
I 114469 2217
I 826500 2218
I 338513 2219
I 586180 2220
I 1046130 2221
I 370271 2222
I 862772 2223
I 378455 2224
I 183125 2225
I 26395 2226
I 365356 2227
I 573077 2228
I 531713 2229
I 974675 2230
I 862177 2231
I 207123 2232
I 89679 2233
I 638967 2234
I 847925 2235
I 344744 2236
I 1032220 2237
I 919053 2238
I 570271 2239
I 394316 2240
I 255558 2241
I 156315 2242
I 457549 2243
I 287478 2244
I 994432 2245
I 646558 2246
I 539267 2247
I 305744 2248
I 473469 2249
I 917314 2250
I 351281 2251
I 914278 2252
I 831275 2253
I 118867 2254
I 1017014 2255
I 593389 2256
I 638379 2257
I 701971 2258
I 865395 2259
I 119309 2260
I 847765 2261
I 93939 2262
I 115435 2263
I 924592 2264
I 976811 2265
I 684839 2266
I 565541 2267
I 837045 2268
I 391690 2269
I 183398 2270
I 301436 2271
I 70217 2272
I 274102 2273
I 365888 2274
I 420826 2275
I 301738 2276
I 995415 2277
I 987194 2278
I 419945 2279
I 597417 2280
I 56187 2281
I 839467 2282
I 42097 2283
I 440599 2284
I 485554 2285
I 4794 2286
I 103368 2287
I 15938 2288
I 663517 2289
I 162650 2290
I 349726 2291
I 933615 2292
I 198922 2293
I 106519 2294
I 814182 2295
I 302457 2296
I 199293 2297
I 978280 2298
I 287930 2299
I 405573 2300
I 533059 2301
I 606494 2302
I 225435 2303
I 440535 2304
I 879032 2305
I 392927 2306
I 1001531 2307
I 914557 2308
I 17140 2309
I 949321 2310
I 269047 2311
I 328524 2312
I 494659 2313
I 526183 2314
I 107945 2315
I 1009663 2316
I 8775 2317
I 806249 2318
I 887504 2319
I 714702 2320
I 455648 2321
I 229003 2322
I 463345 2323
I 257324 2324
I 699298 2325
I 621799 2326
I 314763 2327
I 755846 2328
I 573332 2329
I 629133 2330
I 98354 2331
I 537636 2332
I 472089 2333
I 686477 2334
I 323976 2335
I 360555 2336
I 734637 2337
I 1008978 2338
I 92065 2339
I 594587 2340
I 189884 2341
I 750219 2342
I 714846 2343
I 759403 2344
I 291449 2345
I 263301 2346
I 565643 2347
I 828751 2348
I 549965 2349
I 211587 2350
I 998343 2351
I 493412 2352
I 77028 2353
I 177936 2354
I 1002260 2355
I 488211 2356
I 231172 2357
I 598024 2358
I 76418 2359
I 883996 2360
I 58900 2361
I 597476 2362
I 618810 2363
I 901489 2364
I 279030 2365
I 443084 2366
I 635878 2367
I 167684 2368
I 894217 2369
I 800616 2370
I 28239 2371
I 635353 2372
I 625763 2373
I 94474 2374
I 963724 2375
I 433737 2376
I 733171 2377
I 397710 2378
I 457036 2379
I 171284 2380
I 750007 2381
I 581494 2382
I 806562 2383
I 175471 2384
I 993732 2385
I 452303 2386
I 90801 2387
I 693129 2388
I 313859 2389
I 758658 2390
I 983343 2391
I 716250 2392
I 746736 2393
I 979097 2394
I 994291 2395
I 207787 2396
I 938832 2397
I 378416 2398
I 281506 2399
I 164423 2400
I 838635 2401
I 1003581 2402
I 867766 2403
I 567119 2404
I 496262 2405
I 671588 2406
I 864063 2407
I 378114 2408
I 663709 2409
I 8590 2410
I 482516 2411
I 55901 2412
I 624392 2413
I 989106 2414
I 160623 2415
I 989988 2416
I 864632 2417
I 355138 2418
I 693908 2419
I 742386 2420
I 393057 2421
I 683829 2422
I 1033608 2423
I 614277 2424
I 648576 2425
I 728796 2426
I 17487 2427
I 567959 2428
I 488630 2429
I 84719 2430
I 840210 2431
I 447396 2432
I 219173 2433
I 1008737 2434
I 114855 2435
I 91948 2436
I 281841 2437
I 4811 2438
I 1009837 2439
I 476740 2440
I 416967 2441
I 525603 2442
I 774716 2443
I 500067 2444
I 220858 2445
I 779475 2446
I 597856 2447
I 619870 2448
I 317878 2449
I 698025 2450
I 981081 2451
I 696802 2452
I 667270 2453
I 559135 2454
I 197145 2455
I 589808 2456
I 871681 2457
I 507919 2458
I 288382 2459
I 304974 2460
I 202572 2461
I 535671 2462
I 834315 2463
I 602489 2464
I 937801 2465
I 70510 2466
I 41701 2467
I 507187 2468
I 322123 2469
I 299417 2470
I 781150 2471
I 834865 2472
I 370341 2473
I 990821 2474
I 913739 2475
I 920128 2476
I 53511 2477
I 1035151 2478
I 448858 2479
I 157596 2480
I 485587 2481
I 287421 2482
I 22864 2483
I 186098 2484
I 11643 2485
I 286199 2486
I 676107 2487
I 938219 2488
I 666525 2489
I 819908 2490
I 184291 2491
I 196894 2492
I 512619 2493
I 1038821 2494
I 212397 2495
I 747332 2496
I 448006 2497
I 53127 2498
I 847498 2499
I 939204 2500
I 873906 2501
I 749307 2502
I 414198 2503
I 737488 2504
I 612396 2505
I 550197 2506
I 241397 2507
I 425398 2508
I 985826 2509
I 686420 2510
I 449503 2511
I 313822 2512
I 827369 2513
I 307662 2514
I 313046 2515
I 272288 2516
I 877430 2517
I 850258 2518
I 781319 2519
I 341892 2520
I 1019858 2521
I 758249 2522
I 923876 2523
I 411232 2524
I 472580 2525
I 430477 2526
I 661147 2527
I 463533 2528
I 348434 2529
I 281758 2530
I 804509 2531
I 577242 2532
I 101478 2533
I 675016 2534
I 693250 2535
I 103956 2536
I 166495 2537
I 66259 2538
I 461667 2539
I 946344 2540
I 170175 2541
I 130329 2542
I 1010566 2543
I 72078 2544
I 479229 2545
I 604981 2546
I 857042 2547
I 1016806 2548
I 403988 2549
I 270618 2550
I 647850 2551
I 123165 2552
I 8042 2553
I 352198 2554
I 124771 2555
I 744058 2556
I 964620 2557
I 76966 2558
I 666366 2559
I 301223 2560
I 967098 2561
I 923368 2562
I 319203 2563
I 470608 2564
I 574833 2565
I 992044 2566
I 818590 2567
I 886075 2568
I 486841 2569
I 206344 2570
I 454127 2571
I 603585 2572
I 112615 2573
I 40194 2574
I 164964 2575
I 922330 2576
I 253805 2577
I 516641 2578
I 770117 2579
I 1019183 2580
I 320792 2581
I 413563 2582
I 331834 2583
I 438257 2584
I 597422 2585
I 135670 2586
I 845966 2587
I 680035 2588
I 335065 2589
I 673827 2590
I 860224 2591
I 255675 2592
I 882307 2593
I 864870 2594
I 721017 2595
I 255039 2596
I 82740 2597
I 261422 2598
I 845781 2599
I 784544 2600
I 460356 2601
I 133637 2602
I 471877 2603
I 234176 2604
I 917975 2605
I 321693 2606
I 501783 2607
I 1253 2608
I 958825 2609
I 9818 2610
I 214536 2611
I 355105 2612
I 286926 2613
I 248768 2614
I 913297 2615
I 465080 2616
I 651248 2617
I 442829 2618
I 427863 2619
I 392092 2620
I 135274 2621
I 146376 2622
I 842657 2623
I 625097 2624
I 23214 2625
I 733807 2626
I 546356 2627
I 92790 2628
I 40513 2629
I 878843 2630
I 838779 2631
I 95844 2632
I 59859 2633
I 172367 2634
I 48155 2635
I 48001 2636
I 321242 2637
I 263319 2638
I 813292 2639
I 252815 2640
I 945349 2641
I 560858 2642
I 37647 2643
I 868025 2644
I 712373 2645
I 245075 2646
I 315195 2647
I 445901 2648
I 1045897 2649
I 567227 2650
I 474417 2651
I 482620 2652
I 1028280 2653
I 847898 2654
I 896604 2655
I 1772 2656
I 458270 2657
I 243549 2658
I 814314 2659
I 316656 2660
I 700021 2661
I 856160 2662
I 186532 2663
I 161197 2664
I 641272 2665
I 506569 2666
I 977121 2667
I 811137 2668
I 525153 2669
I 540839 2670
I 565759 2671
I 677251 2672
I 267305 2673
I 766488 2674
I 777185 2675
I 397714 2676
I 526195 2677
I 104107 2678
I 299678 2679
I 760190 2680
I 1007173 2681
I 121652 2682
I 7688 2683
I 301453 2684
I 259125 2685
I 709604 2686
I 183033 2687
I 864527 2688
I 372246 2689
I 327980 2690
I 82551 2691
I 857031 2692
I 528644 2693
I 73151 2694
I 18365 2695
I 326542 2696
I 849476 2697
I 704451 2698
I 490663 2699
I 880027 2700
I 935328 2701
I 501597 2702
I 980116 2703
I 425236 2704
I 968937 2705
I 856456 2706
I 653439 2707
I 83626 2708
I 86893 2709
I 890874 2710
I 387792 2711
I 646917 2712
I 874166 2713
I 882175 2714
I 690488 2715
I 729590 2716
I 251297 2717
I 37382 2718
I 153586 2719
I 701393 2720
I 517118 2721
I 423770 2722
I 768513 2723
I 385044 2724
I 90764 2725
I 43205 2726
I 874679 2727
I 445269 2728
I 525149 2729
I 273051 2730
I 471395 2731
I 107447 2732
I 1027123 2733
I 939565 2734
I 252246 2735
I 330597 2736
I 670075 2737
I 446413 2738
I 246138 2739
I 148334 2740
I 898168 2741
I 752728 2742
I 822726 2743
I 396925 2744
I 107956 2745
I 917812 2746
I 683888 2747
I 542697 2748
I 571320 2749
I 904476 2750
I 957130 2751
I 149918 2752
I 685896 2753
I 171467 2754
I 901780 2755
I 315849 2756
I 408009 2757
I 169218 2758
I 329920 2759
I 787833 2760
I 146861 2761
I 790925 2762
I 231526 2763
I 232857 2764
I 655443 2765
I 92452 2766
I 443468 2767
I 419014 2768
I 1021623 2769
I 234357 2770
I 18970 2771
I 232569 2772
I 214458 2773
I 407063 2774
I 873087 2775
I 463333 2776
I 572845 2777
I 882483 2778
I 774810 2779
I 967721 2780
I 501938 2781
I 453421 2782
I 453908 2783
I 748989 2784
I 906109 2785
I 220969 2786
I 708403 2787
I 491268 2788
I 1032849 2789
I 394674 2790
I 931093 2791
I 592404 2792
I 1013507 2793
I 413240 2794
I 341199 2795
I 254256 2796
I 419894 2797
I 836002 2798
I 314725 2799
I 87093 2800
I 546695 2801
I 527049 2802
I 472036 2803
I 967642 2804
I 832417 2805
I 190050 2806
I 468033 2807
I 906108 2808
I 101762 2809
I 727888 2810
I 715738 2811
I 769994 2812
I 193276 2813
I 135255 2814
I 336324 2815
I 69804 2816
I 493392 2817
I 259545 2818
I 946401 2819
I 371954 2820
I 834141 2821
I 127487 2822
I 61110 2823
I 954431 2824
I 975895 2825
I 647688 2826
I 995453 2827
I 1047044 2828
I 787287 2829
I 960399 2830
I 357330 2831
I 448537 2832
I 652340 2833
I 61505 2834
I 970852 2835
I 894695 2836
I 721941 2837
I 741393 2838
I 168401 2839
I 487467 2840
I 462036 2841
I 840408 2842
I 117660 2843
I 345755 2844
I 404461 2845
I 1027098 2846
I 400194 2847
I 457322 2848
I 681556 2849
I 687270 2850
I 192711 2851
I 726522 2852
I 774700 2853
I 631360 2854
I 831573 2855
I 512305 2856
I 670103 2857
I 742969 2858
I 617861 2859
I 339852 2860
I 280835 2861
I 397081 2862
I 386570 2863
I 312859 2864
I 972016 2865
I 475502 2866
I 349669 2867
I 342546 2868
I 809373 2869
I 446044 2870
I 828962 2871
I 880788 2872
I 884348 2873
I 633093 2874
I 623367 2875
I 991428 2876
I 355714 2877
I 117426 2878
I 578521 2879
I 827479 2880
I 126323 2881
I 492603 2882
I 517699 2883
I 931873 2884
I 956239 2885
I 311870 2886
I 72614 2887
I 625305 2888
I 660331 2889
I 124342 2890
I 338342 2891
I 696627 2892
I 172218 2893
I 916911 2894
I 125288 2895
I 587480 2896
I 611294 2897
I 912672 2898
I 1012884 2899
I 978035 2900
I 375844 2901
I 774913 2902
I 169543 2903
I 632950 2904
I 686990 2905
I 851480 2906
I 381399 2907
I 728611 2908
I 699212 2909
I 968001 2910
I 218987 2911
I 862829 2912
I 969645 2913
I 87461 2914
I 99279 2915
I 441365 2916
I 244959 2917
I 566730 2918
I 576583 2919
I 894709 2920
I 774494 2921
I 1741 2922
I 72612 2923
I 572809 2924
I 832611 2925
I 50736 2926
I 407577 2927
I 223236 2928
I 753414 2929
I 554533 2930
I 736924 2931
I 558550 2932
I 312815 2933
I 802275 2934
I 400760 2935
I 800571 2936
I 797675 2937
I 419974 2938
I 629320 2939
I 323037 2940
I 313710 2941
I 656384 2942
I 347181 2943
I 476163 2944
I 163544 2945
I 402702 2946
I 312793 2947
I 774951 2948
I 834280 2949
I 785649 2950
I 483184 2951
I 917012 2952
I 358826 2953
I 688922 2954
I 561060 2955
I 231099 2956
I 153050 2957
I 31986 2958
I 572374 2959
I 100961 2960
I 315717 2961
I 166031 2962
I 516221 2963
I 1019103 2964
I 55573 2965
I 895211 2966
I 669841 2967
I 879767 2968
I 913096 2969
I 469335 2970
I 553364 2971
I 269472 2972
I 727442 2973
I 768658 2974
I 54789 2975
I 971820 2976
I 257281 2977
I 253832 2978
I 462682 2979
I 875674 2980
I 74359 2981
I 971813 2982
I 91898 2983
I 268269 2984
I 430530 2985
I 759085 2986
I 791488 2987
I 1002250 2988
I 925267 2989
I 471013 2990
I 194745 2991
I 876415 2992
I 735746 2993
I 343075 2994
I 56061 2995
I 281923 2996
I 937908 2997
I 860553 2998
I 487153 2999
I 1040699 3000
I 698549 3001
I 479697 3002
I 694333 3003
I 130790 3004
I 46891 3005
I 517239 3006
I 67475 3007
I 711974 3008
I 443349 3009
I 443403 3010
I 658785 3011
I 889577 3012
I 314504 3013
I 236554 3014
I 710912 3015
I 341705 3016
I 264638 3017
I 476818 3018
I 746451 3019
I 467929 3020
I 495296 3021
I 663232 3022
I 465542 3023
I 93035 3024
I 312091 3025
I 569601 3026
I 274996 3027
I 752760 3028
I 643090 3029
I 1023658 3030
I 150759 3031
I 40934 3032
I 908921 3033
I 903819 3034
I 265687 3035
I 55441 3036
I 654440 3037
I 115028 3038
I 604298 3039
I 400925 3040
I 641375 3041
I 40282 3042
I 822075 3043
I 852622 3044
I 855477 3045
I 188272 3046
I 591995 3047
I 475303 3048
I 353068 3049
I 764198 3050
I 627028 3051
I 242377 3052
I 277603 3053
I 32696 3054
I 742398 3055
I 375341 3056
I 138428 3057
I 810513 3058
I 31188 3059
I 146041 3060
I 100029 3061
I 784818 3062
I 594292 3063
I 95039 3064
I 629208 3065
I 224533 3066
I 92969 3067
I 669128 3068
I 93415 3069
I 794493 3070
I 153387 3071
I 275263 3072
I 1007695 3073
I 939738 3074
I 285351 3075
I 774611 3076
I 458218 3077
I 768194 3078
I 168479 3079
I 814035 3080
I 547160 3081
I 1007876 3082
I 114574 3083
I 71254 3084
I 946650 3085
I 688436 3086
I 740786 3087
I 1038854 3088
I 41012 3089
I 386770 3090
I 290607 3091
I 211542 3092
I 299995 3093
I 581914 3094
I 622598 3095
I 782848 3096
I 551929 3097
I 55300 3098
I 943656 3099
I 392145 3100
I 996428 3101
I 596574 3102
I 783438 3103
I 343997 3104
I 299259 3105
I 764139 3106
I 545743 3107
I 100223 3108
I 402854 3109
I 940054 3110
I 987179 3111
I 270582 3112
I 130995 3113
I 154042 3114
I 155585 3115
I 911926 3116
I 999799 3117
I 164397 3118
I 545383 3119
I 1022669 3120
I 500145 3121
I 875368 3122
I 658583 3123
I 267572 3124
I 31787 3125
I 878010 3126
I 310818 3127
I 771212 3128
I 902870 3129
I 721735 3130
I 457693 3131
I 831285 3132
I 510020 3133
I 978137 3134
I 19919 3135
I 78101 3136
I 208787 3137
I 26307 3138
I 675234 3139
I 296056 3140
I 330796 3141
I 752995 3142
I 1021586 3143
I 399226 3144
I 13680 3145
I 814849 3146
I 459898 3147
I 494204 3148
I 633600 3149
I 677082 3150
I 776038 3151
I 572829 3152
I 444083 3153
I 420113 3154
I 343947 3155
I 149061 3156
I 367277 3157
I 448250 3158
I 230609 3159
I 694480 3160
I 1020085 3161
I 421275 3162
I 860333 3163
I 78272 3164
I 684604 3165
I 292473 3166
I 308602 3167
I 981033 3168
I 557362 3169
I 702408 3170
I 728341 3171
I 600832 3172
I 41652 3173
I 168995 3174
I 500617 3175
I 511974 3176
I 1013480 3177
I 69028 3178
I 876238 3179
I 41914 3180
I 1019580 3181
I 56984 3182
I 122627 3183
I 560309 3184
I 322808 3185
I 525355 3186
I 1467 3187
I 562840 3188
I 1043879 3189
I 541179 3190
I 813883 3191
I 909837 3192
I 204206 3193
I 416922 3194
I 948130 3195
I 805864 3196
I 788337 3197
I 569849 3198
I 333936 3199
I 460144 3200
I 352105 3201
I 427713 3202
I 671641 3203
I 618026 3204
I 254480 3205
I 341597 3206
I 123800 3207
I 682990 3208
I 305745 3209
I 126225 3210
I 512436 3211
I 213939 3212
I 911964 3213
I 916646 3214
I 776685 3215
I 432591 3216
I 827141 3217
I 930952 3218
I 475446 3219
I 328302 3220
I 717 3221
I 830578 3222
I 695330 3223
I 1036672 3224
I 403767 3225
I 988984 3226
I 798603 3227
I 884269 3228
I 127199 3229
I 783612 3230
I 17335 3231
I 551612 3232
I 802960 3233
I 242549 3234
I 329805 3235
I 118900 3236
I 785623 3237
I 356739 3238
I 891150 3239
I 555931 3240
I 180994 3241
I 611773 3242
I 405936 3243
I 661079 3244
I 651080 3245
I 606723 3246
I 37866 3247
I 260777 3248
I 956569 3249
I 863036 3250
I 402983 3251
I 391657 3252
I 202893 3253
I 724959 3254
I 754368 3255
I 623964 3256
I 629003 3257
I 187732 3258
I 665473 3259
I 234096 3260
I 941700 3261
I 816791 3262
I 253956 3263
I 147741 3264
I 907055 3265
I 299614 3266
I 972573 3267
I 8120 3268
I 599428 3269
I 250856 3270
I 123294 3271
I 504211 3272
I 39550 3273
I 1020154 3274
I 487520 3275
I 1001625 3276
I 115644 3277
I 86602 3278
I 58851 3279
I 417045 3280
I 744567 3281
I 35481 3282
I 15807 3283
I 489977 3284
I 636396 3285
I 915730 3286
I 222295 3287
I 57488 3288
I 839054 3289
I 325632 3290
I 1006920 3291
I 613901 3292
I 8387 3293
I 775012 3294
I 1020894 3295
I 614655 3296
I 756506 3297
I 866287 3298
I 321196 3299
I 454798 3300
I 236791 3301
I 257747 3302
I 37274 3303
I 809650 3304
I 322320 3305
I 964958 3306
I 543050 3307
I 876222 3308
I 997594 3309
I 573842 3310
I 805318 3311
I 555260 3312
I 269831 3313
I 416548 3314
I 237618 3315
I 332826 3316
I 496137 3317
I 742728 3318
I 772287 3319
I 547485 3320
I 430061 3321
I 513224 3322
I 282249 3323
I 62346 3324
I 49083 3325
I 507545 3326
I 912341 3327
I 928586 3328
I 785318 3329
I 579285 3330
I 1024365 3331
I 776121 3332
I 404564 3333
I 389632 3334
I 398546 3335
I 505244 3336
I 757711 3337
I 261491 3338
I 680514 3339
I 827401 3340
I 868119 3341
I 531679 3342
I 758891 3343
I 2443 3344
I 41419 3345
I 695313 3346
I 586495 3347
I 1041016 3348
I 16557 3349
I 687946 3350
I 135641 3351
I 190124 3352
I 47996 3353
I 125752 3354
I 786275 3355
I 1009160 3356
I 141597 3357
I 779527 3358
I 646219 3359
I 408333 3360
I 954153 3361
I 508728 3362
I 1033453 3363
I 659912 3364
I 595890 3365
I 493374 3366
I 822016 3367
I 964878 3368
I 1028765 3369
I 433960 3370
I 977983 3371
I 39965 3372
I 1022893 3373
I 756842 3374
I 1012637 3375
I 830151 3376
I 924143 3377
I 124655 3378
I 115789 3379
I 111568 3380
I 325694 3381
I 387337 3382
I 157239 3383
I 147463 3384
I 729860 3385
I 733753 3386
I 574255 3387
I 731119 3388
I 385725 3389
I 824958 3390
I 912164 3391
I 254984 3392
I 186478 3393
I 242785 3394
I 498718 3395
I 701057 3396
I 206657 3397
I 725608 3398
I 499783 3399
I 309695 3400
I 275514 3401
I 70042 3402
I 1020824 3403
I 924347 3404
I 434678 3405
I 154359 3406
I 541518 3407
I 834983 3408
I 46331 3409
I 455454 3410
I 333042 3411
I 738853 3412
I 83989 3413
I 883686 3414
I 703985 3415
I 279701 3416
I 344430 3417
I 313537 3418
I 199070 3419
I 706857 3420
I 925528 3421
I 627004 3422
I 749258 3423
I 502520 3424
I 313608 3425
I 487247 3426
I 830635 3427
I 357749 3428
I 816942 3429
I 960376 3430
I 723063 3431
I 742126 3432
I 457693 3433
I 220647 3434
I 745705 3435
I 678779 3436
I 473733 3437
I 297035 3438
I 502558 3439
I 767720 3440
I 479424 3441
I 459907 3442
I 44623 3443
I 924916 3444
I 944817 3445
I 440023 3446
I 51328 3447
I 17187 3448
I 843299 3449
I 214820 3450
I 662809 3451
I 169153 3452
I 1006174 3453
I 359342 3454
I 295302 3455
I 572576 3456
I 878198 3457
I 47820 3458
I 535477 3459
I 649469 3460
I 319115 3461
I 350637 3462
I 186325 3463
I 98344 3464
I 399123 3465
I 218463 3466
I 861385 3467
I 390191 3468
I 565943 3469
I 522617 3470
I 399406 3471
I 391599 3472
I 468920 3473
I 351546 3474
I 300683 3475
I 38953 3476
I 362958 3477
I 854781 3478
I 887608 3479
I 587714 3480
I 843078 3481
I 149118 3482
I 406589 3483
I 970588 3484
I 331926 3485
I 300072 3486
I 300883 3487
I 816734 3488
I 989764 3489
I 305754 3490
I 991353 3491
I 226505 3492
I 432572 3493
I 268992 3494
I 1009150 3495
I 174918 3496
I 856307 3497
I 683538 3498
I 867803 3499
I 904698 3500
I 78685 3501
I 1032539 3502
I 960048 3503
I 729062 3504
I 216629 3505
I 648422 3506
I 23080 3507
I 293692 3508
I 534516 3509
I 784257 3510
I 1000960 3511
I 861550 3512
I 188104 3513
I 225354 3514
I 493651 3515
I 843466 3516
I 52264 3517
I 477125 3518
I 681491 3519
I 671178 3520
I 544974 3521
I 705706 3522
I 833161 3523
I 949279 3524
I 653288 3525
I 4402 3526
I 122276 3527
I 419041 3528
I 817297 3529
I 728516 3530
I 773815 3531
I 823492 3532
I 73104 3533
I 204665 3534
I 154356 3535
I 1002722 3536
I 531530 3537
I 947085 3538
I 684276 3539
I 439629 3540
I 774270 3541
I 693380 3542
I 449826 3543
I 968032 3544
I 859007 3545
I 324849 3546
I 437159 3547
I 367085 3548
I 42429 3549
I 517270 3550
I 85284 3551
I 232086 3552
I 1004322 3553
I 167719 3554
I 889247 3555
I 155437 3556
I 714309 3557
I 387663 3558
I 1008657 3559
I 361493 3560
I 70028 3561
I 505370 3562
I 111765 3563
I 320906 3564
I 422079 3565
I 188100 3566
I 916104 3567
I 975322 3568
I 645000 3569
I 488033 3570
I 380746 3571
I 812031 3572
I 151243 3573
I 180132 3574
I 69829 3575
I 210268 3576
I 17530 3577
I 452115 3578
I 598892 3579
I 995332 3580
I 130590 3581
I 685978 3582
I 746736 3583
I 508169 3584
I 100133 3585
I 835419 3586
I 25129 3587
I 882344 3588
I 365369 3589
I 622970 3590
I 132057 3591
I 244572 3592
I 734179 3593
I 556352 3594
I 630203 3595
I 830244 3596
I 302899 3597
I 247166 3598
I 254083 3599
I 1010735 3600
I 697947 3601
I 438239 3602
I 267453 3603
I 342620 3604
I 606826 3605
I 1036167 3606
I 557045 3607
I 610260 3608
I 1011595 3609
I 888803 3610
I 686960 3611
I 35835 3612
I 479653 3613
I 219774 3614
I 752032 3615
I 231579 3616
I 1040767 3617
I 952364 3618
I 821031 3619
I 29223 3620
I 722753 3621
I 1006812 3622
I 798998 3623
I 344344 3624
I 797264 3625
I 1004364 3626
I 578949 3627
I 142835 3628
I 39798 3629
I 43604 3630
I 729908 3631
I 356973 3632
I 481496 3633
I 975426 3634
I 965332 3635
I 335983 3636
I 823479 3637
I 528495 3638
I 940695 3639
I 926618 3640
I 556618 3641
I 138907 3642
I 247372 3643
I 963274 3644
I 228617 3645
I 223955 3646
I 609233 3647
I 885873 3648
I 807314 3649
I 68500 3650
I 618137 3651
I 90975 3652
I 764704 3653
I 471920 3654
I 964018 3655
I 358783 3656
I 813594 3657
I 88733 3658
I 18348 3659
I 919999 3660
I 392234 3661
I 416943 3662
I 1037875 3663
I 81437 3664
I 863182 3665
I 98595 3666
I 918807 3667
I 335463 3668
I 563897 3669
I 988902 3670
I 826316 3671
I 398644 3672
I 48867 3673
I 469177 3674
I 416673 3675
I 743355 3676
I 823998 3677
I 527332 3678
I 606853 3679
I 698756 3680
I 401294 3681
I 318958 3682
I 51268 3683
I 154992 3684
I 5738 3685
I 292197 3686
I 716472 3687
I 967160 3688
I 878478 3689
I 956849 3690
I 439579 3691
I 638822 3692
I 535627 3693
I 756321 3694
I 760812 3695
I 159969 3696
I 895919 3697
I 998668 3698
I 980004 3699
I 793146 3700
I 53371 3701
I 151011 3702
I 284591 3703
I 772537 3704
I 387353 3705
I 308675 3706
I 1044142 3707
I 950211 3708
I 149960 3709
I 1027365 3710
I 363203 3711
I 416410 3712
I 305907 3713
I 743621 3714
I 1008265 3715
I 467996 3716
I 238921 3717
I 821799 3718
I 196445 3719
I 924863 3720
I 360797 3721
I 619015 3722
I 276789 3723
I 8697 3724
I 410464 3725
I 842359 3726
I 1023319 3727
I 221537 3728
I 1042816 3729
I 615174 3730
I 281270 3731
I 121150 3732
I 1002944 3733
I 242492 3734
I 852774 3735
I 940360 3736
I 211144 3737
I 699678 3738
I 95516 3739
I 602070 3740
I 757879 3741
I 642950 3742
I 716374 3743
I 938605 3744
I 302143 3745
I 1026593 3746
I 564641 3747
I 622562 3748
I 498772 3749
I 22527 3750
I 833383 3751
I 465685 3752
I 899009 3753
I 883796 3754
I 648001 3755
I 486452 3756
I 554422 3757
I 346821 3758
I 870652 3759
I 660187 3760
I 224155 3761
I 54581 3762
I 1013342 3763
I 237496 3764
I 866450 3765
I 298953 3766
I 263604 3767
I 200433 3768
I 1002608 3769
I 378591 3770
I 31985 3771
I 632594 3772
I 567566 3773
I 759343 3774
I 740991 3775
I 506006 3776
I 362304 3777
I 290820 3778
I 247248 3779
I 54773 3780
I 218936 3781
I 124647 3782
I 383141 3783
I 692970 3784
I 833589 3785
I 816494 3786
I 404837 3787
I 2094 3788
I 47197 3789
I 590352 3790
I 794417 3791
I 461415 3792
I 640438 3793
I 1038313 3794
I 530155 3795
I 252924 3796
I 641709 3797
I 367177 3798
I 320769 3799
I 1015293 3800
I 495730 3801
I 674370 3802
I 721374 3803
I 838689 3804
I 869382 3805
I 775206 3806
I 305357 3807
I 302299 3808
I 59345 3809
I 613238 3810
I 935836 3811
I 665373 3812
I 489868 3813
I 313539 3814
I 116893 3815
I 285143 3816
I 820651 3817
I 789300 3818
I 68419 3819
I 582500 3820
I 695191 3821
I 88425 3822
I 88201 3823
I 406383 3824
I 978867 3825
I 282739 3826
I 108968 3827
I 260094 3828
I 87426 3829
I 923804 3830
I 868750 3831
I 231171 3832
I 595410 3833
I 652385 3834
I 1047221 3835
I 673195 3836
I 576311 3837
I 586488 3838
I 477461 3839
I 812637 3840
I 9568 3841
I 233420 3842
I 442921 3843
I 348206 3844
I 90658 3845
I 293390 3846
I 27158 3847
I 495941 3848
I 445254 3849
I 985628 3850
I 504226 3851
I 176951 3852
I 987749 3853
I 72832 3854
I 752437 3855
I 1018913 3856
I 129081 3857
I 37174 3858
I 460844 3859
I 634451 3860
I 611225 3861
I 62006 3862
I 283609 3863
I 512195 3864
I 100065 3865
I 193405 3866
I 620461 3867
I 668325 3868
I 591430 3869
I 774638 3870
I 402384 3871
I 60720 3872
I 127101 3873
I 35808 3874
I 240813 3875
I 675882 3876
I 53150 3877
I 927521 3878
I 407775 3879
I 894240 3880
I 216567 3881
I 972844 3882
I 118978 3883
I 414938 3884
I 725045 3885
I 635468 3886
I 732612 3887
I 752127 3888
I 929799 3889
I 271816 3890
I 1042059 3891
I 593958 3892
I 157351 3893
I 711634 3894
I 48258 3895
I 37133 3896
I 328411 3897
I 819050 3898
I 391400 3899
I 427017 3900
I 608155 3901
I 70118 3902
I 89619 3903
I 735803 3904
I 888512 3905
I 532369 3906
I 148356 3907
I 625213 3908
I 358306 3909
I 661742 3910
I 139988 3911
I 166389 3912
I 789045 3913
I 95608 3914
I 486292 3915
I 397122 3916
I 1030026 3917
I 608326 3918
I 447694 3919
I 526390 3920
I 651470 3921
I 150627 3922
I 668107 3923
I 99695 3924
I 135804 3925
I 175661 3926
I 533549 3927
I 818035 3928
I 344432 3929
I 493656 3930
I 282438 3931
I 692821 3932
I 36436 3933
I 892368 3934
I 898498 3935
I 1035162 3936
I 109462 3937
I 293985 3938
I 930995 3939
I 491485 3940
I 829316 3941
I 1008336 3942
I 824587 3943
I 41893 3944
I 22308 3945
I 458967 3946
I 591216 3947
I 688063 3948
I 640469 3949
I 21809 3950
I 807226 3951
I 919149 3952
I 779898 3953
I 103233 3954
I 218624 3955
I 153748 3956
I 1008586 3957
I 559682 3958
I 724556 3959
I 433354 3960
I 534326 3961
I 896845 3962
I 75353 3963
I 61840 3964
I 795864 3965
I 552133 3966
I 819516 3967
I 473011 3968
I 137331 3969
I 188612 3970
I 891927 3971
I 132525 3972
I 785872 3973
I 875541 3974
I 446834 3975
I 10114 3976
I 285767 3977
I 983036 3978
I 394186 3979
I 37680 3980
I 343395 3981
I 358518 3982
I 33846 3983
I 491788 3984
I 328348 3985
I 810609 3986
I 697394 3987
I 816799 3988
I 861782 3989
I 233190 3990
I 910593 3991
I 124795 3992
I 632438 3993
I 9443 3994
I 449175 3995
I 715821 3996
I 1000917 3997
I 531810 3998
I 592431 3999
I 67079 4000
I 1032561 4001
I 656050 4002
I 225211 4003
I 838448 4004
I 399333 4005
I 843281 4006
I 282253 4007
I 535691 4008
I 936776 4009
I 449967 4010
I 479367 4011
I 571909 4012
I 353142 4013
I 166698 4014
I 729297 4015
I 925343 4016
I 25535 4017
I 755958 4018
I 671056 4019
I 703401 4020
I 520956 4021
I 448580 4022
I 444691 4023
I 409657 4024
I 364288 4025
I 476163 4026
I 370932 4027
I 1030208 4028
I 380094 4029
I 254249 4030
I 663073 4031
I 188862 4032
I 259430 4033
I 751072 4034
I 8378 4035
I 690966 4036
I 990600 4037
I 258946 4038
I 671611 4039
I 682468 4040
I 901629 4041
I 149831 4042
I 712823 4043
I 130040 4044
I 933179 4045
I 436188 4046
I 660772 4047
I 1030866 4048
I 846044 4049
I 135631 4050
I 986138 4051
I 468778 4052
I 815701 4053
I 487011 4054
I 255081 4055
I 1034848 4056
I 338783 4057
I 650251 4058
I 315090 4059
I 624336 4060
I 389652 4061
I 686942 4062
I 771001 4063
I 888445 4064
I 765215 4065
I 864845 4066
I 557201 4067
I 727174 4068
I 1018063 4069
I 950591 4070
I 843959 4071
I 494810 4072
I 778761 4073
I 908818 4074
I 275436 4075
I 327331 4076
I 982042 4077
I 636803 4078
I 42325 4079
I 240890 4080
I 210768 4081
I 63180 4082
I 607692 4083
I 428968 4084
I 1002571 4085
I 110240 4086
I 865730 4087
I 780386 4088
I 945581 4089
I 1014792 4090
I 549510 4091
I 726006 4092
I 649756 4093
I 756532 4094
I 775189 4095
F
D
F
D
F
D
F
D
F
D
F
D
F
D
F
D
F
D
F
D
F
D
F
D
F
D
F
D
F
D
F
D
F
D
F
D
F
D
F
D
F
D
F
D
F
D
F
D
F
D
F
D
F
D
F
D
F
D
F
D
F
D
F
D
F
D
F
D
F
D
F
D
F
D
F
D
F
D
F
D
F
D
F
D
F
D
F
D
F
D
F
D
F
D
F
D
F
D
F
D
F
D
F
D
F
D
F
D
F
D
F
D
F
D
F
D
F
D
F
D
F
D
F
D
F
D
F
D
F
D
F
D
F
D
F
D
F
D
F
D
F
D
F
D
F
D
F
D
F
D
F
D
F
D
F
D
F
D
F
D
F
D
F
D
F
D
F
D
F
D
F
D
F
D
F
D
F
D
F
D
F
D
F
D
F
D
F
D
F
D
F
D
F
D
F
D
F
D
F
D
F
D
F
D
F
D
F
D
F
D
F
D
F
D
F
D
F
D
F
D
F
D
F
D
F
D
F
D
F
D
F
D
F
D
F
D
F
D
F
D
F
D
F
D
F
D
F
D
F
D
F
D
F
D
F
D
F
D
F
D
F
D
F
D
F
D
F
D
F
D
F
D
F
D
F
D
F
D
F
D
F
D
F
D
F
D
F
D
F
D
F
D
F
D
F
D
F
D
F
D
F
D
F
D
F
D
F
D
F
D
F
D
F
D
F
D
F
D
F
D
F
D
F
D
F
D
F
D
F
D
F
D
F
D
F
D
F
D
F
D
F
D
F
D
F
D
F
D
F
D
F
D
F
D
F
D
F
D
F
D
F
D
F
D
F
D
F
D
F
D
F
D
F
D
F
D
F
D
F
D
F
D
F
D
F
D
F
D
F
D
F
D
F
D
F
D
F
D
F
D
F
D
F
D
F
D
F
D
F
D
F
D
F
D
F
D
F
D
F
D
F
D
F
D
F
D
F
D
F
D
F
D
F
D
F
D
F
D
F
D
F
D
F
D
F
D
F
D
F
D
F
D
F
D
F
D
F
D
F
D
F
D
F
D
F
D
F
D
F
D
F
D
F
D
F
D
F
D
F
D
F
D
F
D
F
D
F
D
F
D
F
D
F
D
F
D
F
D
F
D
F
D
F
D
F
D
F
D
F
D
F
D
F
D
F
D
F
D
F
D
F
D
F
D
F
D
F
D
F
D
F
D
F
D
F
D
F
D
F
D
F
D
F
D
F
D
F
D
F
D
F
D
F
D
F
D
F
D
F
D
F
D
F
D
F
D
F
D
F
D
F
D
F
D
F
D
F
D
F
D
F
D
F
D
F
D
F
D
F
D
F
D
F
D
F
D
F
D
F
D
F
D
F
D
F
D
F
D
F
D
F
D
F
D
F
D
F
D
F
D
F
D
F
D
F
D
F
D
F
D
F
D
F
D
F
D
F
D
F
D
F
D
F
D
F
D
F
D
F
D
F
D
F
D
F
D
F
D
F
D
F
D
F
D
F
D
F
D
F
D
F
D
F
D
F
D
F
D
F
D
F
D
F
D
F
D
F
D
F
D
F
D
F
D
F
D
F
D
F
D
F
D
F
D
F
D
F
D
F
D
F
D
F
D
F
D
F
D
F
D
F
D
F
D
F
D
F
D
F
D
F
D
F
D
F
D
F
D
F
D
F
D
F
D
F
D
F
D
F
D
F
D
F
D
F
D
F
D
F
D
F
D
F
D
F
D
F
D
F
D
F
D
F
D
F
D
F
D
F
D
F
D
F
D
F
D
F
D
F
D
F
D
F
D
F
D
F
D
F
D
F
D
F
D
F
D
F
D
F
D
F
D
F
D
F
D
F
D
F
D
F
D
F
D
F
D
F
D
F
D
F
D
F
D
F
D
F
D
F
D
F
D
F
D
F
D
F
D
F
D
F
D
F
D
F
D
F
D
F
D
F
D
F
D
F
D
F
D
F
D
F
D
F
D
F
D
F
D
F
D
F
D
F
D
F
D
F
D
F
D
F
D
F
D
F
D
F
D
F
D
F
D
F
D
F
D
F
D
F
D
F
D
F
D
F
D
F
D
F
D
F
D
F
D
F
D
F
D
F
D
F
D
F
D
F
D
F
D
F
D
F
D
F
D
F
D
F
D
F
D
F
D
F
D
F
D
F
D
F
D
F
D
F
D
F
D
F
D
F
D
F
D
F
D
F
D
F
D
F
D
F
D
F
D
F
D
F
D
F
D
F
D
F
D
F
D
F
D
F
D
F
D
F
D
F
D
F
D
F
D
F
D
F
D
F
D
F
D
F
D
F
D
F
D
F
D
F
D
F
D
F
D
F
D
F
D
F
D
F
D
F
D
F
D
F
D
F
D
F
D
F
D
F
D
F
D
F
D
F
D
F
D
F
D
F
D
F
D
F
D
F
D
F
D
F
D
F
D
F
D
F
D
F
D
F
D
F
D
F
D
F
D
F
D
F
D
F
D
F
D
F
D
F
D
F
D
F
D
F
D
F
D
F
D
F
D
F
D
F
D
F
D
F
D
F
D
F
D
F
D
F
D
F
D
F
D
F
D
F
D
F
D
F
D
F
D
F
D
F
D
F
D
F
D
F
D
F
D
F
D
F
D
F
D
F
D
F
D
F
D
F
D
F
D
F
D
F
D
F
D
F
D
F
D
F
D
F
D
F
D
F
D
F
D
F
D
F
D
F
D
F
D
F
D
F
D
F
D
F
D
F
D
F
D
F
D
F
D
F
D
F
D
F
D
F
D
F
D
F
D
F
D
F
D
F
D
F
D
F
D
F
D
F
D
F
D
F
D
F
D
F
D
F
D
F
D
F
D
F
D
F
D
F
D
F
D
F
D
F
D
F
D
F
D
F
D
F
D
F
D
F
D
F
D
F
D
F
D
F
D
F
D
F
D
F
D
F
D
F
D
F
D
F
D
F
D
F
D
F
D
F
D
F
D
F
D
F
D
F
D
F
D
F
D
F
D
F
D
F
D
F
D
F
D
F
D
F
D
F
D
F
D
F
D
F
D
F
D
F
D
F
D
F
D
F
D
F
D
F
D
F
D
F
D
F
D
F
D
F
D
F
D
F
D
F
D
F
D
F
D
F
D
F
D
F
D
F
D
F
D
F
D
F
D
F
D
F
D
F
D
F
D
F
D
F
D
F
D
F
D
F
D
F
D
F
D
F
D
F
D
F
D
F
D
F
D
F
D
F
D
F
D
F
D
F
D
F
D
F
D
F
D
F
D
F
D
F
D
F
D
F
D
F
D
F
D
F
D
F
D
F
D
F
D
F
D
F
D
F
D
F
D
F
D
F
D
F
D
F
D
F
D
F
D
F
D
F
D
F
D
F
D
F
D
F
D
F
D
F
D
F
D
F
D
F
D
F
D
F
D
F
D
F
D
F
D
F
D
F
D
F
D
F
D
F
D
F
D
F
D
F
D
F
D
F
D
F
D
F
D
F
D
F
D
F
D
F
D
F
D
F
D
F
D
F
D
F
D
F
D
F
D
F
D
F
D
F
D
F
D
F
D
F
D
F
D
F
D
F
D
F
D
F
D
F
D
F
D
F
D
F
D
F
D
F
D
F
D
F
D
F
D
F
D
F
D
F
D
F
D
F
D
F
D
F
D
F
D
F
D
F
D
F
D
F
D
F
D
F
D
F
D
F
D
F
D
F
D
F
D
F
D
F
D
F
D
F
D
F
D
F
D
F
D
F
D
F
D
F
D
F
D
F
D
F
D
F
D
F
D
F
D
F
D
F
D
F
D
F
D
F
D
F
D
F
D
F
D
F
D
F
D
F
D
F
D
F
D
F
D
F
D
F
D
F
D
F
D
F
D
F
D
F
D
F
D
F
D
F
D
F
D
F
D
F
D
F
D
F
D
F
D
F
D
F
D
F
D
F
D
F
D
F
D
F
D
F
D
F
D
F
D
F
D
F
D
F
D
F
D
F
D
F
D
F
D
F
D
F
D
F
D
F
D
F
D
F
D
F
D
F
D
F
D
F
D
F
D
F
D
F
D
F
D
F
D
F
D
F
D
F
D
F
D
F
D
F
D
F
D
F
D
F
D
F
D
F
D
F
D
F
D
F
D
F
D
F
D
F
D
F
D
F
D
F
D
F
D
F
D
F
D
F
D
F
D
F
D
F
D
F
D
F
D
F
D
F
D
F
D
F
D
F
D
F
D
F
D
F
D
F
D
F
D
F
D
F
D
F
D
F
D
F
D
F
D
F
D
F
D
F
D
F
D
F
D
F
D
F
D
F
D
F
D
F
D
F
D
F
D
F
D
F
D
F
D
F
D
F
D
F
D
F
D
F
D
F
D
F
D
F
D
F
D
F
D
F
D
F
D
F
D
F
D
F
D
F
D
F
D
F
D
F
D
F
D
F
D
F
D
F
D
F
D
F
D
F
D
F
D
F
D
F
D
F
D
F
D
F
D
F
D
F
D
F
D
F
D
F
D
F
D
F
D
F
D
F
D
F
D
F
D
F
D
F
D
F
D
F
D
F
D
F
D
F
D
F
D
F
D
F
D
F
D
F
D
F
D
F
D
F
D
F
D
F
D
F
D
F
D
F
D
F
D
F
D
F
D
F
D
F
D
F
D
F
D
F
D
F
D
F
D
F
D
F
D
F
D
F
D
F
D
F
D
F
D
F
D
F
D
F
D
F
D
F
D
F
D
F
D
F
D
F
D
F
D
F
D
F
D
F
D
F
D
F
D
F
D
F
D
F
D
F
D
F
D
F
D
F
D
F
D
F
D
F
D
F
D
F
D
F
D
F
D
F
D
F
D
F
D
F
D
F
D
F
D
F
D
F
D
F
D
F
D
F
D
F
D
F
D
F
D
F
D
F
D
F
D
F
D
F
D
F
D
F
D
F
D
F
D
F
D
F
D
F
D
F
D
F
D
F
D
F
D
F
D
F
D
F
D
F
D
F
D
F
D
F
D
F
D
F
D
F
D
F
D
F
D
F
D
F
D
F
D
F
D
F
D
F
D
F
D
F
D
F
D
F
D
F
D
F
D
F
D
F
D
F
D
F
D
F
D
F
D
F
D
F
D
F
D
F
D
F
D
F
D
F
D
F
D
F
D
F
D
F
D
F
D
F
D
F
D
F
D
F
D
F
D
F
D
F
D
F
D
F
D
F
D
F
D
F
D
F
D
F
D
F
D
F
D
F
D
F
D
F
D
F
D
F
D
F
D
F
D
F
D
F
D
F
D
F
D
F
D
F
D
F
D
F
D
F
D
F
D
F
D
F
D
F
D
F
D
F
D
F
D
F
D
F
D
F
D
F
D
F
D
F
D
F
D
F
D
F
D
F
D
F
D
F
D
F
D
F
D
F
D
F
D
F
D
F
D
F
D
F
D
F
D
F
D
F
D
F
D
F
D
F
D
F
D
F
D
F
D
F
D
F
D
F
D
F
D
F
D
F
D
F
D
F
D
F
D
F
D
F
D
F
D
F
D
F
D
F
D
F
D
F
D
F
D
F
D
F
D
F
D
F
D
F
D
F
D
F
D
F
D
F
D
F
D
F
D
F
D
F
D
F
D
F
D
F
D
F
D
F
D
F
D
F
D
F
D
F
D
F
D
F
D
F
D
F
D
F
D
F
D
F
D
F
D
F
D
F
D
F
D
F
D
F
D
F
D
F
D
F
D
F
D
F
D
F
D
F
D
F
D
F
D
F
D
F
D
F
D
F
D
F
D
F
D
F
D
F
D
F
D
F
D
F
D
F
D
F
D
F
D
F
D
F
D
F
D
F
D
F
D
F
D
F
D
F
D
F
D
F
D
F
D
F
D
F
D
F
D
F
D
F
D
F
D
F
D
F
D
F
D
F
D
F
D
F
D
F
D
F
D
F
D
F
D
F
D
F
D
F
D
F
D
F
D
F
D
F
D
F
D
F
D
F
D
F
D
F
D
F
D
F
D
F
D
F
D
F
D
F
D
F
D
F
D
F
D
F
D
F
D
F
D
F
D
F
D
F
D
F
D
F
D
F
D
F
D
F
D
F
D
F
D
F
D
F
D
F
D
F
D
F
D
F
D
F
D
F
D
F
D
F
D
F
D
F
D
F
D
F
D
F
D
F
D
F
D
F
D
F
D
F
D
F
D
F
D
F
D
F
D
F
D
F
D
F
D
F
D
F
D
F
D
F
D
F
D
F
D
F
D
F
D
F
D
F
D
F
D
F
D
F
D
F
D
F
D
F
D
F
D
F
D
F
D
F
D
F
D
F
D
F
D
F
D
F
D
F
D
F
D
F
D
F
D
F
D
F
D
F
D
F
D
F
D
F
D
F
D
F
D
F
D
F
D
F
D
F
D
F
D
F
D
F
D
F
D
F
D
F
D
F
D
F
D
F
D
F
D
F
D
F
D
F
D
F
D
F
D
F
D
F
D
F
D
F
D
F
D
F
D
F
D
F
D
F
D
F
D
F
D
F
D
F
D
F
D
F
D
F
D
F
D
F
D
F
D
F
D
F
D
F
D
F
D
F
D
F
D
F
D
F
D
F
D
F
D
F
D
F
D
F
D
F
D
F
D
F
D
F
D
F
D
F
D
F
D
F
D
F
D
F
D
F
D
F
D
F
D
F
D
F
D
F
D
F
D
F
D
F
D
F
D
F
D
F
D
F
D
F
D
F
D
F
D
F
D
F
D
F
D
F
D
F
D
F
D
F
D
F
D
F
D
F
D
F
D
F
D
F
D
F
D
F
D
F
D
F
D
F
D
F
D
F
D
F
D
F
D
F
D
F
D
F
D
F
D
F
D
F
D
F
D
F
D
F
D
F
D
F
D
F
D
F
D
F
D
F
D
F
D
F
D
F
D
F
D
F
D
F
D
F
D
F
D
F
D
F
D
F
D
F
D
F
D
F
D
F
D
F
D
F
D
F
D
F
D
F
D
F
D
F
D
F
D
F
D
F
D
F
D
F
D
F
D
F
D
F
D
F
D
F
D
F
D
F
D
F
D
F
D
F
D
F
D
F
D
F
D
F
D
F
D
F
D
F
D
F
D
F
D
F
D
F
D
F
D
F
D
F
D
F
D
F
D
F
D
F
D
F
D
F
D
F
D
F
D
F
D
F
D
F
D
F
D
F
D
F
D
F
D
F
D
F
D
F
D
F
D
F
D
F
D
F
D
F
D
F
D
F
D
F
D
F
D
F
D
F
D
F
D
F
D
F
D
F
D
F
D
F
D
F
D
F
D
F
D
F
D
F
D
F
D
F
D
F
D
F
D
F
D
F
D
F
D
F
D
F
D
F
D
F
D
F
D
F
D
F
D
F
D
F
D
F
D
F
D
F
D
F
D
F
D
F
D
F
D
F
D
F
D
F
D
F
D
F
D
F
D
F
D
F
D
F
D
F
D
F
D
F
D
F
D
F
D
F
D
F
D
F
D
F
D
F
D
F
D
F
D
F
D
F
D
F
D
F
D
F
D
F
D
F
D
F
D
F
D
F
D
F
D
F
D
F
D
F
D
F
D
F
D
F
D
F
D
F
D
F
D
F
D
F
D
F
D
F
D
F
D
F
D
F
D
F
D
F
D
F
D
F
D
F
D
F
D
F
D
F
D
F
D
F
D
F
D
F
D
F
D
F
D
F
D
F
D
F
D
F
D
F
D
F
D
F
D
F
D
F
D
F
D
F
D
F
D
F
D
F
D
F
D
F
D
F
D
F
D
F
D
F
D
F
D
F
D
F
D
F
D
F
D
F
D
F
D
F
D
F
D
F
D
F
D
F
D
F
D
F
D
F
D
F
D
F
D
F
D
F
D
F
D
F
D
F
D
F
D
F
D
F
D
F
D
F
D
F
D
F
D
F
D
F
D
F
D
F
D
F
D
F
D
F
D
F
D
F
D
F
D
F
D
F
D
F
D
F
D
F
D
F
D
F
D
F
D
F
D
F
D
F
D
F
D
F
D
F
D
F
D
F
D
F
D
F
D
F
D
F
D
F
D
F
D
F
D
F
D
F
D
F
D
F
D
F
D
F
D
F
D
F
D
F
D
F
D
F
D
F
D
F
D
F
D
F
D
F
D
F
D
F
D
F
D
F
D
F
D
F
D
F
D
F
D
F
D
F
D
F
D
F
D
F
D
F
D
F
D
F
D
F
D
F
D
F
D
F
D
F
D
F
D
F
D
F
D
F
D
F
D
F
D
F
D
F
D
F
D
F
D
F
D
F
D
F
D
F
D
F
D
F
D
F
D
F
D
F
D
F
D
F
D
F
D
F
D
F
D
F
D
F
D
F
D
F
D
F
D
F
D
F
D
F
D
F
D
F
D
F
D
F
D
F
D
F
D
F
D
F
D
F
D
F
D
F
D
F
D
F
D
F
D
F
D
F
D
F
D
F
D
F
D
F
D
F
D
F
D
F
D
F
D
F
D
F
D
F
D
F
D
F
D
F
D
F
D
F
D
F
D
F
D
F
D
F
D
F
D
F
D
F
D
F
D
F
D
F
D
F
D
F
D
F
D
F
D
F
D
F
D
F
D
F
D
F
D
F
D
F
D
F
D
F
D
F
D
F
D
F
D
F
D
F
D
F
D
F
D
F
D
F
D
F
D
F
D
F
D
F
D
F
D
F
D
F
D
F
D
F
D
F
D
F
D
F
D
F
D
F
D
F
D
F
D
F
D
F
D
F
D
F
D
F
D
F
D
F
D
F
D
F
D
F
D
F
D
F
D
F
D
F
D
F
D
F
D
F
D
F
D
F
D
F
D
F
D
F
D
F
D
F
D
F
D
F
D
F
D
F
D
F
D
F
D
F
D
F
D
F
D
F
D
F
D
F
D
F
D
F
D
F
D
F
D
F
D
F
D
F
D
F
D
F
D
F
D
F
D
F
D
F
D
F
D
F
D
F
D
F
D
F
D
F
D
F
D
F
D
F
D
F
D
F
D
F
D
F
D
F
D
F
D
F
D
F
D
F
D
F
D
F
D
F
D
F
D
F
D
F
D
F
D
F
D
F
D
F
D
F
D
F
D
F
D
F
D
F
D
F
D
F
D
F
D
F
D
F
D
F
D
F
D
F
D
F
D
F
D
F
D
F
D
F
D
F
D
F
D
F
D
F
D
F
D
F
D
F
D
F
D
F
D
F
D
F
D
F
D
F
D
F
D
F
D
F
D
F
D
F
D
F
D
F
D
F
D
F
D
F
D
F
D
F
D
F
D
F
D
F
D
F
D
F
D
F
D
F
D
F
D
F
D
F
D
F
D
F
D
F
D
F
D
F
D
F
D
F
D
F
D
F
D
F
D
F
D
F
D
F
D
F
D
F
D
F
D
F
D
F
D
F
D
F
D
F
D
F
D
F
D
F
D
F
D
F
D
F
D
F
D
F
D
F
D
F
D
F
D
F
D
F
D
F
D
F
D
F
D
F
D
F
D
F
D
F
D
F
D
F
D
F
D
F
D
F
D
F
D
F
D
F
D
F
D
F
D
F
D
F
D
F
D
F
D
F
D
F
D
F
D
F
D
F
D
F
D
F
D
F
D
F
D
F
D
F
D
F
D
F
D
F
D
F
D
F
D
F
D
F
D
F
D
F
D
F
D
F
D
F
D
F
D
F
D
F
D
F
D
F
D
F
D
F
D
F
D
F
D
F
D
F
D
F
D
F
D
F
D
F
D
F
D
F
D
F
D
F
D
F
D
F
D
F
D
F
D
F
D
F
D
F
D
F
D
F
D
F
D
F
D
F
D
F
D
F
D
F
D
F
D
F
D
F
D
F
D
F
D
F
D
F
D
F
D
F
D
F
D
F
D
F
D
F
D
F
D
F
D
F
D
F
D
F
D
F
D
F
D
F
D
F
D
F
D
F
D
F
D
F
D
F
D
F
D
F
D
F
D
F
D
F
D
F
D
F
D
F
D
F
D
F
D
F
D
F
D
F
D
F
D
F
D
F
D
F
D
F
D
F
D
F
D
F
D
F
D
F
D
F
D
F
D
F
D
F
D
F
D
F
D
F
D
F
D
F
D
F
D
F
D
F
D
F
D
F
D
F
D
F
D
F
D
F
D
F
D
F
D
F
D
F
D
F
D
F
D
F
D
F
D
F
D
F
D
F
D
F
D
F
D
F
D
F
D
F
D
F
D
F
D
F
D
F
D
F
D
F
D
F
D
F
D
F
D
F
D
F
D
F
D
F
D
F
D
F
D
F
D
F
D
F
D
F
D
F
D
F
D
F
D
F
D
F
D
F
D
F
D
F
D
F
D
F
D
F
D
F
D
F
D
F
D
F
D
F
D
F
D
F
D
F
D
F
D
F
D
F
D
F
D
F
D
F
D
F
D
F
D
F
D
F
D
F
D
F
D
F
D
F
D
F
D
F
D
F
D
F
D
F
D
F
D
F
D
F
D
F
D
F
D
F
D
F
D
F
D
F
D
F
D
F
D
F
D
F
D
F
D
F
D
F
D
F
D
F
D
F
D
F
D
F
D
F
D
F
D
F
D
F
D
F
D
F
D
F
D
F
D
F
D
F
D
F
D
F
D
F
D
F
D
F
D
F
D
F
D
F
D
F
D
F
D
F
D
F
D
F
D
F
D
F
D
F
D
F
D
F
D
F
D
F
D
F
D
F
D
F
D
F
D
F
D
F
D
F
D
F
D
F
D
F
D
F
D
F
D
F
D
F
D
F
D
F
D
F
D
F
D
F
D
F
D
F
D
F
D
F
D
F
D
F
D
F
D
F
D
F
D
F
D
F
D
F
D
F
D
F
D
F
D
F
D
F
D
F
D
F
D
F
D
F
D
F
D
F
D
F
D
F
D
F
D
F
D
F
D
F
D
F
D
F
D
F
D
F
D
F
D
F
D
F
D
F
D
F
D
F
D
F
D
F
D
F
D
F
D
F
D
F
D
F
D
F
D
F
D
F
D
F
D
F
D
F
D
F
D
F
D
F
D
F
D
F
D
F
D
F
D
F
D
F
D
F
D
F
D
F
D
F
D
F
D
F
D
F
D
F
D
F
D
F
D
F
D
F
D
F
D
F
D
F
D
F
D
F
D
F
D
F
D
F
D
F
D
F
D
F
D
F
D
F
D
F
D
F
D
F
D
F
D
F
D
F
D
F
D
F
D
F
D
F
D
F
D
F
D
F
D
F
D
F
D
F
D
F
D
F
D
F
D
F
D
F
D
F
D
F
D
F
D
F
D
F
D
F
D
F
D
F
D
F
D
F
D
F
D
F
D
F
D
F
D
F
D
F
D
F
D
F
D
F
D
F
D
F
D
F
D
F
D
F
D
F
D
F
D
F
D
F
D
F
D
F
D
F
D
F
D
F
D
F
D
F
D
F
D
F
D
F
D
F
D
F
D
F
D
F
D
F
D
F
D
F
D
F
D
F
D
F
D
F
D
F
D
F
D
F
D
F
D
F
D
F
D
F
D
F
D
F
D
F
D
F
D
F
D
F
D
F
D
F
D
F
D
F
D
F
D
F
D
F
D
F
D
F
D
F
D
F
D
F
D
F
D
F
D
F
D
F
D
F
D
F
D
F
D
F
D
F
D
F
D
F
D
F
D
F
D
F
D
F
D
F
D
F
D
F
D
F
D
F
D
F
D
F
D
F
D
F
D
F
D
F
D
F
D
F
D
F
D
F
D
F
D
F
D
F
D
F
D
F
D
F
D
F
D
F
D
F
D
F
D
F
D
F
D
F
D
F
D
F
D
F
D
F
D
F
D
F
D
F
D
F
D
F
D
F
D
F
D
F
D
F
D
F
D
F
D
F
D
F
D
F
D
F
D
F
D
F
D
F
D
F
D
F
D
F
D
F
D
F
D
F
D
F
D
F
D
F
D
F
D
F
D
F
D
F
D
F
D
F
D
F
D
F
D
F
D
F
D
F
D
F
D
F
D
F
D
F
D
F
D
F
D
F
D
F
D
F
D
F
D
F
D
F
D
F
D
F
D
F
D
F
D
F
D
F
D
F
D
F
D
F
D
F
D
F
D
F
D
F
D
F
D
F
D
F
D
F
D
F
D
F
D
F
D
F
D
F
D
F
D
F
D
F
D
F
D
F
D
F
D
F
D
F
D
F
D
F
D
F
D
F
D
F
D
F
D
F
D
F
D
F
D
F
D
F
D
F
D
F
D
F
D
F
D
F
D
F
D
F
D
F
D
F
D
F
D
F
D
F
D
F
D
F
D
F
D
F
D
F
D
F
D
F
D
F
D
F
D
F
D
F
D
F
D
F
D
F
D
F
D
F
D
F
D
F
D
F
D
F
D
F
D
F
D
F
D
F
D
F
D
F
D
F
D
F
D
F
D
F
D
F
D
F
D
F
D
F
D
F
D
F
D
F
D
F
D
F
D
F
D
F
D
F
D
F
D
F
D
F
D
F
D
F
D
F
D
F
D
F
D
F
D
F
D
F
D
F
D
F
D
F
D
F
D
F
D
F
D
F
D
F
D
F
D
F
D
F
D
F
D
F
D
F
D
F
D
F
D
F
D
F
D
F
D
F
D
F
D
F
D
F
D
F
D
F
D
F
D
F
D
F
D
F
D
F
D
F
D
F
D
F
D
F
D
F
D
F
D
F
D
F
D
F
D
F
D
F
D
F
D
F
D
F
D
F
D
F
D
F
D
F
D
F
D
F
D
F
D
F
D
F
D
F
D
F
D
F
D
F
D
F
D
F
D
F
D
F
D
F
D
F
D
F
D
F
D
F
D
F
D
F
D
F
D
F
D
F
D
F
D
F
D
F
D
F
D
F
D
F
D
F
D
F
D
F
D
F
D
F
D
F
D
F
D
F
D
F
D
F
D
F
D
F
D
F
D
F
D
F
D
F
D
F
D
F
D
F
D
F
D
F
D
F
D
F
D
F
D
F
D
F
D
F
D
F
D
F
D
F
D
F
D
F
D
F
D
F
D
F
D
F
D
F
D
F
D
F
D
F
D
F
D
F
D
F
D
F
D
F
D
F
D
F
D
F
D
F
D
F
D
F
D
F
D
F
D
F
D
F
D
F
D
F
D
F
D
F
D
F
D
F
D
F
D
F
D
F
D
F
D
F
D
F
D
F
D
F
D
F
D
F
D
F
D
F
D
F
D
F
D
F
D
F
D
F
D
F
D
F
D
F
D
F
D
F
D
F
D
F
D
F
D
F
D
F
D
F
D
F
D
F
D
F
D
F
D
F
D
F
D
F
D
F
D
F
D
F
D
F
D
F
D
F
D
F
D
F
D
F
D
F
D
F
D
F
D
F
D
F
D
F
D
F
D
F
D
F
D
F
D
F
D
F
D
F
D
F
D
F
D
F
D
F
D
F
D
F
D
F
D
F
D
F
D
F
D
F
D
F
D
F
D
F
D
F
D
F
D
F
D
F
D
F
D
F
D
F
D
F
D
F
D
F
D
F
D
F
D
F
D
F
D
F
D
F
D
F
D
F
D
F
D
F
D
F
D
F
D
F
D
F
D
F
D
F
D
F
D
F
D
F
D
F
D
F
D
F
D
F
D
F
D
F
D
F
D
F
D
F
D
F
D
F
D
F
D
F
D
F
D
F
D
F
D
F
D
F
D
F
D
F
D
F
D
F
D
F
D
F
D
F
D
F
D
F
D
F
D
F
D
F
D
F
D
F
D
F
D
F
D
F
D
F
D
F
D
F
D
F
D
F
D
F
D
F
D
F
D
F
D
F
D
F
D
F
D
F
D
F
D
F
D
F
D
F
D
F
D
F
D
F
D
F
D
F
D
F
D
F
D
F
D
F
D
F
D
F
D
F
D
F
D
F
D
F
D
F
D
F
D
F
D
F
D
F
D
F
D
F
D
F
D
F
D
F
D
F
D
F
D
F
D
F
D
F
D
F
D
F
D
F
D
F
D
F
D
F
D
F
D
F
D
F
D
F
D
F
D
F
D
F
D
F
D
F
D
F
D
F
D
F
D
F
D
F
D
F
D
F
D
F
D
F
D
F
D
F
D
F
D
F
D
F
D
F
D
F
D
F
D
F
D
F
D
F
D
F
D
F
D
F
D
F
D
F
D
F
D
F
D
F
D
F
D
F
D
F
D
F
D
F
D
F
D
F
D
F
D
F
D
F
D
F
D
F
D
F
D
F
D
F
D
F
D
F
D
F
D
F
D
F
D
F
D
F
D
F
D
F
D
F
D
F
D
F
D
F
D
F
D
F
D
F
D
F
D
F
D
F
D
F
D
F
D
F
D
F
D
F
D
F
D
F
D
F
D
F
D
F
D
F
D
F
D
F
D
F
D
F
D
F
D
F
D
F
D
F
D
F
D
F
D
F
D
F
D
F
D
F
D
F
D
F
D
F
D
F
D
F
D
F
D
F
D
F
D
F
D
F
D
F
D
F
D
F
D
F
D
F
D
F
D
F
D
F
D
F
D
F
D
F
D
F
D
F
D
F
D
F
D
F
D
F
D
F
D
F
D
F
D
F
D
F
D
F
D
F
D
F
D
F
D
F
D
F
D
F
D
F
D
F
D
F
D
F
D
F
D
F
D
F
D
F
D
F
D
F
D
F
D
F
D
F
D
F
D
F
D
F
D
F
D
F
D
F
D
F
D
F
D
F
D
F
D
F
D
F
D
F
D
F
D
F
D
F
D
F
D
F
D
F
D
F
D
F
D
F
D
F
D
F
D
F
D
F
D
F
D
F
D
F
D
F
D
F
D
F
D
F
D
F
D
F
D
F
D
F
D
F
D
F
D
F
D
F
D
F
D
F
D
F
D
F
D
F
D
F
D
F
D
F
D
F
D
F
D
F
D
F
D
F
D
F
D
F
D
F
D
F
D
F
D
F
D
F
D
F
D
F
D
F
D
F
D
F
D
F
D
F
D
F
D
F
D
F
D
F
D
F
D
F
D
F
D
F
D
F
D
F
D
F
D
F
D
F
D
F
D
F
D
F
D
F
D
F
D
F
D
F
D
F
D
F
D
F
D
F
D
F
D
F
D
F
D
F
D
F
D
F
D
F
D
F
D
F
D
F
D
F
D
F
D
F
D
F
D
F
D
F
D
F
D
F
D
F
D
F
D
F
D
F
D
F
D
F
D
F
D
F
D
F
D
F
D
F
D
F
D
F
D
F
D
F
D
F
D
F
D
F
D
F
D
F
D
F
D
F
D
F
D
F
D
F
D
F
D
F
D
F
D
F
D
F
D
F
D
F
D
F
D
F
D
F
D
F
D
F
D
F
D
F
D
F
D
F
D
F
D
F
D
F
D
F
D
F
D
F
D
F
D
F
D
F
D
F
D
F
D
F
D
F
D
F
D
F
D
F
D
F
D
F
D
F
D
F
D
F
D
F
D
F
D
F
D
F
D
F
D
F
D
F
D
F
D
F
D
F
D
F
D
F
D
F
D
F
D
F
D
F
D
F
D
F
D
F
D
F
D
F
D
F
D
F
D
F
D
F
D
F
D
F
D
F
D
F
D
F
D
F
D
F
D
F
D
F
D
F
D
F
D
F
D
F
D
F
D
F
D
F
D
F
D
F
D
F
D
F
D
F
D
F
D
F
D
F
D
F
D
F
D
F
D
F
D
F
D
F
D
F
D
F
D
F
D
F
D
F
D
F
D
F
D
F
D
F
D
F
D
F
D
F
D
F
D
F
D
F
D
F
D
F
D
F
D
F
D
F
D
F
D
F
D
F
D
F
D
F
D
F
D
F
D
F
D
F
D
F
D
F
D
F
D
F
D
F
D
F
D
F
D
F
D
F
D
F
D
F
D
F
D
F
D
F
D
F
D
F
D
F
D
F
D
F
D
F
D
F
D
F
D
F
D
F
D
F
D
F
D
F
D
F
D
F
D
F
D
F
D
F
D
F
D
F
D
F
D
F
D
F
D
F
D
F
D
F
D
F
D
F
D
F
D
F
D
F
D
F
D
F
D
F
D
F
D
F
D
F
D
F
D
F
D
F
D
F
D
F
D
F
D
F
D
F
D
F
D
F
D
F
D
F
D
F
D
F
D
F
D
F
D
F
D
F
D
F
D
F
D
F
D
F
D
F
D
F
D
F
D
F
D
F
D
F
D
F
D
F
D
F
D
F
D
F
D
F
D
F
D
F
D
F
D
F
D
F
D
F
D
F
D
F
D
F
D
F
D
F
D
F
D
F
D
F
D
F
D
F
D
F
D
F
D
F
D
F
D
F
D
F
D
F
D
F
D
F
D
F
D
F
D
F
D
F
D
F
D
F
D
F
D
F
D
F
D
F
D
F
D
F
D
F
D
F
D
F
D
F
D
F
D
F
D
F
D
F
D
F
D
F
D
F
D
F
D
F
D
F
D
F
D
F
D
F
D
F
D
F
D
F
D
F
D
F
D
F
D
F
D
F
D
F
D
F
D
F
D
F
D
F
D
F
D
F
D
F
D
F
D
F
D
F
D
F
D
F
D
F
D
F
D
F
D
F
D
F
D
F
D
F
D
F
D
F
D
F
D
F
D
F
D
F
D
F
D
F
D
F
D
F
D
F
D
F
D
F
D
F
D
F
D
F
D
F
D
F
D
F
D
F
D
F
D
F
D
F
D
F
D
F
D
F
D
F
D
F
D
F
D
F
D
F
D
F
D
F
D
F
D
F
D
F
D
F
D
F
D
F
D
F
D
F
D
F
D
F
D
F
D
F
D
F
D
F
D
F
D
F
D
F
D
F
D
F
D
F
D
F
D
F
D
F
D
F
D
F
D
F
D
F
D
F
D
F
D
F
D
F
D
F
D
F
D
F
D
F
D
F
D
F
D
F
D
F
D
F
D
F
D
F
D
F
D
F
D
F
D
F
D
F
D
F
D
F
D
F
D
F
D
F
D
F
D
F
D
F
D
F
D
F
D
F
D
F
D
F
D
F
D
F
D
F
D
F
D
F
D
F
D
F
D
F
D
F
D
F
D
F
D
F
D
F
D
F
D
F
D
F
D
F
D
F
D
F
D
F
D
F
D
F
D
F
D
F
D
F
D
F
D
F
D
F
D
F
D
F
D
F
D
F
D
F
D
F
D
F
D
F
D
F
D
F
D
F
D
F
D
F
D
F
D
F
D
F
D
F
D
F
D
F
D
F
D
F
D
F
D
F
D
F
D
F
D
F
D
F
D
F
D
F
D
F
D
F
D
F
D
F
D
F
D
F
D
F
D
F
D
F
D
F
D
F
D
F
D
F
D
F
D
F
D
F
D
F
D
F
D
F
D
F
D
F
D
F
D
F
D
F
D
F
D
F
D
F
D
F
D
F
D
F
D
F
D
F
D
F
D
F
D
F
D
F
D
F
D
F
D
F
D
F
D
F
D
F
D
F
D
F
D
F
D
F
D
F
D
F
D
F
D
F
D
F
D
F
D
F
D
F
D
F
D
F
D
F
D
F
D
F
D
F
D
F
D
F
D
F
D
F
D
F
D
F
D
F
D
F
D
F
D
F
D
F
D
F
D
F
D
F
D
F
D
F
D
F
D
F
D
F
D
F
D
F
D
F
D
F
D
F
D
F
D
F
D
F
D
F
D
F
D
F
D
F
D
F
D
F
D
F
D
F
D
F
D
F
D
F
D
F
D
F
D
F
D
F
D
F
D
F
D
F
D
F
D
F
D
F
D
F
D
F
D
F
D
F
D
F
D
F
D
F
D
F
D
F
D
F
D
F
D
F
D
F
D
F
D
F
D
F
D
F
D
F
D
F
D
F
D
F
D
F
D
F
D
F
D
F
D
F
D
F
D
F
D
F
D
F
D
F
D
F
D
F
D
F
D
F
D
F
D
F
D
F
D
F
D
F
D
F
D
F
D
F
D
F
D
F
D
F
D
F
D
F
D
F
D
F
D
F
D
F
D
F
D
F
D
F
D
F
D
F
D
F
D
F
D
F
D
F
D
F
D
F
D
F
D
F
D
F
D
F
D
F
D
F
D
F
D
F
D
F
D
F
D
F
D
F
D
F
D
F
D
F
D
F
D
F
D
F
D
F
D
F
D
F
D
F
D
F
D
F
D
F
D
F
D
F
D
F
D
F
D
F
D
F
D
F
D
F
D
F
D
F
D
F
D
F
D
F
D
F
D
F
D
F
D
F
D
F
D
F
D
F
D
F
D
F
D
F
D
F
D
F
D
F
D
F
D
F
D
F
D
F
D
F
D
F
D
F
D
F
D
F
D
F
D
F
D
F
D
F
D
F
D
F
D
F
D
F
D
F
D
F
D
F
D
F
D
F
D
F
D
F
D
F
D
F
D
F
D
F
D
F
D
F
D
F
D
F
D
F
D
F
D
F
D
F
D
F
D
F
D
F
D
F
D
F
D
F
D
F
D
F
D
F
D
F
D
F
D
F
D
F
D
F
D
F
D
F
D
F
D
F
D
F
D
F
D
F
D
F
D
F
D
F
D
F
D
