batch_then_drain 4096 505
I 891938 0
I 945974 1
I 306752 2
I 66529 3
I 233926 4
I 198032 5
I 207319 6
I 1043149 7
I 396247 8
I 999243 9
I 145264 10
I 274652 11
I 11355 12
I 70089 13
I 86580 14
I 45208 15
I 1006129 16
I 393398 17
I 757057 18
I 177118 19
I 67672 20
I 537412 21
I 859215 22
I 634385 23
I 812148 24
I 903674 25
I 603424 26
I 216333 27
I 182874 28
I 28583 29
I 601298 30
I 769333 31
I 356196 32
I 84996 33
I 485685 34
I 271478 35
I 349538 36
I 210560 37
I 942707 38
I 418160 39
I 88379 40
I 877378 41
I 224891 42
I 168219 43
I 232068 44
I 17206 45
I 353669 46
I 286334 47
I 481327 48
I 956138 49
I 366086 50
I 216872 51
I 992615 52
I 348230 53
I 680164 54
I 949937 55
I 793843 56
I 744769 57
I 913634 58
I 316689 59
I 122960 60
I 595174 61
I 494921 62
I 429118 63
I 828194 64
I 167557 65
I 343260 66
I 123003 67
I 475903 68
I 196073 69
I 690637 70
I 327212 71
I 295525 72
I 866884 73
I 936240 74
I 729862 75
I 924681 76
I 496378 77
I 855272 78
I 1035036 79
I 982832 80
I 295119 81
I 597131 82
I 213802 83
I 699717 84
I 829306 85
I 737082 86
I 45052 87
I 666577 88
I 449650 89
I 1015696 90
I 531068 91
I 694616 92
I 1002213 93
I 202625 94
I 350176 95
I 1013668 96
I 930645 97
I 71532 98
I 14169 99
I 539346 100
I 434151 101
I 655537 102
I 257100 103
I 528369 104
I 298958 105
I 73363 106
I 239818 107
I 1029889 108
I 962664 109
I 602403 110
I 779282 111
I 830941 112
I 16027 113
I 681465 114
I 913560 115
I 695967 116
I 842363 117
I 125703 118
I 815702 119
I 974110 120
I 308915 121
I 508308 122
I 542866 123
I 79524 124
I 1028113 125
I 856745 126
I 692846 127
I 499800 128
I 52368 129
I 384684 130
I 863912 131
I 465029 132
I 599856 133
I 824563 134
I 278661 135
I 332461 136
I 534729 137
I 44206 138
I 509732 139
I 788880 140
I 61466 141
I 116689 142
I 282114 143
I 344906 144
I 962743 145
I 128334 146
I 497272 147
I 836810 148
I 73174 149
I 701701 150
I 628186 151
I 197367 152
I 971791 153
I 308949 154
I 17986 155
I 477831 156
I 988376 157
I 99576 158
I 664995 159
I 365833 160
I 360508 161
I 340607 162
I 228932 163
I 712125 164
I 166934 165
I 636132 166
I 399812 167
I 580121 168
I 636133 169
I 429259 170
I 753267 171
I 339691 172
I 760844 173
I 83256 174
I 949226 175
I 78591 176
I 288747 177
I 113757 178
I 913288 179
I 599380 180
I 794175 181
I 614562 182
I 314638 183
I 224561 184
I 303762 185
I 658053 186
I 62093 187
I 372615 188
I 623297 189
I 86806 190
I 82730 191
I 588262 192
I 59945 193
I 418341 194
I 250595 195
I 96580 196
I 274543 197
I 234605 198
I 11281 199
I 769235 200
I 826522 201
I 35332 202
I 413148 203
I 279984 204
I 716959 205
I 319916 206
I 403105 207
I 1028327 208
I 98863 209
I 254883 210
I 1015761 211
I 364449 212
I 925774 213
I 1007162 214
I 356472 215
I 460998 216
I 117202 217
I 177331 218
I 375176 219
I 594795 220
I 16810 221
I 596141 222
I 511217 223
I 783078 224
I 704773 225
I 563347 226
I 476071 227
I 485987 228
I 430597 229
I 863075 230
I 984428 231
I 159805 232
I 185093 233
I 913704 234
I 43007 235
I 416114 236
I 113663 237
I 915199 238
I 894290 239
I 1027871 240
I 226668 241
I 276021 242
I 85600 243
I 28773 244
I 310937 245
I 542727 246
I 909371 247
I 1029824 248
I 599227 249
I 224336 250
I 883639 251
I 719405 252
I 122290 253
I 372397 254
I 1037283 255
I 613697 256
I 29119 257
I 849476 258
I 545030 259
I 320198 260
I 181253 261
I 948430 262
I 518637 263
I 82293 264
I 494626 265
I 860716 266
I 334953 267
I 736474 268
I 26897 269
I 512597 270
I 490616 271
I 910322 272
I 585149 273
I 401330 274
I 60522 275
I 89614 276
I 32851 277
I 868613 278
I 173788 279
I 1000783 280
I 682281 281
I 591379 282
I 282485 283
I 479223 284
I 740398 285
I 712689 286
I 76763 287
I 1028701 288
I 623801 289
I 1005164 290
I 436558 291
I 865362 292
I 878176 293
I 536398 294
I 573777 295
I 682659 296
I 263710 297
I 845974 298
I 208420 299
I 822136 300
I 664802 301
I 998453 302
I 150759 303
I 130847 304
I 683644 305
I 893840 306
I 867298 307
I 78816 308
I 3205 309
I 1046662 310
I 55110 311
I 950488 312
I 303477 313
I 292986 314
I 358937 315
I 79950 316
I 1000121 317
I 834080 318
I 115429 319
I 67537 320
I 132382 321
I 55560 322
I 1023609 323
I 761766 324
I 343980 325
I 510602 326
I 453550 327
I 910220 328
I 104449 329
I 91711 330
I 515981 331
I 466252 332
I 501114 333
I 219552 334
I 459271 335
I 464934 336
I 856230 337
I 863489 338
I 367456 339
I 316702 340
I 759417 341
I 979349 342
I 667480 343
I 415567 344
I 516224 345
I 151824 346
I 739090 347
I 682323 348
I 657101 349
I 27358 350
I 886360 351
I 592852 352
I 519848 353
I 691961 354
I 76156 355
I 325562 356
I 769661 357
I 307019 358
I 419962 359
I 254939 360
I 204882 361
I 495677 362
I 400831 363
I 528166 364
I 753226 365
I 619448 366
I 583270 367
I 755986 368
I 386685 369
I 673661 370
I 857872 371
I 554689 372
I 532800 373
I 111881 374
I 342235 375
I 800102 376
I 164455 377
I 800065 378
I 312339 379
I 549608 380
I 17401 381
I 939629 382
I 793257 383
I 1005108 384
I 237021 385
I 633108 386
I 970336 387
I 90442 388
I 842671 389
I 536438 390
I 727985 391
I 943198 392
I 983323 393
I 1034398 394
I 701149 395
I 733438 396
I 1008230 397
I 437630 398
I 556270 399
I 873612 400
I 546602 401
I 516080 402
I 814573 403
I 776176 404
I 193601 405
I 593729 406
I 643691 407
I 289969 408
I 219016 409
I 945332 410
I 657748 411
I 184502 412
I 494962 413
I 134380 414
I 428378 415
I 312107 416
I 299701 417
I 777234 418
I 240910 419
I 649155 420
I 835361 421
I 872629 422
I 217938 423
I 664504 424
I 288101 425
I 876320 426
I 908528 427
I 660352 428
I 451330 429
I 219591 430
I 948134 431
I 582420 432
I 101061 433
I 279839 434
I 779143 435
I 29705 436
I 152004 437
I 917767 438
I 665938 439
I 367438 440
I 522385 441
I 958718 442
I 822165 443
I 893141 444
I 595293 445
I 279121 446
I 297955 447
I 1013823 448
I 857946 449
I 865487 450
I 749402 451
I 586164 452
I 488693 453
I 213089 454
I 184856 455
I 479523 456
I 818636 457
I 1019853 458
I 1008862 459
I 433909 460
I 760296 461
I 1021354 462
I 738009 463
I 1026404 464
I 538643 465
I 1034949 466
I 942378 467
I 472604 468
I 1026741 469
I 807840 470
I 86814 471
I 425909 472
I 979131 473
I 929461 474
I 41319 475
I 763426 476
I 854695 477
I 629824 478
I 979780 479
I 283108 480
I 74451 481
I 802049 482
I 550844 483
I 750900 484
I 215563 485
I 941984 486
I 830148 487
I 157765 488
I 308007 489
I 329202 490
I 344846 491
I 130698 492
I 294963 493
I 69514 494
I 774455 495
I 250726 496
I 333648 497
I 252690 498
I 698789 499
I 997536 500
I 313746 501
I 499125 502
I 90964 503
I 641058 504
I 54216 505
I 775736 506
I 390095 507
I 705710 508
I 152833 509
I 895376 510
I 319468 511
I 202575 512
I 110538 513
I 968704 514
I 349288 515
I 558748 516
I 254475 517
I 971564 518
I 723500 519
I 483786 520
I 922254 521
I 506990 522
I 503200 523
I 336130 524
I 420966 525
I 869289 526
I 273114 527
I 954107 528
I 103461 529
I 139973 530
I 37980 531
I 501427 532
I 883803 533
I 652888 534
I 121542 535
I 558440 536
I 592065 537
I 690951 538
I 204273 539
I 140164 540
I 413107 541
I 577975 542
I 1008804 543
I 624898 544
I 1038396 545
I 599288 546
I 21408 547
I 616035 548
I 668985 549
I 512243 550
I 204261 551
I 233673 552
I 886580 553
I 314328 554
I 969884 555
I 1001797 556
I 939064 557
I 4286 558
I 419299 559
I 1040154 560
I 411073 561
I 429345 562
I 403799 563
I 44641 564
I 366223 565
I 437187 566
I 397068 567
I 820465 568
I 301327 569
I 948002 570
I 1039867 571
I 204265 572
I 486598 573
I 971606 574
I 2892 575
I 639664 576
I 228874 577
I 495238 578
I 527032 579
I 739397 580
I 982235 581
I 621249 582
I 325732 583
I 34995 584
I 985298 585
I 140741 586
I 439852 587
I 831991 588
I 436881 589
I 594078 590
I 300014 591
I 891579 592
I 494377 593
I 514174 594
I 730184 595
I 239074 596
I 1014753 597
I 337479 598
I 284729 599
I 624496 600
I 230831 601
I 610469 602
I 487284 603
I 1014407 604
I 294385 605
I 672383 606
I 140647 607
I 232900 608
I 385840 609
I 1047935 610
I 406684 611
I 205788 612
I 562918 613
I 683559 614
I 859451 615
I 316153 616
I 112089 617
I 716512 618
I 164399 619
I 787088 620
I 932698 621
I 961897 622
I 1029129 623
I 322781 624
I 506158 625
I 182852 626
I 930917 627
I 785586 628
I 534531 629
I 409602 630
I 603013 631
I 124110 632
I 322087 633
I 65395 634
I 841192 635
I 1005764 636
I 556046 637
I 646085 638
I 237331 639
I 1014565 640
I 266744 641
I 289177 642
I 936799 643
I 997306 644
I 79032 645
I 845100 646
I 265327 647
I 77218 648
I 60170 649
I 619745 650
I 589271 651
I 627647 652
I 721948 653
I 719618 654
I 758692 655
I 756284 656
I 135996 657
I 444699 658
I 350749 659
I 679581 660
I 576275 661
I 394381 662
I 125679 663
I 275858 664
I 367423 665
I 1046144 666
I 466236 667
I 654742 668
I 662897 669
I 191434 670
I 71774 671
I 1965 672
I 583662 673
I 152184 674
I 792096 675
I 831510 676
I 462867 677
I 116539 678
I 775020 679
I 511767 680
I 707693 681
I 726723 682
I 860180 683
I 483941 684
I 723790 685
I 288836 686
I 864454 687
I 28547 688
I 407306 689
I 1006709 690
I 663595 691
I 465716 692
I 673225 693
I 724929 694
I 916603 695
I 472753 696
I 62134 697
I 517881 698
I 157902 699
I 877109 700
I 711642 701
I 812158 702
I 1003668 703
I 600982 704
I 886946 705
I 55954 706
I 408382 707
I 758422 708
I 902645 709
I 1032330 710
I 506100 711
I 282132 712
I 625761 713
I 69614 714
I 743687 715
I 483917 716
I 359331 717
I 829782 718
I 258593 719
I 586470 720
I 760860 721
I 109407 722
I 698120 723
I 445077 724
I 146931 725
I 324445 726
I 937168 727
I 956678 728
I 42633 729
I 808136 730
I 652117 731
I 63202 732
I 294825 733
I 190145 734
I 1010078 735
I 984646 736
I 276859 737
I 279816 738
I 533551 739
I 255648 740
I 803322 741
I 597531 742
I 200615 743
I 974526 744
I 27595 745
I 753881 746
I 411467 747
I 257555 748
I 953647 749
I 221178 750
I 94558 751
I 848413 752
I 349404 753
I 685468 754
I 297426 755
I 546249 756
I 884696 757
I 748051 758
I 969354 759
I 183627 760
I 407168 761
I 156312 762
I 602951 763
I 809656 764
I 657999 765
I 811468 766
I 888253 767
I 309354 768
I 113538 769
I 276233 770
I 338658 771
I 405698 772
I 384392 773
I 807434 774
I 632035 775
I 211033 776
I 435799 777
I 1026437 778
I 1007774 779
I 952225 780
I 947498 781
I 164747 782
I 868884 783
I 835132 784
I 378583 785
I 1000092 786
I 192101 787
I 384360 788
I 439244 789
I 394769 790
I 588327 791
I 813255 792
I 1018129 793
I 995499 794
I 365228 795
I 877561 796
I 705475 797
I 493785 798
I 449254 799
I 490928 800
I 871456 801
I 986108 802
I 948889 803
I 4928 804
I 93529 805
I 683794 806
I 308332 807
I 290178 808
I 702078 809
I 685378 810
I 673115 811
I 438132 812
I 205814 813
I 526633 814
I 765692 815
I 11067 816
I 659510 817
I 142963 818
I 784647 819
I 505073 820
I 464146 821
I 1006375 822
I 352373 823
I 226588 824
I 773257 825
I 1041502 826
I 788152 827
I 337055 828
I 891621 829
I 623092 830
I 424356 831
I 517633 832
I 918341 833
I 680068 834
I 475397 835
I 522980 836
I 335267 837
I 815907 838
I 650242 839
I 719233 840
I 600731 841
I 384423 842
I 563783 843
I 356437 844
I 151274 845
I 927308 846
I 587615 847
I 877400 848
I 406004 849
I 400029 850
I 339795 851
I 846886 852
I 480679 853
I 707032 854
I 927494 855
I 957055 856
I 429152 857
I 196613 858
I 132133 859
I 490863 860
I 604297 861
I 243646 862
I 679244 863
I 703582 864
I 1046750 865
I 383961 866
I 306148 867
I 311149 868
I 180453 869
I 156791 870
I 589926 871
I 1032469 872
I 377903 873
I 201295 874
I 913888 875
I 620754 876
I 790513 877
I 323539 878
I 930548 879
I 385138 880
I 95443 881
I 298821 882
I 760320 883
I 495818 884
I 1009050 885
I 756466 886
I 768063 887
I 358574 888
I 468840 889
I 559726 890
I 425417 891
I 501193 892
I 394874 893
I 423341 894
I 706933 895
I 847811 896
I 111034 897
I 645169 898
I 655382 899
I 898215 900
I 877254 901
I 842169 902
I 2205 903
I 1001767 904
I 121962 905
I 111292 906
I 346261 907
I 512457 908
I 534351 909
I 537920 910
I 993016 911
I 113486 912
I 491680 913
I 178874 914
I 225740 915
I 115015 916
I 704891 917
I 397378 918
I 633726 919
I 1025745 920
I 701542 921
I 790859 922
I 510096 923
I 812574 924
I 619236 925
I 694933 926
I 504261 927
I 298459 928
I 478355 929
I 217224 930
I 103052 931
I 852265 932
I 965706 933
I 19345 934
I 617655 935
I 650218 936
I 220524 937
I 338024 938
I 766323 939
I 153229 940
I 495050 941
I 71962 942
I 232526 943
I 768505 944
I 90198 945
I 83965 946
I 423617 947
I 128165 948
I 999460 949
I 365707 950
I 380468 951
I 350685 952
I 1046254 953
I 777799 954
I 162733 955
I 16291 956
I 337475 957
I 866068 958
I 387982 959
I 879166 960
I 77857 961
I 905282 962
I 512229 963
I 406508 964
I 287554 965
I 358230 966
I 351532 967
I 686902 968
I 87439 969
I 803939 970
I 296570 971
I 877878 972
I 995495 973
I 1038765 974
I 155067 975
I 954050 976
I 428862 977
I 786232 978
I 68863 979
I 539488 980
I 377886 981
I 264979 982
I 779139 983
I 826304 984
I 802837 985
I 494434 986
I 665596 987
I 439618 988
I 628914 989
I 83471 990
I 345397 991
I 541556 992
I 957329 993
I 259307 994
I 832876 995
I 862678 996
I 407866 997
I 382268 998
I 669223 999
I 732938 1000
I 680257 1001
I 820078 1002
I 54464 1003
I 160419 1004
I 625266 1005
I 397000 1006
I 948903 1007
I 848970 1008
I 356270 1009
I 156525 1010
I 258434 1011
I 1021873 1012
I 758746 1013
I 512343 1014
I 330301 1015
I 855758 1016
I 976043 1017
I 9356 1018
I 350298 1019
I 95522 1020
I 803807 1021
I 429892 1022
I 1000312 1023
I 802747 1024
I 912078 1025
I 894148 1026
I 1035978 1027
I 334102 1028
I 73504 1029
I 205205 1030
I 160174 1031
I 125667 1032
I 613780 1033
I 203616 1034
I 252496 1035
I 816061 1036
I 404725 1037
I 693540 1038
I 942241 1039
I 912152 1040
I 303794 1041
I 1000149 1042
I 421661 1043
I 879039 1044
I 307810 1045
I 604515 1046
I 870446 1047
I 673813 1048
I 835217 1049
I 386117 1050
I 28508 1051
I 1047152 1052
I 316691 1053
I 904137 1054
I 580927 1055
I 337805 1056
I 709488 1057
I 189259 1058
I 1010054 1059
I 472255 1060
I 1023280 1061
I 725726 1062
I 38200 1063
I 1009450 1064
I 526636 1065
I 669787 1066
I 906945 1067
I 662396 1068
I 358906 1069
I 18828 1070
I 514481 1071
I 652886 1072
I 116311 1073
I 11371 1074
I 615101 1075
I 289585 1076
I 1039573 1077
I 267307 1078
I 470120 1079
I 920791 1080
I 315156 1081
I 994469 1082
I 836989 1083
I 136023 1084
I 597996 1085
I 413883 1086
I 522075 1087
I 458079 1088
I 486753 1089
I 310870 1090
I 666528 1091
I 545287 1092
I 990238 1093
I 643504 1094
I 274372 1095
I 230141 1096
I 910389 1097
I 280285 1098
I 618018 1099
I 9732 1100
I 576191 1101
I 909522 1102
I 877263 1103
I 72779 1104
I 109406 1105
I 506559 1106
I 882802 1107
I 955330 1108
I 269078 1109
I 514555 1110
I 395521 1111
I 691190 1112
I 568177 1113
I 455143 1114
I 435614 1115
I 820167 1116
I 872577 1117
I 256946 1118
I 424995 1119
I 894536 1120
I 607083 1121
I 728368 1122
I 163720 1123
I 883470 1124
I 890805 1125
I 53676 1126
I 372120 1127
I 695106 1128
I 224872 1129
I 555608 1130
I 624879 1131
I 239182 1132
I 835964 1133
I 935435 1134
I 884331 1135
I 496206 1136
I 74718 1137
I 225050 1138
I 454373 1139
I 99792 1140
I 122174 1141
I 101802 1142
I 302493 1143
I 682652 1144
I 150556 1145
I 478225 1146
I 105593 1147
I 56822 1148
I 39562 1149
I 781301 1150
I 658979 1151
I 465726 1152
I 982870 1153
I 666793 1154
I 613246 1155
I 845005 1156
I 27785 1157
I 281193 1158
I 761989 1159
I 87479 1160
I 843929 1161
I 407521 1162
I 551755 1163
I 818825 1164
I 812600 1165
I 123372 1166
I 457030 1167
I 278358 1168
I 228589 1169
I 635384 1170
I 331624 1171
I 429350 1172
I 697287 1173
I 307975 1174
I 592083 1175
I 918551 1176
I 749051 1177
I 759031 1178
I 429743 1179
I 1039500 1180
I 458060 1181
I 185564 1182
I 138406 1183
I 559389 1184
I 174962 1185
I 190519 1186
I 61872 1187
I 881545 1188
I 84224 1189
I 737525 1190
I 374929 1191
I 689408 1192
I 22419 1193
I 413871 1194
I 878318 1195
I 834738 1196
I 178537 1197
I 394713 1198
I 728150 1199
I 1021531 1200
I 329903 1201
I 467972 1202
I 890479 1203
I 776831 1204
I 23322 1205
I 889379 1206
I 1032306 1207
I 171616 1208
I 366658 1209
I 663548 1210
I 145560 1211
I 232983 1212
I 707446 1213
I 770091 1214
I 717626 1215
I 176709 1216
I 670828 1217
I 913445 1218
I 304825 1219
I 854931 1220
I 701632 1221
I 1024150 1222
I 179519 1223
I 568769 1224
I 326163 1225
I 466459 1226
I 430055 1227
I 586988 1228
I 264641 1229
I 69421 1230
I 703417 1231
I 275923 1232
I 661984 1233
I 670758 1234
I 571966 1235
I 381701 1236
I 165238 1237
I 273013 1238
I 275104 1239
I 620994 1240
I 235354 1241
I 118465 1242
I 124072 1243
I 291824 1244
I 341443 1245
I 63793 1246
I 652457 1247
I 861710 1248
I 313592 1249
I 787510 1250
I 603449 1251
I 650047 1252
I 319784 1253
I 277688 1254
I 336779 1255
I 909298 1256
I 279194 1257
I 1035780 1258
I 805278 1259
I 1015785 1260
I 369675 1261
I 383882 1262
I 654290 1263
I 637389 1264
I 715010 1265
I 913902 1266
I 175274 1267
I 552883 1268
I 355585 1269
I 596882 1270
I 72213 1271
I 845288 1272
I 918861 1273
I 464404 1274
I 1026572 1275
I 354701 1276
I 81797 1277
I 47244 1278
I 627286 1279
I 729753 1280
I 1010408 1281
I 111592 1282
I 10898 1283
I 424254 1284
I 822184 1285
I 486299 1286
I 878365 1287
I 1046125 1288
I 749165 1289
I 409107 1290
I 705641 1291
I 612788 1292
I 1033271 1293
I 265725 1294
I 166023 1295
I 1007202 1296
I 26170 1297
I 399714 1298
I 417990 1299
I 727551 1300
I 688675 1301
I 893692 1302
I 196508 1303
I 54662 1304
I 946158 1305
I 651927 1306
I 377511 1307
I 444499 1308
I 322358 1309
I 219014 1310
I 962029 1311
I 532002 1312
I 358020 1313
I 99826 1314
I 876007 1315
I 1019094 1316
I 38968 1317
I 699430 1318
I 439392 1319
I 592817 1320
I 612806 1321
I 296479 1322
I 818870 1323
I 140375 1324
I 458354 1325
I 610783 1326
I 146181 1327
I 729215 1328
I 1037974 1329
I 246979 1330
I 103617 1331
I 892652 1332
I 771493 1333
I 82038 1334
I 623673 1335
I 556478 1336
I 349403 1337
I 330926 1338
I 47099 1339
I 281272 1340
I 821493 1341
I 1020943 1342
I 259876 1343
I 329998 1344
I 630801 1345
I 133186 1346
I 363570 1347
I 825123 1348
I 902324 1349
I 731800 1350
I 552673 1351
I 871370 1352
I 327293 1353
I 937524 1354
I 9679 1355
I 703381 1356
I 661828 1357
I 1015666 1358
I 735554 1359
I 230725 1360
I 267273 1361
I 40471 1362
I 706098 1363
I 724276 1364
I 394806 1365
I 199520 1366
I 334112 1367
I 229702 1368
I 650357 1369
I 857142 1370
I 622704 1371
I 554702 1372
I 24457 1373
I 596637 1374
I 835599 1375
I 942453 1376
I 459595 1377
I 53300 1378
I 664281 1379
I 985378 1380
I 223298 1381
I 262041 1382
I 971135 1383
I 393406 1384
I 374700 1385
I 186406 1386
I 564788 1387
I 940468 1388
I 758595 1389
I 867979 1390
I 351931 1391
I 28734 1392
I 169638 1393
I 601229 1394
I 583140 1395
I 903480 1396
I 335704 1397
I 846510 1398
I 266168 1399
I 990067 1400
I 669400 1401
I 419901 1402
I 627327 1403
I 422196 1404
I 791125 1405
I 450732 1406
I 540152 1407
I 992190 1408
I 946211 1409
I 378626 1410
I 617785 1411
I 1014748 1412
I 183849 1413
I 93925 1414
I 734444 1415
I 171414 1416
I 27722 1417
I 38537 1418
I 446976 1419
I 283922 1420
I 299313 1421
I 951519 1422
I 806660 1423
I 299999 1424
I 336318 1425
I 65804 1426
I 915865 1427
I 986726 1428
I 552711 1429
I 949442 1430
I 806031 1431
I 795631 1432
I 2801 1433
I 733600 1434
I 212281 1435
I 651434 1436
I 1038806 1437
I 49142 1438
I 571703 1439
I 834171 1440
I 708019 1441
I 566711 1442
I 98830 1443
I 883676 1444
I 425469 1445
I 258489 1446
I 612455 1447
I 912422 1448
I 558250 1449
I 161618 1450
I 571850 1451
I 339701 1452
I 206801 1453
I 440611 1454
I 284637 1455
I 845566 1456
I 928410 1457
I 695198 1458
I 342558 1459
I 698036 1460
I 254361 1461
I 242515 1462
I 335174 1463
I 777139 1464
I 526515 1465
I 868080 1466
I 356910 1467
I 58306 1468
I 6482 1469
I 1046149 1470
I 278217 1471
I 832814 1472
I 98258 1473
I 222401 1474
I 870116 1475
I 317307 1476
I 380215 1477
I 869630 1478
I 895366 1479
I 829040 1480
I 186105 1481
I 924911 1482
I 522405 1483
I 940329 1484
I 386705 1485
I 764280 1486
I 694165 1487
I 618906 1488
I 154093 1489
I 38056 1490
I 391032 1491
I 366973 1492
I 219250 1493
I 977026 1494
I 39679 1495
I 69889 1496
I 494249 1497
I 238587 1498
I 863200 1499
I 1000905 1500
I 329628 1501
I 224328 1502
I 1043007 1503
I 371910 1504
I 723305 1505
I 698615 1506
I 194683 1507
I 888476 1508
I 691721 1509
I 357670 1510
I 194245 1511
I 725079 1512
I 650339 1513
I 14246 1514
I 906060 1515
I 739301 1516
I 503428 1517
I 79168 1518
I 910990 1519
I 438378 1520
I 671011 1521
I 911994 1522
I 273233 1523
I 884118 1524
I 576078 1525
I 533679 1526
I 399553 1527
I 531161 1528
I 913309 1529
I 68162 1530
I 757539 1531
I 734081 1532
I 29850 1533
I 666974 1534
I 734968 1535
I 640200 1536
I 127693 1537
I 380056 1538
I 218415 1539
I 152081 1540
I 400628 1541
I 1009038 1542
I 928010 1543
I 111742 1544
I 255398 1545
I 15489 1546
I 599409 1547
I 454681 1548
I 498163 1549
I 797177 1550
I 972671 1551
I 774078 1552
I 915270 1553
I 29910 1554
I 186605 1555
I 824154 1556
I 318902 1557
I 1011630 1558
I 427929 1559
I 802256 1560
I 133237 1561
I 624420 1562
I 297380 1563
I 521597 1564
I 274297 1565
I 342152 1566
I 155646 1567
I 675514 1568
I 947545 1569
I 925448 1570
I 262741 1571
I 834709 1572
I 46710 1573
I 208755 1574
I 378466 1575
I 469376 1576
I 390113 1577
I 38846 1578
I 491342 1579
I 621996 1580
I 300780 1581
I 894590 1582
I 79035 1583
I 575768 1584
I 790801 1585
I 940822 1586
I 575577 1587
I 310006 1588
I 778784 1589
I 221908 1590
I 286887 1591
I 620046 1592
I 75310 1593
I 624198 1594
I 217380 1595
I 438751 1596
I 689507 1597
I 668311 1598
I 1023110 1599
I 156951 1600
I 593814 1601
I 991261 1602
I 1015465 1603
I 231914 1604
I 812350 1605
I 797189 1606
I 642142 1607
I 795619 1608
I 488638 1609
I 320095 1610
I 8031 1611
I 460358 1612
I 297112 1613
I 193867 1614
I 636640 1615
I 187199 1616
I 430835 1617
I 408191 1618
I 897361 1619
I 125810 1620
I 62319 1621
I 731455 1622
I 595787 1623
I 330758 1624
I 638693 1625
I 687759 1626
I 785745 1627
I 643636 1628
I 280623 1629
I 628755 1630
I 1008170 1631
I 620335 1632
I 658080 1633
I 871326 1634
I 207418 1635
I 869682 1636
I 28109 1637
I 591284 1638
I 245843 1639
I 520066 1640
I 454165 1641
I 885151 1642
I 79116 1643
I 1037520 1644
I 208164 1645
I 852270 1646
I 794084 1647
I 1020584 1648
I 257489 1649
I 164189 1650
I 591132 1651
I 892084 1652
I 428493 1653
I 414674 1654
I 287187 1655
I 28120 1656
I 725168 1657
I 216789 1658
I 232201 1659
I 1017273 1660
I 644907 1661
I 1038583 1662
I 24558 1663
I 224882 1664
I 619444 1665
I 617758 1666
I 814329 1667
I 756359 1668
I 636470 1669
I 745068 1670
I 913203 1671
I 450690 1672
I 124460 1673
I 309011 1674
I 597703 1675
I 269528 1676
I 67351 1677
I 1048529 1678
I 995658 1679
I 182686 1680
I 908817 1681
I 368731 1682
I 96397 1683
I 66742 1684
I 290575 1685
I 298565 1686
I 685276 1687
I 115777 1688
I 456360 1689
I 170269 1690
I 170479 1691
I 231173 1692
I 326491 1693
I 171389 1694
I 957726 1695
I 784022 1696
I 915943 1697
I 142683 1698
I 1010421 1699
I 528895 1700
I 409292 1701
I 295536 1702
I 888999 1703
I 362225 1704
I 769311 1705
I 753412 1706
I 464795 1707
I 129074 1708
I 945335 1709
I 883601 1710
I 834032 1711
I 154194 1712
I 916759 1713
I 936579 1714
I 377140 1715
I 721926 1716
I 736448 1717
I 532266 1718
I 870715 1719
I 645138 1720
I 313374 1721
I 846327 1722
I 898227 1723
I 108634 1724
I 967783 1725
I 347661 1726
I 446983 1727
I 881173 1728
I 22907 1729
I 753348 1730
I 715661 1731
I 1016615 1732
I 592697 1733
I 633065 1734
I 718215 1735
I 26672 1736
I 484504 1737
I 668014 1738
I 975315 1739
I 893095 1740
I 691674 1741
I 930505 1742
I 1011307 1743
I 448559 1744
I 674485 1745
I 179483 1746
I 985996 1747
I 531052 1748
I 130287 1749
I 491811 1750
I 967123 1751
I 301510 1752
I 425492 1753
I 115508 1754
I 531664 1755
I 525285 1756
I 310562 1757
I 250588 1758
I 679732 1759
I 90743 1760
I 484652 1761
I 670020 1762
I 183439 1763
I 404032 1764
I 1047583 1765
I 287066 1766
I 987552 1767
I 726485 1768
I 1014825 1769
I 33947 1770
I 544493 1771
I 423930 1772
I 873371 1773
I 253798 1774
I 49863 1775
I 372499 1776
I 887208 1777
I 71112 1778
I 562834 1779
I 535836 1780
I 740788 1781
I 207373 1782
I 750357 1783
I 28368 1784
I 179978 1785
I 206589 1786
I 349584 1787
I 1014452 1788
I 844286 1789
I 214900 1790
I 322565 1791
I 213121 1792
I 5862 1793
I 169324 1794
I 1028448 1795
I 235449 1796
I 326239 1797
I 885069 1798
I 453775 1799
I 849268 1800
I 619734 1801
I 72098 1802
I 444902 1803
I 103756 1804
I 129156 1805
I 384857 1806
I 549024 1807
I 171173 1808
I 936145 1809
I 463964 1810
I 511660 1811
I 655889 1812
I 851236 1813
I 754484 1814
I 24180 1815
I 800770 1816
I 557895 1817
I 314823 1818
I 91074 1819
I 97332 1820
I 628968 1821
I 750289 1822
I 796347 1823
I 634406 1824
I 97774 1825
I 255728 1826
I 182531 1827
I 415391 1828
I 813560 1829
I 709254 1830
I 648050 1831
I 349315 1832
I 282977 1833
I 868334 1834
I 897275 1835
I 601153 1836
I 1020694 1837
I 492367 1838
I 682247 1839
I 382236 1840
I 660127 1841
I 684267 1842
I 168986 1843
I 206869 1844
I 341758 1845
I 936578 1846
I 800850 1847
I 723046 1848
I 324226 1849
I 464370 1850
I 621489 1851
I 39281 1852
I 549630 1853
I 757039 1854
I 1008786 1855
I 351083 1856
I 738878 1857
I 958271 1858
I 206392 1859
I 614106 1860
I 910401 1861
I 271749 1862
I 663646 1863
I 1009589 1864
I 987304 1865
I 448659 1866
I 422523 1867
I 292727 1868
I 172660 1869
I 818790 1870
I 802098 1871
I 721440 1872
I 1017069 1873
I 629007 1874
I 141009 1875
I 790203 1876
I 460225 1877
I 966471 1878
I 319717 1879
I 163687 1880
I 425695 1881
I 464831 1882
I 681865 1883
I 609505 1884
I 383514 1885
I 861944 1886
I 971032 1887
I 37579 1888
I 939085 1889
I 697103 1890
I 206572 1891
I 588654 1892
I 160339 1893
I 909555 1894
I 956370 1895
I 566184 1896
I 305305 1897
I 507984 1898
I 416476 1899
I 572955 1900
I 463290 1901
I 557967 1902
I 360738 1903
I 208408 1904
I 201338 1905
I 749337 1906
I 543603 1907
I 127126 1908
I 186575 1909
I 659754 1910
I 300437 1911
I 174790 1912
I 933782 1913
I 105033 1914
I 149829 1915
I 565448 1916
I 990621 1917
I 136776 1918
I 724665 1919
I 773260 1920
I 1024818 1921
I 1024356 1922
I 571327 1923
I 139065 1924
I 359215 1925
I 927193 1926
I 652166 1927
I 508489 1928
I 627200 1929
I 537466 1930
I 627920 1931
I 627653 1932
I 442851 1933
I 649295 1934
I 303611 1935
I 633952 1936
I 293524 1937
I 219263 1938
I 35804 1939
I 1010604 1940
I 591000 1941
I 252703 1942
I 923000 1943
I 263210 1944
I 330049 1945
I 185209 1946
I 847609 1947
I 162630 1948
I 74396 1949
I 666583 1950
I 747852 1951
I 1045762 1952
I 708522 1953
I 521040 1954
I 656273 1955
I 754383 1956
I 70861 1957
I 180418 1958
I 238172 1959
I 463287 1960
I 322867 1961
I 491187 1962
I 916058 1963
I 905255 1964
I 544395 1965
I 1019884 1966
I 229747 1967
I 381984 1968
I 977492 1969
I 1013886 1970
I 655937 1971
I 18350 1972
I 787088 1973
I 232722 1974
I 186496 1975
I 53391 1976
I 614379 1977
I 234120 1978
I 15206 1979
I 191050 1980
I 810485 1981
I 594269 1982
I 765755 1983
I 465485 1984
I 987658 1985
I 1027476 1986
I 659098 1987
I 330178 1988
I 493645 1989
I 196528 1990
I 83956 1991
I 437118 1992
I 77534 1993
I 212250 1994
I 1032779 1995
I 167797 1996
I 241234 1997
I 5463 1998
I 663237 1999
I 333724 2000
I 610561 2001
I 961782 2002
I 426836 2003
I 936178 2004
I 896249 2005
I 826083 2006
I 703663 2007
I 913031 2008
I 71089 2009
I 267500 2010
I 171223 2011
I 33917 2012
I 189863 2013
I 840758 2014
I 343770 2015
I 201260 2016
I 623538 2017
I 20429 2018
I 79218 2019
I 9921 2020
I 448225 2021
I 337165 2022
I 512295 2023
I 448985 2024
I 127040 2025
I 851222 2026
I 825734 2027
I 374066 2028
I 923639 2029
I 315458 2030
I 542284 2031
I 943050 2032
I 478953 2033
I 25001 2034
I 206917 2035
I 657966 2036
I 291447 2037
I 654236 2038
I 426243 2039
I 721532 2040
I 349018 2041
I 1030846 2042
I 150081 2043
I 268249 2044
I 19247 2045
I 540480 2046
I 359027 2047
I 542224 2048
I 1024312 2049
I 378217 2050
I 501656 2051
I 82230 2052
I 350558 2053
I 359303 2054
I 1014831 2055
I 886965 2056
I 767171 2057
I 408369 2058
I 708362 2059
I 698732 2060
I 692004 2061
I 387307 2062
I 194574 2063
I 839674 2064
I 961301 2065
I 174241 2066
I 330420 2067
I 441871 2068
I 470381 2069
I 145794 2070
I 327518 2071
I 634012 2072
I 342168 2073
I 684593 2074
I 278216 2075
I 221965 2076
I 885555 2077
I 432805 2078
I 604194 2079
I 765971 2080
I 454252 2081
I 649175 2082
I 568777 2083
I 852760 2084
I 910258 2085
I 756196 2086
I 737805 2087
I 171616 2088
I 921844 2089
I 156031 2090
I 286787 2091
I 52220 2092
I 54433 2093
I 343709 2094
I 541320 2095
I 779825 2096
I 175219 2097
I 1031372 2098
I 764861 2099
I 403683 2100
I 478970 2101
I 315732 2102
I 980718 2103
I 867091 2104
I 939696 2105
I 540330 2106
I 815354 2107
I 721465 2108
I 3073 2109
I 676907 2110
I 119535 2111
I 479907 2112
I 1589 2113
I 167218 2114
I 729575 2115
I 763224 2116
I 835272 2117
I 151454 2118
I 575717 2119
I 755691 2120
I 987651 2121
I 787392 2122
I 273887 2123
I 180085 2124
I 921 2125
I 390870 2126
I 801182 2127
I 582945 2128
I 247971 2129
I 637511 2130
I 997456 2131
I 1006949 2132
I 866411 2133
I 119156 2134
I 737890 2135
I 407038 2136
I 661874 2137
I 990465 2138
I 356009 2139
I 632109 2140
I 1030803 2141
I 65818 2142
I 169010 2143
I 832260 2144
I 142783 2145
I 849707 2146
I 1013997 2147
I 159928 2148
I 589603 2149
I 330411 2150
I 45364 2151
I 311901 2152
I 882222 2153
I 343287 2154
I 954140 2155
I 396742 2156
I 341541 2157
I 1032210 2158
I 987490 2159
I 923765 2160
I 11409 2161
I 863175 2162
I 997738 2163
I 702210 2164
I 181111 2165
I 851691 2166
I 253965 2167
I 803966 2168
I 128585 2169
I 716159 2170
I 208629 2171
I 250180 2172
I 782163 2173
I 379553 2174
I 348750 2175
I 262550 2176
I 16259 2177
I 395047 2178
I 439140 2179
I 643420 2180
I 147911 2181
I 462466 2182
I 556156 2183
I 998484 2184
I 960658 2185
I 943062 2186
I 260582 2187
I 973015 2188
I 215839 2189
I 52885 2190
I 959973 2191
I 77769 2192
I 1033984 2193
I 20874 2194
I 785941 2195
I 656116 2196
I 75458 2197
I 822964 2198
I 343990 2199
I 914522 2200
I 1038637 2201
I 118577 2202
I 879410 2203
I 332500 2204
I 167279 2205
I 491831 2206
I 730201 2207
I 159352 2208
I 815044 2209
I 695063 2210
I 179025 2211
I 591266 2212
I 990026 2213
I 299260 2214
I 749532 2215
I 751052 2216
I 137518 2217
I 582514 2218
I 295410 2219
I 998049 2220
I 58247 2221
I 685670 2222
I 219502 2223
I 88128 2224
I 317846 2225
I 397239 2226
I 469931 2227
I 597035 2228
I 130391 2229
I 812636 2230
I 572332 2231
I 783805 2232
I 730663 2233
I 489625 2234
I 951040 2235
I 507315 2236
I 619877 2237
I 798262 2238
I 1013127 2239
I 783561 2240
I 813319 2241
I 282853 2242
I 471546 2243
I 852888 2244
I 776055 2245
I 46752 2246
I 146250 2247
I 370646 2248
I 195071 2249
I 930647 2250
I 377072 2251
I 589406 2252
I 727057 2253
I 446347 2254
I 991460 2255
I 58815 2256
I 498933 2257
I 239652 2258
I 1001687 2259
I 629403 2260
I 41851 2261
I 99331 2262
I 510505 2263
I 498566 2264
I 593892 2265
I 383460 2266
I 726561 2267
I 223598 2268
I 585754 2269
I 1037135 2270
I 789510 2271
I 507812 2272
I 425095 2273
I 535245 2274
I 1013206 2275
I 234199 2276
I 774202 2277
I 213884 2278
I 363734 2279
I 684792 2280
I 622728 2281
I 262310 2282
I 665700 2283
I 143511 2284
I 514127 2285
I 409280 2286
I 411945 2287
I 61343 2288
I 797349 2289
I 1027919 2290
I 489488 2291
I 814089 2292
I 918350 2293
I 130071 2294
I 694636 2295
I 363909 2296
I 1046678 2297
I 494611 2298
I 303101 2299
I 669804 2300
I 443206 2301
I 103813 2302
I 538261 2303
I 494572 2304
I 545522 2305
I 127000 2306
I 846863 2307
I 343359 2308
I 562961 2309
I 659620 2310
I 766851 2311
I 902838 2312
I 442167 2313
I 411562 2314
I 625771 2315
I 428651 2316
I 356680 2317
I 616322 2318
I 546892 2319
I 796992 2320
I 753352 2321
I 95011 2322
I 101683 2323
I 645471 2324
I 720369 2325
I 896175 2326
I 700006 2327
I 875435 2328
I 97459 2329
I 743343 2330
I 74227 2331
I 894685 2332
I 299831 2333
I 627676 2334
I 578590 2335
I 795501 2336
I 848811 2337
I 399528 2338
I 419060 2339
I 462039 2340
I 597059 2341
I 610548 2342
I 16044 2343
I 25608 2344
I 638269 2345
I 63252 2346
I 281802 2347
I 984367 2348
I 829816 2349
I 245159 2350
I 8703 2351
I 586216 2352
I 612533 2353
I 64458 2354
I 714492 2355
I 327347 2356
I 601915 2357
I 487856 2358
I 864487 2359
I 984714 2360
I 119592 2361
I 256613 2362
I 184043 2363
I 935589 2364
I 279429 2365
I 772200 2366
I 386734 2367
I 581590 2368
I 679980 2369
I 164931 2370
I 750338 2371
I 351805 2372
I 426900 2373
I 1003771 2374
I 676282 2375
I 881167 2376
I 512935 2377
I 529053 2378
I 859936 2379
I 151093 2380
I 275002 2381
I 65568 2382
I 586553 2383
I 482962 2384
I 463049 2385
I 4305 2386
I 109361 2387
I 487855 2388
I 231785 2389
I 165203 2390
I 51933 2391
I 379547 2392
I 901407 2393
I 1024548 2394
I 886757 2395
I 882554 2396
I 661647 2397
I 654546 2398
I 412885 2399
I 120020 2400
I 890004 2401
I 291600 2402
I 31777 2403
I 655806 2404
I 608303 2405
I 442691 2406
I 1031075 2407
I 44216 2408
I 868667 2409
I 612185 2410
I 171357 2411
I 693257 2412
I 395487 2413
I 313351 2414
I 908356 2415
I 858154 2416
I 783981 2417
I 967000 2418
I 673660 2419
I 931455 2420
I 5371 2421
I 678470 2422
I 713549 2423
I 304323 2424
I 738159 2425
I 577418 2426
I 630350 2427
I 904866 2428
I 411736 2429
I 589056 2430
I 331002 2431
I 649685 2432
I 713781 2433
I 901798 2434
I 5970 2435
I 744641 2436
I 191446 2437
I 862525 2438
I 834422 2439
I 781466 2440
I 425009 2441
I 626368 2442
I 524885 2443
I 397102 2444
I 73292 2445
I 204160 2446
I 814142 2447
I 860244 2448
I 925010 2449
I 939797 2450
I 938337 2451
I 1016062 2452
I 321092 2453
I 193906 2454
I 864557 2455
I 739480 2456
I 228312 2457
I 337387 2458
I 295739 2459
I 389544 2460
I 412908 2461
I 291529 2462
I 521180 2463
I 73291 2464
I 150373 2465
I 278317 2466
I 394002 2467
I 380815 2468
I 544090 2469
I 819625 2470
I 97912 2471
I 511828 2472
I 813803 2473
I 962353 2474
I 297718 2475
I 473515 2476
I 102542 2477
I 405166 2478
I 652743 2479
I 129219 2480
I 340158 2481
I 148578 2482
I 861708 2483
I 329597 2484
I 652778 2485
I 46775 2486
I 1038049 2487
I 255018 2488
I 69734 2489
I 850391 2490
I 851854 2491
I 619660 2492
I 441634 2493
I 581394 2494
I 326869 2495
I 518320 2496
I 1029586 2497
I 774658 2498
I 600982 2499
I 601575 2500
I 546443 2501
I 914751 2502
I 581985 2503
I 996860 2504
I 563016 2505
I 521184 2506
I 696526 2507
I 265629 2508
I 184077 2509
I 652955 2510
I 644880 2511
I 874850 2512
I 1027755 2513
I 25769 2514
I 66162 2515
I 454276 2516
I 939507 2517
I 184788 2518
I 771087 2519
I 741943 2520
I 548327 2521
I 885399 2522
I 401254 2523
I 1027229 2524
I 688464 2525
I 502536 2526
I 113288 2527
I 93911 2528
I 324571 2529
I 954361 2530
I 261098 2531
I 46911 2532
I 312097 2533
I 968501 2534
I 978828 2535
I 688108 2536
I 531203 2537
I 756827 2538
I 928041 2539
I 817777 2540
I 37032 2541
I 18023 2542
I 46547 2543
I 269531 2544
I 155619 2545
I 138498 2546
I 451421 2547
I 268484 2548
I 446135 2549
I 104020 2550
I 820535 2551
I 1031695 2552
I 23779 2553
I 859997 2554
I 641892 2555
I 959617 2556
I 446906 2557
I 36010 2558
I 527052 2559
I 863354 2560
I 414323 2561
I 113260 2562
I 323357 2563
I 274801 2564
I 79086 2565
I 827153 2566
I 886740 2567
I 398555 2568
I 719955 2569
I 24522 2570
I 1015411 2571
I 78267 2572
I 463968 2573
I 76704 2574
I 58950 2575
I 125209 2576
I 477680 2577
I 583998 2578
I 984231 2579
I 642795 2580
I 986048 2581
I 652611 2582
I 405417 2583
I 235044 2584
I 991809 2585
I 9015 2586
I 265345 2587
I 560316 2588
I 635602 2589
I 492051 2590
I 8547 2591
I 906122 2592
I 1032488 2593
I 291375 2594
I 433277 2595
I 767899 2596
I 660251 2597
I 15380 2598
I 289601 2599
I 349986 2600
I 916959 2601
I 1033322 2602
I 132526 2603
I 91615 2604
I 834258 2605
I 529444 2606
I 902052 2607
I 58771 2608
I 244766 2609
I 702307 2610
I 214462 2611
I 524511 2612
I 276230 2613
I 166600 2614
I 74842 2615
I 716312 2616
I 563340 2617
I 983035 2618
I 806980 2619
I 938481 2620
I 513636 2621
I 201179 2622
I 578953 2623
I 524300 2624
I 351208 2625
I 576157 2626
I 574040 2627
I 625450 2628
I 613169 2629
I 874078 2630
I 1019523 2631
I 603694 2632
I 936010 2633
I 391237 2634
I 195336 2635
I 675342 2636
I 571158 2637
I 504103 2638
I 420440 2639
I 658367 2640
I 360921 2641
I 1039455 2642
I 339324 2643
I 388792 2644
I 362923 2645
I 658631 2646
I 906012 2647
I 726546 2648
I 310838 2649
I 131970 2650
I 801431 2651
I 775026 2652
I 123102 2653
I 976183 2654
I 103643 2655
I 995959 2656
I 474918 2657
I 511166 2658
I 221974 2659
I 526390 2660
I 450189 2661
I 950057 2662
I 772645 2663
I 883793 2664
I 306391 2665
I 934809 2666
I 480212 2667
I 709063 2668
I 346930 2669
I 694437 2670
I 184532 2671
I 801376 2672
I 234432 2673
I 1045742 2674
I 445728 2675
I 367832 2676
I 676729 2677
I 812744 2678
I 448801 2679
I 999472 2680
I 595067 2681
I 422623 2682
I 340423 2683
I 229765 2684
I 832435 2685
I 788672 2686
I 767059 2687
I 97953 2688
I 355195 2689
I 12905 2690
I 808556 2691
I 8578 2692
I 36389 2693
I 783874 2694
I 303340 2695
I 1015875 2696
I 671085 2697
I 840292 2698
I 99914 2699
I 715226 2700
I 1022101 2701
I 987802 2702
I 168066 2703
I 522147 2704
I 802259 2705
I 494896 2706
I 719004 2707
I 567889 2708
I 53646 2709
I 999249 2710
I 1000207 2711
I 230130 2712
I 956198 2713
I 263458 2714
I 792674 2715
I 928953 2716
I 935417 2717
I 674026 2718
I 430717 2719
I 316944 2720
I 871129 2721
I 138504 2722
I 500444 2723
I 863326 2724
I 579490 2725
I 721420 2726
I 404853 2727
I 691720 2728
I 739365 2729
I 204846 2730
I 198936 2731
I 830861 2732
I 602640 2733
I 466003 2734
I 371131 2735
I 533508 2736
I 316906 2737
I 712027 2738
I 655382 2739
I 667061 2740
I 909333 2741
I 568129 2742
I 194230 2743
I 623178 2744
I 186698 2745
I 709239 2746
I 549211 2747
I 135255 2748
I 262595 2749
I 949464 2750
I 933064 2751
I 794361 2752
I 561874 2753
I 1048394 2754
I 838818 2755
I 908628 2756
I 389648 2757
I 406523 2758
I 427284 2759
I 80355 2760
I 758873 2761
I 362383 2762
I 647242 2763
I 985185 2764
I 394800 2765
I 24102 2766
I 948065 2767
I 401832 2768
I 215529 2769
I 857538 2770
I 827980 2771
I 427193 2772
I 10509 2773
I 562850 2774
I 846169 2775
I 255615 2776
I 447228 2777
I 358790 2778
I 234914 2779
I 252339 2780
I 561106 2781
I 307406 2782
I 752743 2783
I 942531 2784
I 159986 2785
I 40908 2786
I 715414 2787
I 489771 2788
I 333962 2789
I 413037 2790
I 748304 2791
I 284700 2792
I 632814 2793
I 280562 2794
I 32774 2795
I 133675 2796
I 185946 2797
I 954043 2798
I 1033153 2799
I 700398 2800
I 635417 2801
I 847873 2802
I 168418 2803
I 769168 2804
I 685224 2805
I 623437 2806
I 908957 2807
I 438049 2808
I 876503 2809
I 458553 2810
I 14195 2811
I 445543 2812
I 85431 2813
I 46133 2814
I 390822 2815
I 1041176 2816
I 667981 2817
I 744174 2818
I 558107 2819
I 765744 2820
I 484157 2821
I 979132 2822
I 86685 2823
I 196321 2824
I 292042 2825
I 949410 2826
I 800911 2827
I 903553 2828
I 700672 2829
I 894903 2830
I 955705 2831
I 731586 2832
I 132984 2833
I 490701 2834
I 207783 2835
I 335827 2836
I 969506 2837
I 19551 2838
I 694701 2839
I 176438 2840
I 325193 2841
I 544424 2842
I 718427 2843
I 646170 2844
I 890823 2845
I 390520 2846
I 484078 2847
I 154144 2848
I 671735 2849
I 1035071 2850
I 264328 2851
I 245331 2852
I 524180 2853
I 489776 2854
I 559909 2855
I 645211 2856
I 801861 2857
I 357632 2858
I 102818 2859
I 709763 2860
I 1013486 2861
I 241577 2862
I 501161 2863
I 654748 2864
I 900511 2865
I 243903 2866
I 294101 2867
I 411189 2868
I 674217 2869
I 916373 2870
I 755206 2871
I 118976 2872
I 632656 2873
I 788052 2874
I 269337 2875
I 841037 2876
I 867135 2877
I 921520 2878
I 467176 2879
I 811571 2880
I 918591 2881
I 955089 2882
I 130430 2883
I 193242 2884
I 263506 2885
I 944550 2886
I 172424 2887
I 280409 2888
I 40980 2889
I 993264 2890
I 36478 2891
I 459134 2892
I 749065 2893
I 182168 2894
I 718580 2895
I 191372 2896
I 1041740 2897
I 190037 2898
I 947971 2899
I 544430 2900
I 376215 2901
I 569616 2902
I 230305 2903
I 679442 2904
I 373049 2905
I 313157 2906
I 167446 2907
I 888444 2908
I 103089 2909
I 418153 2910
I 1030834 2911
I 460186 2912
I 1038668 2913
I 906461 2914
I 781622 2915
I 677222 2916
I 221392 2917
I 167140 2918
I 123048 2919
I 54810 2920
I 288585 2921
I 958806 2922
I 733525 2923
I 4919 2924
I 745919 2925
I 862548 2926
I 19014 2927
I 979271 2928
I 125047 2929
I 26103 2930
I 851558 2931
I 720743 2932
I 919997 2933
I 94184 2934
I 1037867 2935
I 144759 2936
I 839862 2937
I 895391 2938
I 372485 2939
I 23765 2940
I 780687 2941
I 880176 2942
I 727292 2943
I 380431 2944
I 234596 2945
I 262267 2946
I 174680 2947
I 498038 2948
I 42082 2949
I 399675 2950
I 673652 2951
I 949333 2952
I 845595 2953
I 1017943 2954
I 420717 2955
I 431905 2956
I 64790 2957
I 772899 2958
I 61870 2959
I 530726 2960
I 74732 2961
I 522649 2962
I 131403 2963
I 149383 2964
I 993858 2965
I 676770 2966
I 224695 2967
I 369978 2968
I 41929 2969
I 339258 2970
I 839468 2971
I 381313 2972
I 222309 2973
I 953683 2974
I 775366 2975
I 843011 2976
I 575966 2977
I 790590 2978
I 329311 2979
I 281821 2980
I 353912 2981
I 180162 2982
I 319691 2983
I 710172 2984
I 889559 2985
I 2196 2986
I 69487 2987
I 373322 2988
I 798029 2989
I 969486 2990
I 794799 2991
I 100280 2992
I 920691 2993
I 530127 2994
I 415133 2995
I 836105 2996
I 432248 2997
I 542766 2998
I 534766 2999
I 591284 3000
I 660561 3001
I 12436 3002
I 404919 3003
I 100621 3004
I 154622 3005
I 234110 3006
I 811452 3007
I 412799 3008
I 583373 3009
I 949303 3010
I 1040401 3011
I 46844 3012
I 37580 3013
I 164868 3014
I 810328 3015
I 423421 3016
I 265240 3017
I 905549 3018
I 515416 3019
I 335180 3020
I 943143 3021
I 6723 3022
I 626335 3023
I 591852 3024
I 268422 3025
I 185410 3026
I 340872 3027
I 650016 3028
I 364885 3029
I 128339 3030
I 397462 3031
I 800228 3032
I 771038 3033
I 909571 3034
I 50932 3035
I 771715 3036
I 255126 3037
I 244083 3038
I 350435 3039
I 39265 3040
I 781397 3041
I 103811 3042
I 124089 3043
I 242914 3044
I 638211 3045
I 271023 3046
I 765820 3047
I 703370 3048
I 110985 3049
I 466511 3050
I 939800 3051
I 252186 3052
I 972957 3053
I 166234 3054
I 38953 3055
I 10337 3056
I 64435 3057
I 910781 3058
I 25943 3059
I 118401 3060
I 306601 3061
I 343296 3062
I 706716 3063
I 648499 3064
I 294825 3065
I 302034 3066
I 8489 3067
I 778545 3068
I 284324 3069
I 1000331 3070
I 567861 3071
I 217895 3072
I 521734 3073
I 934556 3074
I 386627 3075
I 453395 3076
I 111452 3077
I 525904 3078
I 292792 3079
I 498737 3080
I 591802 3081
I 44023 3082
I 834957 3083
I 262437 3084
I 316405 3085
I 670224 3086
I 540627 3087
I 262756 3088
I 376446 3089
I 195104 3090
I 264921 3091
I 433399 3092
I 881385 3093
I 536695 3094
I 501561 3095
I 1037675 3096
I 111660 3097
I 1041089 3098
I 466625 3099
I 356675 3100
I 622812 3101
I 26217 3102
I 392048 3103
I 705450 3104
I 784632 3105
I 881267 3106
I 61522 3107
I 691684 3108
I 263214 3109
I 75122 3110
I 32362 3111
I 473821 3112
I 788518 3113
I 956317 3114
I 437609 3115
I 801214 3116
I 827945 3117
I 883020 3118
I 39369 3119
I 197030 3120
I 199368 3121
I 912886 3122
I 328413 3123
I 66628 3124
I 714998 3125
I 647791 3126
I 470274 3127
I 552655 3128
I 337805 3129
I 569921 3130
I 461161 3131
I 21613 3132
I 275233 3133
I 1039338 3134
I 123064 3135
I 475094 3136
I 576331 3137
I 675393 3138
I 1033903 3139
I 83018 3140
I 171458 3141
I 683028 3142
I 642164 3143
I 335203 3144
I 231063 3145
I 136983 3146
I 504760 3147
I 1012699 3148
I 613757 3149
I 252693 3150
I 169449 3151
I 407104 3152
I 763040 3153
I 624522 3154
I 569096 3155
I 744288 3156
I 58066 3157
I 404307 3158
I 185641 3159
I 592020 3160
I 972695 3161
I 505027 3162
I 308255 3163
I 733202 3164
I 103184 3165
I 485116 3166
I 244324 3167
I 513286 3168
I 750795 3169
I 823920 3170
I 318161 3171
I 472982 3172
I 673567 3173
I 308717 3174
I 108906 3175
I 647908 3176
I 676339 3177
I 362791 3178
I 309864 3179
I 881778 3180
I 649230 3181
I 355119 3182
I 605726 3183
I 147215 3184
I 109714 3185
I 954547 3186
I 138302 3187
I 783084 3188
I 1023709 3189
I 943237 3190
I 635892 3191
I 491531 3192
I 899860 3193
I 894374 3194
I 170730 3195
I 729357 3196
I 397483 3197
I 419447 3198
I 1032762 3199
I 750686 3200
I 141877 3201
I 801639 3202
I 149898 3203
I 1018444 3204
I 356663 3205
I 631973 3206
I 446107 3207
I 590226 3208
I 397090 3209
I 295325 3210
I 310305 3211
I 468129 3212
I 662297 3213
I 139249 3214
I 290364 3215
I 223701 3216
I 33123 3217
I 795287 3218
I 1003639 3219
I 459581 3220
I 1010724 3221
I 954476 3222
I 983465 3223
I 737821 3224
I 628872 3225
I 865337 3226
I 448529 3227
I 74113 3228
I 665032 3229
I 85133 3230
I 414777 3231
I 57718 3232
I 883666 3233
I 967114 3234
I 630799 3235
I 156184 3236
I 475325 3237
I 275675 3238
I 890353 3239
I 3581 3240
I 487994 3241
I 495055 3242
I 1043020 3243
I 711223 3244
I 555524 3245
I 776475 3246
I 448859 3247
I 381413 3248
I 365381 3249
I 370808 3250
I 696530 3251
I 570887 3252
I 272749 3253
I 1043390 3254
I 396799 3255
I 364269 3256
I 376437 3257
I 186440 3258
I 954915 3259
I 648970 3260
I 726308 3261
I 515763 3262
I 1015231 3263
I 985157 3264
I 851669 3265
I 862642 3266
I 521499 3267
I 450695 3268
I 961888 3269
I 245384 3270
I 636039 3271
I 922273 3272
I 616856 3273
I 1040271 3274
I 29214 3275
I 1030795 3276
I 939025 3277
I 1024418 3278
I 335331 3279
I 959412 3280
I 43101 3281
I 268610 3282
I 986952 3283
I 379372 3284
I 149827 3285
I 899976 3286
I 342358 3287
I 981665 3288
I 568102 3289
I 553892 3290
I 140462 3291
I 327862 3292
I 464919 3293
I 334948 3294
I 564191 3295
I 1002497 3296
I 233914 3297
I 202212 3298
I 560013 3299
I 231699 3300
I 859410 3301
I 1012802 3302
I 676052 3303
I 444018 3304
I 929107 3305
I 215622 3306
I 581741 3307
I 673108 3308
I 758955 3309
I 60639 3310
I 664865 3311
I 49847 3312
I 429434 3313
I 69803 3314
I 298201 3315
I 850152 3316
I 425655 3317
I 605186 3318
I 132218 3319
I 957778 3320
I 689624 3321
I 602586 3322
I 50932 3323
I 354207 3324
I 692753 3325
I 169779 3326
I 439475 3327
I 162305 3328
I 209944 3329
I 658046 3330
I 541607 3331
I 534167 3332
I 624312 3333
I 766037 3334
I 876487 3335
I 790244 3336
I 292061 3337
I 442420 3338
I 906788 3339
I 130182 3340
I 449387 3341
I 1016747 3342
I 297959 3343
I 762757 3344
I 860266 3345
I 920808 3346
I 904899 3347
I 170407 3348
I 645050 3349
I 772997 3350
I 344339 3351
I 890386 3352
I 712886 3353
I 439330 3354
I 993010 3355
I 990110 3356
I 574230 3357
I 299095 3358
I 930012 3359
I 580155 3360
I 109001 3361
I 88677 3362
I 428741 3363
I 396292 3364
I 578750 3365
I 20483 3366
I 422330 3367
I 772336 3368
I 25158 3369
I 502715 3370
I 449814 3371
I 971954 3372
I 186890 3373
I 645799 3374
I 125837 3375
I 995522 3376
I 91729 3377
I 228032 3378
I 904358 3379
I 557283 3380
I 358162 3381
I 241248 3382
I 103764 3383
I 790645 3384
I 228657 3385
I 64804 3386
I 558422 3387
I 833539 3388
I 348902 3389
I 187544 3390
I 961480 3391
I 196095 3392
I 657318 3393
I 720564 3394
I 205494 3395
I 111884 3396
I 2134 3397
I 367337 3398
I 594920 3399
I 1029525 3400
I 148614 3401
I 254149 3402
I 111737 3403
I 827661 3404
I 745555 3405
I 584342 3406
I 893879 3407
I 331734 3408
I 526058 3409
I 205210 3410
I 332577 3411
I 784373 3412
I 270328 3413
I 941852 3414
I 838263 3415
I 792045 3416
I 55759 3417
I 691502 3418
I 929550 3419
I 646197 3420
I 238129 3421
I 934535 3422
I 178458 3423
I 143061 3424
I 227730 3425
I 594142 3426
I 234546 3427
I 441061 3428
I 957047 3429
I 3933 3430
I 824858 3431
I 433295 3432
I 746954 3433
I 923068 3434
I 1013531 3435
I 767979 3436
I 423460 3437
I 672154 3438
I 698806 3439
I 1022311 3440
I 170327 3441
I 345278 3442
I 638061 3443
I 1029893 3444
I 526032 3445
I 104782 3446
I 568529 3447
I 201377 3448
I 662808 3449
I 390744 3450
I 929315 3451
I 421312 3452
I 60438 3453
I 706404 3454
I 332355 3455
I 469855 3456
I 162452 3457
I 276038 3458
I 584969 3459
I 868318 3460
I 898018 3461
I 759535 3462
I 478853 3463
I 861363 3464
I 951302 3465
I 14959 3466
I 169719 3467
I 636849 3468
I 626661 3469
I 28071 3470
I 595518 3471
I 607122 3472
I 885415 3473
I 317977 3474
I 999147 3475
I 600124 3476
I 157467 3477
I 108904 3478
I 174142 3479
I 507880 3480
I 103738 3481
I 857364 3482
I 742491 3483
I 693625 3484
I 532384 3485
I 121143 3486
I 94912 3487
I 502265 3488
I 352881 3489
I 904272 3490
I 567671 3491
I 875180 3492
I 700083 3493
I 486961 3494
I 330965 3495
I 203659 3496
I 90015 3497
I 295640 3498
I 435242 3499
I 156961 3500
I 736135 3501
I 701784 3502
I 433741 3503
I 546070 3504
I 546484 3505
I 700314 3506
I 722696 3507
I 176973 3508
I 533573 3509
I 72625 3510
I 300908 3511
I 550613 3512
I 546909 3513
I 818258 3514
I 528446 3515
I 28530 3516
I 293297 3517
I 202166 3518
I 243110 3519
I 324059 3520
I 1002752 3521
I 911362 3522
I 427766 3523
I 706461 3524
I 906842 3525
I 66143 3526
I 581271 3527
I 27754 3528
I 417472 3529
I 350583 3530
I 69485 3531
I 216059 3532
I 634283 3533
I 956461 3534
I 431243 3535
I 284102 3536
I 961227 3537
I 587445 3538
I 737050 3539
I 380345 3540
I 72235 3541
I 848858 3542
I 138262 3543
I 1026934 3544
I 627541 3545
I 1015460 3546
I 227124 3547
I 348901 3548
I 865352 3549
I 830121 3550
I 872201 3551
I 1799 3552
I 571853 3553
I 535931 3554
I 844031 3555
I 483229 3556
I 283084 3557
I 112119 3558
I 182578 3559
I 1034997 3560
I 496767 3561
I 138039 3562
I 109906 3563
I 69617 3564
I 340208 3565
I 49520 3566
I 653413 3567
I 895790 3568
I 429969 3569
I 23325 3570
I 320783 3571
I 825897 3572
I 125546 3573
I 749429 3574
I 708937 3575
I 904955 3576
I 932028 3577
I 322866 3578
I 206132 3579
I 750389 3580
I 441923 3581
I 904585 3582
I 704566 3583
I 631273 3584
I 287461 3585
I 622067 3586
I 386658 3587
I 178508 3588
I 373309 3589
I 165533 3590
I 372520 3591
I 913865 3592
I 665078 3593
I 628406 3594
I 353453 3595
I 1013628 3596
I 316539 3597
I 728349 3598
I 422799 3599
I 973383 3600
I 665492 3601
I 988460 3602
I 39942 3603
I 594710 3604
I 856075 3605
I 508138 3606
I 194257 3607
I 366200 3608
I 26459 3609
I 135386 3610
I 847591 3611
I 172396 3612
I 1002630 3613
I 745043 3614
I 114939 3615
I 822041 3616
I 123880 3617
I 238413 3618
I 274915 3619
I 945411 3620
I 716176 3621
I 1004569 3622
I 327250 3623
I 367224 3624
I 26051 3625
I 931447 3626
I 179451 3627
I 65664 3628
I 721641 3629
I 208502 3630
I 232932 3631
I 376795 3632
I 739157 3633
I 650931 3634
I 75801 3635
I 458947 3636
I 897856 3637
I 115205 3638
I 811913 3639
I 640388 3640
I 1037644 3641
I 965670 3642
I 188818 3643
I 251855 3644
I 131437 3645
I 131468 3646
I 494045 3647
I 431582 3648
I 345417 3649
I 305506 3650
I 74406 3651
I 696446 3652
I 596165 3653
I 393320 3654
I 641350 3655
I 510556 3656
I 557361 3657
I 266331 3658
I 841028 3659
I 857414 3660
I 686458 3661
I 878524 3662
I 970674 3663
I 263101 3664
I 673393 3665
I 263119 3666
I 797987 3667
I 834395 3668
I 662299 3669
I 331722 3670
I 138657 3671
I 782142 3672
I 329927 3673
I 147378 3674
I 174141 3675
I 757965 3676
I 249029 3677
I 650177 3678
I 812204 3679
I 63416 3680
I 849144 3681
I 919639 3682
I 545299 3683
I 676962 3684
I 314742 3685
I 88856 3686
I 492516 3687
I 386530 3688
I 15686 3689
I 937371 3690
I 588234 3691
I 88350 3692
I 258833 3693
I 91490 3694
I 822827 3695
I 501431 3696
I 868552 3697
I 728181 3698
I 6374 3699
I 613644 3700
I 870120 3701
I 500270 3702
I 654920 3703
I 906396 3704
I 105494 3705
I 331234 3706
I 758081 3707
I 912767 3708
I 705452 3709
I 489276 3710
I 919223 3711
I 313973 3712
I 767983 3713
I 153186 3714
I 589346 3715
I 816068 3716
I 483673 3717
I 340800 3718
I 419701 3719
I 681517 3720
I 514031 3721
I 395790 3722
I 489703 3723
I 421573 3724
I 838708 3725
I 545997 3726
I 89043 3727
I 823812 3728
I 32344 3729
I 1034765 3730
I 951740 3731
I 649681 3732
I 832326 3733
I 95544 3734
I 364097 3735
I 89537 3736
I 919390 3737
I 666192 3738
I 337008 3739
I 179634 3740
I 514702 3741
I 160886 3742
I 876394 3743
I 604723 3744
I 423426 3745
I 52593 3746
I 620284 3747
I 846331 3748
I 301421 3749
I 924620 3750
I 254281 3751
I 536747 3752
I 606551 3753
I 673395 3754
I 727772 3755
I 1016723 3756
I 866438 3757
I 379550 3758
I 847706 3759
I 960810 3760
I 679869 3761
I 92206 3762
I 211598 3763
I 224371 3764
I 963900 3765
I 924250 3766
I 649663 3767
I 703925 3768
I 323554 3769
I 1032593 3770
I 29097 3771
I 573170 3772
I 516874 3773
I 658094 3774
I 335967 3775
I 405661 3776
I 948267 3777
I 496310 3778
I 410455 3779
I 26496 3780
I 521177 3781
I 271868 3782
I 242048 3783
I 1037483 3784
I 4731 3785
I 797416 3786
I 63697 3787
I 355727 3788
I 6106 3789
I 677534 3790
I 865255 3791
I 570849 3792
I 502195 3793
I 793971 3794
I 320563 3795
I 825283 3796
I 697602 3797
I 532804 3798
I 567241 3799
I 834337 3800
I 723756 3801
I 3460 3802
I 371446 3803
I 690055 3804
I 688152 3805
I 389649 3806
I 678497 3807
I 816549 3808
I 570160 3809
I 512187 3810
I 521513 3811
I 280488 3812
I 536767 3813
I 159791 3814
I 730468 3815
I 596626 3816
I 963347 3817
I 877819 3818
I 60245 3819
I 869891 3820
I 399286 3821
I 187972 3822
I 476975 3823
I 172862 3824
I 640248 3825
I 775275 3826
I 683606 3827
I 445989 3828
I 388832 3829
I 18375 3830
I 753123 3831
I 657482 3832
I 745778 3833
I 376524 3834
I 775920 3835
I 968009 3836
I 135796 3837
I 901967 3838
I 502026 3839
I 1044807 3840
I 493285 3841
I 171500 3842
I 697509 3843
I 516816 3844
I 755583 3845
I 321827 3846
I 506045 3847
I 183703 3848
I 544621 3849
I 392518 3850
I 969043 3851
I 600331 3852
I 483194 3853
I 22552 3854
I 1043042 3855
I 93794 3856
I 35299 3857
I 486581 3858
I 594011 3859
I 807153 3860
I 316172 3861
I 409089 3862
I 777679 3863
I 500563 3864
I 844407 3865
I 343908 3866
I 748165 3867
I 915774 3868
I 259644 3869
I 971299 3870
I 714586 3871
I 820648 3872
I 705614 3873
I 145909 3874
I 48665 3875
I 490735 3876
I 872404 3877
I 291047 3878
I 214216 3879
I 437616 3880
I 415374 3881
I 693086 3882
I 51930 3883
I 379897 3884
I 1007274 3885
I 754064 3886
I 1024248 3887
I 567625 3888
I 745946 3889
I 248754 3890
I 858643 3891
I 533645 3892
I 479922 3893
I 853492 3894
I 881782 3895
I 408033 3896
I 268075 3897
I 485248 3898
I 337515 3899
I 800203 3900
I 433917 3901
I 166138 3902
I 555240 3903
I 251841 3904
I 33877 3905
I 675826 3906
I 201756 3907
I 715817 3908
I 758850 3909
I 280959 3910
I 731694 3911
I 641789 3912
I 511636 3913
I 638433 3914
I 789758 3915
I 652268 3916
I 1028247 3917
I 929874 3918
I 719360 3919
I 645252 3920
I 809724 3921
I 1033057 3922
I 564243 3923
I 304276 3924
I 565493 3925
I 166273 3926
I 44719 3927
I 6339 3928
I 915387 3929
I 1041943 3930
I 672054 3931
I 740392 3932
I 572192 3933
I 769009 3934
I 907189 3935
I 240708 3936
I 178175 3937
I 819594 3938
I 463294 3939
I 271703 3940
I 220225 3941
I 911879 3942
I 664481 3943
I 479585 3944
I 340699 3945
I 562369 3946
I 619716 3947
I 577058 3948
I 134501 3949
I 748106 3950
I 390836 3951
I 392673 3952
I 599689 3953
I 634444 3954
I 732662 3955
I 3045 3956
I 869905 3957
I 380331 3958
I 344485 3959
I 140324 3960
I 357841 3961
I 284559 3962
I 148806 3963
I 978277 3964
I 926688 3965
I 19609 3966
I 555080 3967
I 1022469 3968
I 903880 3969
I 30520 3970
I 191686 3971
I 642385 3972
I 305217 3973
I 739153 3974
I 42133 3975
I 540239 3976
I 157237 3977
I 22609 3978
I 701455 3979
I 684361 3980
I 723805 3981
I 166761 3982
I 472286 3983
I 812683 3984
I 659651 3985
I 259843 3986
I 239397 3987
I 216499 3988
I 923793 3989
I 713341 3990
I 507376 3991
I 694153 3992
I 177905 3993
I 595428 3994
I 671874 3995
I 956634 3996
I 616216 3997
I 297862 3998
I 475715 3999
I 422244 4000
I 224003 4001
I 625596 4002
I 564617 4003
I 496581 4004
I 1011770 4005
I 635394 4006
I 243221 4007
I 165395 4008
I 703174 4009
I 878116 4010
I 693608 4011
I 75832 4012
I 671155 4013
I 1041786 4014
I 491790 4015
I 577649 4016
I 504632 4017
I 676577 4018
I 49534 4019
I 864422 4020
I 223197 4021
I 1011615 4022
I 838334 4023
I 967731 4024
I 1020645 4025
I 1037201 4026
I 673199 4027
I 902735 4028
I 463655 4029
I 521693 4030
I 11237 4031
I 771050 4032
I 501692 4033
I 583051 4034
I 938476 4035
I 231062 4036
I 381949 4037
I 948408 4038
I 1021249 4039
I 18209 4040
I 743755 4041
I 932651 4042
I 58772 4043
I 498684 4044
I 365632 4045
I 913028 4046
I 720423 4047
I 618898 4048
I 812027 4049
I 399392 4050
I 265432 4051
I 891635 4052
I 895564 4053
I 394317 4054
I 108130 4055
I 268508 4056
I 97173 4057
I 639469 4058
I 492005 4059
I 1018048 4060
I 229234 4061
I 256872 4062
I 997103 4063
I 843454 4064
I 730538 4065
I 697464 4066
I 192145 4067
I 509683 4068
I 461077 4069
I 24548 4070
I 830755 4071
I 490341 4072
I 629287 4073
I 270814 4074
I 488799 4075
I 191908 4076
I 378664 4077
I 61907 4078
I 256823 4079
I 988498 4080
I 407727 4081
I 885514 4082
I 277348 4083
I 775578 4084
I 674195 4085
I 15800 4086
I 744299 4087
I 701179 4088
I 340795 4089
I 802547 4090
I 134866 4091
I 259209 4092
I 676375 4093
I 211932 4094
I 951435 4095
F
D
F
D
F
D
F
D
F
D
F
D
F
D
F
D
F
D
F
D
F
D
F
D
F
D
F
D
F
D
F
D
F
D
F
D
F
D
F
D
F
D
F
D
F
D
F
D
F
D
F
D
F
D
F
D
F
D
F
D
F
D
F
D
F
D
F
D
F
D
F
D
F
D
F
D
F
D
F
D
F
D
F
D
F
D
F
D
F
D
F
D
F
D
F
D
F
D
F
D
F
D
F
D
F
D
F
D
F
D
F
D
F
D
F
D
F
D
F
D
F
D
F
D
F
D
F
D
F
D
F
D
F
D
F
D
F
D
F
D
F
D
F
D
F
D
F
D
F
D
F
D
F
D
F
D
F
D
F
D
F
D
F
D
F
D
F
D
F
D
F
D
F
D
F
D
F
D
F
D
F
D
F
D
F
D
F
D
F
D
F
D
F
D
F
D
F
D
F
D
F
D
F
D
F
D
F
D
F
D
F
D
F
D
F
D
F
D
F
D
F
D
F
D
F
D
F
D
F
D
F
D
F
D
F
D
F
D
F
D
F
D
F
D
F
D
F
D
F
D
F
D
F
D
F
D
F
D
F
D
F
D
F
D
F
D
F
D
F
D
F
D
F
D
F
D
F
D
F
D
F
D
F
D
F
D
F
D
F
D
F
D
F
D
F
D
F
D
F
D
F
D
F
D
F
D
F
D
F
D
F
D
F
D
F
D
F
D
F
D
F
D
F
D
F
D
F
D
F
D
F
D
F
D
F
D
F
D
F
D
F
D
F
D
F
D
F
D
F
D
F
D
F
D
F
D
F
D
F
D
F
D
F
D
F
D
F
D
F
D
F
D
F
D
F
D
F
D
F
D
F
D
F
D
F
D
F
D
F
D
F
D
F
D
F
D
F
D
F
D
F
D
F
D
F
D
F
D
F
D
F
D
F
D
F
D
F
D
F
D
F
D
F
D
F
D
F
D
F
D
F
D
F
D
F
D
F
D
F
D
F
D
F
D
F
D
F
D
F
D
F
D
F
D
F
D
F
D
F
D
F
D
F
D
F
D
F
D
F
D
F
D
F
D
F
D
F
D
F
D
F
D
F
D
F
D
F
D
F
D
F
D
F
D
F
D
F
D
F
D
F
D
F
D
F
D
F
D
F
D
F
D
F
D
F
D
F
D
F
D
F
D
F
D
F
D
F
D
F
D
F
D
F
D
F
D
F
D
F
D
F
D
F
D
F
D
F
D
F
D
F
D
F
D
F
D
F
D
F
D
F
D
F
D
F
D
F
D
F
D
F
D
F
D
F
D
F
D
F
D
F
D
F
D
F
D
F
D
F
D
F
D
F
D
F
D
F
D
F
D
F
D
F
D
F
D
F
D
F
D
F
D
F
D
F
D
F
D
F
D
F
D
F
D
F
D
F
D
F
D
F
D
F
D
F
D
F
D
F
D
F
D
F
D
F
D
F
D
F
D
F
D
F
D
F
D
F
D
F
D
F
D
F
D
F
D
F
D
F
D
F
D
F
D
F
D
F
D
F
D
F
D
F
D
F
D
F
D
F
D
F
D
F
D
F
D
F
D
F
D
F
D
F
D
F
D
F
D
F
D
F
D
F
D
F
D
F
D
F
D
F
D
F
D
F
D
F
D
F
D
F
D
F
D
F
D
F
D
F
D
F
D
F
D
F
D
F
D
F
D
F
D
F
D
F
D
F
D
F
D
F
D
F
D
F
D
F
D
F
D
F
D
F
D
F
D
F
D
F
D
F
D
F
D
F
D
F
D
F
D
F
D
F
D
F
D
F
D
F
D
F
D
F
D
F
D
F
D
F
D
F
D
F
D
F
D
F
D
F
D
F
D
F
D
F
D
F
D
F
D
F
D
F
D
F
D
F
D
F
D
F
D
F
D
F
D
F
D
F
D
F
D
F
D
F
D
F
D
F
D
F
D
F
D
F
D
F
D
F
D
F
D
F
D
F
D
F
D
F
D
F
D
F
D
F
D
F
D
F
D
F
D
F
D
F
D
F
D
F
D
F
D
F
D
F
D
F
D
F
D
F
D
F
D
F
D
F
D
F
D
F
D
F
D
F
D
F
D
F
D
F
D
F
D
F
D
F
D
F
D
F
D
F
D
F
D
F
D
F
D
F
D
F
D
F
D
F
D
F
D
F
D
F
D
F
D
F
D
F
D
F
D
F
D
F
D
F
D
F
D
F
D
F
D
F
D
F
D
F
D
F
D
F
D
F
D
F
D
F
D
F
D
F
D
F
D
F
D
F
D
F
D
F
D
F
D
F
D
F
D
F
D
F
D
F
D
F
D
F
D
F
D
F
D
F
D
F
D
F
D
F
D
F
D
F
D
F
D
F
D
F
D
F
D
F
D
F
D
F
D
F
D
F
D
F
D
F
D
F
D
F
D
F
D
F
D
F
D
F
D
F
D
F
D
F
D
F
D
F
D
F
D
F
D
F
D
F
D
F
D
F
D
F
D
F
D
F
D
F
D
F
D
F
D
F
D
F
D
F
D
F
D
F
D
F
D
F
D
F
D
F
D
F
D
F
D
F
D
F
D
F
D
F
D
F
D
F
D
F
D
F
D
F
D
F
D
F
D
F
D
F
D
F
D
F
D
F
D
F
D
F
D
F
D
F
D
F
D
F
D
F
D
F
D
F
D
F
D
F
D
F
D
F
D
F
D
F
D
F
D
F
D
F
D
F
D
F
D
F
D
F
D
F
D
F
D
F
D
F
D
F
D
F
D
F
D
F
D
F
D
F
D
F
D
F
D
F
D
F
D
F
D
F
D
F
D
F
D
F
D
F
D
F
D
F
D
F
D
F
D
F
D
F
D
F
D
F
D
F
D
F
D
F
D
F
D
F
D
F
D
F
D
F
D
F
D
F
D
F
D
F
D
F
D
F
D
F
D
F
D
F
D
F
D
F
D
F
D
F
D
F
D
F
D
F
D
F
D
F
D
F
D
F
D
F
D
F
D
F
D
F
D
F
D
F
D
F
D
F
D
F
D
F
D
F
D
F
D
F
D
F
D
F
D
F
D
F
D
F
D
F
D
F
D
F
D
F
D
F
D
F
D
F
D
F
D
F
D
F
D
F
D
F
D
F
D
F
D
F
D
F
D
F
D
F
D
F
D
F
D
F
D
F
D
F
D
F
D
F
D
F
D
F
D
F
D
F
D
F
D
F
D
F
D
F
D
F
D
F
D
F
D
F
D
F
D
F
D
F
D
F
D
F
D
F
D
F
D
F
D
F
D
F
D
F
D
F
D
F
D
F
D
F
D
F
D
F
D
F
D
F
D
F
D
F
D
F
D
F
D
F
D
F
D
F
D
F
D
F
D
F
D
F
D
F
D
F
D
F
D
F
D
F
D
F
D
F
D
F
D
F
D
F
D
F
D
F
D
F
D
F
D
F
D
F
D
F
D
F
D
F
D
F
D
F
D
F
D
F
D
F
D
F
D
F
D
F
D
F
D
F
D
F
D
F
D
F
D
F
D
F
D
F
D
F
D
F
D
F
D
F
D
F
D
F
D
F
D
F
D
F
D
F
D
F
D
F
D
F
D
F
D
F
D
F
D
F
D
F
D
F
D
F
D
F
D
F
D
F
D
F
D
F
D
F
D
F
D
F
D
F
D
F
D
F
D
F
D
F
D
F
D
F
D
F
D
F
D
F
D
F
D
F
D
F
D
F
D
F
D
F
D
F
D
F
D
F
D
F
D
F
D
F
D
F
D
F
D
F
D
F
D
F
D
F
D
F
D
F
D
F
D
F
D
F
D
F
D
F
D
F
D
F
D
F
D
F
D
F
D
F
D
F
D
F
D
F
D
F
D
F
D
F
D
F
D
F
D
F
D
F
D
F
D
F
D
F
D
F
D
F
D
F
D
F
D
F
D
F
D
F
D
F
D
F
D
F
D
F
D
F
D
F
D
F
D
F
D
F
D
F
D
F
D
F
D
F
D
F
D
F
D
F
D
F
D
F
D
F
D
F
D
F
D
F
D
F
D
F
D
F
D
F
D
F
D
F
D
F
D
F
D
F
D
F
D
F
D
F
D
F
D
F
D
F
D
F
D
F
D
F
D
F
D
F
D
F
D
F
D
F
D
F
D
F
D
F
D
F
D
F
D
F
D
F
D
F
D
F
D
F
D
F
D
F
D
F
D
F
D
F
D
F
D
F
D
F
D
F
D
F
D
F
D
F
D
F
D
F
D
F
D
F
D
F
D
F
D
F
D
F
D
F
D
F
D
F
D
F
D
F
D
F
D
F
D
F
D
F
D
F
D
F
D
F
D
F
D
F
D
F
D
F
D
F
D
F
D
F
D
F
D
F
D
F
D
F
D
F
D
F
D
F
D
F
D
F
D
F
D
F
D
F
D
F
D
F
D
F
D
F
D
F
D
F
D
F
D
F
D
F
D
F
D
F
D
F
D
F
D
F
D
F
D
F
D
F
D
F
D
F
D
F
D
F
D
F
D
F
D
F
D
F
D
F
D
F
D
F
D
F
D
F
D
F
D
F
D
F
D
F
D
F
D
F
D
F
D
F
D
F
D
F
D
F
D
F
D
F
D
F
D
F
D
F
D
F
D
F
D
F
D
F
D
F
D
F
D
F
D
F
D
F
D
F
D
F
D
F
D
F
D
F
D
F
D
F
D
F
D
F
D
F
D
F
D
F
D
F
D
F
D
F
D
F
D
F
D
F
D
F
D
F
D
F
D
F
D
F
D
F
D
F
D
F
D
F
D
F
D
F
D
F
D
F
D
F
D
F
D
F
D
F
D
F
D
F
D
F
D
F
D
F
D
F
D
F
D
F
D
F
D
F
D
F
D
F
D
F
D
F
D
F
D
F
D
F
D
F
D
F
D
F
D
F
D
F
D
F
D
F
D
F
D
F
D
F
D
F
D
F
D
F
D
F
D
F
D
F
D
F
D
F
D
F
D
F
D
F
D
F
D
F
D
F
D
F
D
F
D
F
D
F
D
F
D
F
D
F
D
F
D
F
D
F
D
F
D
F
D
F
D
F
D
F
D
F
D
F
D
F
D
F
D
F
D
F
D
F
D
F
D
F
D
F
D
F
D
F
D
F
D
F
D
F
D
F
D
F
D
F
D
F
D
F
D
F
D
F
D
F
D
F
D
F
D
F
D
F
D
F
D
F
D
F
D
F
D
F
D
F
D
F
D
F
D
F
D
F
D
F
D
F
D
F
D
F
D
F
D
F
D
F
D
F
D
F
D
F
D
F
D
F
D
F
D
F
D
F
D
F
D
F
D
F
D
F
D
F
D
F
D
F
D
F
D
F
D
F
D
F
D
F
D
F
D
F
D
F
D
F
D
F
D
F
D
F
D
F
D
F
D
F
D
F
D
F
D
F
D
F
D
F
D
F
D
F
D
F
D
F
D
F
D
F
D
F
D
F
D
F
D
F
D
F
D
F
D
F
D
F
D
F
D
F
D
F
D
F
D
F
D
F
D
F
D
F
D
F
D
F
D
F
D
F
D
F
D
F
D
F
D
F
D
F
D
F
D
F
D
F
D
F
D
F
D
F
D
F
D
F
D
F
D
F
D
F
D
F
D
F
D
F
D
F
D
F
D
F
D
F
D
F
D
F
D
F
D
F
D
F
D
F
D
F
D
F
D
F
D
F
D
F
D
F
D
F
D
F
D
F
D
F
D
F
D
F
D
F
D
F
D
F
D
F
D
F
D
F
D
F
D
F
D
F
D
F
D
F
D
F
D
F
D
F
D
F
D
F
D
F
D
F
D
F
D
F
D
F
D
F
D
F
D
F
D
F
D
F
D
F
D
F
D
F
D
F
D
F
D
F
D
F
D
F
D
F
D
F
D
F
D
F
D
F
D
F
D
F
D
F
D
F
D
F
D
F
D
F
D
F
D
F
D
F
D
F
D
F
D
F
D
F
D
F
D
F
D
F
D
F
D
F
D
F
D
F
D
F
D
F
D
F
D
F
D
F
D
F
D
F
D
F
D
F
D
F
D
F
D
F
D
F
D
F
D
F
D
F
D
F
D
F
D
F
D
F
D
F
D
F
D
F
D
F
D
F
D
F
D
F
D
F
D
F
D
F
D
F
D
F
D
F
D
F
D
F
D
F
D
F
D
F
D
F
D
F
D
F
D
F
D
F
D
F
D
F
D
F
D
F
D
F
D
F
D
F
D
F
D
F
D
F
D
F
D
F
D
F
D
F
D
F
D
F
D
F
D
F
D
F
D
F
D
F
D
F
D
F
D
F
D
F
D
F
D
F
D
F
D
F
D
F
D
F
D
F
D
F
D
F
D
F
D
F
D
F
D
F
D
F
D
F
D
F
D
F
D
F
D
F
D
F
D
F
D
F
D
F
D
F
D
F
D
F
D
F
D
F
D
F
D
F
D
F
D
F
D
F
D
F
D
F
D
F
D
F
D
F
D
F
D
F
D
F
D
F
D
F
D
F
D
F
D
F
D
F
D
F
D
F
D
F
D
F
D
F
D
F
D
F
D
F
D
F
D
F
D
F
D
F
D
F
D
F
D
F
D
F
D
F
D
F
D
F
D
F
D
F
D
F
D
F
D
F
D
F
D
F
D
F
D
F
D
F
D
F
D
F
D
F
D
F
D
F
D
F
D
F
D
F
D
F
D
F
D
F
D
F
D
F
D
F
D
F
D
F
D
F
D
F
D
F
D
F
D
F
D
F
D
F
D
F
D
F
D
F
D
F
D
F
D
F
D
F
D
F
D
F
D
F
D
F
D
F
D
F
D
F
D
F
D
F
D
F
D
F
D
F
D
F
D
F
D
F
D
F
D
F
D
F
D
F
D
F
D
F
D
F
D
F
D
F
D
F
D
F
D
F
D
F
D
F
D
F
D
F
D
F
D
F
D
F
D
F
D
F
D
F
D
F
D
F
D
F
D
F
D
F
D
F
D
F
D
F
D
F
D
F
D
F
D
F
D
F
D
F
D
F
D
F
D
F
D
F
D
F
D
F
D
F
D
F
D
F
D
F
D
F
D
F
D
F
D
F
D
F
D
F
D
F
D
F
D
F
D
F
D
F
D
F
D
F
D
F
D
F
D
F
D
F
D
F
D
F
D
F
D
F
D
F
D
F
D
F
D
F
D
F
D
F
D
F
D
F
D
F
D
F
D
F
D
F
D
F
D
F
D
F
D
F
D
F
D
F
D
F
D
F
D
F
D
F
D
F
D
F
D
F
D
F
D
F
D
F
D
F
D
F
D
F
D
F
D
F
D
F
D
F
D
F
D
F
D
F
D
F
D
F
D
F
D
F
D
F
D
F
D
F
D
F
D
F
D
F
D
F
D
F
D
F
D
F
D
F
D
F
D
F
D
F
D
F
D
F
D
F
D
F
D
F
D
F
D
F
D
F
D
F
D
F
D
F
D
F
D
F
D
F
D
F
D
F
D
F
D
F
D
F
D
F
D
F
D
F
D
F
D
F
D
F
D
F
D
F
D
F
D
F
D
F
D
F
D
F
D
F
D
F
D
F
D
F
D
F
D
F
D
F
D
F
D
F
D
F
D
F
D
F
D
F
D
F
D
F
D
F
D
F
D
F
D
F
D
F
D
F
D
F
D
F
D
F
D
F
D
F
D
F
D
F
D
F
D
F
D
F
D
F
D
F
D
F
D
F
D
F
D
F
D
F
D
F
D
F
D
F
D
F
D
F
D
F
D
F
D
F
D
F
D
F
D
F
D
F
D
F
D
F
D
F
D
F
D
F
D
F
D
F
D
F
D
F
D
F
D
F
D
F
D
F
D
F
D
F
D
F
D
F
D
F
D
F
D
F
D
F
D
F
D
F
D
F
D
F
D
F
D
F
D
F
D
F
D
F
D
F
D
F
D
F
D
F
D
F
D
F
D
F
D
F
D
F
D
F
D
F
D
F
D
F
D
F
D
F
D
F
D
F
D
F
D
F
D
F
D
F
D
F
D
F
D
F
D
F
D
F
D
F
D
F
D
F
D
F
D
F
D
F
D
F
D
F
D
F
D
F
D
F
D
F
D
F
D
F
D
F
D
F
D
F
D
F
D
F
D
F
D
F
D
F
D
F
D
F
D
F
D
F
D
F
D
F
D
F
D
F
D
F
D
F
D
F
D
F
D
F
D
F
D
F
D
F
D
F
D
F
D
F
D
F
D
F
D
F
D
F
D
F
D
F
D
F
D
F
D
F
D
F
D
F
D
F
D
F
D
F
D
F
D
F
D
F
D
F
D
F
D
F
D
F
D
F
D
F
D
F
D
F
D
F
D
F
D
F
D
F
D
F
D
F
D
F
D
F
D
F
D
F
D
F
D
F
D
F
D
F
D
F
D
F
D
F
D
F
D
F
D
F
D
F
D
F
D
F
D
F
D
F
D
F
D
F
D
F
D
F
D
F
D
F
D
F
D
F
D
F
D
F
D
F
D
F
D
F
D
F
D
F
D
F
D
F
D
F
D
F
D
F
D
F
D
F
D
F
D
F
D
F
D
F
D
F
D
F
D
F
D
F
D
F
D
F
D
F
D
F
D
F
D
F
D
F
D
F
D
F
D
F
D
F
D
F
D
F
D
F
D
F
D
F
D
F
D
F
D
F
D
F
D
F
D
F
D
F
D
F
D
F
D
F
D
F
D
F
D
F
D
F
D
F
D
F
D
F
D
F
D
F
D
F
D
F
D
F
D
F
D
F
D
F
D
F
D
F
D
F
D
F
D
F
D
F
D
F
D
F
D
F
D
F
D
F
D
F
D
F
D
F
D
F
D
F
D
F
D
F
D
F
D
F
D
F
D
F
D
F
D
F
D
F
D
F
D
F
D
F
D
F
D
F
D
F
D
F
D
F
D
F
D
F
D
F
D
F
D
F
D
F
D
F
D
F
D
F
D
F
D
F
D
F
D
F
D
F
D
F
D
F
D
F
D
F
D
F
D
F
D
F
D
F
D
F
D
F
D
F
D
F
D
F
D
F
D
F
D
F
D
F
D
F
D
F
D
F
D
F
D
F
D
F
D
F
D
F
D
F
D
F
D
F
D
F
D
F
D
F
D
F
D
F
D
F
D
F
D
F
D
F
D
F
D
F
D
F
D
F
D
F
D
F
D
F
D
F
D
F
D
F
D
F
D
F
D
F
D
F
D
F
D
F
D
F
D
F
D
F
D
F
D
F
D
F
D
F
D
F
D
F
D
F
D
F
D
F
D
F
D
F
D
F
D
F
D
F
D
F
D
F
D
F
D
F
D
F
D
F
D
F
D
F
D
F
D
F
D
F
D
F
D
F
D
F
D
F
D
F
D
F
D
F
D
F
D
F
D
F
D
F
D
F
D
F
D
F
D
F
D
F
D
F
D
F
D
F
D
F
D
F
D
F
D
F
D
F
D
F
D
F
D
F
D
F
D
F
D
F
D
F
D
F
D
F
D
F
D
F
D
F
D
F
D
F
D
F
D
F
D
F
D
F
D
F
D
F
D
F
D
F
D
F
D
F
D
F
D
F
D
F
D
F
D
F
D
F
D
F
D
F
D
F
D
F
D
F
D
F
D
F
D
F
D
F
D
F
D
F
D
F
D
F
D
F
D
F
D
F
D
F
D
F
D
F
D
F
D
F
D
F
D
F
D
F
D
F
D
F
D
F
D
F
D
F
D
F
D
F
D
F
D
F
D
F
D
F
D
F
D
F
D
F
D
F
D
F
D
F
D
F
D
F
D
F
D
F
D
F
D
F
D
F
D
F
D
F
D
F
D
F
D
F
D
F
D
F
D
F
D
F
D
F
D
F
D
F
D
F
D
F
D
F
D
F
D
F
D
F
D
F
D
F
D
F
D
F
D
F
D
F
D
F
D
F
D
F
D
F
D
F
D
F
D
F
D
F
D
F
D
F
D
F
D
F
D
F
D
F
D
F
D
F
D
F
D
F
D
F
D
F
D
F
D
F
D
F
D
F
D
F
D
F
D
F
D
F
D
F
D
F
D
F
D
F
D
F
D
F
D
F
D
F
D
F
D
F
D
F
D
F
D
F
D
F
D
F
D
F
D
F
D
F
D
F
D
F
D
F
D
F
D
F
D
F
D
F
D
F
D
F
D
F
D
F
D
F
D
F
D
F
D
F
D
F
D
F
D
F
D
F
D
F
D
F
D
F
D
F
D
F
D
F
D
F
D
F
D
F
D
F
D
F
D
F
D
F
D
F
D
F
D
F
D
F
D
F
D
F
D
F
D
F
D
F
D
F
D
F
D
F
D
F
D
F
D
F
D
F
D
F
D
F
D
F
D
F
D
F
D
F
D
F
D
F
D
F
D
F
D
F
D
F
D
F
D
F
D
F
D
F
D
F
D
F
D
F
D
F
D
F
D
F
D
F
D
F
D
F
D
F
D
F
D
F
D
F
D
F
D
F
D
F
D
F
D
F
D
F
D
F
D
F
D
F
D
F
D
F
D
F
D
F
D
F
D
F
D
F
D
F
D
F
D
F
D
F
D
F
D
F
D
F
D
F
D
F
D
F
D
F
D
F
D
F
D
F
D
F
D
F
D
F
D
F
D
F
D
F
D
F
D
F
D
F
D
F
D
F
D
F
D
F
D
F
D
F
D
F
D
F
D
F
D
F
D
F
D
F
D
F
D
F
D
F
D
F
D
F
D
F
D
F
D
F
D
F
D
F
D
F
D
F
D
F
D
F
D
F
D
F
D
F
D
F
D
F
D
F
D
F
D
F
D
F
D
F
D
F
D
F
D
F
D
F
D
F
D
F
D
F
D
F
D
F
D
F
D
F
D
F
D
F
D
F
D
F
D
F
D
F
D
F
D
F
D
F
D
F
D
F
D
F
D
F
D
F
D
F
D
F
D
F
D
F
D
F
D
F
D
F
D
F
D
F
D
F
D
F
D
F
D
F
D
F
D
F
D
F
D
F
D
F
D
F
D
F
D
F
D
F
D
F
D
F
D
F
D
F
D
F
D
F
D
F
D
F
D
F
D
F
D
F
D
F
D
F
D
F
D
F
D
F
D
F
D
F
D
F
D
F
D
F
D
F
D
F
D
F
D
F
D
F
D
F
D
F
D
F
D
F
D
F
D
F
D
F
D
F
D
F
D
F
D
F
D
F
D
F
D
F
D
F
D
F
D
F
D
F
D
F
D
F
D
F
D
F
D
F
D
F
D
F
D
F
D
F
D
F
D
F
D
F
D
F
D
F
D
F
D
F
D
F
D
F
D
F
D
F
D
F
D
F
D
F
D
F
D
F
D
F
D
F
D
F
D
F
D
F
D
F
D
F
D
F
D
F
D
F
D
F
D
F
D
F
D
F
D
F
D
F
D
F
D
F
D
F
D
F
D
F
D
F
D
F
D
F
D
F
D
F
D
F
D
F
D
F
D
F
D
F
D
F
D
F
D
F
D
F
D
F
D
F
D
F
D
F
D
F
D
F
D
F
D
F
D
F
D
F
D
F
D
F
D
F
D
F
D
F
D
F
D
F
D
F
D
F
D
F
D
F
D
F
D
F
D
F
D
F
D
F
D
F
D
F
D
F
D
F
D
F
D
F
D
F
D
F
D
F
D
F
D
F
D
F
D
F
D
F
D
F
D
F
D
F
D
F
D
F
D
F
D
F
D
F
D
F
D
F
D
F
D
F
D
F
D
F
D
F
D
F
D
F
D
F
D
F
D
F
D
F
D
F
D
F
D
F
D
F
D
F
D
F
D
F
D
F
D
F
D
F
D
F
D
F
D
F
D
F
D
F
D
F
D
F
D
F
D
F
D
F
D
F
D
F
D
F
D
F
D
F
D
F
D
F
D
F
D
F
D
F
D
F
D
F
D
F
D
F
D
F
D
F
D
F
D
F
D
F
D
F
D
F
D
F
D
F
D
F
D
F
D
F
D
F
D
F
D
F
D
F
D
F
D
F
D
F
D
F
D
F
D
F
D
F
D
F
D
F
D
F
D
F
D
F
D
F
D
F
D
F
D
F
D
F
D
F
D
F
D
F
D
F
D
F
D
F
D
F
D
F
D
F
D
F
D
F
D
F
D
F
D
F
D
F
D
F
D
F
D
F
D
F
D
F
D
F
D
F
D
F
D
F
D
F
D
F
D
F
D
F
D
F
D
F
D
F
D
F
D
F
D
F
D
F
D
F
D
F
D
F
D
F
D
F
D
F
D
F
D
F
D
F
D
F
D
F
D
F
D
F
D
F
D
F
D
F
D
F
D
F
D
F
D
F
D
F
D
F
D
F
D
F
D
F
D
F
D
F
D
F
D
F
D
F
D
F
D
F
D
F
D
F
D
F
D
F
D
F
D
F
D
F
D
F
D
F
D
F
D
F
D
F
D
F
D
F
D
F
D
F
D
F
D
F
D
F
D
F
D
F
D
F
D
F
D
F
D
F
D
F
D
F
D
F
D
F
D
F
D
F
D
F
D
F
D
F
D
F
D
F
D
F
D
F
D
F
D
F
D
F
D
F
D
F
D
F
D
F
D
F
D
F
D
F
D
F
D
F
D
F
D
F
D
F
D
F
D
F
D
F
D
F
D
F
D
F
D
F
D
F
D
F
D
F
D
F
D
F
D
F
D
F
D
F
D
F
D
F
D
F
D
F
D
F
D
F
D
F
D
F
D
F
D
F
D
F
D
F
D
F
D
F
D
F
D
F
D
F
D
F
D
F
D
F
D
F
D
F
D
F
D
F
D
F
D
F
D
F
D
F
D
F
D
F
D
F
D
F
D
F
D
F
D
F
D
F
D
F
D
F
D
F
D
F
D
F
D
F
D
F
D
F
D
F
D
F
D
F
D
F
D
F
D
F
D
F
D
F
D
F
D
F
D
F
D
F
D
F
D
F
D
F
D
F
D
F
D
F
D
F
D
F
D
F
D
F
D
F
D
F
D
F
D
F
D
F
D
F
D
F
D
F
D
F
D
F
D
F
D
F
D
F
D
F
D
F
D
F
D
F
D
F
D
F
D
F
D
F
D
F
D
F
D
F
D
F
D
F
D
F
D
F
D
F
D
F
D
F
D
F
D
F
D
F
D
F
D
F
D
F
D
F
D
F
D
F
D
F
D
F
D
F
D
F
D
F
D
F
D
F
D
F
D
F
D
F
D
F
D
F
D
F
D
F
D
F
D
F
D
F
D
F
D
F
D
F
D
F
D
F
D
F
D
F
D
F
D
F
D
F
D
F
D
F
D
F
D
F
D
F
D
F
D
F
D
F
D
F
D
F
D
F
D
F
D
F
D
F
D
F
D
F
D
F
D
F
D
F
D
F
D
F
D
F
D
F
D
F
D
F
D
F
D
F
D
F
D
F
D
F
D
F
D
F
D
F
D
F
D
F
D
F
D
F
D
F
D
F
D
F
D
F
D
F
D
F
D
F
D
F
D
F
D
F
D
F
D
F
D
F
D
F
D
F
D
F
D
F
D
F
D
F
D
F
D
F
D
F
D
F
D
F
D
F
D
F
D
F
D
F
D
F
D
F
D
F
D
F
D
F
D
F
D
F
D
F
D
F
D
F
D
F
D
F
D
F
D
F
D
F
D
F
D
F
D
F
D
F
D
F
D
F
D
F
D
F
D
F
D
F
D
F
D
F
D
F
D
F
D
F
D
F
D
F
D
F
D
F
D
F
D
F
D
F
D
F
D
F
D
F
D
F
D
F
D
F
D
F
D
F
D
F
D
F
D
F
D
F
D
F
D
F
D
F
D
F
D
F
D
F
D
F
D
F
D
F
D
F
D
F
D
F
D
F
D
F
D
F
D
F
D
F
D
F
D
F
D
F
D
F
D
F
D
F
D
F
D
F
D
F
D
F
D
F
D
F
D
F
D
F
D
F
D
F
D
F
D
F
D
F
D
F
D
F
D
F
D
F
D
F
D
F
D
F
D
F
D
F
D
F
D
F
D
F
D
F
D
F
D
F
D
F
D
F
D
F
D
F
D
F
D
F
D
F
D
F
D
F
D
F
D
F
D
F
D
F
D
F
D
F
D
F
D
F
D
F
D
F
D
F
D
F
D
F
D
F
D
F
D
F
D
F
D
F
D
F
D
F
D
F
D
F
D
F
D
F
D
F
D
F
D
F
D
F
D
F
D
F
D
F
D
F
D
F
D
F
D
F
D
F
D
F
D
F
D
F
D
F
D
F
D
F
D
F
D
F
D
F
D
F
D
F
D
F
D
F
D
F
D
F
D
F
D
F
D
F
D
F
D
F
D
F
D
F
D
F
D
F
D
F
D
F
D
F
D
F
D
F
D
F
D
F
D
F
D
F
D
F
D
F
D
F
D
F
D
F
D
F
D
F
D
F
D
F
D
F
D
F
D
F
D
F
D
F
D
F
D
F
D
F
D
F
D
F
D
F
D
F
D
F
D
F
D
F
D
F
D
F
D
F
D
F
D
F
D
F
D
F
D
F
D
F
D
F
D
F
D
F
D
F
D
F
D
F
D
F
D
F
D
F
D
F
D
F
D
F
D
F
D
F
D
F
D
F
D
F
D
F
D
F
D
F
D
F
D
F
D
F
D
F
D
F
D
F
D
F
D
F
D
F
D
F
D
F
D
F
D
F
D
F
D
F
D
F
D
F
D
F
D
F
D
F
D
F
D
F
D
F
D
F
D
F
D
F
D
F
D
F
D
F
D
F
D
F
D
F
D
F
D
F
D
F
D
F
D
F
D
F
D
F
D
F
D
F
D
F
D
F
D
F
D
F
D
F
D
F
D
F
D
F
D
F
D
F
D
F
D
F
D
F
D
F
D
F
D
F
D
F
D
F
D
F
D
F
D
F
D
F
D
F
D
F
D
F
D
F
D
F
D
F
D
F
D
F
D
F
D
F
D
F
D
F
D
F
D
F
D
F
D
F
D
F
D
F
D
F
D
F
D
F
D
F
D
F
D
F
D
F
D
F
D
F
D
F
D
F
D
F
D
F
D
F
D
F
D
F
D
F
D
F
D
F
D
F
D
F
D
F
D
F
D
F
D
F
D
F
D
F
D
F
D
F
D
F
D
F
D
F
D
F
D
F
D
F
D
F
D
F
D
F
D
F
D
F
D
F
D
F
D
F
D
F
D
F
D
F
D
F
D
F
D
F
D
F
D
F
D
F
D
F
D
F
D
F
D
F
D
F
D
F
D
F
D
F
D
F
D
F
D
F
D
F
D
F
D
F
D
F
D
F
D
F
D
F
D
F
D
F
D
F
D
F
D
F
D
F
D
F
D
F
D
F
D
F
D
F
D
F
D
F
D
F
D
F
D
F
D
F
D
F
D
F
D
F
D
F
D
F
D
F
D
F
D
F
D
F
D
F
D
F
D
F
D
F
D
F
D
F
D
F
D
F
D
F
D
F
D
F
D
F
D
F
D
F
D
F
D
F
D
F
D
F
D
F
D
F
D
F
D
F
D
F
D
F
D
F
D
F
D
F
D
F
D
F
D
F
D
F
D
F
D
F
D
F
D
F
D
F
D
F
D
F
D
F
D
F
D
F
D
F
D
F
D
F
D
F
D
F
D
F
D
F
D
F
D
F
D
F
D
F
D
F
D
F
D
F
D
F
D
F
D
F
D
F
D
F
D
F
D
F
D
F
D
F
D
F
D
F
D
F
D
F
D
F
D
F
D
F
D
F
D
F
D
F
D
F
D
F
D
F
D
F
D
F
D
F
D
F
D
F
D
F
D
F
D
F
D
F
D
F
D
F
D
F
D
F
D
F
D
F
D
F
D
F
D
F
D
F
D
F
D
F
D
F
D
F
D
F
D
F
D
F
D
F
D
F
D
F
D
F
D
F
D
F
D
F
D
F
D
F
D
F
D
F
D
F
D
F
D
F
D
F
D
F
D
F
D
F
D
F
D
F
D
F
D
F
D
F
D
F
D
F
D
F
D
F
D
F
D
F
D
F
D
F
D
F
D
F
D
F
D
F
D
F
D
F
D
F
D
F
D
F
D
F
D
F
D
F
D
F
D
F
D
F
D
F
D
F
D
F
D
F
D
F
D
F
D
F
D
F
D
F
D
F
D
F
D
F
D
F
D
F
D
F
D
F
D
F
D
F
D
F
D
F
D
F
D
F
D
F
D
F
D
F
D
F
D
F
D
F
D
F
D
F
D
F
D
F
D
F
D
F
D
F
D
F
D
F
D
F
D
F
D
F
D
F
D
F
D
F
D
F
D
F
D
F
D
F
D
F
D
F
D
F
D
F
D
F
D
F
D
F
D
F
D
F
D
F
D
F
D
F
D
F
D
F
D
F
D
F
D
F
D
F
D
F
D
F
D
F
D
F
D
F
D
F
D
F
D
F
D
F
D
F
D
F
D
F
D
F
D
F
D
F
D
F
D
F
D
F
D
F
D
F
D
F
D
F
D
F
D
F
D
F
D
F
D
F
D
F
D
F
D
F
D
F
D
F
D
F
D
F
D
F
D
F
D
F
D
F
D
F
D
F
D
F
D
F
D
F
D
F
D
F
D
F
D
F
D
F
D
F
D
F
D
F
D
F
D
F
D
F
D
F
D
F
D
F
D
F
D
F
D
F
D
F
D
F
D
F
D
F
D
F
D
F
D
F
D
F
D
F
D
F
D
F
D
F
D
F
D
F
D
F
D
F
D
F
D
F
D
F
D
F
D
F
D
F
D
F
D
F
D
F
D
F
D
F
D
F
D
F
D
F
D
F
D
F
D
F
D
F
D
F
D
F
D
F
D
F
D
F
D
F
D
F
D
F
D
F
D
F
D
F
D
F
D
F
D
F
D
F
D
F
D
F
D
F
D
F
D
F
D
F
D
F
D
F
D
F
D
F
D
F
D
F
D
F
D
F
D
F
D
F
D
F
D
F
D
F
D
F
D
F
D
F
D
F
D
F
D
F
D
F
D
F
D
F
D
F
D
F
D
F
D
F
D
F
D
F
D
F
D
F
D
F
D
F
D
F
D
F
D
F
D
F
D
F
D
F
D
F
D
F
D
F
D
F
D
F
D
F
D
F
D
F
D
F
D
F
D
F
D
F
D
F
D
F
D
F
D
F
D
F
D
F
D
F
D
F
D
F
D
F
D
F
D
F
D
F
D
F
D
F
D
F
D
F
D
F
D
F
D
F
D
F
D
F
D
F
D
F
D
F
D
F
D
F
D
F
D
F
D
F
D
F
D
F
D
F
D
F
D
F
D
F
D
F
D
F
D
F
D
F
D
F
D
F
D
F
D
F
D
F
D
F
D
F
D
F
D
F
D
F
D
F
D
F
D
F
D
F
D
F
D
F
D
F
D
F
D
F
D
F
D
F
D
F
D
F
D
F
D
F
D
F
D
F
D
F
D
F
D
F
D
F
D
F
D
F
D
F
D
F
D
F
D
F
D
F
D
F
D
F
D
F
D
F
D
F
D
F
D
F
D
F
D
F
D
F
D
F
D
F
D
F
D
F
D
F
D
F
D
F
D
F
D
F
D
F
D
F
D
F
D
F
D
F
D
F
D
F
D
F
D
F
D
F
D
F
D
F
D
F
D
F
D
F
D
F
D
F
D
F
D
F
D
F
D
F
D
F
D
F
D
F
D
F
D
F
D
F
D
F
D
F
D
F
D
F
D
F
D
F
D
F
D
F
D
F
D
F
D
F
D
F
D
F
D
F
D
F
D
F
D
F
D
F
D
F
D
F
D
F
D
F
D
F
D
F
D
F
D
F
D
F
D
F
D
F
D
F
D
F
D
F
D
F
D
F
D
F
D
F
D
F
D
F
D
F
D
F
D
F
D
F
D
F
D
F
D
F
D
F
D
F
D
F
D
F
D
F
D
F
D
F
D
F
D
F
D
F
D
F
D
F
D
F
D
F
D
F
D
F
D
F
D
F
D
F
D
F
D
F
D
F
D
F
D
F
D
F
D
F
D
F
D
F
D
F
D
F
D
F
D
F
D
F
D
F
D
F
D
F
D
F
D
F
D
F
D
F
D
F
D
F
D
F
D
F
D
F
D
F
D
F
D
F
D
F
D
F
D
F
D
F
D
F
D
F
D
F
D
F
D
F
D
F
D
F
D
F
D
F
D
F
D
F
D
F
D
F
D
F
D
F
D
F
D
F
D
F
D
F
D
F
D
F
D
F
D
F
D
F
D
F
D
F
D
F
D
F
D
F
D
F
D
F
D
F
D
F
D
F
D
F
D
F
D
F
D
F
D
F
D
F
D
F
D
F
D
F
D
F
D
F
D
F
D
F
D
F
D
F
D
F
D
F
D
F
D
F
D
F
D
F
D
F
D
F
D
F
D
F
D
F
D
F
D
F
D
F
D
F
D
F
D
F
D
F
D
F
D
F
D
F
D
F
D
F
D
F
D
F
D
F
D
F
D
F
D
F
D
F
D
F
D
F
D
F
D
F
D
